[2022-06-09 19:13:07,947] {taskinstance.py:1160} INFO - Dependencies all met for <TaskInstance: xcom_dag.processing_tasks.training_model_c scheduled__2022-06-06T00:00:00+00:00 [queued]>
[2022-06-09 19:13:07,967] {taskinstance.py:1160} INFO - Dependencies all met for <TaskInstance: xcom_dag.processing_tasks.training_model_c scheduled__2022-06-06T00:00:00+00:00 [queued]>
[2022-06-09 19:13:07,967] {taskinstance.py:1357} INFO - 
--------------------------------------------------------------------------------
[2022-06-09 19:13:07,968] {taskinstance.py:1358} INFO - Starting attempt 1 of 1
[2022-06-09 19:13:07,968] {taskinstance.py:1359} INFO - 
--------------------------------------------------------------------------------
[2022-06-09 19:13:07,988] {taskinstance.py:1378} INFO - Executing <Task(PythonOperator): processing_tasks.training_model_c> on 2022-06-06 00:00:00+00:00
[2022-06-09 19:13:08,065] {standard_task_runner.py:52} INFO - Started process 28257 to run task
[2022-06-09 19:13:08,075] {standard_task_runner.py:79} INFO - Running: ['airflow', 'tasks', 'run', 'xcom_dag', 'processing_tasks.training_model_c', 'scheduled__2022-06-06T00:00:00+00:00', '--job-id', '80', '--raw', '--subdir', 'DAGS_FOLDER/xcom_dag.py', '--cfg-path', '/tmp/tmpitmo5sr9', '--error-file', '/tmp/tmpecjbum1j']
[2022-06-09 19:13:08,079] {standard_task_runner.py:80} INFO - Job 80: Subtask processing_tasks.training_model_c
[2022-06-09 19:13:08,934] {task_command.py:370} INFO - Running <TaskInstance: xcom_dag.processing_tasks.training_model_c scheduled__2022-06-06T00:00:00+00:00 [running]> on host TIGER0990.tigeranalytics.local
[2022-06-09 19:13:09,914] {taskinstance.py:1570} INFO - Exporting the following env vars:
AIRFLOW_CTX_DAG_OWNER=airflow
AIRFLOW_CTX_DAG_ID=xcom_dag
AIRFLOW_CTX_TASK_ID=processing_tasks.training_model_c
AIRFLOW_CTX_EXECUTION_DATE=2022-06-06T00:00:00+00:00
AIRFLOW_CTX_TRY_NUMBER=1
AIRFLOW_CTX_DAG_RUN_ID=scheduled__2022-06-06T00:00:00+00:00
[2022-06-09 19:13:09,915] {logging_mixin.py:115} INFO - model's accuracy: 1.1157384982114043
[2022-06-09 19:13:10,252] {python.py:173} INFO - Done. Returned value was: None
[2022-06-09 19:13:10,598] {taskinstance.py:1396} INFO - Marking task as SUCCESS. dag_id=xcom_dag, task_id=processing_tasks.training_model_c, execution_date=20220606T000000, start_date=20220609T134307, end_date=20220609T134310
[2022-06-09 19:13:10,619] {local_task_job.py:156} INFO - Task exited with return code 0
[2022-06-09 19:13:11,426] {local_task_job.py:273} INFO - 0 downstream tasks scheduled from follow-on schedule check
