[2022-06-06 15:14:20,123] {taskinstance.py:1160} INFO - Dependencies all met for <TaskInstance: xcom_dag.downloading_data manual__2022-06-06T09:44:19.304813+00:00 [queued]>
[2022-06-06 15:14:20,133] {taskinstance.py:1160} INFO - Dependencies all met for <TaskInstance: xcom_dag.downloading_data manual__2022-06-06T09:44:19.304813+00:00 [queued]>
[2022-06-06 15:14:20,133] {taskinstance.py:1357} INFO - 
--------------------------------------------------------------------------------
[2022-06-06 15:14:20,133] {taskinstance.py:1358} INFO - Starting attempt 1 of 1
[2022-06-06 15:14:20,133] {taskinstance.py:1359} INFO - 
--------------------------------------------------------------------------------
[2022-06-06 15:14:20,144] {taskinstance.py:1378} INFO - Executing <Task(BashOperator): downloading_data> on 2022-06-06 09:44:19.304813+00:00
[2022-06-06 15:14:20,165] {standard_task_runner.py:52} INFO - Started process 5384 to run task
[2022-06-06 15:14:20,172] {standard_task_runner.py:79} INFO - Running: ['airflow', 'tasks', 'run', 'xcom_dag', 'downloading_data', 'manual__2022-06-06T09:44:19.304813+00:00', '--job-id', '54', '--raw', '--subdir', 'DAGS_FOLDER/xcom_dag.py', '--cfg-path', '/tmp/tmp7ecs0873', '--error-file', '/tmp/tmp8pd_fy4g']
[2022-06-06 15:14:20,175] {standard_task_runner.py:80} INFO - Job 54: Subtask downloading_data
[2022-06-06 15:14:20,407] {task_command.py:370} INFO - Running <TaskInstance: xcom_dag.downloading_data manual__2022-06-06T09:44:19.304813+00:00 [running]> on host TIGER0990.tigeranalytics.local
[2022-06-06 15:14:20,625] {taskinstance.py:1570} INFO - Exporting the following env vars:
AIRFLOW_CTX_DAG_OWNER=airflow
AIRFLOW_CTX_DAG_ID=xcom_dag
AIRFLOW_CTX_TASK_ID=downloading_data
AIRFLOW_CTX_EXECUTION_DATE=2022-06-06T09:44:19.304813+00:00
AIRFLOW_CTX_TRY_NUMBER=1
AIRFLOW_CTX_DAG_RUN_ID=manual__2022-06-06T09:44:19.304813+00:00
[2022-06-06 15:14:20,625] {subprocess.py:62} INFO - Tmp dir root location: 
 /tmp
[2022-06-06 15:14:20,626] {subprocess.py:74} INFO - Running command: ['bash', '-c', 'sleep 3']
[2022-06-06 15:14:20,654] {subprocess.py:85} INFO - Output:
[2022-06-06 15:14:23,668] {subprocess.py:96} INFO - Command exited with return code 0
[2022-06-06 15:14:23,739] {taskinstance.py:1396} INFO - Marking task as SUCCESS. dag_id=xcom_dag, task_id=downloading_data, execution_date=20220606T094419, start_date=20220606T094420, end_date=20220606T094423
[2022-06-06 15:14:23,792] {local_task_job.py:156} INFO - Task exited with return code 0
[2022-06-06 15:14:23,929] {local_task_job.py:273} INFO - 3 downstream tasks scheduled from follow-on schedule check
