[2022-06-02 12:18:41,096] {taskinstance.py:1160} INFO - Dependencies all met for <TaskInstance: parallel_runs.task_3 manual__2022-06-02T06:48:27.422213+00:00 [queued]>
[2022-06-02 12:18:41,101] {taskinstance.py:1160} INFO - Dependencies all met for <TaskInstance: parallel_runs.task_3 manual__2022-06-02T06:48:27.422213+00:00 [queued]>
[2022-06-02 12:18:41,101] {taskinstance.py:1357} INFO - 
--------------------------------------------------------------------------------
[2022-06-02 12:18:41,101] {taskinstance.py:1358} INFO - Starting attempt 1 of 1
[2022-06-02 12:18:41,102] {taskinstance.py:1359} INFO - 
--------------------------------------------------------------------------------
[2022-06-02 12:18:41,115] {taskinstance.py:1378} INFO - Executing <Task(BashOperator): task_3> on 2022-06-02 06:48:27.422213+00:00
[2022-06-02 12:18:41,134] {standard_task_runner.py:52} INFO - Started process 15870 to run task
[2022-06-02 12:18:41,139] {standard_task_runner.py:79} INFO - Running: ['airflow', 'tasks', 'run', 'parallel_runs', 'task_3', 'manual__2022-06-02T06:48:27.422213+00:00', '--job-id', '31', '--raw', '--subdir', 'DAGS_FOLDER/parallel_runs.py', '--cfg-path', '/tmp/tmpvk519h9b', '--error-file', '/tmp/tmpti79pc2g']
[2022-06-02 12:18:41,141] {standard_task_runner.py:80} INFO - Job 31: Subtask task_3
[2022-06-02 12:18:41,176] {task_command.py:370} INFO - Running <TaskInstance: parallel_runs.task_3 manual__2022-06-02T06:48:27.422213+00:00 [running]> on host TIGER0990.tigeranalytics.local
[2022-06-02 12:18:41,214] {taskinstance.py:1570} INFO - Exporting the following env vars:
AIRFLOW_CTX_DAG_OWNER=airflow
AIRFLOW_CTX_DAG_ID=parallel_runs
AIRFLOW_CTX_TASK_ID=task_3
AIRFLOW_CTX_EXECUTION_DATE=2022-06-02T06:48:27.422213+00:00
AIRFLOW_CTX_TRY_NUMBER=1
AIRFLOW_CTX_DAG_RUN_ID=manual__2022-06-02T06:48:27.422213+00:00
[2022-06-02 12:18:41,215] {subprocess.py:62} INFO - Tmp dir root location: 
 /tmp
[2022-06-02 12:18:41,216] {subprocess.py:74} INFO - Running command: ['bash', '-c', 'sleep 3']
[2022-06-02 12:18:41,239] {subprocess.py:85} INFO - Output:
[2022-06-02 12:18:44,249] {subprocess.py:96} INFO - Command exited with return code 0
[2022-06-02 12:18:44,287] {taskinstance.py:1396} INFO - Marking task as SUCCESS. dag_id=parallel_runs, task_id=task_3, execution_date=20220602T064827, start_date=20220602T064841, end_date=20220602T064844
[2022-06-02 12:18:44,311] {local_task_job.py:156} INFO - Task exited with return code 0
[2022-06-02 12:18:44,342] {local_task_job.py:273} INFO - 1 downstream tasks scheduled from follow-on schedule check
