[2022-06-09 19:13:00,242] {processor.py:153} INFO - Started process (PID=28093) to work on /home/smita/airflow/dags/parallel_runs.py
[2022-06-09 19:13:00,243] {processor.py:641} INFO - Processing file /home/smita/airflow/dags/parallel_runs.py for tasks to queue
[2022-06-09 19:13:00,243] {logging_mixin.py:115} INFO - [2022-06-09 19:13:00,243] {dagbag.py:507} INFO - Filling up the DagBag from /home/smita/airflow/dags/parallel_runs.py
[2022-06-09 19:13:00,256] {processor.py:651} INFO - DAG(s) dict_keys(['parallel_runs']) retrieved from /home/smita/airflow/dags/parallel_runs.py
[2022-06-09 19:13:00,387] {logging_mixin.py:115} INFO - [2022-06-09 19:13:00,386] {dag.py:2379} INFO - Sync 1 DAGs
[2022-06-09 19:13:00,422] {logging_mixin.py:115} INFO - [2022-06-09 19:13:00,422] {dag.py:2923} INFO - Setting next_dagrun for parallel_runs to 2022-06-08T00:00:00+00:00, run_after=2022-06-09T00:00:00+00:00
[2022-06-09 19:13:00,436] {processor.py:161} INFO - Processing /home/smita/airflow/dags/parallel_runs.py took 0.202 seconds
[2022-06-09 19:13:32,314] {processor.py:153} INFO - Started process (PID=28585) to work on /home/smita/airflow/dags/parallel_runs.py
[2022-06-09 19:13:32,314] {processor.py:641} INFO - Processing file /home/smita/airflow/dags/parallel_runs.py for tasks to queue
[2022-06-09 19:13:32,315] {logging_mixin.py:115} INFO - [2022-06-09 19:13:32,315] {dagbag.py:507} INFO - Filling up the DagBag from /home/smita/airflow/dags/parallel_runs.py
[2022-06-09 19:13:32,332] {processor.py:651} INFO - DAG(s) dict_keys(['parallel_runs']) retrieved from /home/smita/airflow/dags/parallel_runs.py
[2022-06-09 19:13:32,426] {logging_mixin.py:115} INFO - [2022-06-09 19:13:32,426] {dag.py:2379} INFO - Sync 1 DAGs
[2022-06-09 19:13:32,459] {logging_mixin.py:115} INFO - [2022-06-09 19:13:32,459] {dag.py:2923} INFO - Setting next_dagrun for parallel_runs to 2022-06-08T00:00:00+00:00, run_after=2022-06-09T00:00:00+00:00
[2022-06-09 19:13:32,475] {processor.py:161} INFO - Processing /home/smita/airflow/dags/parallel_runs.py took 0.166 seconds
[2022-06-09 19:14:02,837] {processor.py:153} INFO - Started process (PID=28887) to work on /home/smita/airflow/dags/parallel_runs.py
[2022-06-09 19:14:02,838] {processor.py:641} INFO - Processing file /home/smita/airflow/dags/parallel_runs.py for tasks to queue
[2022-06-09 19:14:02,838] {logging_mixin.py:115} INFO - [2022-06-09 19:14:02,838] {dagbag.py:507} INFO - Filling up the DagBag from /home/smita/airflow/dags/parallel_runs.py
[2022-06-09 19:14:02,849] {processor.py:651} INFO - DAG(s) dict_keys(['parallel_runs']) retrieved from /home/smita/airflow/dags/parallel_runs.py
[2022-06-09 19:14:02,942] {logging_mixin.py:115} INFO - [2022-06-09 19:14:02,942] {dag.py:2379} INFO - Sync 1 DAGs
[2022-06-09 19:14:02,974] {logging_mixin.py:115} INFO - [2022-06-09 19:14:02,974] {dag.py:2923} INFO - Setting next_dagrun for parallel_runs to 2022-06-08T00:00:00+00:00, run_after=2022-06-09T00:00:00+00:00
[2022-06-09 19:14:02,988] {processor.py:161} INFO - Processing /home/smita/airflow/dags/parallel_runs.py took 0.156 seconds
[2022-06-09 19:14:33,300] {processor.py:153} INFO - Started process (PID=29211) to work on /home/smita/airflow/dags/parallel_runs.py
[2022-06-09 19:14:33,301] {processor.py:641} INFO - Processing file /home/smita/airflow/dags/parallel_runs.py for tasks to queue
[2022-06-09 19:14:33,302] {logging_mixin.py:115} INFO - [2022-06-09 19:14:33,302] {dagbag.py:507} INFO - Filling up the DagBag from /home/smita/airflow/dags/parallel_runs.py
[2022-06-09 19:14:33,316] {processor.py:651} INFO - DAG(s) dict_keys(['parallel_runs']) retrieved from /home/smita/airflow/dags/parallel_runs.py
[2022-06-09 19:14:33,415] {logging_mixin.py:115} INFO - [2022-06-09 19:14:33,415] {dag.py:2379} INFO - Sync 1 DAGs
[2022-06-09 19:14:33,448] {logging_mixin.py:115} INFO - [2022-06-09 19:14:33,448] {dag.py:2923} INFO - Setting next_dagrun for parallel_runs to 2022-06-08T00:00:00+00:00, run_after=2022-06-09T00:00:00+00:00
[2022-06-09 19:14:33,463] {processor.py:161} INFO - Processing /home/smita/airflow/dags/parallel_runs.py took 0.168 seconds
[2022-06-09 19:15:04,189] {processor.py:153} INFO - Started process (PID=29516) to work on /home/smita/airflow/dags/parallel_runs.py
[2022-06-09 19:15:04,190] {processor.py:641} INFO - Processing file /home/smita/airflow/dags/parallel_runs.py for tasks to queue
[2022-06-09 19:15:04,191] {logging_mixin.py:115} INFO - [2022-06-09 19:15:04,191] {dagbag.py:507} INFO - Filling up the DagBag from /home/smita/airflow/dags/parallel_runs.py
[2022-06-09 19:15:04,202] {processor.py:651} INFO - DAG(s) dict_keys(['parallel_runs']) retrieved from /home/smita/airflow/dags/parallel_runs.py
[2022-06-09 19:15:04,291] {logging_mixin.py:115} INFO - [2022-06-09 19:15:04,291] {dag.py:2379} INFO - Sync 1 DAGs
[2022-06-09 19:15:04,321] {logging_mixin.py:115} INFO - [2022-06-09 19:15:04,321] {dag.py:2923} INFO - Setting next_dagrun for parallel_runs to 2022-06-08T00:00:00+00:00, run_after=2022-06-09T00:00:00+00:00
[2022-06-09 19:15:04,335] {processor.py:161} INFO - Processing /home/smita/airflow/dags/parallel_runs.py took 0.150 seconds
[2022-06-09 19:15:34,666] {processor.py:153} INFO - Started process (PID=29815) to work on /home/smita/airflow/dags/parallel_runs.py
[2022-06-09 19:15:34,667] {processor.py:641} INFO - Processing file /home/smita/airflow/dags/parallel_runs.py for tasks to queue
[2022-06-09 19:15:34,667] {logging_mixin.py:115} INFO - [2022-06-09 19:15:34,667] {dagbag.py:507} INFO - Filling up the DagBag from /home/smita/airflow/dags/parallel_runs.py
[2022-06-09 19:15:34,686] {processor.py:651} INFO - DAG(s) dict_keys(['parallel_runs']) retrieved from /home/smita/airflow/dags/parallel_runs.py
[2022-06-09 19:15:34,785] {logging_mixin.py:115} INFO - [2022-06-09 19:15:34,785] {dag.py:2379} INFO - Sync 1 DAGs
[2022-06-09 19:15:34,854] {logging_mixin.py:115} INFO - [2022-06-09 19:15:34,854] {dag.py:2923} INFO - Setting next_dagrun for parallel_runs to 2022-06-08T00:00:00+00:00, run_after=2022-06-09T00:00:00+00:00
[2022-06-09 19:15:34,875] {processor.py:161} INFO - Processing /home/smita/airflow/dags/parallel_runs.py took 0.216 seconds
[2022-06-09 19:16:05,270] {processor.py:153} INFO - Started process (PID=30112) to work on /home/smita/airflow/dags/parallel_runs.py
[2022-06-09 19:16:05,270] {processor.py:641} INFO - Processing file /home/smita/airflow/dags/parallel_runs.py for tasks to queue
[2022-06-09 19:16:05,271] {logging_mixin.py:115} INFO - [2022-06-09 19:16:05,271] {dagbag.py:507} INFO - Filling up the DagBag from /home/smita/airflow/dags/parallel_runs.py
[2022-06-09 19:16:05,286] {processor.py:651} INFO - DAG(s) dict_keys(['parallel_runs']) retrieved from /home/smita/airflow/dags/parallel_runs.py
[2022-06-09 19:16:05,388] {logging_mixin.py:115} INFO - [2022-06-09 19:16:05,388] {dag.py:2379} INFO - Sync 1 DAGs
[2022-06-09 19:16:05,421] {logging_mixin.py:115} INFO - [2022-06-09 19:16:05,421] {dag.py:2923} INFO - Setting next_dagrun for parallel_runs to 2022-06-08T00:00:00+00:00, run_after=2022-06-09T00:00:00+00:00
[2022-06-09 19:16:05,437] {processor.py:161} INFO - Processing /home/smita/airflow/dags/parallel_runs.py took 0.174 seconds
[2022-06-09 19:16:35,865] {processor.py:153} INFO - Started process (PID=30419) to work on /home/smita/airflow/dags/parallel_runs.py
[2022-06-09 19:16:35,865] {processor.py:641} INFO - Processing file /home/smita/airflow/dags/parallel_runs.py for tasks to queue
[2022-06-09 19:16:35,866] {logging_mixin.py:115} INFO - [2022-06-09 19:16:35,866] {dagbag.py:507} INFO - Filling up the DagBag from /home/smita/airflow/dags/parallel_runs.py
[2022-06-09 19:16:35,877] {processor.py:651} INFO - DAG(s) dict_keys(['parallel_runs']) retrieved from /home/smita/airflow/dags/parallel_runs.py
[2022-06-09 19:16:35,982] {logging_mixin.py:115} INFO - [2022-06-09 19:16:35,982] {dag.py:2379} INFO - Sync 1 DAGs
[2022-06-09 19:16:36,023] {logging_mixin.py:115} INFO - [2022-06-09 19:16:36,023] {dag.py:2923} INFO - Setting next_dagrun for parallel_runs to 2022-06-08T00:00:00+00:00, run_after=2022-06-09T00:00:00+00:00
[2022-06-09 19:16:36,041] {processor.py:161} INFO - Processing /home/smita/airflow/dags/parallel_runs.py took 0.182 seconds
[2022-06-09 19:17:06,448] {processor.py:153} INFO - Started process (PID=30730) to work on /home/smita/airflow/dags/parallel_runs.py
[2022-06-09 19:17:06,449] {processor.py:641} INFO - Processing file /home/smita/airflow/dags/parallel_runs.py for tasks to queue
[2022-06-09 19:17:06,449] {logging_mixin.py:115} INFO - [2022-06-09 19:17:06,449] {dagbag.py:507} INFO - Filling up the DagBag from /home/smita/airflow/dags/parallel_runs.py
[2022-06-09 19:17:06,461] {processor.py:651} INFO - DAG(s) dict_keys(['parallel_runs']) retrieved from /home/smita/airflow/dags/parallel_runs.py
[2022-06-09 19:17:06,581] {logging_mixin.py:115} INFO - [2022-06-09 19:17:06,581] {dag.py:2379} INFO - Sync 1 DAGs
[2022-06-09 19:17:06,624] {logging_mixin.py:115} INFO - [2022-06-09 19:17:06,623] {dag.py:2923} INFO - Setting next_dagrun for parallel_runs to 2022-06-08T00:00:00+00:00, run_after=2022-06-09T00:00:00+00:00
[2022-06-09 19:17:06,640] {processor.py:161} INFO - Processing /home/smita/airflow/dags/parallel_runs.py took 0.198 seconds
[2022-06-09 19:17:36,809] {processor.py:153} INFO - Started process (PID=31035) to work on /home/smita/airflow/dags/parallel_runs.py
[2022-06-09 19:17:36,810] {processor.py:641} INFO - Processing file /home/smita/airflow/dags/parallel_runs.py for tasks to queue
[2022-06-09 19:17:36,810] {logging_mixin.py:115} INFO - [2022-06-09 19:17:36,810] {dagbag.py:507} INFO - Filling up the DagBag from /home/smita/airflow/dags/parallel_runs.py
[2022-06-09 19:17:36,824] {processor.py:651} INFO - DAG(s) dict_keys(['parallel_runs']) retrieved from /home/smita/airflow/dags/parallel_runs.py
[2022-06-09 19:17:36,962] {logging_mixin.py:115} INFO - [2022-06-09 19:17:36,962] {dag.py:2379} INFO - Sync 1 DAGs
[2022-06-09 19:17:36,993] {logging_mixin.py:115} INFO - [2022-06-09 19:17:36,992] {dag.py:2923} INFO - Setting next_dagrun for parallel_runs to 2022-06-08T00:00:00+00:00, run_after=2022-06-09T00:00:00+00:00
[2022-06-09 19:17:37,007] {processor.py:161} INFO - Processing /home/smita/airflow/dags/parallel_runs.py took 0.203 seconds
[2022-06-09 19:18:07,678] {processor.py:153} INFO - Started process (PID=31340) to work on /home/smita/airflow/dags/parallel_runs.py
[2022-06-09 19:18:07,679] {processor.py:641} INFO - Processing file /home/smita/airflow/dags/parallel_runs.py for tasks to queue
[2022-06-09 19:18:07,680] {logging_mixin.py:115} INFO - [2022-06-09 19:18:07,679] {dagbag.py:507} INFO - Filling up the DagBag from /home/smita/airflow/dags/parallel_runs.py
[2022-06-09 19:18:07,698] {processor.py:651} INFO - DAG(s) dict_keys(['parallel_runs']) retrieved from /home/smita/airflow/dags/parallel_runs.py
[2022-06-09 19:18:07,788] {logging_mixin.py:115} INFO - [2022-06-09 19:18:07,788] {dag.py:2379} INFO - Sync 1 DAGs
[2022-06-09 19:18:07,822] {logging_mixin.py:115} INFO - [2022-06-09 19:18:07,822] {dag.py:2923} INFO - Setting next_dagrun for parallel_runs to 2022-06-08T00:00:00+00:00, run_after=2022-06-09T00:00:00+00:00
[2022-06-09 19:18:07,835] {processor.py:161} INFO - Processing /home/smita/airflow/dags/parallel_runs.py took 0.166 seconds
[2022-06-09 19:18:38,357] {processor.py:153} INFO - Started process (PID=31652) to work on /home/smita/airflow/dags/parallel_runs.py
[2022-06-09 19:18:38,358] {processor.py:641} INFO - Processing file /home/smita/airflow/dags/parallel_runs.py for tasks to queue
[2022-06-09 19:18:38,358] {logging_mixin.py:115} INFO - [2022-06-09 19:18:38,358] {dagbag.py:507} INFO - Filling up the DagBag from /home/smita/airflow/dags/parallel_runs.py
[2022-06-09 19:18:38,373] {processor.py:651} INFO - DAG(s) dict_keys(['parallel_runs']) retrieved from /home/smita/airflow/dags/parallel_runs.py
[2022-06-09 19:18:38,488] {logging_mixin.py:115} INFO - [2022-06-09 19:18:38,488] {dag.py:2379} INFO - Sync 1 DAGs
[2022-06-09 19:18:38,531] {logging_mixin.py:115} INFO - [2022-06-09 19:18:38,531] {dag.py:2923} INFO - Setting next_dagrun for parallel_runs to 2022-06-08T00:00:00+00:00, run_after=2022-06-09T00:00:00+00:00
[2022-06-09 19:18:38,553] {processor.py:161} INFO - Processing /home/smita/airflow/dags/parallel_runs.py took 0.201 seconds
[2022-06-09 19:19:08,715] {processor.py:153} INFO - Started process (PID=31958) to work on /home/smita/airflow/dags/parallel_runs.py
[2022-06-09 19:19:08,716] {processor.py:641} INFO - Processing file /home/smita/airflow/dags/parallel_runs.py for tasks to queue
[2022-06-09 19:19:08,716] {logging_mixin.py:115} INFO - [2022-06-09 19:19:08,716] {dagbag.py:507} INFO - Filling up the DagBag from /home/smita/airflow/dags/parallel_runs.py
[2022-06-09 19:19:08,728] {processor.py:651} INFO - DAG(s) dict_keys(['parallel_runs']) retrieved from /home/smita/airflow/dags/parallel_runs.py
[2022-06-09 19:19:08,834] {logging_mixin.py:115} INFO - [2022-06-09 19:19:08,834] {dag.py:2379} INFO - Sync 1 DAGs
[2022-06-09 19:19:08,863] {logging_mixin.py:115} INFO - [2022-06-09 19:19:08,862] {dag.py:2923} INFO - Setting next_dagrun for parallel_runs to 2022-06-08T00:00:00+00:00, run_after=2022-06-09T00:00:00+00:00
[2022-06-09 19:19:08,875] {processor.py:161} INFO - Processing /home/smita/airflow/dags/parallel_runs.py took 0.164 seconds
[2022-06-09 19:19:39,381] {processor.py:153} INFO - Started process (PID=32289) to work on /home/smita/airflow/dags/parallel_runs.py
[2022-06-09 19:19:39,382] {processor.py:641} INFO - Processing file /home/smita/airflow/dags/parallel_runs.py for tasks to queue
[2022-06-09 19:19:39,382] {logging_mixin.py:115} INFO - [2022-06-09 19:19:39,382] {dagbag.py:507} INFO - Filling up the DagBag from /home/smita/airflow/dags/parallel_runs.py
[2022-06-09 19:19:39,395] {processor.py:651} INFO - DAG(s) dict_keys(['parallel_runs']) retrieved from /home/smita/airflow/dags/parallel_runs.py
[2022-06-09 19:19:39,496] {logging_mixin.py:115} INFO - [2022-06-09 19:19:39,496] {dag.py:2379} INFO - Sync 1 DAGs
[2022-06-09 19:19:39,527] {logging_mixin.py:115} INFO - [2022-06-09 19:19:39,527] {dag.py:2923} INFO - Setting next_dagrun for parallel_runs to 2022-06-08T00:00:00+00:00, run_after=2022-06-09T00:00:00+00:00
[2022-06-09 19:19:39,542] {processor.py:161} INFO - Processing /home/smita/airflow/dags/parallel_runs.py took 0.169 seconds
[2022-06-09 19:20:10,022] {processor.py:153} INFO - Started process (PID=32601) to work on /home/smita/airflow/dags/parallel_runs.py
[2022-06-09 19:20:10,022] {processor.py:641} INFO - Processing file /home/smita/airflow/dags/parallel_runs.py for tasks to queue
[2022-06-09 19:20:10,023] {logging_mixin.py:115} INFO - [2022-06-09 19:20:10,023] {dagbag.py:507} INFO - Filling up the DagBag from /home/smita/airflow/dags/parallel_runs.py
[2022-06-09 19:20:10,049] {processor.py:651} INFO - DAG(s) dict_keys(['parallel_runs']) retrieved from /home/smita/airflow/dags/parallel_runs.py
[2022-06-09 19:20:10,148] {logging_mixin.py:115} INFO - [2022-06-09 19:20:10,148] {dag.py:2379} INFO - Sync 1 DAGs
[2022-06-09 19:20:10,180] {logging_mixin.py:115} INFO - [2022-06-09 19:20:10,180] {dag.py:2923} INFO - Setting next_dagrun for parallel_runs to 2022-06-08T00:00:00+00:00, run_after=2022-06-09T00:00:00+00:00
[2022-06-09 19:20:10,192] {processor.py:161} INFO - Processing /home/smita/airflow/dags/parallel_runs.py took 0.176 seconds
[2022-06-09 19:20:40,416] {processor.py:153} INFO - Started process (PID=155) to work on /home/smita/airflow/dags/parallel_runs.py
[2022-06-09 19:20:40,416] {processor.py:641} INFO - Processing file /home/smita/airflow/dags/parallel_runs.py for tasks to queue
[2022-06-09 19:20:40,417] {logging_mixin.py:115} INFO - [2022-06-09 19:20:40,417] {dagbag.py:507} INFO - Filling up the DagBag from /home/smita/airflow/dags/parallel_runs.py
[2022-06-09 19:20:40,431] {processor.py:651} INFO - DAG(s) dict_keys(['parallel_runs']) retrieved from /home/smita/airflow/dags/parallel_runs.py
[2022-06-09 19:20:40,530] {logging_mixin.py:115} INFO - [2022-06-09 19:20:40,530] {dag.py:2379} INFO - Sync 1 DAGs
[2022-06-09 19:20:40,559] {logging_mixin.py:115} INFO - [2022-06-09 19:20:40,559] {dag.py:2923} INFO - Setting next_dagrun for parallel_runs to 2022-06-08T00:00:00+00:00, run_after=2022-06-09T00:00:00+00:00
[2022-06-09 19:20:40,574] {processor.py:161} INFO - Processing /home/smita/airflow/dags/parallel_runs.py took 0.163 seconds
[2022-06-09 19:21:11,180] {processor.py:153} INFO - Started process (PID=462) to work on /home/smita/airflow/dags/parallel_runs.py
[2022-06-09 19:21:11,181] {processor.py:641} INFO - Processing file /home/smita/airflow/dags/parallel_runs.py for tasks to queue
[2022-06-09 19:21:11,181] {logging_mixin.py:115} INFO - [2022-06-09 19:21:11,181] {dagbag.py:507} INFO - Filling up the DagBag from /home/smita/airflow/dags/parallel_runs.py
[2022-06-09 19:21:11,193] {processor.py:651} INFO - DAG(s) dict_keys(['parallel_runs']) retrieved from /home/smita/airflow/dags/parallel_runs.py
[2022-06-09 19:21:11,307] {logging_mixin.py:115} INFO - [2022-06-09 19:21:11,307] {dag.py:2379} INFO - Sync 1 DAGs
[2022-06-09 19:21:11,338] {logging_mixin.py:115} INFO - [2022-06-09 19:21:11,338] {dag.py:2923} INFO - Setting next_dagrun for parallel_runs to 2022-06-08T00:00:00+00:00, run_after=2022-06-09T00:00:00+00:00
[2022-06-09 19:21:11,353] {processor.py:161} INFO - Processing /home/smita/airflow/dags/parallel_runs.py took 0.179 seconds
[2022-06-09 19:21:41,981] {processor.py:153} INFO - Started process (PID=773) to work on /home/smita/airflow/dags/parallel_runs.py
[2022-06-09 19:21:41,982] {processor.py:641} INFO - Processing file /home/smita/airflow/dags/parallel_runs.py for tasks to queue
[2022-06-09 19:21:41,982] {logging_mixin.py:115} INFO - [2022-06-09 19:21:41,982] {dagbag.py:507} INFO - Filling up the DagBag from /home/smita/airflow/dags/parallel_runs.py
[2022-06-09 19:21:41,995] {processor.py:651} INFO - DAG(s) dict_keys(['parallel_runs']) retrieved from /home/smita/airflow/dags/parallel_runs.py
[2022-06-09 19:21:42,093] {logging_mixin.py:115} INFO - [2022-06-09 19:21:42,093] {dag.py:2379} INFO - Sync 1 DAGs
[2022-06-09 19:21:42,124] {logging_mixin.py:115} INFO - [2022-06-09 19:21:42,123] {dag.py:2923} INFO - Setting next_dagrun for parallel_runs to 2022-06-08T00:00:00+00:00, run_after=2022-06-09T00:00:00+00:00
[2022-06-09 19:21:42,140] {processor.py:161} INFO - Processing /home/smita/airflow/dags/parallel_runs.py took 0.163 seconds
[2022-06-09 19:22:12,373] {processor.py:153} INFO - Started process (PID=1084) to work on /home/smita/airflow/dags/parallel_runs.py
[2022-06-09 19:22:12,374] {processor.py:641} INFO - Processing file /home/smita/airflow/dags/parallel_runs.py for tasks to queue
[2022-06-09 19:22:12,375] {logging_mixin.py:115} INFO - [2022-06-09 19:22:12,375] {dagbag.py:507} INFO - Filling up the DagBag from /home/smita/airflow/dags/parallel_runs.py
[2022-06-09 19:22:12,387] {processor.py:651} INFO - DAG(s) dict_keys(['parallel_runs']) retrieved from /home/smita/airflow/dags/parallel_runs.py
[2022-06-09 19:22:12,487] {logging_mixin.py:115} INFO - [2022-06-09 19:22:12,486] {dag.py:2379} INFO - Sync 1 DAGs
[2022-06-09 19:22:12,517] {logging_mixin.py:115} INFO - [2022-06-09 19:22:12,517] {dag.py:2923} INFO - Setting next_dagrun for parallel_runs to 2022-06-08T00:00:00+00:00, run_after=2022-06-09T00:00:00+00:00
[2022-06-09 19:22:12,532] {processor.py:161} INFO - Processing /home/smita/airflow/dags/parallel_runs.py took 0.163 seconds
[2022-06-09 19:22:43,010] {processor.py:153} INFO - Started process (PID=1390) to work on /home/smita/airflow/dags/parallel_runs.py
[2022-06-09 19:22:43,011] {processor.py:641} INFO - Processing file /home/smita/airflow/dags/parallel_runs.py for tasks to queue
[2022-06-09 19:22:43,012] {logging_mixin.py:115} INFO - [2022-06-09 19:22:43,012] {dagbag.py:507} INFO - Filling up the DagBag from /home/smita/airflow/dags/parallel_runs.py
[2022-06-09 19:22:43,027] {processor.py:651} INFO - DAG(s) dict_keys(['parallel_runs']) retrieved from /home/smita/airflow/dags/parallel_runs.py
[2022-06-09 19:22:43,119] {logging_mixin.py:115} INFO - [2022-06-09 19:22:43,119] {dag.py:2379} INFO - Sync 1 DAGs
[2022-06-09 19:22:43,152] {logging_mixin.py:115} INFO - [2022-06-09 19:22:43,152] {dag.py:2923} INFO - Setting next_dagrun for parallel_runs to 2022-06-08T00:00:00+00:00, run_after=2022-06-09T00:00:00+00:00
[2022-06-09 19:22:43,165] {processor.py:161} INFO - Processing /home/smita/airflow/dags/parallel_runs.py took 0.162 seconds
[2022-06-09 19:23:13,629] {processor.py:153} INFO - Started process (PID=1702) to work on /home/smita/airflow/dags/parallel_runs.py
[2022-06-09 19:23:13,630] {processor.py:641} INFO - Processing file /home/smita/airflow/dags/parallel_runs.py for tasks to queue
[2022-06-09 19:23:13,631] {logging_mixin.py:115} INFO - [2022-06-09 19:23:13,631] {dagbag.py:507} INFO - Filling up the DagBag from /home/smita/airflow/dags/parallel_runs.py
[2022-06-09 19:23:13,641] {processor.py:651} INFO - DAG(s) dict_keys(['parallel_runs']) retrieved from /home/smita/airflow/dags/parallel_runs.py
[2022-06-09 19:23:13,743] {logging_mixin.py:115} INFO - [2022-06-09 19:23:13,743] {dag.py:2379} INFO - Sync 1 DAGs
[2022-06-09 19:23:13,771] {logging_mixin.py:115} INFO - [2022-06-09 19:23:13,771] {dag.py:2923} INFO - Setting next_dagrun for parallel_runs to 2022-06-08T00:00:00+00:00, run_after=2022-06-09T00:00:00+00:00
[2022-06-09 19:23:13,787] {processor.py:161} INFO - Processing /home/smita/airflow/dags/parallel_runs.py took 0.164 seconds
[2022-06-09 19:23:44,214] {processor.py:153} INFO - Started process (PID=2011) to work on /home/smita/airflow/dags/parallel_runs.py
[2022-06-09 19:23:44,215] {processor.py:641} INFO - Processing file /home/smita/airflow/dags/parallel_runs.py for tasks to queue
[2022-06-09 19:23:44,215] {logging_mixin.py:115} INFO - [2022-06-09 19:23:44,215] {dagbag.py:507} INFO - Filling up the DagBag from /home/smita/airflow/dags/parallel_runs.py
[2022-06-09 19:23:44,226] {processor.py:651} INFO - DAG(s) dict_keys(['parallel_runs']) retrieved from /home/smita/airflow/dags/parallel_runs.py
[2022-06-09 19:23:44,348] {logging_mixin.py:115} INFO - [2022-06-09 19:23:44,348] {dag.py:2379} INFO - Sync 1 DAGs
[2022-06-09 19:23:44,375] {logging_mixin.py:115} INFO - [2022-06-09 19:23:44,374] {dag.py:2923} INFO - Setting next_dagrun for parallel_runs to 2022-06-08T00:00:00+00:00, run_after=2022-06-09T00:00:00+00:00
[2022-06-09 19:23:44,388] {processor.py:161} INFO - Processing /home/smita/airflow/dags/parallel_runs.py took 0.180 seconds
[2022-06-09 19:24:14,678] {processor.py:153} INFO - Started process (PID=2316) to work on /home/smita/airflow/dags/parallel_runs.py
[2022-06-09 19:24:14,678] {processor.py:641} INFO - Processing file /home/smita/airflow/dags/parallel_runs.py for tasks to queue
[2022-06-09 19:24:14,680] {logging_mixin.py:115} INFO - [2022-06-09 19:24:14,679] {dagbag.py:507} INFO - Filling up the DagBag from /home/smita/airflow/dags/parallel_runs.py
[2022-06-09 19:24:14,692] {processor.py:651} INFO - DAG(s) dict_keys(['parallel_runs']) retrieved from /home/smita/airflow/dags/parallel_runs.py
[2022-06-09 19:24:14,798] {logging_mixin.py:115} INFO - [2022-06-09 19:24:14,798] {dag.py:2379} INFO - Sync 1 DAGs
[2022-06-09 19:24:14,827] {logging_mixin.py:115} INFO - [2022-06-09 19:24:14,827] {dag.py:2923} INFO - Setting next_dagrun for parallel_runs to 2022-06-08T00:00:00+00:00, run_after=2022-06-09T00:00:00+00:00
[2022-06-09 19:24:14,842] {processor.py:161} INFO - Processing /home/smita/airflow/dags/parallel_runs.py took 0.170 seconds
[2022-06-09 19:24:45,272] {processor.py:153} INFO - Started process (PID=2642) to work on /home/smita/airflow/dags/parallel_runs.py
[2022-06-09 19:24:45,272] {processor.py:641} INFO - Processing file /home/smita/airflow/dags/parallel_runs.py for tasks to queue
[2022-06-09 19:24:45,273] {logging_mixin.py:115} INFO - [2022-06-09 19:24:45,273] {dagbag.py:507} INFO - Filling up the DagBag from /home/smita/airflow/dags/parallel_runs.py
[2022-06-09 19:24:45,283] {processor.py:651} INFO - DAG(s) dict_keys(['parallel_runs']) retrieved from /home/smita/airflow/dags/parallel_runs.py
[2022-06-09 19:24:45,375] {logging_mixin.py:115} INFO - [2022-06-09 19:24:45,375] {dag.py:2379} INFO - Sync 1 DAGs
[2022-06-09 19:24:45,398] {logging_mixin.py:115} INFO - [2022-06-09 19:24:45,398] {dag.py:2923} INFO - Setting next_dagrun for parallel_runs to 2022-06-08T00:00:00+00:00, run_after=2022-06-09T00:00:00+00:00
[2022-06-09 19:24:45,415] {processor.py:161} INFO - Processing /home/smita/airflow/dags/parallel_runs.py took 0.148 seconds
[2022-06-09 19:25:15,722] {processor.py:153} INFO - Started process (PID=2968) to work on /home/smita/airflow/dags/parallel_runs.py
[2022-06-09 19:25:15,723] {processor.py:641} INFO - Processing file /home/smita/airflow/dags/parallel_runs.py for tasks to queue
[2022-06-09 19:25:15,723] {logging_mixin.py:115} INFO - [2022-06-09 19:25:15,723] {dagbag.py:507} INFO - Filling up the DagBag from /home/smita/airflow/dags/parallel_runs.py
[2022-06-09 19:25:15,734] {processor.py:651} INFO - DAG(s) dict_keys(['parallel_runs']) retrieved from /home/smita/airflow/dags/parallel_runs.py
[2022-06-09 19:25:15,831] {logging_mixin.py:115} INFO - [2022-06-09 19:25:15,831] {dag.py:2379} INFO - Sync 1 DAGs
[2022-06-09 19:25:15,858] {logging_mixin.py:115} INFO - [2022-06-09 19:25:15,857] {dag.py:2923} INFO - Setting next_dagrun for parallel_runs to 2022-06-08T00:00:00+00:00, run_after=2022-06-09T00:00:00+00:00
[2022-06-09 19:25:15,875] {processor.py:161} INFO - Processing /home/smita/airflow/dags/parallel_runs.py took 0.157 seconds
[2022-06-09 19:25:46,340] {processor.py:153} INFO - Started process (PID=3298) to work on /home/smita/airflow/dags/parallel_runs.py
[2022-06-09 19:25:46,340] {processor.py:641} INFO - Processing file /home/smita/airflow/dags/parallel_runs.py for tasks to queue
[2022-06-09 19:25:46,341] {logging_mixin.py:115} INFO - [2022-06-09 19:25:46,341] {dagbag.py:507} INFO - Filling up the DagBag from /home/smita/airflow/dags/parallel_runs.py
[2022-06-09 19:25:46,352] {processor.py:651} INFO - DAG(s) dict_keys(['parallel_runs']) retrieved from /home/smita/airflow/dags/parallel_runs.py
[2022-06-09 19:25:46,455] {logging_mixin.py:115} INFO - [2022-06-09 19:25:46,455] {dag.py:2379} INFO - Sync 1 DAGs
[2022-06-09 19:25:46,481] {logging_mixin.py:115} INFO - [2022-06-09 19:25:46,481] {dag.py:2923} INFO - Setting next_dagrun for parallel_runs to 2022-06-08T00:00:00+00:00, run_after=2022-06-09T00:00:00+00:00
[2022-06-09 19:25:46,500] {processor.py:161} INFO - Processing /home/smita/airflow/dags/parallel_runs.py took 0.165 seconds
[2022-06-09 19:26:16,998] {processor.py:153} INFO - Started process (PID=3628) to work on /home/smita/airflow/dags/parallel_runs.py
[2022-06-09 19:26:16,998] {processor.py:641} INFO - Processing file /home/smita/airflow/dags/parallel_runs.py for tasks to queue
[2022-06-09 19:26:16,999] {logging_mixin.py:115} INFO - [2022-06-09 19:26:16,999] {dagbag.py:507} INFO - Filling up the DagBag from /home/smita/airflow/dags/parallel_runs.py
[2022-06-09 19:26:17,014] {processor.py:651} INFO - DAG(s) dict_keys(['parallel_runs']) retrieved from /home/smita/airflow/dags/parallel_runs.py
[2022-06-09 19:26:17,120] {logging_mixin.py:115} INFO - [2022-06-09 19:26:17,120] {dag.py:2379} INFO - Sync 1 DAGs
[2022-06-09 19:26:17,148] {logging_mixin.py:115} INFO - [2022-06-09 19:26:17,148] {dag.py:2923} INFO - Setting next_dagrun for parallel_runs to 2022-06-08T00:00:00+00:00, run_after=2022-06-09T00:00:00+00:00
[2022-06-09 19:26:17,163] {processor.py:161} INFO - Processing /home/smita/airflow/dags/parallel_runs.py took 0.170 seconds
[2022-06-09 19:26:47,650] {processor.py:153} INFO - Started process (PID=3962) to work on /home/smita/airflow/dags/parallel_runs.py
[2022-06-09 19:26:47,651] {processor.py:641} INFO - Processing file /home/smita/airflow/dags/parallel_runs.py for tasks to queue
[2022-06-09 19:26:47,651] {logging_mixin.py:115} INFO - [2022-06-09 19:26:47,651] {dagbag.py:507} INFO - Filling up the DagBag from /home/smita/airflow/dags/parallel_runs.py
[2022-06-09 19:26:47,662] {processor.py:651} INFO - DAG(s) dict_keys(['parallel_runs']) retrieved from /home/smita/airflow/dags/parallel_runs.py
[2022-06-09 19:26:47,765] {logging_mixin.py:115} INFO - [2022-06-09 19:26:47,765] {dag.py:2379} INFO - Sync 1 DAGs
[2022-06-09 19:26:47,790] {logging_mixin.py:115} INFO - [2022-06-09 19:26:47,790] {dag.py:2923} INFO - Setting next_dagrun for parallel_runs to 2022-06-08T00:00:00+00:00, run_after=2022-06-09T00:00:00+00:00
[2022-06-09 19:26:47,807] {processor.py:161} INFO - Processing /home/smita/airflow/dags/parallel_runs.py took 0.161 seconds
[2022-06-09 19:27:18,392] {processor.py:153} INFO - Started process (PID=4293) to work on /home/smita/airflow/dags/parallel_runs.py
[2022-06-09 19:27:18,392] {processor.py:641} INFO - Processing file /home/smita/airflow/dags/parallel_runs.py for tasks to queue
[2022-06-09 19:27:18,393] {logging_mixin.py:115} INFO - [2022-06-09 19:27:18,393] {dagbag.py:507} INFO - Filling up the DagBag from /home/smita/airflow/dags/parallel_runs.py
[2022-06-09 19:27:18,404] {processor.py:651} INFO - DAG(s) dict_keys(['parallel_runs']) retrieved from /home/smita/airflow/dags/parallel_runs.py
[2022-06-09 19:27:18,488] {logging_mixin.py:115} INFO - [2022-06-09 19:27:18,488] {dag.py:2379} INFO - Sync 1 DAGs
[2022-06-09 19:27:18,511] {logging_mixin.py:115} INFO - [2022-06-09 19:27:18,511] {dag.py:2923} INFO - Setting next_dagrun for parallel_runs to 2022-06-08T00:00:00+00:00, run_after=2022-06-09T00:00:00+00:00
[2022-06-09 19:27:18,526] {processor.py:161} INFO - Processing /home/smita/airflow/dags/parallel_runs.py took 0.139 seconds
[2022-06-09 19:27:49,029] {processor.py:153} INFO - Started process (PID=4621) to work on /home/smita/airflow/dags/parallel_runs.py
[2022-06-09 19:27:49,030] {processor.py:641} INFO - Processing file /home/smita/airflow/dags/parallel_runs.py for tasks to queue
[2022-06-09 19:27:49,030] {logging_mixin.py:115} INFO - [2022-06-09 19:27:49,030] {dagbag.py:507} INFO - Filling up the DagBag from /home/smita/airflow/dags/parallel_runs.py
[2022-06-09 19:27:49,041] {processor.py:651} INFO - DAG(s) dict_keys(['parallel_runs']) retrieved from /home/smita/airflow/dags/parallel_runs.py
[2022-06-09 19:27:49,148] {logging_mixin.py:115} INFO - [2022-06-09 19:27:49,148] {dag.py:2379} INFO - Sync 1 DAGs
[2022-06-09 19:27:49,176] {logging_mixin.py:115} INFO - [2022-06-09 19:27:49,176] {dag.py:2923} INFO - Setting next_dagrun for parallel_runs to 2022-06-08T00:00:00+00:00, run_after=2022-06-09T00:00:00+00:00
[2022-06-09 19:27:49,194] {processor.py:161} INFO - Processing /home/smita/airflow/dags/parallel_runs.py took 0.170 seconds
[2022-06-09 19:28:19,605] {processor.py:153} INFO - Started process (PID=4947) to work on /home/smita/airflow/dags/parallel_runs.py
[2022-06-09 19:28:19,606] {processor.py:641} INFO - Processing file /home/smita/airflow/dags/parallel_runs.py for tasks to queue
[2022-06-09 19:28:19,606] {logging_mixin.py:115} INFO - [2022-06-09 19:28:19,606] {dagbag.py:507} INFO - Filling up the DagBag from /home/smita/airflow/dags/parallel_runs.py
[2022-06-09 19:28:19,617] {processor.py:651} INFO - DAG(s) dict_keys(['parallel_runs']) retrieved from /home/smita/airflow/dags/parallel_runs.py
[2022-06-09 19:28:19,726] {logging_mixin.py:115} INFO - [2022-06-09 19:28:19,726] {dag.py:2379} INFO - Sync 1 DAGs
[2022-06-09 19:28:19,753] {logging_mixin.py:115} INFO - [2022-06-09 19:28:19,752] {dag.py:2923} INFO - Setting next_dagrun for parallel_runs to 2022-06-08T00:00:00+00:00, run_after=2022-06-09T00:00:00+00:00
[2022-06-09 19:28:19,768] {processor.py:161} INFO - Processing /home/smita/airflow/dags/parallel_runs.py took 0.169 seconds
[2022-06-09 19:28:50,264] {processor.py:153} INFO - Started process (PID=5285) to work on /home/smita/airflow/dags/parallel_runs.py
[2022-06-09 19:28:50,265] {processor.py:641} INFO - Processing file /home/smita/airflow/dags/parallel_runs.py for tasks to queue
[2022-06-09 19:28:50,265] {logging_mixin.py:115} INFO - [2022-06-09 19:28:50,265] {dagbag.py:507} INFO - Filling up the DagBag from /home/smita/airflow/dags/parallel_runs.py
[2022-06-09 19:28:50,281] {processor.py:651} INFO - DAG(s) dict_keys(['parallel_runs']) retrieved from /home/smita/airflow/dags/parallel_runs.py
[2022-06-09 19:28:50,394] {logging_mixin.py:115} INFO - [2022-06-09 19:28:50,394] {dag.py:2379} INFO - Sync 1 DAGs
[2022-06-09 19:28:50,420] {logging_mixin.py:115} INFO - [2022-06-09 19:28:50,419] {dag.py:2923} INFO - Setting next_dagrun for parallel_runs to 2022-06-08T00:00:00+00:00, run_after=2022-06-09T00:00:00+00:00
[2022-06-09 19:28:50,436] {processor.py:161} INFO - Processing /home/smita/airflow/dags/parallel_runs.py took 0.177 seconds
[2022-06-09 19:29:20,809] {processor.py:153} INFO - Started process (PID=5611) to work on /home/smita/airflow/dags/parallel_runs.py
[2022-06-09 19:29:20,810] {processor.py:641} INFO - Processing file /home/smita/airflow/dags/parallel_runs.py for tasks to queue
[2022-06-09 19:29:20,810] {logging_mixin.py:115} INFO - [2022-06-09 19:29:20,810] {dagbag.py:507} INFO - Filling up the DagBag from /home/smita/airflow/dags/parallel_runs.py
[2022-06-09 19:29:20,823] {processor.py:651} INFO - DAG(s) dict_keys(['parallel_runs']) retrieved from /home/smita/airflow/dags/parallel_runs.py
[2022-06-09 19:29:20,925] {logging_mixin.py:115} INFO - [2022-06-09 19:29:20,925] {dag.py:2379} INFO - Sync 1 DAGs
[2022-06-09 19:29:20,950] {logging_mixin.py:115} INFO - [2022-06-09 19:29:20,950] {dag.py:2923} INFO - Setting next_dagrun for parallel_runs to 2022-06-08T00:00:00+00:00, run_after=2022-06-09T00:00:00+00:00
[2022-06-09 19:29:20,964] {processor.py:161} INFO - Processing /home/smita/airflow/dags/parallel_runs.py took 0.161 seconds
[2022-06-09 19:29:51,440] {processor.py:153} INFO - Started process (PID=5939) to work on /home/smita/airflow/dags/parallel_runs.py
[2022-06-09 19:29:51,441] {processor.py:641} INFO - Processing file /home/smita/airflow/dags/parallel_runs.py for tasks to queue
[2022-06-09 19:29:51,442] {logging_mixin.py:115} INFO - [2022-06-09 19:29:51,442] {dagbag.py:507} INFO - Filling up the DagBag from /home/smita/airflow/dags/parallel_runs.py
[2022-06-09 19:29:51,452] {processor.py:651} INFO - DAG(s) dict_keys(['parallel_runs']) retrieved from /home/smita/airflow/dags/parallel_runs.py
[2022-06-09 19:29:51,567] {logging_mixin.py:115} INFO - [2022-06-09 19:29:51,567] {dag.py:2379} INFO - Sync 1 DAGs
[2022-06-09 19:29:51,591] {logging_mixin.py:115} INFO - [2022-06-09 19:29:51,591] {dag.py:2923} INFO - Setting next_dagrun for parallel_runs to 2022-06-08T00:00:00+00:00, run_after=2022-06-09T00:00:00+00:00
[2022-06-09 19:29:51,606] {processor.py:161} INFO - Processing /home/smita/airflow/dags/parallel_runs.py took 0.170 seconds
[2022-06-09 19:30:21,933] {processor.py:153} INFO - Started process (PID=6270) to work on /home/smita/airflow/dags/parallel_runs.py
[2022-06-09 19:30:21,934] {processor.py:641} INFO - Processing file /home/smita/airflow/dags/parallel_runs.py for tasks to queue
[2022-06-09 19:30:21,934] {logging_mixin.py:115} INFO - [2022-06-09 19:30:21,934] {dagbag.py:507} INFO - Filling up the DagBag from /home/smita/airflow/dags/parallel_runs.py
[2022-06-09 19:30:21,946] {processor.py:651} INFO - DAG(s) dict_keys(['parallel_runs']) retrieved from /home/smita/airflow/dags/parallel_runs.py
[2022-06-09 19:30:22,051] {logging_mixin.py:115} INFO - [2022-06-09 19:30:22,050] {dag.py:2379} INFO - Sync 1 DAGs
[2022-06-09 19:30:22,074] {logging_mixin.py:115} INFO - [2022-06-09 19:30:22,074] {dag.py:2923} INFO - Setting next_dagrun for parallel_runs to 2022-06-08T00:00:00+00:00, run_after=2022-06-09T00:00:00+00:00
[2022-06-09 19:30:22,089] {processor.py:161} INFO - Processing /home/smita/airflow/dags/parallel_runs.py took 0.162 seconds
[2022-06-09 19:30:52,512] {processor.py:153} INFO - Started process (PID=6603) to work on /home/smita/airflow/dags/parallel_runs.py
[2022-06-09 19:30:52,512] {processor.py:641} INFO - Processing file /home/smita/airflow/dags/parallel_runs.py for tasks to queue
[2022-06-09 19:30:52,513] {logging_mixin.py:115} INFO - [2022-06-09 19:30:52,513] {dagbag.py:507} INFO - Filling up the DagBag from /home/smita/airflow/dags/parallel_runs.py
[2022-06-09 19:30:52,524] {processor.py:651} INFO - DAG(s) dict_keys(['parallel_runs']) retrieved from /home/smita/airflow/dags/parallel_runs.py
[2022-06-09 19:30:52,616] {logging_mixin.py:115} INFO - [2022-06-09 19:30:52,616] {dag.py:2379} INFO - Sync 1 DAGs
[2022-06-09 19:30:52,642] {logging_mixin.py:115} INFO - [2022-06-09 19:30:52,641] {dag.py:2923} INFO - Setting next_dagrun for parallel_runs to 2022-06-08T00:00:00+00:00, run_after=2022-06-09T00:00:00+00:00
[2022-06-09 19:30:52,657] {processor.py:161} INFO - Processing /home/smita/airflow/dags/parallel_runs.py took 0.150 seconds
[2022-06-09 19:31:22,970] {processor.py:153} INFO - Started process (PID=6929) to work on /home/smita/airflow/dags/parallel_runs.py
[2022-06-09 19:31:22,971] {processor.py:641} INFO - Processing file /home/smita/airflow/dags/parallel_runs.py for tasks to queue
[2022-06-09 19:31:22,971] {logging_mixin.py:115} INFO - [2022-06-09 19:31:22,971] {dagbag.py:507} INFO - Filling up the DagBag from /home/smita/airflow/dags/parallel_runs.py
[2022-06-09 19:31:22,983] {processor.py:651} INFO - DAG(s) dict_keys(['parallel_runs']) retrieved from /home/smita/airflow/dags/parallel_runs.py
[2022-06-09 19:31:23,094] {logging_mixin.py:115} INFO - [2022-06-09 19:31:23,094] {dag.py:2379} INFO - Sync 1 DAGs
[2022-06-09 19:31:23,119] {logging_mixin.py:115} INFO - [2022-06-09 19:31:23,119] {dag.py:2923} INFO - Setting next_dagrun for parallel_runs to 2022-06-08T00:00:00+00:00, run_after=2022-06-09T00:00:00+00:00
[2022-06-09 19:31:23,135] {processor.py:161} INFO - Processing /home/smita/airflow/dags/parallel_runs.py took 0.171 seconds
[2022-06-09 19:31:53,518] {processor.py:153} INFO - Started process (PID=7262) to work on /home/smita/airflow/dags/parallel_runs.py
[2022-06-09 19:31:53,518] {processor.py:641} INFO - Processing file /home/smita/airflow/dags/parallel_runs.py for tasks to queue
[2022-06-09 19:31:53,519] {logging_mixin.py:115} INFO - [2022-06-09 19:31:53,519] {dagbag.py:507} INFO - Filling up the DagBag from /home/smita/airflow/dags/parallel_runs.py
[2022-06-09 19:31:53,529] {processor.py:651} INFO - DAG(s) dict_keys(['parallel_runs']) retrieved from /home/smita/airflow/dags/parallel_runs.py
[2022-06-09 19:31:53,623] {logging_mixin.py:115} INFO - [2022-06-09 19:31:53,623] {dag.py:2379} INFO - Sync 1 DAGs
[2022-06-09 19:31:53,647] {logging_mixin.py:115} INFO - [2022-06-09 19:31:53,647] {dag.py:2923} INFO - Setting next_dagrun for parallel_runs to 2022-06-08T00:00:00+00:00, run_after=2022-06-09T00:00:00+00:00
[2022-06-09 19:31:53,659] {processor.py:161} INFO - Processing /home/smita/airflow/dags/parallel_runs.py took 0.149 seconds
[2022-06-09 19:32:24,224] {processor.py:153} INFO - Started process (PID=7590) to work on /home/smita/airflow/dags/parallel_runs.py
[2022-06-09 19:32:24,224] {processor.py:641} INFO - Processing file /home/smita/airflow/dags/parallel_runs.py for tasks to queue
[2022-06-09 19:32:24,225] {logging_mixin.py:115} INFO - [2022-06-09 19:32:24,225] {dagbag.py:507} INFO - Filling up the DagBag from /home/smita/airflow/dags/parallel_runs.py
[2022-06-09 19:32:24,236] {processor.py:651} INFO - DAG(s) dict_keys(['parallel_runs']) retrieved from /home/smita/airflow/dags/parallel_runs.py
[2022-06-09 19:32:24,339] {logging_mixin.py:115} INFO - [2022-06-09 19:32:24,339] {dag.py:2379} INFO - Sync 1 DAGs
[2022-06-09 19:32:24,365] {logging_mixin.py:115} INFO - [2022-06-09 19:32:24,365] {dag.py:2923} INFO - Setting next_dagrun for parallel_runs to 2022-06-08T00:00:00+00:00, run_after=2022-06-09T00:00:00+00:00
[2022-06-09 19:32:24,385] {processor.py:161} INFO - Processing /home/smita/airflow/dags/parallel_runs.py took 0.166 seconds
[2022-06-09 19:32:54,787] {processor.py:153} INFO - Started process (PID=7900) to work on /home/smita/airflow/dags/parallel_runs.py
[2022-06-09 19:32:54,788] {processor.py:641} INFO - Processing file /home/smita/airflow/dags/parallel_runs.py for tasks to queue
[2022-06-09 19:32:54,788] {logging_mixin.py:115} INFO - [2022-06-09 19:32:54,788] {dagbag.py:507} INFO - Filling up the DagBag from /home/smita/airflow/dags/parallel_runs.py
[2022-06-09 19:32:54,803] {processor.py:651} INFO - DAG(s) dict_keys(['parallel_runs']) retrieved from /home/smita/airflow/dags/parallel_runs.py
[2022-06-09 19:32:54,905] {logging_mixin.py:115} INFO - [2022-06-09 19:32:54,904] {dag.py:2379} INFO - Sync 1 DAGs
[2022-06-09 19:32:54,934] {logging_mixin.py:115} INFO - [2022-06-09 19:32:54,934] {dag.py:2923} INFO - Setting next_dagrun for parallel_runs to 2022-06-08T00:00:00+00:00, run_after=2022-06-09T00:00:00+00:00
[2022-06-09 19:32:54,947] {processor.py:161} INFO - Processing /home/smita/airflow/dags/parallel_runs.py took 0.166 seconds
[2022-06-09 19:33:25,367] {processor.py:153} INFO - Started process (PID=8191) to work on /home/smita/airflow/dags/parallel_runs.py
[2022-06-09 19:33:25,368] {processor.py:641} INFO - Processing file /home/smita/airflow/dags/parallel_runs.py for tasks to queue
[2022-06-09 19:33:25,368] {logging_mixin.py:115} INFO - [2022-06-09 19:33:25,368] {dagbag.py:507} INFO - Filling up the DagBag from /home/smita/airflow/dags/parallel_runs.py
[2022-06-09 19:33:25,387] {processor.py:651} INFO - DAG(s) dict_keys(['parallel_runs']) retrieved from /home/smita/airflow/dags/parallel_runs.py
[2022-06-09 19:33:25,517] {logging_mixin.py:115} INFO - [2022-06-09 19:33:25,517] {dag.py:2379} INFO - Sync 1 DAGs
[2022-06-09 19:33:25,547] {logging_mixin.py:115} INFO - [2022-06-09 19:33:25,547] {dag.py:2923} INFO - Setting next_dagrun for parallel_runs to 2022-06-08T00:00:00+00:00, run_after=2022-06-09T00:00:00+00:00
[2022-06-09 19:33:25,560] {processor.py:161} INFO - Processing /home/smita/airflow/dags/parallel_runs.py took 0.202 seconds
[2022-06-09 19:33:56,005] {processor.py:153} INFO - Started process (PID=8482) to work on /home/smita/airflow/dags/parallel_runs.py
[2022-06-09 19:33:56,006] {processor.py:641} INFO - Processing file /home/smita/airflow/dags/parallel_runs.py for tasks to queue
[2022-06-09 19:33:56,007] {logging_mixin.py:115} INFO - [2022-06-09 19:33:56,007] {dagbag.py:507} INFO - Filling up the DagBag from /home/smita/airflow/dags/parallel_runs.py
[2022-06-09 19:33:56,021] {processor.py:651} INFO - DAG(s) dict_keys(['parallel_runs']) retrieved from /home/smita/airflow/dags/parallel_runs.py
[2022-06-09 19:33:56,115] {logging_mixin.py:115} INFO - [2022-06-09 19:33:56,115] {dag.py:2379} INFO - Sync 1 DAGs
[2022-06-09 19:33:56,140] {logging_mixin.py:115} INFO - [2022-06-09 19:33:56,139] {dag.py:2923} INFO - Setting next_dagrun for parallel_runs to 2022-06-08T00:00:00+00:00, run_after=2022-06-09T00:00:00+00:00
[2022-06-09 19:33:56,154] {processor.py:161} INFO - Processing /home/smita/airflow/dags/parallel_runs.py took 0.155 seconds
[2022-06-09 19:34:26,420] {processor.py:153} INFO - Started process (PID=8768) to work on /home/smita/airflow/dags/parallel_runs.py
[2022-06-09 19:34:26,421] {processor.py:641} INFO - Processing file /home/smita/airflow/dags/parallel_runs.py for tasks to queue
[2022-06-09 19:34:26,421] {logging_mixin.py:115} INFO - [2022-06-09 19:34:26,421] {dagbag.py:507} INFO - Filling up the DagBag from /home/smita/airflow/dags/parallel_runs.py
[2022-06-09 19:34:26,431] {processor.py:651} INFO - DAG(s) dict_keys(['parallel_runs']) retrieved from /home/smita/airflow/dags/parallel_runs.py
[2022-06-09 19:34:26,562] {logging_mixin.py:115} INFO - [2022-06-09 19:34:26,562] {dag.py:2379} INFO - Sync 1 DAGs
[2022-06-09 19:34:26,590] {logging_mixin.py:115} INFO - [2022-06-09 19:34:26,590] {dag.py:2923} INFO - Setting next_dagrun for parallel_runs to 2022-06-08T00:00:00+00:00, run_after=2022-06-09T00:00:00+00:00
[2022-06-09 19:34:26,606] {processor.py:161} INFO - Processing /home/smita/airflow/dags/parallel_runs.py took 0.191 seconds
[2022-06-09 19:35:23,447] {processor.py:153} INFO - Started process (PID=9029) to work on /home/smita/airflow/dags/parallel_runs.py
[2022-06-09 19:35:23,448] {processor.py:641} INFO - Processing file /home/smita/airflow/dags/parallel_runs.py for tasks to queue
[2022-06-09 19:35:23,449] {logging_mixin.py:115} INFO - [2022-06-09 19:35:23,449] {dagbag.py:507} INFO - Filling up the DagBag from /home/smita/airflow/dags/parallel_runs.py
[2022-06-09 19:35:23,462] {processor.py:651} INFO - DAG(s) dict_keys(['parallel_runs']) retrieved from /home/smita/airflow/dags/parallel_runs.py
[2022-06-09 19:35:23,557] {logging_mixin.py:115} INFO - [2022-06-09 19:35:23,557] {dag.py:2379} INFO - Sync 1 DAGs
[2022-06-09 19:35:23,580] {logging_mixin.py:115} INFO - [2022-06-09 19:35:23,580] {dag.py:2923} INFO - Setting next_dagrun for parallel_runs to 2022-06-08T00:00:00+00:00, run_after=2022-06-09T00:00:00+00:00
[2022-06-09 19:35:23,594] {processor.py:161} INFO - Processing /home/smita/airflow/dags/parallel_runs.py took 0.153 seconds
[2022-06-09 19:35:57,174] {processor.py:153} INFO - Started process (PID=9085) to work on /home/smita/airflow/dags/parallel_runs.py
[2022-06-09 19:35:57,176] {processor.py:641} INFO - Processing file /home/smita/airflow/dags/parallel_runs.py for tasks to queue
[2022-06-09 19:35:57,177] {logging_mixin.py:115} INFO - [2022-06-09 19:35:57,176] {dagbag.py:507} INFO - Filling up the DagBag from /home/smita/airflow/dags/parallel_runs.py
[2022-06-09 19:35:57,191] {processor.py:651} INFO - DAG(s) dict_keys(['parallel_runs']) retrieved from /home/smita/airflow/dags/parallel_runs.py
[2022-06-09 19:35:57,281] {logging_mixin.py:115} INFO - [2022-06-09 19:35:57,281] {dag.py:2379} INFO - Sync 1 DAGs
[2022-06-09 19:35:57,306] {logging_mixin.py:115} INFO - [2022-06-09 19:35:57,306] {dag.py:2923} INFO - Setting next_dagrun for parallel_runs to 2022-06-08T00:00:00+00:00, run_after=2022-06-09T00:00:00+00:00
[2022-06-09 19:35:57,320] {processor.py:161} INFO - Processing /home/smita/airflow/dags/parallel_runs.py took 0.157 seconds
[2022-06-09 19:36:32,609] {processor.py:153} INFO - Started process (PID=9166) to work on /home/smita/airflow/dags/parallel_runs.py
[2022-06-09 19:36:32,610] {processor.py:641} INFO - Processing file /home/smita/airflow/dags/parallel_runs.py for tasks to queue
[2022-06-09 19:36:32,611] {logging_mixin.py:115} INFO - [2022-06-09 19:36:32,610] {dagbag.py:507} INFO - Filling up the DagBag from /home/smita/airflow/dags/parallel_runs.py
[2022-06-09 19:36:32,621] {processor.py:651} INFO - DAG(s) dict_keys(['parallel_runs']) retrieved from /home/smita/airflow/dags/parallel_runs.py
[2022-06-09 19:36:32,698] {logging_mixin.py:115} INFO - [2022-06-09 19:36:32,698] {dag.py:2379} INFO - Sync 1 DAGs
[2022-06-09 19:36:32,723] {logging_mixin.py:115} INFO - [2022-06-09 19:36:32,723] {dag.py:2923} INFO - Setting next_dagrun for parallel_runs to 2022-06-08T00:00:00+00:00, run_after=2022-06-09T00:00:00+00:00
[2022-06-09 19:36:32,735] {processor.py:161} INFO - Processing /home/smita/airflow/dags/parallel_runs.py took 0.131 seconds
[2022-06-09 19:37:06,107] {processor.py:153} INFO - Started process (PID=9231) to work on /home/smita/airflow/dags/parallel_runs.py
[2022-06-09 19:37:06,108] {processor.py:641} INFO - Processing file /home/smita/airflow/dags/parallel_runs.py for tasks to queue
[2022-06-09 19:37:06,108] {logging_mixin.py:115} INFO - [2022-06-09 19:37:06,108] {dagbag.py:507} INFO - Filling up the DagBag from /home/smita/airflow/dags/parallel_runs.py
[2022-06-09 19:37:06,121] {processor.py:651} INFO - DAG(s) dict_keys(['parallel_runs']) retrieved from /home/smita/airflow/dags/parallel_runs.py
[2022-06-09 19:37:06,257] {logging_mixin.py:115} INFO - [2022-06-09 19:37:06,256] {dag.py:2379} INFO - Sync 1 DAGs
[2022-06-09 19:37:06,282] {logging_mixin.py:115} INFO - [2022-06-09 19:37:06,282] {dag.py:2923} INFO - Setting next_dagrun for parallel_runs to 2022-06-08T00:00:00+00:00, run_after=2022-06-09T00:00:00+00:00
[2022-06-09 19:37:06,292] {processor.py:161} INFO - Processing /home/smita/airflow/dags/parallel_runs.py took 0.189 seconds
[2022-06-09 19:37:38,221] {processor.py:153} INFO - Started process (PID=9273) to work on /home/smita/airflow/dags/parallel_runs.py
[2022-06-09 19:37:38,222] {processor.py:641} INFO - Processing file /home/smita/airflow/dags/parallel_runs.py for tasks to queue
[2022-06-09 19:37:38,222] {logging_mixin.py:115} INFO - [2022-06-09 19:37:38,222] {dagbag.py:507} INFO - Filling up the DagBag from /home/smita/airflow/dags/parallel_runs.py
[2022-06-09 19:37:38,233] {processor.py:651} INFO - DAG(s) dict_keys(['parallel_runs']) retrieved from /home/smita/airflow/dags/parallel_runs.py
[2022-06-09 19:37:38,320] {logging_mixin.py:115} INFO - [2022-06-09 19:37:38,320] {dag.py:2379} INFO - Sync 1 DAGs
[2022-06-09 19:37:38,352] {logging_mixin.py:115} INFO - [2022-06-09 19:37:38,352] {dag.py:2923} INFO - Setting next_dagrun for parallel_runs to 2022-06-08T00:00:00+00:00, run_after=2022-06-09T00:00:00+00:00
[2022-06-09 19:37:38,366] {processor.py:161} INFO - Processing /home/smita/airflow/dags/parallel_runs.py took 0.153 seconds
[2022-06-09 19:38:10,445] {processor.py:153} INFO - Started process (PID=9323) to work on /home/smita/airflow/dags/parallel_runs.py
[2022-06-09 19:38:10,446] {processor.py:641} INFO - Processing file /home/smita/airflow/dags/parallel_runs.py for tasks to queue
[2022-06-09 19:38:10,447] {logging_mixin.py:115} INFO - [2022-06-09 19:38:10,446] {dagbag.py:507} INFO - Filling up the DagBag from /home/smita/airflow/dags/parallel_runs.py
[2022-06-09 19:38:10,458] {processor.py:651} INFO - DAG(s) dict_keys(['parallel_runs']) retrieved from /home/smita/airflow/dags/parallel_runs.py
[2022-06-09 19:38:10,561] {logging_mixin.py:115} INFO - [2022-06-09 19:38:10,560] {dag.py:2379} INFO - Sync 1 DAGs
[2022-06-09 19:38:10,584] {logging_mixin.py:115} INFO - [2022-06-09 19:38:10,584] {dag.py:2923} INFO - Setting next_dagrun for parallel_runs to 2022-06-08T00:00:00+00:00, run_after=2022-06-09T00:00:00+00:00
[2022-06-09 19:38:10,600] {processor.py:161} INFO - Processing /home/smita/airflow/dags/parallel_runs.py took 0.161 seconds
[2022-06-09 19:38:45,807] {processor.py:153} INFO - Started process (PID=9408) to work on /home/smita/airflow/dags/parallel_runs.py
[2022-06-09 19:38:45,808] {processor.py:641} INFO - Processing file /home/smita/airflow/dags/parallel_runs.py for tasks to queue
[2022-06-09 19:38:45,808] {logging_mixin.py:115} INFO - [2022-06-09 19:38:45,808] {dagbag.py:507} INFO - Filling up the DagBag from /home/smita/airflow/dags/parallel_runs.py
[2022-06-09 19:38:45,819] {processor.py:651} INFO - DAG(s) dict_keys(['parallel_runs']) retrieved from /home/smita/airflow/dags/parallel_runs.py
[2022-06-09 19:38:45,912] {logging_mixin.py:115} INFO - [2022-06-09 19:38:45,912] {dag.py:2379} INFO - Sync 1 DAGs
[2022-06-09 19:38:45,939] {logging_mixin.py:115} INFO - [2022-06-09 19:38:45,939] {dag.py:2923} INFO - Setting next_dagrun for parallel_runs to 2022-06-08T00:00:00+00:00, run_after=2022-06-09T00:00:00+00:00
[2022-06-09 19:38:45,951] {processor.py:161} INFO - Processing /home/smita/airflow/dags/parallel_runs.py took 0.149 seconds
[2022-06-09 19:39:18,908] {processor.py:153} INFO - Started process (PID=9468) to work on /home/smita/airflow/dags/parallel_runs.py
[2022-06-09 19:39:18,909] {processor.py:641} INFO - Processing file /home/smita/airflow/dags/parallel_runs.py for tasks to queue
[2022-06-09 19:39:18,911] {logging_mixin.py:115} INFO - [2022-06-09 19:39:18,911] {dagbag.py:507} INFO - Filling up the DagBag from /home/smita/airflow/dags/parallel_runs.py
[2022-06-09 19:39:18,931] {processor.py:651} INFO - DAG(s) dict_keys(['parallel_runs']) retrieved from /home/smita/airflow/dags/parallel_runs.py
[2022-06-09 19:39:19,020] {logging_mixin.py:115} INFO - [2022-06-09 19:39:19,020] {dag.py:2379} INFO - Sync 1 DAGs
[2022-06-09 19:39:19,048] {logging_mixin.py:115} INFO - [2022-06-09 19:39:19,047] {dag.py:2923} INFO - Setting next_dagrun for parallel_runs to 2022-06-08T00:00:00+00:00, run_after=2022-06-09T00:00:00+00:00
[2022-06-09 19:39:19,062] {processor.py:161} INFO - Processing /home/smita/airflow/dags/parallel_runs.py took 0.165 seconds
[2022-06-09 19:39:50,488] {processor.py:153} INFO - Started process (PID=9504) to work on /home/smita/airflow/dags/parallel_runs.py
[2022-06-09 19:39:50,489] {processor.py:641} INFO - Processing file /home/smita/airflow/dags/parallel_runs.py for tasks to queue
[2022-06-09 19:39:50,490] {logging_mixin.py:115} INFO - [2022-06-09 19:39:50,490] {dagbag.py:507} INFO - Filling up the DagBag from /home/smita/airflow/dags/parallel_runs.py
[2022-06-09 19:39:50,500] {processor.py:651} INFO - DAG(s) dict_keys(['parallel_runs']) retrieved from /home/smita/airflow/dags/parallel_runs.py
[2022-06-09 19:39:50,590] {logging_mixin.py:115} INFO - [2022-06-09 19:39:50,590] {dag.py:2379} INFO - Sync 1 DAGs
[2022-06-09 19:39:50,616] {logging_mixin.py:115} INFO - [2022-06-09 19:39:50,615] {dag.py:2923} INFO - Setting next_dagrun for parallel_runs to 2022-06-08T00:00:00+00:00, run_after=2022-06-09T00:00:00+00:00
[2022-06-09 19:39:50,632] {processor.py:161} INFO - Processing /home/smita/airflow/dags/parallel_runs.py took 0.149 seconds
[2022-06-09 19:40:24,065] {processor.py:153} INFO - Started process (PID=9582) to work on /home/smita/airflow/dags/parallel_runs.py
[2022-06-09 19:40:24,066] {processor.py:641} INFO - Processing file /home/smita/airflow/dags/parallel_runs.py for tasks to queue
[2022-06-09 19:40:24,067] {logging_mixin.py:115} INFO - [2022-06-09 19:40:24,067] {dagbag.py:507} INFO - Filling up the DagBag from /home/smita/airflow/dags/parallel_runs.py
[2022-06-09 19:40:24,083] {processor.py:651} INFO - DAG(s) dict_keys(['parallel_runs']) retrieved from /home/smita/airflow/dags/parallel_runs.py
[2022-06-09 19:40:24,180] {logging_mixin.py:115} INFO - [2022-06-09 19:40:24,180] {dag.py:2379} INFO - Sync 1 DAGs
[2022-06-09 19:40:24,206] {logging_mixin.py:115} INFO - [2022-06-09 19:40:24,206] {dag.py:2923} INFO - Setting next_dagrun for parallel_runs to 2022-06-08T00:00:00+00:00, run_after=2022-06-09T00:00:00+00:00
[2022-06-09 19:40:24,219] {processor.py:161} INFO - Processing /home/smita/airflow/dags/parallel_runs.py took 0.158 seconds
[2022-06-09 19:40:54,379] {processor.py:153} INFO - Started process (PID=9661) to work on /home/smita/airflow/dags/parallel_runs.py
[2022-06-09 19:40:54,380] {processor.py:641} INFO - Processing file /home/smita/airflow/dags/parallel_runs.py for tasks to queue
[2022-06-09 19:40:54,381] {logging_mixin.py:115} INFO - [2022-06-09 19:40:54,380] {dagbag.py:507} INFO - Filling up the DagBag from /home/smita/airflow/dags/parallel_runs.py
[2022-06-09 19:40:54,390] {processor.py:651} INFO - DAG(s) dict_keys(['parallel_runs']) retrieved from /home/smita/airflow/dags/parallel_runs.py
[2022-06-09 19:40:54,504] {logging_mixin.py:115} INFO - [2022-06-09 19:40:54,504] {dag.py:2379} INFO - Sync 1 DAGs
[2022-06-09 19:40:54,530] {logging_mixin.py:115} INFO - [2022-06-09 19:40:54,530] {dag.py:2923} INFO - Setting next_dagrun for parallel_runs to 2022-06-08T00:00:00+00:00, run_after=2022-06-09T00:00:00+00:00
[2022-06-09 19:40:54,546] {processor.py:161} INFO - Processing /home/smita/airflow/dags/parallel_runs.py took 0.172 seconds
[2022-06-09 19:41:31,621] {processor.py:153} INFO - Started process (PID=9716) to work on /home/smita/airflow/dags/parallel_runs.py
[2022-06-09 19:41:31,622] {processor.py:641} INFO - Processing file /home/smita/airflow/dags/parallel_runs.py for tasks to queue
[2022-06-09 19:41:31,623] {logging_mixin.py:115} INFO - [2022-06-09 19:41:31,623] {dagbag.py:507} INFO - Filling up the DagBag from /home/smita/airflow/dags/parallel_runs.py
[2022-06-09 19:41:31,640] {processor.py:651} INFO - DAG(s) dict_keys(['parallel_runs']) retrieved from /home/smita/airflow/dags/parallel_runs.py
[2022-06-09 19:41:31,725] {logging_mixin.py:115} INFO - [2022-06-09 19:41:31,725] {dag.py:2379} INFO - Sync 1 DAGs
[2022-06-09 19:41:31,761] {logging_mixin.py:115} INFO - [2022-06-09 19:41:31,761] {dag.py:2923} INFO - Setting next_dagrun for parallel_runs to 2022-06-08T00:00:00+00:00, run_after=2022-06-09T00:00:00+00:00
[2022-06-09 19:41:31,775] {processor.py:161} INFO - Processing /home/smita/airflow/dags/parallel_runs.py took 0.163 seconds
[2022-06-09 19:42:05,871] {processor.py:153} INFO - Started process (PID=9777) to work on /home/smita/airflow/dags/parallel_runs.py
[2022-06-09 19:42:05,873] {processor.py:641} INFO - Processing file /home/smita/airflow/dags/parallel_runs.py for tasks to queue
[2022-06-09 19:42:05,874] {logging_mixin.py:115} INFO - [2022-06-09 19:42:05,874] {dagbag.py:507} INFO - Filling up the DagBag from /home/smita/airflow/dags/parallel_runs.py
[2022-06-09 19:42:05,885] {processor.py:651} INFO - DAG(s) dict_keys(['parallel_runs']) retrieved from /home/smita/airflow/dags/parallel_runs.py
[2022-06-09 19:42:05,963] {logging_mixin.py:115} INFO - [2022-06-09 19:42:05,963] {dag.py:2379} INFO - Sync 1 DAGs
[2022-06-09 19:42:05,992] {logging_mixin.py:115} INFO - [2022-06-09 19:42:05,992] {dag.py:2923} INFO - Setting next_dagrun for parallel_runs to 2022-06-08T00:00:00+00:00, run_after=2022-06-09T00:00:00+00:00
[2022-06-09 19:42:06,004] {processor.py:161} INFO - Processing /home/smita/airflow/dags/parallel_runs.py took 0.140 seconds
[2022-06-09 19:42:39,899] {processor.py:153} INFO - Started process (PID=9833) to work on /home/smita/airflow/dags/parallel_runs.py
[2022-06-09 19:42:39,900] {processor.py:641} INFO - Processing file /home/smita/airflow/dags/parallel_runs.py for tasks to queue
[2022-06-09 19:42:39,900] {logging_mixin.py:115} INFO - [2022-06-09 19:42:39,900] {dagbag.py:507} INFO - Filling up the DagBag from /home/smita/airflow/dags/parallel_runs.py
[2022-06-09 19:42:39,910] {processor.py:651} INFO - DAG(s) dict_keys(['parallel_runs']) retrieved from /home/smita/airflow/dags/parallel_runs.py
[2022-06-09 19:42:40,045] {logging_mixin.py:115} INFO - [2022-06-09 19:42:40,045] {dag.py:2379} INFO - Sync 1 DAGs
[2022-06-09 19:42:40,068] {logging_mixin.py:115} INFO - [2022-06-09 19:42:40,068] {dag.py:2923} INFO - Setting next_dagrun for parallel_runs to 2022-06-08T00:00:00+00:00, run_after=2022-06-09T00:00:00+00:00
[2022-06-09 19:42:40,081] {processor.py:161} INFO - Processing /home/smita/airflow/dags/parallel_runs.py took 0.188 seconds
[2022-06-09 22:00:55,196] {processor.py:153} INFO - Started process (PID=10197) to work on /home/smita/airflow/dags/parallel_runs.py
[2022-06-09 22:00:55,197] {processor.py:641} INFO - Processing file /home/smita/airflow/dags/parallel_runs.py for tasks to queue
[2022-06-09 22:00:55,198] {logging_mixin.py:115} INFO - [2022-06-09 22:00:55,198] {dagbag.py:507} INFO - Filling up the DagBag from /home/smita/airflow/dags/parallel_runs.py
[2022-06-09 22:00:55,234] {processor.py:651} INFO - DAG(s) dict_keys(['parallel_runs']) retrieved from /home/smita/airflow/dags/parallel_runs.py
[2022-06-09 22:00:56,041] {logging_mixin.py:115} INFO - [2022-06-09 22:00:56,040] {dag.py:2379} INFO - Sync 1 DAGs
[2022-06-09 22:00:56,211] {logging_mixin.py:115} INFO - [2022-06-09 22:00:56,211] {dag.py:2923} INFO - Setting next_dagrun for parallel_runs to 2022-06-08T00:00:00+00:00, run_after=2022-06-09T00:00:00+00:00
[2022-06-09 22:00:56,283] {processor.py:161} INFO - Processing /home/smita/airflow/dags/parallel_runs.py took 1.100 seconds
[2022-06-09 22:01:26,787] {processor.py:153} INFO - Started process (PID=10457) to work on /home/smita/airflow/dags/parallel_runs.py
[2022-06-09 22:01:26,788] {processor.py:641} INFO - Processing file /home/smita/airflow/dags/parallel_runs.py for tasks to queue
[2022-06-09 22:01:26,789] {logging_mixin.py:115} INFO - [2022-06-09 22:01:26,789] {dagbag.py:507} INFO - Filling up the DagBag from /home/smita/airflow/dags/parallel_runs.py
[2022-06-09 22:01:26,811] {processor.py:651} INFO - DAG(s) dict_keys(['parallel_runs']) retrieved from /home/smita/airflow/dags/parallel_runs.py
[2022-06-09 22:01:26,920] {logging_mixin.py:115} INFO - [2022-06-09 22:01:26,919] {dag.py:2379} INFO - Sync 1 DAGs
[2022-06-09 22:01:26,951] {logging_mixin.py:115} INFO - [2022-06-09 22:01:26,950] {dag.py:2923} INFO - Setting next_dagrun for parallel_runs to 2022-06-08T00:00:00+00:00, run_after=2022-06-09T00:00:00+00:00
[2022-06-09 22:01:26,967] {processor.py:161} INFO - Processing /home/smita/airflow/dags/parallel_runs.py took 0.186 seconds
[2022-06-09 22:01:57,264] {processor.py:153} INFO - Started process (PID=10763) to work on /home/smita/airflow/dags/parallel_runs.py
[2022-06-09 22:01:57,265] {processor.py:641} INFO - Processing file /home/smita/airflow/dags/parallel_runs.py for tasks to queue
[2022-06-09 22:01:57,266] {logging_mixin.py:115} INFO - [2022-06-09 22:01:57,265] {dagbag.py:507} INFO - Filling up the DagBag from /home/smita/airflow/dags/parallel_runs.py
[2022-06-09 22:01:57,286] {processor.py:651} INFO - DAG(s) dict_keys(['parallel_runs']) retrieved from /home/smita/airflow/dags/parallel_runs.py
[2022-06-09 22:01:57,382] {logging_mixin.py:115} INFO - [2022-06-09 22:01:57,381] {dag.py:2379} INFO - Sync 1 DAGs
[2022-06-09 22:01:57,413] {logging_mixin.py:115} INFO - [2022-06-09 22:01:57,412] {dag.py:2923} INFO - Setting next_dagrun for parallel_runs to 2022-06-08T00:00:00+00:00, run_after=2022-06-09T00:00:00+00:00
[2022-06-09 22:01:57,432] {processor.py:161} INFO - Processing /home/smita/airflow/dags/parallel_runs.py took 0.176 seconds
[2022-06-09 22:02:28,068] {processor.py:153} INFO - Started process (PID=11060) to work on /home/smita/airflow/dags/parallel_runs.py
[2022-06-09 22:02:28,069] {processor.py:641} INFO - Processing file /home/smita/airflow/dags/parallel_runs.py for tasks to queue
[2022-06-09 22:02:28,069] {logging_mixin.py:115} INFO - [2022-06-09 22:02:28,069] {dagbag.py:507} INFO - Filling up the DagBag from /home/smita/airflow/dags/parallel_runs.py
[2022-06-09 22:02:28,087] {processor.py:651} INFO - DAG(s) dict_keys(['parallel_runs']) retrieved from /home/smita/airflow/dags/parallel_runs.py
[2022-06-09 22:02:28,192] {logging_mixin.py:115} INFO - [2022-06-09 22:02:28,192] {dag.py:2379} INFO - Sync 1 DAGs
[2022-06-09 22:02:28,220] {logging_mixin.py:115} INFO - [2022-06-09 22:02:28,220] {dag.py:2923} INFO - Setting next_dagrun for parallel_runs to 2022-06-08T00:00:00+00:00, run_after=2022-06-09T00:00:00+00:00
[2022-06-09 22:02:28,236] {processor.py:161} INFO - Processing /home/smita/airflow/dags/parallel_runs.py took 0.173 seconds
[2022-06-09 22:02:58,715] {processor.py:153} INFO - Started process (PID=11331) to work on /home/smita/airflow/dags/parallel_runs.py
[2022-06-09 22:02:58,716] {processor.py:641} INFO - Processing file /home/smita/airflow/dags/parallel_runs.py for tasks to queue
[2022-06-09 22:02:58,717] {logging_mixin.py:115} INFO - [2022-06-09 22:02:58,717] {dagbag.py:507} INFO - Filling up the DagBag from /home/smita/airflow/dags/parallel_runs.py
[2022-06-09 22:02:58,740] {processor.py:651} INFO - DAG(s) dict_keys(['parallel_runs']) retrieved from /home/smita/airflow/dags/parallel_runs.py
[2022-06-09 22:02:58,846] {logging_mixin.py:115} INFO - [2022-06-09 22:02:58,846] {dag.py:2379} INFO - Sync 1 DAGs
[2022-06-09 22:02:58,877] {logging_mixin.py:115} INFO - [2022-06-09 22:02:58,877] {dag.py:2923} INFO - Setting next_dagrun for parallel_runs to 2022-06-08T00:00:00+00:00, run_after=2022-06-09T00:00:00+00:00
[2022-06-09 22:02:58,894] {processor.py:161} INFO - Processing /home/smita/airflow/dags/parallel_runs.py took 0.185 seconds
[2022-06-09 22:03:29,119] {processor.py:153} INFO - Started process (PID=11600) to work on /home/smita/airflow/dags/parallel_runs.py
[2022-06-09 22:03:29,120] {processor.py:641} INFO - Processing file /home/smita/airflow/dags/parallel_runs.py for tasks to queue
[2022-06-09 22:03:29,120] {logging_mixin.py:115} INFO - [2022-06-09 22:03:29,120] {dagbag.py:507} INFO - Filling up the DagBag from /home/smita/airflow/dags/parallel_runs.py
[2022-06-09 22:03:29,137] {processor.py:651} INFO - DAG(s) dict_keys(['parallel_runs']) retrieved from /home/smita/airflow/dags/parallel_runs.py
[2022-06-09 22:03:29,228] {logging_mixin.py:115} INFO - [2022-06-09 22:03:29,228] {dag.py:2379} INFO - Sync 1 DAGs
[2022-06-09 22:03:29,258] {logging_mixin.py:115} INFO - [2022-06-09 22:03:29,258] {dag.py:2923} INFO - Setting next_dagrun for parallel_runs to 2022-06-08T00:00:00+00:00, run_after=2022-06-09T00:00:00+00:00
[2022-06-09 22:03:29,274] {processor.py:161} INFO - Processing /home/smita/airflow/dags/parallel_runs.py took 0.161 seconds
[2022-06-09 22:03:59,897] {processor.py:153} INFO - Started process (PID=11872) to work on /home/smita/airflow/dags/parallel_runs.py
[2022-06-09 22:03:59,897] {processor.py:641} INFO - Processing file /home/smita/airflow/dags/parallel_runs.py for tasks to queue
[2022-06-09 22:03:59,898] {logging_mixin.py:115} INFO - [2022-06-09 22:03:59,898] {dagbag.py:507} INFO - Filling up the DagBag from /home/smita/airflow/dags/parallel_runs.py
[2022-06-09 22:03:59,913] {processor.py:651} INFO - DAG(s) dict_keys(['parallel_runs']) retrieved from /home/smita/airflow/dags/parallel_runs.py
[2022-06-09 22:04:00,014] {logging_mixin.py:115} INFO - [2022-06-09 22:04:00,014] {dag.py:2379} INFO - Sync 1 DAGs
[2022-06-09 22:04:00,043] {logging_mixin.py:115} INFO - [2022-06-09 22:04:00,043] {dag.py:2923} INFO - Setting next_dagrun for parallel_runs to 2022-06-08T00:00:00+00:00, run_after=2022-06-09T00:00:00+00:00
[2022-06-09 22:04:00,062] {processor.py:161} INFO - Processing /home/smita/airflow/dags/parallel_runs.py took 0.171 seconds
[2022-06-09 22:04:30,246] {processor.py:153} INFO - Started process (PID=12155) to work on /home/smita/airflow/dags/parallel_runs.py
[2022-06-09 22:04:30,247] {processor.py:641} INFO - Processing file /home/smita/airflow/dags/parallel_runs.py for tasks to queue
[2022-06-09 22:04:30,247] {logging_mixin.py:115} INFO - [2022-06-09 22:04:30,247] {dagbag.py:507} INFO - Filling up the DagBag from /home/smita/airflow/dags/parallel_runs.py
[2022-06-09 22:04:30,266] {processor.py:651} INFO - DAG(s) dict_keys(['parallel_runs']) retrieved from /home/smita/airflow/dags/parallel_runs.py
[2022-06-09 22:04:30,372] {logging_mixin.py:115} INFO - [2022-06-09 22:04:30,372] {dag.py:2379} INFO - Sync 1 DAGs
[2022-06-09 22:04:30,402] {logging_mixin.py:115} INFO - [2022-06-09 22:04:30,402] {dag.py:2923} INFO - Setting next_dagrun for parallel_runs to 2022-06-08T00:00:00+00:00, run_after=2022-06-09T00:00:00+00:00
[2022-06-09 22:04:30,420] {processor.py:161} INFO - Processing /home/smita/airflow/dags/parallel_runs.py took 0.179 seconds
[2022-06-09 22:05:00,803] {processor.py:153} INFO - Started process (PID=12447) to work on /home/smita/airflow/dags/parallel_runs.py
[2022-06-09 22:05:00,804] {processor.py:641} INFO - Processing file /home/smita/airflow/dags/parallel_runs.py for tasks to queue
[2022-06-09 22:05:00,806] {logging_mixin.py:115} INFO - [2022-06-09 22:05:00,806] {dagbag.py:507} INFO - Filling up the DagBag from /home/smita/airflow/dags/parallel_runs.py
[2022-06-09 22:05:00,824] {processor.py:651} INFO - DAG(s) dict_keys(['parallel_runs']) retrieved from /home/smita/airflow/dags/parallel_runs.py
[2022-06-09 22:05:00,947] {logging_mixin.py:115} INFO - [2022-06-09 22:05:00,947] {dag.py:2379} INFO - Sync 1 DAGs
[2022-06-09 22:05:00,977] {logging_mixin.py:115} INFO - [2022-06-09 22:05:00,977] {dag.py:2923} INFO - Setting next_dagrun for parallel_runs to 2022-06-08T00:00:00+00:00, run_after=2022-06-09T00:00:00+00:00
[2022-06-09 22:05:00,992] {processor.py:161} INFO - Processing /home/smita/airflow/dags/parallel_runs.py took 0.194 seconds
[2022-06-09 22:05:31,272] {processor.py:153} INFO - Started process (PID=12744) to work on /home/smita/airflow/dags/parallel_runs.py
[2022-06-09 22:05:31,274] {processor.py:641} INFO - Processing file /home/smita/airflow/dags/parallel_runs.py for tasks to queue
[2022-06-09 22:05:31,275] {logging_mixin.py:115} INFO - [2022-06-09 22:05:31,275] {dagbag.py:507} INFO - Filling up the DagBag from /home/smita/airflow/dags/parallel_runs.py
[2022-06-09 22:05:31,295] {processor.py:651} INFO - DAG(s) dict_keys(['parallel_runs']) retrieved from /home/smita/airflow/dags/parallel_runs.py
[2022-06-09 22:05:31,390] {logging_mixin.py:115} INFO - [2022-06-09 22:05:31,389] {dag.py:2379} INFO - Sync 1 DAGs
[2022-06-09 22:05:31,416] {logging_mixin.py:115} INFO - [2022-06-09 22:05:31,416] {dag.py:2923} INFO - Setting next_dagrun for parallel_runs to 2022-06-08T00:00:00+00:00, run_after=2022-06-09T00:00:00+00:00
[2022-06-09 22:05:31,433] {processor.py:161} INFO - Processing /home/smita/airflow/dags/parallel_runs.py took 0.167 seconds
[2022-06-09 22:06:01,985] {processor.py:153} INFO - Started process (PID=13022) to work on /home/smita/airflow/dags/parallel_runs.py
[2022-06-09 22:06:01,986] {processor.py:641} INFO - Processing file /home/smita/airflow/dags/parallel_runs.py for tasks to queue
[2022-06-09 22:06:01,987] {logging_mixin.py:115} INFO - [2022-06-09 22:06:01,987] {dagbag.py:507} INFO - Filling up the DagBag from /home/smita/airflow/dags/parallel_runs.py
[2022-06-09 22:06:02,003] {processor.py:651} INFO - DAG(s) dict_keys(['parallel_runs']) retrieved from /home/smita/airflow/dags/parallel_runs.py
[2022-06-09 22:06:02,114] {logging_mixin.py:115} INFO - [2022-06-09 22:06:02,114] {dag.py:2379} INFO - Sync 1 DAGs
[2022-06-09 22:06:02,147] {logging_mixin.py:115} INFO - [2022-06-09 22:06:02,147] {dag.py:2923} INFO - Setting next_dagrun for parallel_runs to 2022-06-08T00:00:00+00:00, run_after=2022-06-09T00:00:00+00:00
[2022-06-09 22:06:02,165] {processor.py:161} INFO - Processing /home/smita/airflow/dags/parallel_runs.py took 0.185 seconds
[2022-06-09 22:06:32,474] {processor.py:153} INFO - Started process (PID=13292) to work on /home/smita/airflow/dags/parallel_runs.py
[2022-06-09 22:06:32,475] {processor.py:641} INFO - Processing file /home/smita/airflow/dags/parallel_runs.py for tasks to queue
[2022-06-09 22:06:32,475] {logging_mixin.py:115} INFO - [2022-06-09 22:06:32,475] {dagbag.py:507} INFO - Filling up the DagBag from /home/smita/airflow/dags/parallel_runs.py
[2022-06-09 22:06:32,495] {processor.py:651} INFO - DAG(s) dict_keys(['parallel_runs']) retrieved from /home/smita/airflow/dags/parallel_runs.py
[2022-06-09 22:06:32,612] {logging_mixin.py:115} INFO - [2022-06-09 22:06:32,612] {dag.py:2379} INFO - Sync 1 DAGs
[2022-06-09 22:06:32,640] {logging_mixin.py:115} INFO - [2022-06-09 22:06:32,640] {dag.py:2923} INFO - Setting next_dagrun for parallel_runs to 2022-06-08T00:00:00+00:00, run_after=2022-06-09T00:00:00+00:00
[2022-06-09 22:06:32,657] {processor.py:161} INFO - Processing /home/smita/airflow/dags/parallel_runs.py took 0.190 seconds
[2022-06-09 22:07:03,065] {processor.py:153} INFO - Started process (PID=13597) to work on /home/smita/airflow/dags/parallel_runs.py
[2022-06-09 22:07:03,065] {processor.py:641} INFO - Processing file /home/smita/airflow/dags/parallel_runs.py for tasks to queue
[2022-06-09 22:07:03,066] {logging_mixin.py:115} INFO - [2022-06-09 22:07:03,066] {dagbag.py:507} INFO - Filling up the DagBag from /home/smita/airflow/dags/parallel_runs.py
[2022-06-09 22:07:03,078] {processor.py:651} INFO - DAG(s) dict_keys(['parallel_runs']) retrieved from /home/smita/airflow/dags/parallel_runs.py
[2022-06-09 22:07:03,194] {logging_mixin.py:115} INFO - [2022-06-09 22:07:03,194] {dag.py:2379} INFO - Sync 1 DAGs
[2022-06-09 22:07:03,220] {logging_mixin.py:115} INFO - [2022-06-09 22:07:03,220] {dag.py:2923} INFO - Setting next_dagrun for parallel_runs to 2022-06-08T00:00:00+00:00, run_after=2022-06-09T00:00:00+00:00
[2022-06-09 22:07:03,236] {processor.py:161} INFO - Processing /home/smita/airflow/dags/parallel_runs.py took 0.177 seconds
[2022-06-09 22:07:33,666] {processor.py:153} INFO - Started process (PID=13901) to work on /home/smita/airflow/dags/parallel_runs.py
[2022-06-09 22:07:33,667] {processor.py:641} INFO - Processing file /home/smita/airflow/dags/parallel_runs.py for tasks to queue
[2022-06-09 22:07:33,668] {logging_mixin.py:115} INFO - [2022-06-09 22:07:33,668] {dagbag.py:507} INFO - Filling up the DagBag from /home/smita/airflow/dags/parallel_runs.py
[2022-06-09 22:07:33,679] {processor.py:651} INFO - DAG(s) dict_keys(['parallel_runs']) retrieved from /home/smita/airflow/dags/parallel_runs.py
[2022-06-09 22:07:33,837] {logging_mixin.py:115} INFO - [2022-06-09 22:07:33,836] {dag.py:2379} INFO - Sync 1 DAGs
[2022-06-09 22:07:33,863] {logging_mixin.py:115} INFO - [2022-06-09 22:07:33,863] {dag.py:2923} INFO - Setting next_dagrun for parallel_runs to 2022-06-08T00:00:00+00:00, run_after=2022-06-09T00:00:00+00:00
[2022-06-09 22:07:33,879] {processor.py:161} INFO - Processing /home/smita/airflow/dags/parallel_runs.py took 0.219 seconds
[2022-06-09 22:08:04,255] {processor.py:153} INFO - Started process (PID=14220) to work on /home/smita/airflow/dags/parallel_runs.py
[2022-06-09 22:08:04,256] {processor.py:641} INFO - Processing file /home/smita/airflow/dags/parallel_runs.py for tasks to queue
[2022-06-09 22:08:04,257] {logging_mixin.py:115} INFO - [2022-06-09 22:08:04,257] {dagbag.py:507} INFO - Filling up the DagBag from /home/smita/airflow/dags/parallel_runs.py
[2022-06-09 22:08:04,272] {processor.py:651} INFO - DAG(s) dict_keys(['parallel_runs']) retrieved from /home/smita/airflow/dags/parallel_runs.py
[2022-06-09 22:08:04,369] {logging_mixin.py:115} INFO - [2022-06-09 22:08:04,369] {dag.py:2379} INFO - Sync 1 DAGs
[2022-06-09 22:08:04,396] {logging_mixin.py:115} INFO - [2022-06-09 22:08:04,396] {dag.py:2923} INFO - Setting next_dagrun for parallel_runs to 2022-06-08T00:00:00+00:00, run_after=2022-06-09T00:00:00+00:00
[2022-06-09 22:08:04,414] {processor.py:161} INFO - Processing /home/smita/airflow/dags/parallel_runs.py took 0.164 seconds
[2022-06-09 22:08:34,899] {processor.py:153} INFO - Started process (PID=14525) to work on /home/smita/airflow/dags/parallel_runs.py
[2022-06-09 22:08:34,900] {processor.py:641} INFO - Processing file /home/smita/airflow/dags/parallel_runs.py for tasks to queue
[2022-06-09 22:08:34,901] {logging_mixin.py:115} INFO - [2022-06-09 22:08:34,901] {dagbag.py:507} INFO - Filling up the DagBag from /home/smita/airflow/dags/parallel_runs.py
[2022-06-09 22:08:34,913] {processor.py:651} INFO - DAG(s) dict_keys(['parallel_runs']) retrieved from /home/smita/airflow/dags/parallel_runs.py
[2022-06-09 22:08:35,018] {logging_mixin.py:115} INFO - [2022-06-09 22:08:35,018] {dag.py:2379} INFO - Sync 1 DAGs
[2022-06-09 22:08:35,050] {logging_mixin.py:115} INFO - [2022-06-09 22:08:35,050] {dag.py:2923} INFO - Setting next_dagrun for parallel_runs to 2022-06-08T00:00:00+00:00, run_after=2022-06-09T00:00:00+00:00
[2022-06-09 22:08:35,066] {processor.py:161} INFO - Processing /home/smita/airflow/dags/parallel_runs.py took 0.172 seconds
[2022-06-09 22:09:05,405] {processor.py:153} INFO - Started process (PID=14823) to work on /home/smita/airflow/dags/parallel_runs.py
[2022-06-09 22:09:05,406] {processor.py:641} INFO - Processing file /home/smita/airflow/dags/parallel_runs.py for tasks to queue
[2022-06-09 22:09:05,406] {logging_mixin.py:115} INFO - [2022-06-09 22:09:05,406] {dagbag.py:507} INFO - Filling up the DagBag from /home/smita/airflow/dags/parallel_runs.py
[2022-06-09 22:09:05,417] {processor.py:651} INFO - DAG(s) dict_keys(['parallel_runs']) retrieved from /home/smita/airflow/dags/parallel_runs.py
[2022-06-09 22:09:05,513] {logging_mixin.py:115} INFO - [2022-06-09 22:09:05,513] {dag.py:2379} INFO - Sync 1 DAGs
[2022-06-09 22:09:05,545] {logging_mixin.py:115} INFO - [2022-06-09 22:09:05,545] {dag.py:2923} INFO - Setting next_dagrun for parallel_runs to 2022-06-08T00:00:00+00:00, run_after=2022-06-09T00:00:00+00:00
[2022-06-09 22:09:05,567] {processor.py:161} INFO - Processing /home/smita/airflow/dags/parallel_runs.py took 0.167 seconds
[2022-06-09 22:09:35,851] {processor.py:153} INFO - Started process (PID=15121) to work on /home/smita/airflow/dags/parallel_runs.py
[2022-06-09 22:09:35,851] {processor.py:641} INFO - Processing file /home/smita/airflow/dags/parallel_runs.py for tasks to queue
[2022-06-09 22:09:35,853] {logging_mixin.py:115} INFO - [2022-06-09 22:09:35,852] {dagbag.py:507} INFO - Filling up the DagBag from /home/smita/airflow/dags/parallel_runs.py
[2022-06-09 22:09:35,871] {processor.py:651} INFO - DAG(s) dict_keys(['parallel_runs']) retrieved from /home/smita/airflow/dags/parallel_runs.py
[2022-06-09 22:09:35,985] {logging_mixin.py:115} INFO - [2022-06-09 22:09:35,985] {dag.py:2379} INFO - Sync 1 DAGs
[2022-06-09 22:09:36,022] {logging_mixin.py:115} INFO - [2022-06-09 22:09:36,022] {dag.py:2923} INFO - Setting next_dagrun for parallel_runs to 2022-06-08T00:00:00+00:00, run_after=2022-06-09T00:00:00+00:00
[2022-06-09 22:09:36,034] {processor.py:161} INFO - Processing /home/smita/airflow/dags/parallel_runs.py took 0.192 seconds
[2022-06-09 22:10:06,583] {processor.py:153} INFO - Started process (PID=15420) to work on /home/smita/airflow/dags/parallel_runs.py
[2022-06-09 22:10:06,584] {processor.py:641} INFO - Processing file /home/smita/airflow/dags/parallel_runs.py for tasks to queue
[2022-06-09 22:10:06,585] {logging_mixin.py:115} INFO - [2022-06-09 22:10:06,584] {dagbag.py:507} INFO - Filling up the DagBag from /home/smita/airflow/dags/parallel_runs.py
[2022-06-09 22:10:06,595] {processor.py:651} INFO - DAG(s) dict_keys(['parallel_runs']) retrieved from /home/smita/airflow/dags/parallel_runs.py
[2022-06-09 22:10:06,702] {logging_mixin.py:115} INFO - [2022-06-09 22:10:06,702] {dag.py:2379} INFO - Sync 1 DAGs
[2022-06-09 22:10:06,730] {logging_mixin.py:115} INFO - [2022-06-09 22:10:06,730] {dag.py:2923} INFO - Setting next_dagrun for parallel_runs to 2022-06-08T00:00:00+00:00, run_after=2022-06-09T00:00:00+00:00
[2022-06-09 22:10:06,742] {processor.py:161} INFO - Processing /home/smita/airflow/dags/parallel_runs.py took 0.165 seconds
[2022-06-09 22:10:37,003] {processor.py:153} INFO - Started process (PID=15713) to work on /home/smita/airflow/dags/parallel_runs.py
[2022-06-09 22:10:37,003] {processor.py:641} INFO - Processing file /home/smita/airflow/dags/parallel_runs.py for tasks to queue
[2022-06-09 22:10:37,004] {logging_mixin.py:115} INFO - [2022-06-09 22:10:37,004] {dagbag.py:507} INFO - Filling up the DagBag from /home/smita/airflow/dags/parallel_runs.py
[2022-06-09 22:10:37,016] {processor.py:651} INFO - DAG(s) dict_keys(['parallel_runs']) retrieved from /home/smita/airflow/dags/parallel_runs.py
[2022-06-09 22:10:37,109] {logging_mixin.py:115} INFO - [2022-06-09 22:10:37,109] {dag.py:2379} INFO - Sync 1 DAGs
[2022-06-09 22:10:37,143] {logging_mixin.py:115} INFO - [2022-06-09 22:10:37,143] {dag.py:2923} INFO - Setting next_dagrun for parallel_runs to 2022-06-08T00:00:00+00:00, run_after=2022-06-09T00:00:00+00:00
[2022-06-09 22:10:37,162] {processor.py:161} INFO - Processing /home/smita/airflow/dags/parallel_runs.py took 0.166 seconds
[2022-06-09 22:11:07,820] {processor.py:153} INFO - Started process (PID=16021) to work on /home/smita/airflow/dags/parallel_runs.py
[2022-06-09 22:11:07,820] {processor.py:641} INFO - Processing file /home/smita/airflow/dags/parallel_runs.py for tasks to queue
[2022-06-09 22:11:07,821] {logging_mixin.py:115} INFO - [2022-06-09 22:11:07,821] {dagbag.py:507} INFO - Filling up the DagBag from /home/smita/airflow/dags/parallel_runs.py
[2022-06-09 22:11:07,832] {processor.py:651} INFO - DAG(s) dict_keys(['parallel_runs']) retrieved from /home/smita/airflow/dags/parallel_runs.py
[2022-06-09 22:11:07,940] {logging_mixin.py:115} INFO - [2022-06-09 22:11:07,940] {dag.py:2379} INFO - Sync 1 DAGs
[2022-06-09 22:11:07,972] {logging_mixin.py:115} INFO - [2022-06-09 22:11:07,972] {dag.py:2923} INFO - Setting next_dagrun for parallel_runs to 2022-06-08T00:00:00+00:00, run_after=2022-06-09T00:00:00+00:00
[2022-06-09 22:11:07,987] {processor.py:161} INFO - Processing /home/smita/airflow/dags/parallel_runs.py took 0.172 seconds
[2022-06-09 22:11:38,435] {processor.py:153} INFO - Started process (PID=16353) to work on /home/smita/airflow/dags/parallel_runs.py
[2022-06-09 22:11:38,435] {processor.py:641} INFO - Processing file /home/smita/airflow/dags/parallel_runs.py for tasks to queue
[2022-06-09 22:11:38,436] {logging_mixin.py:115} INFO - [2022-06-09 22:11:38,436] {dagbag.py:507} INFO - Filling up the DagBag from /home/smita/airflow/dags/parallel_runs.py
[2022-06-09 22:11:38,451] {processor.py:651} INFO - DAG(s) dict_keys(['parallel_runs']) retrieved from /home/smita/airflow/dags/parallel_runs.py
[2022-06-09 22:11:38,564] {logging_mixin.py:115} INFO - [2022-06-09 22:11:38,564] {dag.py:2379} INFO - Sync 1 DAGs
[2022-06-09 22:11:38,591] {logging_mixin.py:115} INFO - [2022-06-09 22:11:38,591] {dag.py:2923} INFO - Setting next_dagrun for parallel_runs to 2022-06-08T00:00:00+00:00, run_after=2022-06-09T00:00:00+00:00
[2022-06-09 22:11:38,609] {processor.py:161} INFO - Processing /home/smita/airflow/dags/parallel_runs.py took 0.180 seconds
[2022-06-09 22:12:09,481] {processor.py:153} INFO - Started process (PID=16692) to work on /home/smita/airflow/dags/parallel_runs.py
[2022-06-09 22:12:09,482] {processor.py:641} INFO - Processing file /home/smita/airflow/dags/parallel_runs.py for tasks to queue
[2022-06-09 22:12:09,482] {logging_mixin.py:115} INFO - [2022-06-09 22:12:09,482] {dagbag.py:507} INFO - Filling up the DagBag from /home/smita/airflow/dags/parallel_runs.py
[2022-06-09 22:12:09,494] {processor.py:651} INFO - DAG(s) dict_keys(['parallel_runs']) retrieved from /home/smita/airflow/dags/parallel_runs.py
[2022-06-09 22:12:09,593] {logging_mixin.py:115} INFO - [2022-06-09 22:12:09,593] {dag.py:2379} INFO - Sync 1 DAGs
[2022-06-09 22:12:09,619] {logging_mixin.py:115} INFO - [2022-06-09 22:12:09,619] {dag.py:2923} INFO - Setting next_dagrun for parallel_runs to 2022-06-08T00:00:00+00:00, run_after=2022-06-09T00:00:00+00:00
[2022-06-09 22:12:09,637] {processor.py:161} INFO - Processing /home/smita/airflow/dags/parallel_runs.py took 0.160 seconds
[2022-06-09 22:12:40,042] {processor.py:153} INFO - Started process (PID=17019) to work on /home/smita/airflow/dags/parallel_runs.py
[2022-06-09 22:12:40,042] {processor.py:641} INFO - Processing file /home/smita/airflow/dags/parallel_runs.py for tasks to queue
[2022-06-09 22:12:40,043] {logging_mixin.py:115} INFO - [2022-06-09 22:12:40,043] {dagbag.py:507} INFO - Filling up the DagBag from /home/smita/airflow/dags/parallel_runs.py
[2022-06-09 22:12:40,059] {processor.py:651} INFO - DAG(s) dict_keys(['parallel_runs']) retrieved from /home/smita/airflow/dags/parallel_runs.py
[2022-06-09 22:12:40,160] {logging_mixin.py:115} INFO - [2022-06-09 22:12:40,160] {dag.py:2379} INFO - Sync 1 DAGs
[2022-06-09 22:12:40,188] {logging_mixin.py:115} INFO - [2022-06-09 22:12:40,188] {dag.py:2923} INFO - Setting next_dagrun for parallel_runs to 2022-06-08T00:00:00+00:00, run_after=2022-06-09T00:00:00+00:00
[2022-06-09 22:12:40,203] {processor.py:161} INFO - Processing /home/smita/airflow/dags/parallel_runs.py took 0.166 seconds
[2022-06-09 22:13:11,092] {processor.py:153} INFO - Started process (PID=17344) to work on /home/smita/airflow/dags/parallel_runs.py
[2022-06-09 22:13:11,092] {processor.py:641} INFO - Processing file /home/smita/airflow/dags/parallel_runs.py for tasks to queue
[2022-06-09 22:13:11,093] {logging_mixin.py:115} INFO - [2022-06-09 22:13:11,093] {dagbag.py:507} INFO - Filling up the DagBag from /home/smita/airflow/dags/parallel_runs.py
[2022-06-09 22:13:11,106] {processor.py:651} INFO - DAG(s) dict_keys(['parallel_runs']) retrieved from /home/smita/airflow/dags/parallel_runs.py
[2022-06-09 22:13:11,203] {logging_mixin.py:115} INFO - [2022-06-09 22:13:11,203] {dag.py:2379} INFO - Sync 1 DAGs
[2022-06-09 22:13:11,234] {logging_mixin.py:115} INFO - [2022-06-09 22:13:11,234] {dag.py:2923} INFO - Setting next_dagrun for parallel_runs to 2022-06-08T00:00:00+00:00, run_after=2022-06-09T00:00:00+00:00
[2022-06-09 22:13:11,250] {processor.py:161} INFO - Processing /home/smita/airflow/dags/parallel_runs.py took 0.164 seconds
[2022-06-09 22:13:41,460] {processor.py:153} INFO - Started process (PID=17629) to work on /home/smita/airflow/dags/parallel_runs.py
[2022-06-09 22:13:41,460] {processor.py:641} INFO - Processing file /home/smita/airflow/dags/parallel_runs.py for tasks to queue
[2022-06-09 22:13:41,461] {logging_mixin.py:115} INFO - [2022-06-09 22:13:41,461] {dagbag.py:507} INFO - Filling up the DagBag from /home/smita/airflow/dags/parallel_runs.py
[2022-06-09 22:13:41,473] {processor.py:651} INFO - DAG(s) dict_keys(['parallel_runs']) retrieved from /home/smita/airflow/dags/parallel_runs.py
[2022-06-09 22:13:41,570] {logging_mixin.py:115} INFO - [2022-06-09 22:13:41,570] {dag.py:2379} INFO - Sync 1 DAGs
[2022-06-09 22:13:41,596] {logging_mixin.py:115} INFO - [2022-06-09 22:13:41,595] {dag.py:2923} INFO - Setting next_dagrun for parallel_runs to 2022-06-08T00:00:00+00:00, run_after=2022-06-09T00:00:00+00:00
[2022-06-09 22:13:41,609] {processor.py:161} INFO - Processing /home/smita/airflow/dags/parallel_runs.py took 0.154 seconds
[2022-06-09 22:14:12,179] {processor.py:153} INFO - Started process (PID=17961) to work on /home/smita/airflow/dags/parallel_runs.py
[2022-06-09 22:14:12,180] {processor.py:641} INFO - Processing file /home/smita/airflow/dags/parallel_runs.py for tasks to queue
[2022-06-09 22:14:12,180] {logging_mixin.py:115} INFO - [2022-06-09 22:14:12,180] {dagbag.py:507} INFO - Filling up the DagBag from /home/smita/airflow/dags/parallel_runs.py
[2022-06-09 22:14:12,191] {processor.py:651} INFO - DAG(s) dict_keys(['parallel_runs']) retrieved from /home/smita/airflow/dags/parallel_runs.py
[2022-06-09 22:14:12,297] {logging_mixin.py:115} INFO - [2022-06-09 22:14:12,297] {dag.py:2379} INFO - Sync 1 DAGs
[2022-06-09 22:14:12,324] {logging_mixin.py:115} INFO - [2022-06-09 22:14:12,324] {dag.py:2923} INFO - Setting next_dagrun for parallel_runs to 2022-06-08T00:00:00+00:00, run_after=2022-06-09T00:00:00+00:00
[2022-06-09 22:14:12,339] {processor.py:161} INFO - Processing /home/smita/airflow/dags/parallel_runs.py took 0.164 seconds
[2022-06-09 22:14:42,575] {processor.py:153} INFO - Started process (PID=18259) to work on /home/smita/airflow/dags/parallel_runs.py
[2022-06-09 22:14:42,576] {processor.py:641} INFO - Processing file /home/smita/airflow/dags/parallel_runs.py for tasks to queue
[2022-06-09 22:14:42,577] {logging_mixin.py:115} INFO - [2022-06-09 22:14:42,577] {dagbag.py:507} INFO - Filling up the DagBag from /home/smita/airflow/dags/parallel_runs.py
[2022-06-09 22:14:42,598] {processor.py:651} INFO - DAG(s) dict_keys(['parallel_runs']) retrieved from /home/smita/airflow/dags/parallel_runs.py
[2022-06-09 22:14:42,708] {logging_mixin.py:115} INFO - [2022-06-09 22:14:42,708] {dag.py:2379} INFO - Sync 1 DAGs
[2022-06-09 22:14:42,734] {logging_mixin.py:115} INFO - [2022-06-09 22:14:42,734] {dag.py:2923} INFO - Setting next_dagrun for parallel_runs to 2022-06-08T00:00:00+00:00, run_after=2022-06-09T00:00:00+00:00
[2022-06-09 22:14:42,752] {processor.py:161} INFO - Processing /home/smita/airflow/dags/parallel_runs.py took 0.184 seconds
