[2022-06-09 19:12:59,813] {processor.py:153} INFO - Started process (PID=28074) to work on /home/smita/airflow/dags/trigger_rule.py
[2022-06-09 19:12:59,814] {processor.py:641} INFO - Processing file /home/smita/airflow/dags/trigger_rule.py for tasks to queue
[2022-06-09 19:12:59,814] {logging_mixin.py:115} INFO - [2022-06-09 19:12:59,814] {dagbag.py:507} INFO - Filling up the DagBag from /home/smita/airflow/dags/trigger_rule.py
[2022-06-09 19:12:59,830] {processor.py:653} WARNING - No viable dags retrieved from /home/smita/airflow/dags/trigger_rule.py
[2022-06-09 19:12:59,915] {processor.py:161} INFO - Processing /home/smita/airflow/dags/trigger_rule.py took 0.108 seconds
[2022-06-09 19:13:30,135] {processor.py:153} INFO - Started process (PID=28556) to work on /home/smita/airflow/dags/trigger_rule.py
[2022-06-09 19:13:30,136] {processor.py:641} INFO - Processing file /home/smita/airflow/dags/trigger_rule.py for tasks to queue
[2022-06-09 19:13:30,136] {logging_mixin.py:115} INFO - [2022-06-09 19:13:30,136] {dagbag.py:507} INFO - Filling up the DagBag from /home/smita/airflow/dags/trigger_rule.py
[2022-06-09 19:13:30,147] {processor.py:653} WARNING - No viable dags retrieved from /home/smita/airflow/dags/trigger_rule.py
[2022-06-09 19:13:30,251] {processor.py:161} INFO - Processing /home/smita/airflow/dags/trigger_rule.py took 0.120 seconds
[2022-06-09 19:14:00,558] {processor.py:153} INFO - Started process (PID=28854) to work on /home/smita/airflow/dags/trigger_rule.py
[2022-06-09 19:14:00,559] {processor.py:641} INFO - Processing file /home/smita/airflow/dags/trigger_rule.py for tasks to queue
[2022-06-09 19:14:00,560] {logging_mixin.py:115} INFO - [2022-06-09 19:14:00,560] {dagbag.py:507} INFO - Filling up the DagBag from /home/smita/airflow/dags/trigger_rule.py
[2022-06-09 19:14:00,570] {processor.py:653} WARNING - No viable dags retrieved from /home/smita/airflow/dags/trigger_rule.py
[2022-06-09 19:14:00,679] {processor.py:161} INFO - Processing /home/smita/airflow/dags/trigger_rule.py took 0.126 seconds
[2022-06-09 19:14:31,154] {processor.py:153} INFO - Started process (PID=29178) to work on /home/smita/airflow/dags/trigger_rule.py
[2022-06-09 19:14:31,154] {processor.py:641} INFO - Processing file /home/smita/airflow/dags/trigger_rule.py for tasks to queue
[2022-06-09 19:14:31,155] {logging_mixin.py:115} INFO - [2022-06-09 19:14:31,155] {dagbag.py:507} INFO - Filling up the DagBag from /home/smita/airflow/dags/trigger_rule.py
[2022-06-09 19:14:31,164] {processor.py:653} WARNING - No viable dags retrieved from /home/smita/airflow/dags/trigger_rule.py
[2022-06-09 19:14:31,261] {processor.py:161} INFO - Processing /home/smita/airflow/dags/trigger_rule.py took 0.113 seconds
[2022-06-09 19:15:01,518] {processor.py:153} INFO - Started process (PID=29477) to work on /home/smita/airflow/dags/trigger_rule.py
[2022-06-09 19:15:01,519] {processor.py:641} INFO - Processing file /home/smita/airflow/dags/trigger_rule.py for tasks to queue
[2022-06-09 19:15:01,520] {logging_mixin.py:115} INFO - [2022-06-09 19:15:01,520] {dagbag.py:507} INFO - Filling up the DagBag from /home/smita/airflow/dags/trigger_rule.py
[2022-06-09 19:15:01,534] {processor.py:653} WARNING - No viable dags retrieved from /home/smita/airflow/dags/trigger_rule.py
[2022-06-09 19:15:01,662] {processor.py:161} INFO - Processing /home/smita/airflow/dags/trigger_rule.py took 0.153 seconds
[2022-06-09 19:15:32,290] {processor.py:153} INFO - Started process (PID=29782) to work on /home/smita/airflow/dags/trigger_rule.py
[2022-06-09 19:15:32,290] {processor.py:641} INFO - Processing file /home/smita/airflow/dags/trigger_rule.py for tasks to queue
[2022-06-09 19:15:32,291] {logging_mixin.py:115} INFO - [2022-06-09 19:15:32,291] {dagbag.py:507} INFO - Filling up the DagBag from /home/smita/airflow/dags/trigger_rule.py
[2022-06-09 19:15:32,303] {processor.py:653} WARNING - No viable dags retrieved from /home/smita/airflow/dags/trigger_rule.py
[2022-06-09 19:15:32,461] {processor.py:161} INFO - Processing /home/smita/airflow/dags/trigger_rule.py took 0.176 seconds
[2022-06-09 19:16:02,856] {processor.py:153} INFO - Started process (PID=30079) to work on /home/smita/airflow/dags/trigger_rule.py
[2022-06-09 19:16:02,857] {processor.py:641} INFO - Processing file /home/smita/airflow/dags/trigger_rule.py for tasks to queue
[2022-06-09 19:16:02,858] {logging_mixin.py:115} INFO - [2022-06-09 19:16:02,858] {dagbag.py:507} INFO - Filling up the DagBag from /home/smita/airflow/dags/trigger_rule.py
[2022-06-09 19:16:02,875] {processor.py:653} WARNING - No viable dags retrieved from /home/smita/airflow/dags/trigger_rule.py
[2022-06-09 19:16:02,959] {processor.py:161} INFO - Processing /home/smita/airflow/dags/trigger_rule.py took 0.110 seconds
[2022-06-09 19:16:33,271] {processor.py:153} INFO - Started process (PID=30385) to work on /home/smita/airflow/dags/trigger_rule.py
[2022-06-09 19:16:33,272] {processor.py:641} INFO - Processing file /home/smita/airflow/dags/trigger_rule.py for tasks to queue
[2022-06-09 19:16:33,272] {logging_mixin.py:115} INFO - [2022-06-09 19:16:33,272] {dagbag.py:507} INFO - Filling up the DagBag from /home/smita/airflow/dags/trigger_rule.py
[2022-06-09 19:16:33,284] {processor.py:653} WARNING - No viable dags retrieved from /home/smita/airflow/dags/trigger_rule.py
[2022-06-09 19:16:33,387] {processor.py:161} INFO - Processing /home/smita/airflow/dags/trigger_rule.py took 0.120 seconds
[2022-06-09 19:17:04,317] {processor.py:153} INFO - Started process (PID=30703) to work on /home/smita/airflow/dags/trigger_rule.py
[2022-06-09 19:17:04,318] {processor.py:641} INFO - Processing file /home/smita/airflow/dags/trigger_rule.py for tasks to queue
[2022-06-09 19:17:04,319] {logging_mixin.py:115} INFO - [2022-06-09 19:17:04,319] {dagbag.py:507} INFO - Filling up the DagBag from /home/smita/airflow/dags/trigger_rule.py
[2022-06-09 19:17:04,334] {processor.py:653} WARNING - No viable dags retrieved from /home/smita/airflow/dags/trigger_rule.py
[2022-06-09 19:17:04,450] {processor.py:161} INFO - Processing /home/smita/airflow/dags/trigger_rule.py took 0.140 seconds
[2022-06-09 19:17:34,776] {processor.py:153} INFO - Started process (PID=31008) to work on /home/smita/airflow/dags/trigger_rule.py
[2022-06-09 19:17:34,777] {processor.py:641} INFO - Processing file /home/smita/airflow/dags/trigger_rule.py for tasks to queue
[2022-06-09 19:17:34,777] {logging_mixin.py:115} INFO - [2022-06-09 19:17:34,777] {dagbag.py:507} INFO - Filling up the DagBag from /home/smita/airflow/dags/trigger_rule.py
[2022-06-09 19:17:34,787] {processor.py:653} WARNING - No viable dags retrieved from /home/smita/airflow/dags/trigger_rule.py
[2022-06-09 19:17:34,872] {processor.py:161} INFO - Processing /home/smita/airflow/dags/trigger_rule.py took 0.102 seconds
[2022-06-09 19:18:05,590] {processor.py:153} INFO - Started process (PID=31313) to work on /home/smita/airflow/dags/trigger_rule.py
[2022-06-09 19:18:05,591] {processor.py:641} INFO - Processing file /home/smita/airflow/dags/trigger_rule.py for tasks to queue
[2022-06-09 19:18:05,591] {logging_mixin.py:115} INFO - [2022-06-09 19:18:05,591] {dagbag.py:507} INFO - Filling up the DagBag from /home/smita/airflow/dags/trigger_rule.py
[2022-06-09 19:18:05,603] {processor.py:653} WARNING - No viable dags retrieved from /home/smita/airflow/dags/trigger_rule.py
[2022-06-09 19:18:05,695] {processor.py:161} INFO - Processing /home/smita/airflow/dags/trigger_rule.py took 0.110 seconds
[2022-06-09 19:18:36,327] {processor.py:153} INFO - Started process (PID=31625) to work on /home/smita/airflow/dags/trigger_rule.py
[2022-06-09 19:18:36,328] {processor.py:641} INFO - Processing file /home/smita/airflow/dags/trigger_rule.py for tasks to queue
[2022-06-09 19:18:36,329] {logging_mixin.py:115} INFO - [2022-06-09 19:18:36,328] {dagbag.py:507} INFO - Filling up the DagBag from /home/smita/airflow/dags/trigger_rule.py
[2022-06-09 19:18:36,340] {processor.py:653} WARNING - No viable dags retrieved from /home/smita/airflow/dags/trigger_rule.py
[2022-06-09 19:18:36,428] {processor.py:161} INFO - Processing /home/smita/airflow/dags/trigger_rule.py took 0.109 seconds
[2022-06-09 19:19:06,737] {processor.py:153} INFO - Started process (PID=31930) to work on /home/smita/airflow/dags/trigger_rule.py
[2022-06-09 19:19:06,738] {processor.py:641} INFO - Processing file /home/smita/airflow/dags/trigger_rule.py for tasks to queue
[2022-06-09 19:19:06,739] {logging_mixin.py:115} INFO - [2022-06-09 19:19:06,739] {dagbag.py:507} INFO - Filling up the DagBag from /home/smita/airflow/dags/trigger_rule.py
[2022-06-09 19:19:06,750] {processor.py:653} WARNING - No viable dags retrieved from /home/smita/airflow/dags/trigger_rule.py
[2022-06-09 19:19:06,840] {processor.py:161} INFO - Processing /home/smita/airflow/dags/trigger_rule.py took 0.108 seconds
[2022-06-09 19:19:37,078] {processor.py:153} INFO - Started process (PID=32257) to work on /home/smita/airflow/dags/trigger_rule.py
[2022-06-09 19:19:37,079] {processor.py:641} INFO - Processing file /home/smita/airflow/dags/trigger_rule.py for tasks to queue
[2022-06-09 19:19:37,080] {logging_mixin.py:115} INFO - [2022-06-09 19:19:37,080] {dagbag.py:507} INFO - Filling up the DagBag from /home/smita/airflow/dags/trigger_rule.py
[2022-06-09 19:19:37,096] {processor.py:653} WARNING - No viable dags retrieved from /home/smita/airflow/dags/trigger_rule.py
[2022-06-09 19:19:37,206] {processor.py:161} INFO - Processing /home/smita/airflow/dags/trigger_rule.py took 0.136 seconds
[2022-06-09 19:20:07,755] {processor.py:153} INFO - Started process (PID=32568) to work on /home/smita/airflow/dags/trigger_rule.py
[2022-06-09 19:20:07,756] {processor.py:641} INFO - Processing file /home/smita/airflow/dags/trigger_rule.py for tasks to queue
[2022-06-09 19:20:07,757] {logging_mixin.py:115} INFO - [2022-06-09 19:20:07,757] {dagbag.py:507} INFO - Filling up the DagBag from /home/smita/airflow/dags/trigger_rule.py
[2022-06-09 19:20:07,772] {processor.py:653} WARNING - No viable dags retrieved from /home/smita/airflow/dags/trigger_rule.py
[2022-06-09 19:20:07,871] {processor.py:161} INFO - Processing /home/smita/airflow/dags/trigger_rule.py took 0.123 seconds
[2022-06-09 19:20:38,175] {processor.py:153} INFO - Started process (PID=122) to work on /home/smita/airflow/dags/trigger_rule.py
[2022-06-09 19:20:38,176] {processor.py:641} INFO - Processing file /home/smita/airflow/dags/trigger_rule.py for tasks to queue
[2022-06-09 19:20:38,176] {logging_mixin.py:115} INFO - [2022-06-09 19:20:38,176] {dagbag.py:507} INFO - Filling up the DagBag from /home/smita/airflow/dags/trigger_rule.py
[2022-06-09 19:20:38,188] {processor.py:653} WARNING - No viable dags retrieved from /home/smita/airflow/dags/trigger_rule.py
[2022-06-09 19:20:38,284] {processor.py:161} INFO - Processing /home/smita/airflow/dags/trigger_rule.py took 0.114 seconds
[2022-06-09 19:21:09,109] {processor.py:153} INFO - Started process (PID=434) to work on /home/smita/airflow/dags/trigger_rule.py
[2022-06-09 19:21:09,110] {processor.py:641} INFO - Processing file /home/smita/airflow/dags/trigger_rule.py for tasks to queue
[2022-06-09 19:21:09,111] {logging_mixin.py:115} INFO - [2022-06-09 19:21:09,110] {dagbag.py:507} INFO - Filling up the DagBag from /home/smita/airflow/dags/trigger_rule.py
[2022-06-09 19:21:09,127] {processor.py:653} WARNING - No viable dags retrieved from /home/smita/airflow/dags/trigger_rule.py
[2022-06-09 19:21:09,233] {processor.py:161} INFO - Processing /home/smita/airflow/dags/trigger_rule.py took 0.129 seconds
[2022-06-09 19:21:39,742] {processor.py:153} INFO - Started process (PID=741) to work on /home/smita/airflow/dags/trigger_rule.py
[2022-06-09 19:21:39,743] {processor.py:641} INFO - Processing file /home/smita/airflow/dags/trigger_rule.py for tasks to queue
[2022-06-09 19:21:39,743] {logging_mixin.py:115} INFO - [2022-06-09 19:21:39,743] {dagbag.py:507} INFO - Filling up the DagBag from /home/smita/airflow/dags/trigger_rule.py
[2022-06-09 19:21:39,754] {processor.py:653} WARNING - No viable dags retrieved from /home/smita/airflow/dags/trigger_rule.py
[2022-06-09 19:21:39,847] {processor.py:161} INFO - Processing /home/smita/airflow/dags/trigger_rule.py took 0.111 seconds
[2022-06-09 19:22:10,035] {processor.py:153} INFO - Started process (PID=1052) to work on /home/smita/airflow/dags/trigger_rule.py
[2022-06-09 19:22:10,036] {processor.py:641} INFO - Processing file /home/smita/airflow/dags/trigger_rule.py for tasks to queue
[2022-06-09 19:22:10,037] {logging_mixin.py:115} INFO - [2022-06-09 19:22:10,037] {dagbag.py:507} INFO - Filling up the DagBag from /home/smita/airflow/dags/trigger_rule.py
[2022-06-09 19:22:10,049] {processor.py:653} WARNING - No viable dags retrieved from /home/smita/airflow/dags/trigger_rule.py
[2022-06-09 19:22:10,140] {processor.py:161} INFO - Processing /home/smita/airflow/dags/trigger_rule.py took 0.110 seconds
[2022-06-09 19:22:40,703] {processor.py:153} INFO - Started process (PID=1358) to work on /home/smita/airflow/dags/trigger_rule.py
[2022-06-09 19:22:40,703] {processor.py:641} INFO - Processing file /home/smita/airflow/dags/trigger_rule.py for tasks to queue
[2022-06-09 19:22:40,704] {logging_mixin.py:115} INFO - [2022-06-09 19:22:40,704] {dagbag.py:507} INFO - Filling up the DagBag from /home/smita/airflow/dags/trigger_rule.py
[2022-06-09 19:22:40,715] {processor.py:653} WARNING - No viable dags retrieved from /home/smita/airflow/dags/trigger_rule.py
[2022-06-09 19:22:40,827] {processor.py:161} INFO - Processing /home/smita/airflow/dags/trigger_rule.py took 0.129 seconds
[2022-06-09 19:23:11,115] {processor.py:153} INFO - Started process (PID=1669) to work on /home/smita/airflow/dags/trigger_rule.py
[2022-06-09 19:23:11,116] {processor.py:641} INFO - Processing file /home/smita/airflow/dags/trigger_rule.py for tasks to queue
[2022-06-09 19:23:11,117] {logging_mixin.py:115} INFO - [2022-06-09 19:23:11,117] {dagbag.py:507} INFO - Filling up the DagBag from /home/smita/airflow/dags/trigger_rule.py
[2022-06-09 19:23:11,132] {processor.py:653} WARNING - No viable dags retrieved from /home/smita/airflow/dags/trigger_rule.py
[2022-06-09 19:23:11,230] {processor.py:161} INFO - Processing /home/smita/airflow/dags/trigger_rule.py took 0.121 seconds
[2022-06-09 19:23:41,954] {processor.py:153} INFO - Started process (PID=1978) to work on /home/smita/airflow/dags/trigger_rule.py
[2022-06-09 19:23:41,955] {processor.py:641} INFO - Processing file /home/smita/airflow/dags/trigger_rule.py for tasks to queue
[2022-06-09 19:23:41,956] {logging_mixin.py:115} INFO - [2022-06-09 19:23:41,955] {dagbag.py:507} INFO - Filling up the DagBag from /home/smita/airflow/dags/trigger_rule.py
[2022-06-09 19:23:41,967] {processor.py:653} WARNING - No viable dags retrieved from /home/smita/airflow/dags/trigger_rule.py
[2022-06-09 19:23:42,072] {processor.py:161} INFO - Processing /home/smita/airflow/dags/trigger_rule.py took 0.122 seconds
[2022-06-09 19:24:12,387] {processor.py:153} INFO - Started process (PID=2283) to work on /home/smita/airflow/dags/trigger_rule.py
[2022-06-09 19:24:12,388] {processor.py:641} INFO - Processing file /home/smita/airflow/dags/trigger_rule.py for tasks to queue
[2022-06-09 19:24:12,388] {logging_mixin.py:115} INFO - [2022-06-09 19:24:12,388] {dagbag.py:507} INFO - Filling up the DagBag from /home/smita/airflow/dags/trigger_rule.py
[2022-06-09 19:24:12,403] {processor.py:653} WARNING - No viable dags retrieved from /home/smita/airflow/dags/trigger_rule.py
[2022-06-09 19:24:12,505] {processor.py:161} INFO - Processing /home/smita/airflow/dags/trigger_rule.py took 0.122 seconds
[2022-06-09 19:24:42,765] {processor.py:153} INFO - Started process (PID=2603) to work on /home/smita/airflow/dags/trigger_rule.py
[2022-06-09 19:24:42,766] {processor.py:641} INFO - Processing file /home/smita/airflow/dags/trigger_rule.py for tasks to queue
[2022-06-09 19:24:42,767] {logging_mixin.py:115} INFO - [2022-06-09 19:24:42,766] {dagbag.py:507} INFO - Filling up the DagBag from /home/smita/airflow/dags/trigger_rule.py
[2022-06-09 19:24:42,777] {processor.py:653} WARNING - No viable dags retrieved from /home/smita/airflow/dags/trigger_rule.py
[2022-06-09 19:24:42,861] {processor.py:161} INFO - Processing /home/smita/airflow/dags/trigger_rule.py took 0.103 seconds
[2022-06-09 19:25:13,210] {processor.py:153} INFO - Started process (PID=2929) to work on /home/smita/airflow/dags/trigger_rule.py
[2022-06-09 19:25:13,211] {processor.py:641} INFO - Processing file /home/smita/airflow/dags/trigger_rule.py for tasks to queue
[2022-06-09 19:25:13,212] {logging_mixin.py:115} INFO - [2022-06-09 19:25:13,212] {dagbag.py:507} INFO - Filling up the DagBag from /home/smita/airflow/dags/trigger_rule.py
[2022-06-09 19:25:13,226] {processor.py:653} WARNING - No viable dags retrieved from /home/smita/airflow/dags/trigger_rule.py
[2022-06-09 19:25:13,312] {processor.py:161} INFO - Processing /home/smita/airflow/dags/trigger_rule.py took 0.108 seconds
[2022-06-09 19:25:43,434] {processor.py:153} INFO - Started process (PID=3256) to work on /home/smita/airflow/dags/trigger_rule.py
[2022-06-09 19:25:43,435] {processor.py:641} INFO - Processing file /home/smita/airflow/dags/trigger_rule.py for tasks to queue
[2022-06-09 19:25:43,436] {logging_mixin.py:115} INFO - [2022-06-09 19:25:43,436] {dagbag.py:507} INFO - Filling up the DagBag from /home/smita/airflow/dags/trigger_rule.py
[2022-06-09 19:25:43,446] {processor.py:653} WARNING - No viable dags retrieved from /home/smita/airflow/dags/trigger_rule.py
[2022-06-09 19:25:43,547] {processor.py:161} INFO - Processing /home/smita/airflow/dags/trigger_rule.py took 0.118 seconds
[2022-06-09 19:26:13,874] {processor.py:153} INFO - Started process (PID=3588) to work on /home/smita/airflow/dags/trigger_rule.py
[2022-06-09 19:26:13,875] {processor.py:641} INFO - Processing file /home/smita/airflow/dags/trigger_rule.py for tasks to queue
[2022-06-09 19:26:13,875] {logging_mixin.py:115} INFO - [2022-06-09 19:26:13,875] {dagbag.py:507} INFO - Filling up the DagBag from /home/smita/airflow/dags/trigger_rule.py
[2022-06-09 19:26:13,884] {processor.py:653} WARNING - No viable dags retrieved from /home/smita/airflow/dags/trigger_rule.py
[2022-06-09 19:26:13,973] {processor.py:161} INFO - Processing /home/smita/airflow/dags/trigger_rule.py took 0.103 seconds
[2022-06-09 19:26:44,277] {processor.py:153} INFO - Started process (PID=3920) to work on /home/smita/airflow/dags/trigger_rule.py
[2022-06-09 19:26:44,278] {processor.py:641} INFO - Processing file /home/smita/airflow/dags/trigger_rule.py for tasks to queue
[2022-06-09 19:26:44,278] {logging_mixin.py:115} INFO - [2022-06-09 19:26:44,278] {dagbag.py:507} INFO - Filling up the DagBag from /home/smita/airflow/dags/trigger_rule.py
[2022-06-09 19:26:44,288] {processor.py:653} WARNING - No viable dags retrieved from /home/smita/airflow/dags/trigger_rule.py
[2022-06-09 19:26:44,374] {processor.py:161} INFO - Processing /home/smita/airflow/dags/trigger_rule.py took 0.103 seconds
[2022-06-09 19:27:15,008] {processor.py:153} INFO - Started process (PID=4250) to work on /home/smita/airflow/dags/trigger_rule.py
[2022-06-09 19:27:15,009] {processor.py:641} INFO - Processing file /home/smita/airflow/dags/trigger_rule.py for tasks to queue
[2022-06-09 19:27:15,009] {logging_mixin.py:115} INFO - [2022-06-09 19:27:15,009] {dagbag.py:507} INFO - Filling up the DagBag from /home/smita/airflow/dags/trigger_rule.py
[2022-06-09 19:27:15,018] {processor.py:653} WARNING - No viable dags retrieved from /home/smita/airflow/dags/trigger_rule.py
[2022-06-09 19:27:15,113] {processor.py:161} INFO - Processing /home/smita/airflow/dags/trigger_rule.py took 0.111 seconds
[2022-06-09 19:27:45,606] {processor.py:153} INFO - Started process (PID=4579) to work on /home/smita/airflow/dags/trigger_rule.py
[2022-06-09 19:27:45,607] {processor.py:641} INFO - Processing file /home/smita/airflow/dags/trigger_rule.py for tasks to queue
[2022-06-09 19:27:45,607] {logging_mixin.py:115} INFO - [2022-06-09 19:27:45,607] {dagbag.py:507} INFO - Filling up the DagBag from /home/smita/airflow/dags/trigger_rule.py
[2022-06-09 19:27:45,617] {processor.py:653} WARNING - No viable dags retrieved from /home/smita/airflow/dags/trigger_rule.py
[2022-06-09 19:27:45,708] {processor.py:161} INFO - Processing /home/smita/airflow/dags/trigger_rule.py took 0.107 seconds
[2022-06-09 19:28:15,871] {processor.py:153} INFO - Started process (PID=4899) to work on /home/smita/airflow/dags/trigger_rule.py
[2022-06-09 19:28:15,872] {processor.py:641} INFO - Processing file /home/smita/airflow/dags/trigger_rule.py for tasks to queue
[2022-06-09 19:28:15,872] {logging_mixin.py:115} INFO - [2022-06-09 19:28:15,872] {dagbag.py:507} INFO - Filling up the DagBag from /home/smita/airflow/dags/trigger_rule.py
[2022-06-09 19:28:15,882] {processor.py:653} WARNING - No viable dags retrieved from /home/smita/airflow/dags/trigger_rule.py
[2022-06-09 19:28:15,972] {processor.py:161} INFO - Processing /home/smita/airflow/dags/trigger_rule.py took 0.107 seconds
[2022-06-09 19:28:46,779] {processor.py:153} INFO - Started process (PID=5238) to work on /home/smita/airflow/dags/trigger_rule.py
[2022-06-09 19:28:46,779] {processor.py:641} INFO - Processing file /home/smita/airflow/dags/trigger_rule.py for tasks to queue
[2022-06-09 19:28:46,780] {logging_mixin.py:115} INFO - [2022-06-09 19:28:46,780] {dagbag.py:507} INFO - Filling up the DagBag from /home/smita/airflow/dags/trigger_rule.py
[2022-06-09 19:28:46,790] {processor.py:653} WARNING - No viable dags retrieved from /home/smita/airflow/dags/trigger_rule.py
[2022-06-09 19:28:46,889] {processor.py:161} INFO - Processing /home/smita/airflow/dags/trigger_rule.py took 0.116 seconds
[2022-06-09 19:29:17,413] {processor.py:153} INFO - Started process (PID=5566) to work on /home/smita/airflow/dags/trigger_rule.py
[2022-06-09 19:29:17,414] {processor.py:641} INFO - Processing file /home/smita/airflow/dags/trigger_rule.py for tasks to queue
[2022-06-09 19:29:17,414] {logging_mixin.py:115} INFO - [2022-06-09 19:29:17,414] {dagbag.py:507} INFO - Filling up the DagBag from /home/smita/airflow/dags/trigger_rule.py
[2022-06-09 19:29:17,423] {processor.py:653} WARNING - No viable dags retrieved from /home/smita/airflow/dags/trigger_rule.py
[2022-06-09 19:29:17,507] {processor.py:161} INFO - Processing /home/smita/airflow/dags/trigger_rule.py took 0.099 seconds
[2022-06-09 19:29:48,004] {processor.py:153} INFO - Started process (PID=5897) to work on /home/smita/airflow/dags/trigger_rule.py
[2022-06-09 19:29:48,004] {processor.py:641} INFO - Processing file /home/smita/airflow/dags/trigger_rule.py for tasks to queue
[2022-06-09 19:29:48,005] {logging_mixin.py:115} INFO - [2022-06-09 19:29:48,005] {dagbag.py:507} INFO - Filling up the DagBag from /home/smita/airflow/dags/trigger_rule.py
[2022-06-09 19:29:48,014] {processor.py:653} WARNING - No viable dags retrieved from /home/smita/airflow/dags/trigger_rule.py
[2022-06-09 19:29:48,095] {processor.py:161} INFO - Processing /home/smita/airflow/dags/trigger_rule.py took 0.096 seconds
[2022-06-09 19:30:18,584] {processor.py:153} INFO - Started process (PID=6227) to work on /home/smita/airflow/dags/trigger_rule.py
[2022-06-09 19:30:18,585] {processor.py:641} INFO - Processing file /home/smita/airflow/dags/trigger_rule.py for tasks to queue
[2022-06-09 19:30:18,585] {logging_mixin.py:115} INFO - [2022-06-09 19:30:18,585] {dagbag.py:507} INFO - Filling up the DagBag from /home/smita/airflow/dags/trigger_rule.py
[2022-06-09 19:30:18,595] {processor.py:653} WARNING - No viable dags retrieved from /home/smita/airflow/dags/trigger_rule.py
[2022-06-09 19:30:18,685] {processor.py:161} INFO - Processing /home/smita/airflow/dags/trigger_rule.py took 0.106 seconds
[2022-06-09 19:30:48,928] {processor.py:153} INFO - Started process (PID=6556) to work on /home/smita/airflow/dags/trigger_rule.py
[2022-06-09 19:30:48,928] {processor.py:641} INFO - Processing file /home/smita/airflow/dags/trigger_rule.py for tasks to queue
[2022-06-09 19:30:48,929] {logging_mixin.py:115} INFO - [2022-06-09 19:30:48,929] {dagbag.py:507} INFO - Filling up the DagBag from /home/smita/airflow/dags/trigger_rule.py
[2022-06-09 19:30:48,941] {processor.py:653} WARNING - No viable dags retrieved from /home/smita/airflow/dags/trigger_rule.py
[2022-06-09 19:30:49,025] {processor.py:161} INFO - Processing /home/smita/airflow/dags/trigger_rule.py took 0.102 seconds
[2022-06-09 19:31:19,420] {processor.py:153} INFO - Started process (PID=6883) to work on /home/smita/airflow/dags/trigger_rule.py
[2022-06-09 19:31:19,420] {processor.py:641} INFO - Processing file /home/smita/airflow/dags/trigger_rule.py for tasks to queue
[2022-06-09 19:31:19,421] {logging_mixin.py:115} INFO - [2022-06-09 19:31:19,421] {dagbag.py:507} INFO - Filling up the DagBag from /home/smita/airflow/dags/trigger_rule.py
[2022-06-09 19:31:19,435] {processor.py:653} WARNING - No viable dags retrieved from /home/smita/airflow/dags/trigger_rule.py
[2022-06-09 19:31:19,513] {processor.py:161} INFO - Processing /home/smita/airflow/dags/trigger_rule.py took 0.098 seconds
[2022-06-09 19:31:49,677] {processor.py:153} INFO - Started process (PID=7209) to work on /home/smita/airflow/dags/trigger_rule.py
[2022-06-09 19:31:49,677] {processor.py:641} INFO - Processing file /home/smita/airflow/dags/trigger_rule.py for tasks to queue
[2022-06-09 19:31:49,678] {logging_mixin.py:115} INFO - [2022-06-09 19:31:49,678] {dagbag.py:507} INFO - Filling up the DagBag from /home/smita/airflow/dags/trigger_rule.py
[2022-06-09 19:31:49,687] {processor.py:653} WARNING - No viable dags retrieved from /home/smita/airflow/dags/trigger_rule.py
[2022-06-09 19:31:49,785] {processor.py:161} INFO - Processing /home/smita/airflow/dags/trigger_rule.py took 0.113 seconds
[2022-06-09 19:32:20,116] {processor.py:153} INFO - Started process (PID=7541) to work on /home/smita/airflow/dags/trigger_rule.py
[2022-06-09 19:32:20,117] {processor.py:641} INFO - Processing file /home/smita/airflow/dags/trigger_rule.py for tasks to queue
[2022-06-09 19:32:20,117] {logging_mixin.py:115} INFO - [2022-06-09 19:32:20,117] {dagbag.py:507} INFO - Filling up the DagBag from /home/smita/airflow/dags/trigger_rule.py
[2022-06-09 19:32:20,127] {processor.py:653} WARNING - No viable dags retrieved from /home/smita/airflow/dags/trigger_rule.py
[2022-06-09 19:32:20,213] {processor.py:161} INFO - Processing /home/smita/airflow/dags/trigger_rule.py took 0.103 seconds
[2022-06-09 19:32:50,694] {processor.py:153} INFO - Started process (PID=7853) to work on /home/smita/airflow/dags/trigger_rule.py
[2022-06-09 19:32:50,695] {processor.py:641} INFO - Processing file /home/smita/airflow/dags/trigger_rule.py for tasks to queue
[2022-06-09 19:32:50,696] {logging_mixin.py:115} INFO - [2022-06-09 19:32:50,696] {dagbag.py:507} INFO - Filling up the DagBag from /home/smita/airflow/dags/trigger_rule.py
[2022-06-09 19:32:50,706] {processor.py:653} WARNING - No viable dags retrieved from /home/smita/airflow/dags/trigger_rule.py
[2022-06-09 19:32:50,803] {processor.py:161} INFO - Processing /home/smita/airflow/dags/trigger_rule.py took 0.113 seconds
[2022-06-09 19:33:20,951] {processor.py:153} INFO - Started process (PID=8139) to work on /home/smita/airflow/dags/trigger_rule.py
[2022-06-09 19:33:20,952] {processor.py:641} INFO - Processing file /home/smita/airflow/dags/trigger_rule.py for tasks to queue
[2022-06-09 19:33:20,952] {logging_mixin.py:115} INFO - [2022-06-09 19:33:20,952] {dagbag.py:507} INFO - Filling up the DagBag from /home/smita/airflow/dags/trigger_rule.py
[2022-06-09 19:33:20,963] {processor.py:653} WARNING - No viable dags retrieved from /home/smita/airflow/dags/trigger_rule.py
[2022-06-09 19:33:21,086] {processor.py:161} INFO - Processing /home/smita/airflow/dags/trigger_rule.py took 0.142 seconds
[2022-06-09 19:33:51,672] {processor.py:153} INFO - Started process (PID=8429) to work on /home/smita/airflow/dags/trigger_rule.py
[2022-06-09 19:33:51,673] {processor.py:641} INFO - Processing file /home/smita/airflow/dags/trigger_rule.py for tasks to queue
[2022-06-09 19:33:51,673] {logging_mixin.py:115} INFO - [2022-06-09 19:33:51,673] {dagbag.py:507} INFO - Filling up the DagBag from /home/smita/airflow/dags/trigger_rule.py
[2022-06-09 19:33:51,683] {processor.py:653} WARNING - No viable dags retrieved from /home/smita/airflow/dags/trigger_rule.py
[2022-06-09 19:33:51,785] {processor.py:161} INFO - Processing /home/smita/airflow/dags/trigger_rule.py took 0.119 seconds
[2022-06-09 19:34:22,101] {processor.py:153} INFO - Started process (PID=8726) to work on /home/smita/airflow/dags/trigger_rule.py
[2022-06-09 19:34:22,101] {processor.py:641} INFO - Processing file /home/smita/airflow/dags/trigger_rule.py for tasks to queue
[2022-06-09 19:34:22,102] {logging_mixin.py:115} INFO - [2022-06-09 19:34:22,102] {dagbag.py:507} INFO - Filling up the DagBag from /home/smita/airflow/dags/trigger_rule.py
[2022-06-09 19:34:22,113] {processor.py:653} WARNING - No viable dags retrieved from /home/smita/airflow/dags/trigger_rule.py
[2022-06-09 19:34:22,202] {processor.py:161} INFO - Processing /home/smita/airflow/dags/trigger_rule.py took 0.106 seconds
[2022-06-09 19:34:52,917] {processor.py:153} INFO - Started process (PID=8998) to work on /home/smita/airflow/dags/trigger_rule.py
[2022-06-09 19:34:52,918] {processor.py:641} INFO - Processing file /home/smita/airflow/dags/trigger_rule.py for tasks to queue
[2022-06-09 19:34:52,918] {logging_mixin.py:115} INFO - [2022-06-09 19:34:52,918] {dagbag.py:507} INFO - Filling up the DagBag from /home/smita/airflow/dags/trigger_rule.py
[2022-06-09 19:34:52,927] {processor.py:653} WARNING - No viable dags retrieved from /home/smita/airflow/dags/trigger_rule.py
[2022-06-09 19:34:53,022] {processor.py:161} INFO - Processing /home/smita/airflow/dags/trigger_rule.py took 0.109 seconds
[2022-06-09 19:35:23,268] {processor.py:153} INFO - Started process (PID=9017) to work on /home/smita/airflow/dags/trigger_rule.py
[2022-06-09 19:35:23,269] {processor.py:641} INFO - Processing file /home/smita/airflow/dags/trigger_rule.py for tasks to queue
[2022-06-09 19:35:23,269] {logging_mixin.py:115} INFO - [2022-06-09 19:35:23,269] {dagbag.py:507} INFO - Filling up the DagBag from /home/smita/airflow/dags/trigger_rule.py
[2022-06-09 19:35:23,282] {processor.py:653} WARNING - No viable dags retrieved from /home/smita/airflow/dags/trigger_rule.py
[2022-06-09 19:35:23,348] {processor.py:161} INFO - Processing /home/smita/airflow/dags/trigger_rule.py took 0.087 seconds
[2022-06-09 19:35:53,899] {processor.py:153} INFO - Started process (PID=9070) to work on /home/smita/airflow/dags/trigger_rule.py
[2022-06-09 19:35:53,900] {processor.py:641} INFO - Processing file /home/smita/airflow/dags/trigger_rule.py for tasks to queue
[2022-06-09 19:35:53,901] {logging_mixin.py:115} INFO - [2022-06-09 19:35:53,901] {dagbag.py:507} INFO - Filling up the DagBag from /home/smita/airflow/dags/trigger_rule.py
[2022-06-09 19:35:53,916] {processor.py:653} WARNING - No viable dags retrieved from /home/smita/airflow/dags/trigger_rule.py
[2022-06-09 19:35:54,004] {processor.py:161} INFO - Processing /home/smita/airflow/dags/trigger_rule.py took 0.110 seconds
[2022-06-09 19:36:32,270] {processor.py:153} INFO - Started process (PID=9152) to work on /home/smita/airflow/dags/trigger_rule.py
[2022-06-09 19:36:32,271] {processor.py:641} INFO - Processing file /home/smita/airflow/dags/trigger_rule.py for tasks to queue
[2022-06-09 19:36:32,272] {logging_mixin.py:115} INFO - [2022-06-09 19:36:32,272] {dagbag.py:507} INFO - Filling up the DagBag from /home/smita/airflow/dags/trigger_rule.py
[2022-06-09 19:36:32,285] {processor.py:653} WARNING - No viable dags retrieved from /home/smita/airflow/dags/trigger_rule.py
[2022-06-09 19:36:32,357] {processor.py:161} INFO - Processing /home/smita/airflow/dags/trigger_rule.py took 0.095 seconds
[2022-06-09 19:37:05,685] {processor.py:153} INFO - Started process (PID=9218) to work on /home/smita/airflow/dags/trigger_rule.py
[2022-06-09 19:37:05,686] {processor.py:641} INFO - Processing file /home/smita/airflow/dags/trigger_rule.py for tasks to queue
[2022-06-09 19:37:05,687] {logging_mixin.py:115} INFO - [2022-06-09 19:37:05,687] {dagbag.py:507} INFO - Filling up the DagBag from /home/smita/airflow/dags/trigger_rule.py
[2022-06-09 19:37:05,697] {processor.py:653} WARNING - No viable dags retrieved from /home/smita/airflow/dags/trigger_rule.py
[2022-06-09 19:37:05,774] {processor.py:161} INFO - Processing /home/smita/airflow/dags/trigger_rule.py took 0.096 seconds
[2022-06-09 19:37:37,812] {processor.py:153} INFO - Started process (PID=9258) to work on /home/smita/airflow/dags/trigger_rule.py
[2022-06-09 19:37:37,813] {processor.py:641} INFO - Processing file /home/smita/airflow/dags/trigger_rule.py for tasks to queue
[2022-06-09 19:37:37,813] {logging_mixin.py:115} INFO - [2022-06-09 19:37:37,813] {dagbag.py:507} INFO - Filling up the DagBag from /home/smita/airflow/dags/trigger_rule.py
[2022-06-09 19:37:37,823] {processor.py:653} WARNING - No viable dags retrieved from /home/smita/airflow/dags/trigger_rule.py
[2022-06-09 19:37:37,905] {processor.py:161} INFO - Processing /home/smita/airflow/dags/trigger_rule.py took 0.098 seconds
[2022-06-09 19:38:10,264] {processor.py:153} INFO - Started process (PID=9312) to work on /home/smita/airflow/dags/trigger_rule.py
[2022-06-09 19:38:10,265] {processor.py:641} INFO - Processing file /home/smita/airflow/dags/trigger_rule.py for tasks to queue
[2022-06-09 19:38:10,265] {logging_mixin.py:115} INFO - [2022-06-09 19:38:10,265] {dagbag.py:507} INFO - Filling up the DagBag from /home/smita/airflow/dags/trigger_rule.py
[2022-06-09 19:38:10,274] {processor.py:653} WARNING - No viable dags retrieved from /home/smita/airflow/dags/trigger_rule.py
[2022-06-09 19:38:10,358] {processor.py:161} INFO - Processing /home/smita/airflow/dags/trigger_rule.py took 0.101 seconds
[2022-06-09 19:38:45,468] {processor.py:153} INFO - Started process (PID=9394) to work on /home/smita/airflow/dags/trigger_rule.py
[2022-06-09 19:38:45,469] {processor.py:641} INFO - Processing file /home/smita/airflow/dags/trigger_rule.py for tasks to queue
[2022-06-09 19:38:45,470] {logging_mixin.py:115} INFO - [2022-06-09 19:38:45,469] {dagbag.py:507} INFO - Filling up the DagBag from /home/smita/airflow/dags/trigger_rule.py
[2022-06-09 19:38:45,481] {processor.py:653} WARNING - No viable dags retrieved from /home/smita/airflow/dags/trigger_rule.py
[2022-06-09 19:38:45,560] {processor.py:161} INFO - Processing /home/smita/airflow/dags/trigger_rule.py took 0.097 seconds
[2022-06-09 19:39:18,535] {processor.py:153} INFO - Started process (PID=9454) to work on /home/smita/airflow/dags/trigger_rule.py
[2022-06-09 19:39:18,536] {processor.py:641} INFO - Processing file /home/smita/airflow/dags/trigger_rule.py for tasks to queue
[2022-06-09 19:39:18,537] {logging_mixin.py:115} INFO - [2022-06-09 19:39:18,537] {dagbag.py:507} INFO - Filling up the DagBag from /home/smita/airflow/dags/trigger_rule.py
[2022-06-09 19:39:18,549] {processor.py:653} WARNING - No viable dags retrieved from /home/smita/airflow/dags/trigger_rule.py
[2022-06-09 19:39:18,623] {processor.py:161} INFO - Processing /home/smita/airflow/dags/trigger_rule.py took 0.094 seconds
[2022-06-09 19:39:50,313] {processor.py:153} INFO - Started process (PID=9493) to work on /home/smita/airflow/dags/trigger_rule.py
[2022-06-09 19:39:50,314] {processor.py:641} INFO - Processing file /home/smita/airflow/dags/trigger_rule.py for tasks to queue
[2022-06-09 19:39:50,314] {logging_mixin.py:115} INFO - [2022-06-09 19:39:50,314] {dagbag.py:507} INFO - Filling up the DagBag from /home/smita/airflow/dags/trigger_rule.py
[2022-06-09 19:39:50,323] {processor.py:653} WARNING - No viable dags retrieved from /home/smita/airflow/dags/trigger_rule.py
[2022-06-09 19:39:50,404] {processor.py:161} INFO - Processing /home/smita/airflow/dags/trigger_rule.py took 0.095 seconds
[2022-06-09 19:40:23,691] {processor.py:153} INFO - Started process (PID=9568) to work on /home/smita/airflow/dags/trigger_rule.py
[2022-06-09 19:40:23,692] {processor.py:641} INFO - Processing file /home/smita/airflow/dags/trigger_rule.py for tasks to queue
[2022-06-09 19:40:23,693] {logging_mixin.py:115} INFO - [2022-06-09 19:40:23,693] {dagbag.py:507} INFO - Filling up the DagBag from /home/smita/airflow/dags/trigger_rule.py
[2022-06-09 19:40:23,706] {processor.py:653} WARNING - No viable dags retrieved from /home/smita/airflow/dags/trigger_rule.py
[2022-06-09 19:40:23,796] {processor.py:161} INFO - Processing /home/smita/airflow/dags/trigger_rule.py took 0.110 seconds
[2022-06-09 19:40:53,954] {processor.py:153} INFO - Started process (PID=9641) to work on /home/smita/airflow/dags/trigger_rule.py
[2022-06-09 19:40:53,954] {processor.py:641} INFO - Processing file /home/smita/airflow/dags/trigger_rule.py for tasks to queue
[2022-06-09 19:40:53,955] {logging_mixin.py:115} INFO - [2022-06-09 19:40:53,955] {dagbag.py:507} INFO - Filling up the DagBag from /home/smita/airflow/dags/trigger_rule.py
[2022-06-09 19:40:53,965] {processor.py:653} WARNING - No viable dags retrieved from /home/smita/airflow/dags/trigger_rule.py
[2022-06-09 19:40:54,075] {processor.py:161} INFO - Processing /home/smita/airflow/dags/trigger_rule.py took 0.126 seconds
[2022-06-09 19:41:31,224] {processor.py:153} INFO - Started process (PID=9702) to work on /home/smita/airflow/dags/trigger_rule.py
[2022-06-09 19:41:31,225] {processor.py:641} INFO - Processing file /home/smita/airflow/dags/trigger_rule.py for tasks to queue
[2022-06-09 19:41:31,226] {logging_mixin.py:115} INFO - [2022-06-09 19:41:31,225] {dagbag.py:507} INFO - Filling up the DagBag from /home/smita/airflow/dags/trigger_rule.py
[2022-06-09 19:41:31,239] {processor.py:653} WARNING - No viable dags retrieved from /home/smita/airflow/dags/trigger_rule.py
[2022-06-09 19:41:31,311] {processor.py:161} INFO - Processing /home/smita/airflow/dags/trigger_rule.py took 0.092 seconds
[2022-06-09 19:42:05,459] {processor.py:153} INFO - Started process (PID=9763) to work on /home/smita/airflow/dags/trigger_rule.py
[2022-06-09 19:42:05,460] {processor.py:641} INFO - Processing file /home/smita/airflow/dags/trigger_rule.py for tasks to queue
[2022-06-09 19:42:05,460] {logging_mixin.py:115} INFO - [2022-06-09 19:42:05,460] {dagbag.py:507} INFO - Filling up the DagBag from /home/smita/airflow/dags/trigger_rule.py
[2022-06-09 19:42:05,472] {processor.py:653} WARNING - No viable dags retrieved from /home/smita/airflow/dags/trigger_rule.py
[2022-06-09 19:42:05,570] {processor.py:161} INFO - Processing /home/smita/airflow/dags/trigger_rule.py took 0.117 seconds
[2022-06-09 19:42:39,478] {processor.py:153} INFO - Started process (PID=9820) to work on /home/smita/airflow/dags/trigger_rule.py
[2022-06-09 19:42:39,479] {processor.py:641} INFO - Processing file /home/smita/airflow/dags/trigger_rule.py for tasks to queue
[2022-06-09 19:42:39,480] {logging_mixin.py:115} INFO - [2022-06-09 19:42:39,480] {dagbag.py:507} INFO - Filling up the DagBag from /home/smita/airflow/dags/trigger_rule.py
[2022-06-09 19:42:39,489] {processor.py:653} WARNING - No viable dags retrieved from /home/smita/airflow/dags/trigger_rule.py
[2022-06-09 19:42:39,572] {processor.py:161} INFO - Processing /home/smita/airflow/dags/trigger_rule.py took 0.099 seconds
[2022-06-09 19:43:54,217] {processor.py:153} INFO - Started process (PID=9920) to work on /home/smita/airflow/dags/trigger_rule.py
[2022-06-09 19:43:54,218] {processor.py:641} INFO - Processing file /home/smita/airflow/dags/trigger_rule.py for tasks to queue
[2022-06-09 19:43:54,219] {logging_mixin.py:115} INFO - [2022-06-09 19:43:54,218] {dagbag.py:507} INFO - Filling up the DagBag from /home/smita/airflow/dags/trigger_rule.py
[2022-06-09 19:43:54,230] {processor.py:653} WARNING - No viable dags retrieved from /home/smita/airflow/dags/trigger_rule.py
[2022-06-09 19:43:54,318] {processor.py:161} INFO - Processing /home/smita/airflow/dags/trigger_rule.py took 0.108 seconds
[2022-06-09 22:00:58,190] {processor.py:153} INFO - Started process (PID=10228) to work on /home/smita/airflow/dags/trigger_rule.py
[2022-06-09 22:00:58,191] {processor.py:641} INFO - Processing file /home/smita/airflow/dags/trigger_rule.py for tasks to queue
[2022-06-09 22:00:58,193] {logging_mixin.py:115} INFO - [2022-06-09 22:00:58,193] {dagbag.py:507} INFO - Filling up the DagBag from /home/smita/airflow/dags/trigger_rule.py
[2022-06-09 22:00:58,219] {processor.py:653} WARNING - No viable dags retrieved from /home/smita/airflow/dags/trigger_rule.py
[2022-06-09 22:00:58,315] {processor.py:161} INFO - Processing /home/smita/airflow/dags/trigger_rule.py took 0.134 seconds
[2022-06-09 22:01:29,212] {processor.py:153} INFO - Started process (PID=10491) to work on /home/smita/airflow/dags/trigger_rule.py
[2022-06-09 22:01:29,213] {processor.py:641} INFO - Processing file /home/smita/airflow/dags/trigger_rule.py for tasks to queue
[2022-06-09 22:01:29,213] {logging_mixin.py:115} INFO - [2022-06-09 22:01:29,213] {dagbag.py:507} INFO - Filling up the DagBag from /home/smita/airflow/dags/trigger_rule.py
[2022-06-09 22:01:29,230] {processor.py:653} WARNING - No viable dags retrieved from /home/smita/airflow/dags/trigger_rule.py
[2022-06-09 22:01:29,319] {processor.py:161} INFO - Processing /home/smita/airflow/dags/trigger_rule.py took 0.113 seconds
[2022-06-09 22:01:59,551] {processor.py:153} INFO - Started process (PID=10786) to work on /home/smita/airflow/dags/trigger_rule.py
[2022-06-09 22:01:59,551] {processor.py:641} INFO - Processing file /home/smita/airflow/dags/trigger_rule.py for tasks to queue
[2022-06-09 22:01:59,552] {logging_mixin.py:115} INFO - [2022-06-09 22:01:59,552] {dagbag.py:507} INFO - Filling up the DagBag from /home/smita/airflow/dags/trigger_rule.py
[2022-06-09 22:01:59,568] {processor.py:653} WARNING - No viable dags retrieved from /home/smita/airflow/dags/trigger_rule.py
[2022-06-09 22:01:59,664] {processor.py:161} INFO - Processing /home/smita/airflow/dags/trigger_rule.py took 0.118 seconds
[2022-06-09 22:02:30,384] {processor.py:153} INFO - Started process (PID=11087) to work on /home/smita/airflow/dags/trigger_rule.py
[2022-06-09 22:02:30,384] {processor.py:641} INFO - Processing file /home/smita/airflow/dags/trigger_rule.py for tasks to queue
[2022-06-09 22:02:30,385] {logging_mixin.py:115} INFO - [2022-06-09 22:02:30,385] {dagbag.py:507} INFO - Filling up the DagBag from /home/smita/airflow/dags/trigger_rule.py
[2022-06-09 22:02:30,401] {processor.py:653} WARNING - No viable dags retrieved from /home/smita/airflow/dags/trigger_rule.py
[2022-06-09 22:02:30,505] {processor.py:161} INFO - Processing /home/smita/airflow/dags/trigger_rule.py took 0.127 seconds
[2022-06-09 22:03:01,002] {processor.py:153} INFO - Started process (PID=11352) to work on /home/smita/airflow/dags/trigger_rule.py
[2022-06-09 22:03:01,003] {processor.py:641} INFO - Processing file /home/smita/airflow/dags/trigger_rule.py for tasks to queue
[2022-06-09 22:03:01,004] {logging_mixin.py:115} INFO - [2022-06-09 22:03:01,004] {dagbag.py:507} INFO - Filling up the DagBag from /home/smita/airflow/dags/trigger_rule.py
[2022-06-09 22:03:01,025] {processor.py:653} WARNING - No viable dags retrieved from /home/smita/airflow/dags/trigger_rule.py
[2022-06-09 22:03:01,115] {processor.py:161} INFO - Processing /home/smita/airflow/dags/trigger_rule.py took 0.121 seconds
[2022-06-09 22:03:31,390] {processor.py:153} INFO - Started process (PID=11621) to work on /home/smita/airflow/dags/trigger_rule.py
[2022-06-09 22:03:31,390] {processor.py:641} INFO - Processing file /home/smita/airflow/dags/trigger_rule.py for tasks to queue
[2022-06-09 22:03:31,391] {logging_mixin.py:115} INFO - [2022-06-09 22:03:31,391] {dagbag.py:507} INFO - Filling up the DagBag from /home/smita/airflow/dags/trigger_rule.py
[2022-06-09 22:03:31,413] {processor.py:653} WARNING - No viable dags retrieved from /home/smita/airflow/dags/trigger_rule.py
[2022-06-09 22:03:31,519] {processor.py:161} INFO - Processing /home/smita/airflow/dags/trigger_rule.py took 0.139 seconds
[2022-06-09 22:04:02,289] {processor.py:153} INFO - Started process (PID=11905) to work on /home/smita/airflow/dags/trigger_rule.py
[2022-06-09 22:04:02,290] {processor.py:641} INFO - Processing file /home/smita/airflow/dags/trigger_rule.py for tasks to queue
[2022-06-09 22:04:02,291] {logging_mixin.py:115} INFO - [2022-06-09 22:04:02,290] {dagbag.py:507} INFO - Filling up the DagBag from /home/smita/airflow/dags/trigger_rule.py
[2022-06-09 22:04:02,309] {processor.py:653} WARNING - No viable dags retrieved from /home/smita/airflow/dags/trigger_rule.py
[2022-06-09 22:04:02,401] {processor.py:161} INFO - Processing /home/smita/airflow/dags/trigger_rule.py took 0.117 seconds
[2022-06-09 22:04:32,731] {processor.py:153} INFO - Started process (PID=12182) to work on /home/smita/airflow/dags/trigger_rule.py
[2022-06-09 22:04:32,732] {processor.py:641} INFO - Processing file /home/smita/airflow/dags/trigger_rule.py for tasks to queue
[2022-06-09 22:04:32,733] {logging_mixin.py:115} INFO - [2022-06-09 22:04:32,733] {dagbag.py:507} INFO - Filling up the DagBag from /home/smita/airflow/dags/trigger_rule.py
[2022-06-09 22:04:32,757] {processor.py:653} WARNING - No viable dags retrieved from /home/smita/airflow/dags/trigger_rule.py
[2022-06-09 22:04:32,856] {processor.py:161} INFO - Processing /home/smita/airflow/dags/trigger_rule.py took 0.131 seconds
[2022-06-09 22:05:03,312] {processor.py:153} INFO - Started process (PID=12474) to work on /home/smita/airflow/dags/trigger_rule.py
[2022-06-09 22:05:03,313] {processor.py:641} INFO - Processing file /home/smita/airflow/dags/trigger_rule.py for tasks to queue
[2022-06-09 22:05:03,314] {logging_mixin.py:115} INFO - [2022-06-09 22:05:03,314] {dagbag.py:507} INFO - Filling up the DagBag from /home/smita/airflow/dags/trigger_rule.py
[2022-06-09 22:05:03,330] {processor.py:653} WARNING - No viable dags retrieved from /home/smita/airflow/dags/trigger_rule.py
[2022-06-09 22:05:03,441] {processor.py:161} INFO - Processing /home/smita/airflow/dags/trigger_rule.py took 0.133 seconds
[2022-06-09 22:05:33,552] {processor.py:153} INFO - Started process (PID=12765) to work on /home/smita/airflow/dags/trigger_rule.py
[2022-06-09 22:05:33,553] {processor.py:641} INFO - Processing file /home/smita/airflow/dags/trigger_rule.py for tasks to queue
[2022-06-09 22:05:33,554] {logging_mixin.py:115} INFO - [2022-06-09 22:05:33,554] {dagbag.py:507} INFO - Filling up the DagBag from /home/smita/airflow/dags/trigger_rule.py
[2022-06-09 22:05:33,570] {processor.py:653} WARNING - No viable dags retrieved from /home/smita/airflow/dags/trigger_rule.py
[2022-06-09 22:05:33,665] {processor.py:161} INFO - Processing /home/smita/airflow/dags/trigger_rule.py took 0.118 seconds
[2022-06-09 22:06:04,341] {processor.py:153} INFO - Started process (PID=13048) to work on /home/smita/airflow/dags/trigger_rule.py
[2022-06-09 22:06:04,342] {processor.py:641} INFO - Processing file /home/smita/airflow/dags/trigger_rule.py for tasks to queue
[2022-06-09 22:06:04,343] {logging_mixin.py:115} INFO - [2022-06-09 22:06:04,343] {dagbag.py:507} INFO - Filling up the DagBag from /home/smita/airflow/dags/trigger_rule.py
[2022-06-09 22:06:04,363] {processor.py:653} WARNING - No viable dags retrieved from /home/smita/airflow/dags/trigger_rule.py
[2022-06-09 22:06:04,475] {processor.py:161} INFO - Processing /home/smita/airflow/dags/trigger_rule.py took 0.142 seconds
[2022-06-09 22:06:34,760] {processor.py:153} INFO - Started process (PID=13318) to work on /home/smita/airflow/dags/trigger_rule.py
[2022-06-09 22:06:34,760] {processor.py:641} INFO - Processing file /home/smita/airflow/dags/trigger_rule.py for tasks to queue
[2022-06-09 22:06:34,761] {logging_mixin.py:115} INFO - [2022-06-09 22:06:34,761] {dagbag.py:507} INFO - Filling up the DagBag from /home/smita/airflow/dags/trigger_rule.py
[2022-06-09 22:06:34,771] {processor.py:653} WARNING - No viable dags retrieved from /home/smita/airflow/dags/trigger_rule.py
[2022-06-09 22:06:34,863] {processor.py:161} INFO - Processing /home/smita/airflow/dags/trigger_rule.py took 0.108 seconds
[2022-06-09 22:07:05,628] {processor.py:153} INFO - Started process (PID=13625) to work on /home/smita/airflow/dags/trigger_rule.py
[2022-06-09 22:07:05,629] {processor.py:641} INFO - Processing file /home/smita/airflow/dags/trigger_rule.py for tasks to queue
[2022-06-09 22:07:05,630] {logging_mixin.py:115} INFO - [2022-06-09 22:07:05,630] {dagbag.py:507} INFO - Filling up the DagBag from /home/smita/airflow/dags/trigger_rule.py
[2022-06-09 22:07:05,642] {processor.py:653} WARNING - No viable dags retrieved from /home/smita/airflow/dags/trigger_rule.py
[2022-06-09 22:07:05,753] {processor.py:161} INFO - Processing /home/smita/airflow/dags/trigger_rule.py took 0.133 seconds
[2022-06-09 22:07:36,031] {processor.py:153} INFO - Started process (PID=13931) to work on /home/smita/airflow/dags/trigger_rule.py
[2022-06-09 22:07:36,032] {processor.py:641} INFO - Processing file /home/smita/airflow/dags/trigger_rule.py for tasks to queue
[2022-06-09 22:07:36,033] {logging_mixin.py:115} INFO - [2022-06-09 22:07:36,033] {dagbag.py:507} INFO - Filling up the DagBag from /home/smita/airflow/dags/trigger_rule.py
[2022-06-09 22:07:36,046] {processor.py:653} WARNING - No viable dags retrieved from /home/smita/airflow/dags/trigger_rule.py
[2022-06-09 22:07:36,160] {processor.py:161} INFO - Processing /home/smita/airflow/dags/trigger_rule.py took 0.134 seconds
[2022-06-09 22:08:06,800] {processor.py:153} INFO - Started process (PID=14250) to work on /home/smita/airflow/dags/trigger_rule.py
[2022-06-09 22:08:06,801] {processor.py:641} INFO - Processing file /home/smita/airflow/dags/trigger_rule.py for tasks to queue
[2022-06-09 22:08:06,802] {logging_mixin.py:115} INFO - [2022-06-09 22:08:06,802] {dagbag.py:507} INFO - Filling up the DagBag from /home/smita/airflow/dags/trigger_rule.py
[2022-06-09 22:08:06,815] {processor.py:653} WARNING - No viable dags retrieved from /home/smita/airflow/dags/trigger_rule.py
[2022-06-09 22:08:06,921] {processor.py:161} INFO - Processing /home/smita/airflow/dags/trigger_rule.py took 0.127 seconds
[2022-06-09 22:08:37,318] {processor.py:153} INFO - Started process (PID=14553) to work on /home/smita/airflow/dags/trigger_rule.py
[2022-06-09 22:08:37,319] {processor.py:641} INFO - Processing file /home/smita/airflow/dags/trigger_rule.py for tasks to queue
[2022-06-09 22:08:37,319] {logging_mixin.py:115} INFO - [2022-06-09 22:08:37,319] {dagbag.py:507} INFO - Filling up the DagBag from /home/smita/airflow/dags/trigger_rule.py
[2022-06-09 22:08:37,333] {processor.py:653} WARNING - No viable dags retrieved from /home/smita/airflow/dags/trigger_rule.py
[2022-06-09 22:08:37,446] {processor.py:161} INFO - Processing /home/smita/airflow/dags/trigger_rule.py took 0.134 seconds
[2022-06-09 22:09:07,642] {processor.py:153} INFO - Started process (PID=14849) to work on /home/smita/airflow/dags/trigger_rule.py
[2022-06-09 22:09:07,644] {processor.py:641} INFO - Processing file /home/smita/airflow/dags/trigger_rule.py for tasks to queue
[2022-06-09 22:09:07,645] {logging_mixin.py:115} INFO - [2022-06-09 22:09:07,645] {dagbag.py:507} INFO - Filling up the DagBag from /home/smita/airflow/dags/trigger_rule.py
[2022-06-09 22:09:07,661] {processor.py:653} WARNING - No viable dags retrieved from /home/smita/airflow/dags/trigger_rule.py
[2022-06-09 22:09:07,755] {processor.py:161} INFO - Processing /home/smita/airflow/dags/trigger_rule.py took 0.123 seconds
[2022-06-09 22:09:38,152] {processor.py:153} INFO - Started process (PID=15143) to work on /home/smita/airflow/dags/trigger_rule.py
[2022-06-09 22:09:38,153] {processor.py:641} INFO - Processing file /home/smita/airflow/dags/trigger_rule.py for tasks to queue
[2022-06-09 22:09:38,154] {logging_mixin.py:115} INFO - [2022-06-09 22:09:38,154] {dagbag.py:507} INFO - Filling up the DagBag from /home/smita/airflow/dags/trigger_rule.py
[2022-06-09 22:09:38,164] {processor.py:653} WARNING - No viable dags retrieved from /home/smita/airflow/dags/trigger_rule.py
[2022-06-09 22:09:38,269] {processor.py:161} INFO - Processing /home/smita/airflow/dags/trigger_rule.py took 0.121 seconds
[2022-06-09 22:10:08,888] {processor.py:153} INFO - Started process (PID=15441) to work on /home/smita/airflow/dags/trigger_rule.py
[2022-06-09 22:10:08,889] {processor.py:641} INFO - Processing file /home/smita/airflow/dags/trigger_rule.py for tasks to queue
[2022-06-09 22:10:08,890] {logging_mixin.py:115} INFO - [2022-06-09 22:10:08,890] {dagbag.py:507} INFO - Filling up the DagBag from /home/smita/airflow/dags/trigger_rule.py
[2022-06-09 22:10:08,907] {processor.py:653} WARNING - No viable dags retrieved from /home/smita/airflow/dags/trigger_rule.py
[2022-06-09 22:10:09,005] {processor.py:161} INFO - Processing /home/smita/airflow/dags/trigger_rule.py took 0.127 seconds
[2022-06-09 22:10:39,297] {processor.py:153} INFO - Started process (PID=15740) to work on /home/smita/airflow/dags/trigger_rule.py
[2022-06-09 22:10:39,298] {processor.py:641} INFO - Processing file /home/smita/airflow/dags/trigger_rule.py for tasks to queue
[2022-06-09 22:10:39,298] {logging_mixin.py:115} INFO - [2022-06-09 22:10:39,298] {dagbag.py:507} INFO - Filling up the DagBag from /home/smita/airflow/dags/trigger_rule.py
[2022-06-09 22:10:39,309] {processor.py:653} WARNING - No viable dags retrieved from /home/smita/airflow/dags/trigger_rule.py
[2022-06-09 22:10:39,396] {processor.py:161} INFO - Processing /home/smita/airflow/dags/trigger_rule.py took 0.105 seconds
[2022-06-09 22:11:10,177] {processor.py:153} INFO - Started process (PID=16053) to work on /home/smita/airflow/dags/trigger_rule.py
[2022-06-09 22:11:10,178] {processor.py:641} INFO - Processing file /home/smita/airflow/dags/trigger_rule.py for tasks to queue
[2022-06-09 22:11:10,178] {logging_mixin.py:115} INFO - [2022-06-09 22:11:10,178] {dagbag.py:507} INFO - Filling up the DagBag from /home/smita/airflow/dags/trigger_rule.py
[2022-06-09 22:11:10,187] {processor.py:653} WARNING - No viable dags retrieved from /home/smita/airflow/dags/trigger_rule.py
[2022-06-09 22:11:10,280] {processor.py:161} INFO - Processing /home/smita/airflow/dags/trigger_rule.py took 0.109 seconds
[2022-06-09 22:11:40,866] {processor.py:153} INFO - Started process (PID=16383) to work on /home/smita/airflow/dags/trigger_rule.py
[2022-06-09 22:11:40,867] {processor.py:641} INFO - Processing file /home/smita/airflow/dags/trigger_rule.py for tasks to queue
[2022-06-09 22:11:40,868] {logging_mixin.py:115} INFO - [2022-06-09 22:11:40,868] {dagbag.py:507} INFO - Filling up the DagBag from /home/smita/airflow/dags/trigger_rule.py
[2022-06-09 22:11:40,877] {processor.py:653} WARNING - No viable dags retrieved from /home/smita/airflow/dags/trigger_rule.py
[2022-06-09 22:11:40,978] {processor.py:161} INFO - Processing /home/smita/airflow/dags/trigger_rule.py took 0.119 seconds
[2022-06-09 22:12:11,597] {processor.py:153} INFO - Started process (PID=16719) to work on /home/smita/airflow/dags/trigger_rule.py
[2022-06-09 22:12:11,597] {processor.py:641} INFO - Processing file /home/smita/airflow/dags/trigger_rule.py for tasks to queue
[2022-06-09 22:12:11,598] {logging_mixin.py:115} INFO - [2022-06-09 22:12:11,598] {dagbag.py:507} INFO - Filling up the DagBag from /home/smita/airflow/dags/trigger_rule.py
[2022-06-09 22:12:11,609] {processor.py:653} WARNING - No viable dags retrieved from /home/smita/airflow/dags/trigger_rule.py
[2022-06-09 22:12:11,701] {processor.py:161} INFO - Processing /home/smita/airflow/dags/trigger_rule.py took 0.109 seconds
[2022-06-09 22:12:42,463] {processor.py:153} INFO - Started process (PID=17049) to work on /home/smita/airflow/dags/trigger_rule.py
[2022-06-09 22:12:42,463] {processor.py:641} INFO - Processing file /home/smita/airflow/dags/trigger_rule.py for tasks to queue
[2022-06-09 22:12:42,464] {logging_mixin.py:115} INFO - [2022-06-09 22:12:42,464] {dagbag.py:507} INFO - Filling up the DagBag from /home/smita/airflow/dags/trigger_rule.py
[2022-06-09 22:12:42,475] {processor.py:653} WARNING - No viable dags retrieved from /home/smita/airflow/dags/trigger_rule.py
[2022-06-09 22:12:42,570] {processor.py:161} INFO - Processing /home/smita/airflow/dags/trigger_rule.py took 0.112 seconds
[2022-06-09 22:13:12,811] {processor.py:153} INFO - Started process (PID=17364) to work on /home/smita/airflow/dags/trigger_rule.py
[2022-06-09 22:13:12,811] {processor.py:641} INFO - Processing file /home/smita/airflow/dags/trigger_rule.py for tasks to queue
[2022-06-09 22:13:12,812] {logging_mixin.py:115} INFO - [2022-06-09 22:13:12,812] {dagbag.py:507} INFO - Filling up the DagBag from /home/smita/airflow/dags/trigger_rule.py
[2022-06-09 22:13:12,825] {processor.py:653} WARNING - No viable dags retrieved from /home/smita/airflow/dags/trigger_rule.py
[2022-06-09 22:13:12,926] {processor.py:161} INFO - Processing /home/smita/airflow/dags/trigger_rule.py took 0.122 seconds
[2022-06-09 22:13:43,251] {processor.py:153} INFO - Started process (PID=17655) to work on /home/smita/airflow/dags/trigger_rule.py
[2022-06-09 22:13:43,252] {processor.py:641} INFO - Processing file /home/smita/airflow/dags/trigger_rule.py for tasks to queue
[2022-06-09 22:13:43,253] {logging_mixin.py:115} INFO - [2022-06-09 22:13:43,252] {dagbag.py:507} INFO - Filling up the DagBag from /home/smita/airflow/dags/trigger_rule.py
[2022-06-09 22:13:43,263] {processor.py:653} WARNING - No viable dags retrieved from /home/smita/airflow/dags/trigger_rule.py
[2022-06-09 22:13:43,360] {processor.py:161} INFO - Processing /home/smita/airflow/dags/trigger_rule.py took 0.116 seconds
[2022-06-09 22:14:13,601] {processor.py:153} INFO - Started process (PID=17981) to work on /home/smita/airflow/dags/trigger_rule.py
[2022-06-09 22:14:13,602] {processor.py:641} INFO - Processing file /home/smita/airflow/dags/trigger_rule.py for tasks to queue
[2022-06-09 22:14:13,603] {logging_mixin.py:115} INFO - [2022-06-09 22:14:13,603] {dagbag.py:507} INFO - Filling up the DagBag from /home/smita/airflow/dags/trigger_rule.py
[2022-06-09 22:14:13,613] {processor.py:653} WARNING - No viable dags retrieved from /home/smita/airflow/dags/trigger_rule.py
[2022-06-09 22:14:13,697] {processor.py:161} INFO - Processing /home/smita/airflow/dags/trigger_rule.py took 0.103 seconds
[2022-06-09 22:14:43,887] {processor.py:153} INFO - Started process (PID=18273) to work on /home/smita/airflow/dags/trigger_rule.py
[2022-06-09 22:14:43,888] {processor.py:641} INFO - Processing file /home/smita/airflow/dags/trigger_rule.py for tasks to queue
[2022-06-09 22:14:43,888] {logging_mixin.py:115} INFO - [2022-06-09 22:14:43,888] {dagbag.py:507} INFO - Filling up the DagBag from /home/smita/airflow/dags/trigger_rule.py
[2022-06-09 22:14:43,903] {processor.py:653} WARNING - No viable dags retrieved from /home/smita/airflow/dags/trigger_rule.py
[2022-06-09 22:14:44,079] {processor.py:161} INFO - Processing /home/smita/airflow/dags/trigger_rule.py took 0.198 seconds
[2022-06-09 22:15:54,981] {processor.py:153} INFO - Started process (PID=18415) to work on /home/smita/airflow/dags/trigger_rule.py
[2022-06-09 22:15:54,981] {processor.py:641} INFO - Processing file /home/smita/airflow/dags/trigger_rule.py for tasks to queue
[2022-06-09 22:15:54,982] {logging_mixin.py:115} INFO - [2022-06-09 22:15:54,982] {dagbag.py:507} INFO - Filling up the DagBag from /home/smita/airflow/dags/trigger_rule.py
[2022-06-09 22:15:54,999] {processor.py:653} WARNING - No viable dags retrieved from /home/smita/airflow/dags/trigger_rule.py
[2022-06-09 22:15:55,079] {processor.py:161} INFO - Processing /home/smita/airflow/dags/trigger_rule.py took 0.105 seconds
