[2022-06-09 19:13:00,675] {processor.py:153} INFO - Started process (PID=28108) to work on /home/smita/airflow/dags/user_processing.py
[2022-06-09 19:13:00,676] {processor.py:641} INFO - Processing file /home/smita/airflow/dags/user_processing.py for tasks to queue
[2022-06-09 19:13:00,677] {logging_mixin.py:115} INFO - [2022-06-09 19:13:00,677] {dagbag.py:507} INFO - Filling up the DagBag from /home/smita/airflow/dags/user_processing.py
[2022-06-09 19:13:01,297] {processor.py:651} INFO - DAG(s) dict_keys(['user_processing']) retrieved from /home/smita/airflow/dags/user_processing.py
[2022-06-09 19:13:01,472] {logging_mixin.py:115} INFO - [2022-06-09 19:13:01,472] {dag.py:2379} INFO - Sync 1 DAGs
[2022-06-09 19:13:01,517] {logging_mixin.py:115} INFO - [2022-06-09 19:13:01,516] {dag.py:2923} INFO - Setting next_dagrun for user_processing to 2022-06-08T00:00:00+00:00, run_after=2022-06-09T00:00:00+00:00
[2022-06-09 19:13:01,534] {processor.py:161} INFO - Processing /home/smita/airflow/dags/user_processing.py took 0.865 seconds
[2022-06-09 19:13:33,388] {processor.py:153} INFO - Started process (PID=28604) to work on /home/smita/airflow/dags/user_processing.py
[2022-06-09 19:13:33,389] {processor.py:641} INFO - Processing file /home/smita/airflow/dags/user_processing.py for tasks to queue
[2022-06-09 19:13:33,390] {logging_mixin.py:115} INFO - [2022-06-09 19:13:33,390] {dagbag.py:507} INFO - Filling up the DagBag from /home/smita/airflow/dags/user_processing.py
[2022-06-09 19:13:33,858] {processor.py:651} INFO - DAG(s) dict_keys(['user_processing']) retrieved from /home/smita/airflow/dags/user_processing.py
[2022-06-09 19:13:34,018] {logging_mixin.py:115} INFO - [2022-06-09 19:13:34,018] {dag.py:2379} INFO - Sync 1 DAGs
[2022-06-09 19:13:34,037] {logging_mixin.py:115} INFO - [2022-06-09 19:13:34,037] {dag.py:2923} INFO - Setting next_dagrun for user_processing to 2022-06-08T00:00:00+00:00, run_after=2022-06-09T00:00:00+00:00
[2022-06-09 19:13:34,051] {processor.py:161} INFO - Processing /home/smita/airflow/dags/user_processing.py took 0.667 seconds
[2022-06-09 19:14:04,593] {processor.py:153} INFO - Started process (PID=28913) to work on /home/smita/airflow/dags/user_processing.py
[2022-06-09 19:14:04,594] {processor.py:641} INFO - Processing file /home/smita/airflow/dags/user_processing.py for tasks to queue
[2022-06-09 19:14:04,595] {logging_mixin.py:115} INFO - [2022-06-09 19:14:04,595] {dagbag.py:507} INFO - Filling up the DagBag from /home/smita/airflow/dags/user_processing.py
[2022-06-09 19:14:05,081] {processor.py:651} INFO - DAG(s) dict_keys(['user_processing']) retrieved from /home/smita/airflow/dags/user_processing.py
[2022-06-09 19:14:05,254] {logging_mixin.py:115} INFO - [2022-06-09 19:14:05,254] {dag.py:2379} INFO - Sync 1 DAGs
[2022-06-09 19:14:05,278] {logging_mixin.py:115} INFO - [2022-06-09 19:14:05,278] {dag.py:2923} INFO - Setting next_dagrun for user_processing to 2022-06-08T00:00:00+00:00, run_after=2022-06-09T00:00:00+00:00
[2022-06-09 19:14:05,296] {processor.py:161} INFO - Processing /home/smita/airflow/dags/user_processing.py took 0.708 seconds
[2022-06-09 19:14:35,487] {processor.py:153} INFO - Started process (PID=29244) to work on /home/smita/airflow/dags/user_processing.py
[2022-06-09 19:14:35,488] {processor.py:641} INFO - Processing file /home/smita/airflow/dags/user_processing.py for tasks to queue
[2022-06-09 19:14:35,489] {logging_mixin.py:115} INFO - [2022-06-09 19:14:35,489] {dagbag.py:507} INFO - Filling up the DagBag from /home/smita/airflow/dags/user_processing.py
[2022-06-09 19:14:35,996] {processor.py:651} INFO - DAG(s) dict_keys(['user_processing']) retrieved from /home/smita/airflow/dags/user_processing.py
[2022-06-09 19:14:36,214] {logging_mixin.py:115} INFO - [2022-06-09 19:14:36,213] {dag.py:2379} INFO - Sync 1 DAGs
[2022-06-09 19:14:36,240] {logging_mixin.py:115} INFO - [2022-06-09 19:14:36,240] {dag.py:2923} INFO - Setting next_dagrun for user_processing to 2022-06-08T00:00:00+00:00, run_after=2022-06-09T00:00:00+00:00
[2022-06-09 19:14:36,255] {processor.py:161} INFO - Processing /home/smita/airflow/dags/user_processing.py took 0.773 seconds
[2022-06-09 19:15:06,946] {processor.py:153} INFO - Started process (PID=29553) to work on /home/smita/airflow/dags/user_processing.py
[2022-06-09 19:15:06,947] {processor.py:641} INFO - Processing file /home/smita/airflow/dags/user_processing.py for tasks to queue
[2022-06-09 19:15:06,947] {logging_mixin.py:115} INFO - [2022-06-09 19:15:06,947] {dagbag.py:507} INFO - Filling up the DagBag from /home/smita/airflow/dags/user_processing.py
[2022-06-09 19:15:07,393] {processor.py:651} INFO - DAG(s) dict_keys(['user_processing']) retrieved from /home/smita/airflow/dags/user_processing.py
[2022-06-09 19:15:07,535] {logging_mixin.py:115} INFO - [2022-06-09 19:15:07,535] {dag.py:2379} INFO - Sync 1 DAGs
[2022-06-09 19:15:07,556] {logging_mixin.py:115} INFO - [2022-06-09 19:15:07,556] {dag.py:2923} INFO - Setting next_dagrun for user_processing to 2022-06-08T00:00:00+00:00, run_after=2022-06-09T00:00:00+00:00
[2022-06-09 19:15:07,570] {processor.py:161} INFO - Processing /home/smita/airflow/dags/user_processing.py took 0.629 seconds
[2022-06-09 19:15:37,920] {processor.py:153} INFO - Started process (PID=29854) to work on /home/smita/airflow/dags/user_processing.py
[2022-06-09 19:15:37,920] {processor.py:641} INFO - Processing file /home/smita/airflow/dags/user_processing.py for tasks to queue
[2022-06-09 19:15:37,921] {logging_mixin.py:115} INFO - [2022-06-09 19:15:37,921] {dagbag.py:507} INFO - Filling up the DagBag from /home/smita/airflow/dags/user_processing.py
[2022-06-09 19:15:38,500] {processor.py:651} INFO - DAG(s) dict_keys(['user_processing']) retrieved from /home/smita/airflow/dags/user_processing.py
[2022-06-09 19:15:38,667] {logging_mixin.py:115} INFO - [2022-06-09 19:15:38,667] {dag.py:2379} INFO - Sync 1 DAGs
[2022-06-09 19:15:38,693] {logging_mixin.py:115} INFO - [2022-06-09 19:15:38,693] {dag.py:2923} INFO - Setting next_dagrun for user_processing to 2022-06-08T00:00:00+00:00, run_after=2022-06-09T00:00:00+00:00
[2022-06-09 19:15:38,711] {processor.py:161} INFO - Processing /home/smita/airflow/dags/user_processing.py took 0.796 seconds
[2022-06-09 19:16:08,904] {processor.py:153} INFO - Started process (PID=30153) to work on /home/smita/airflow/dags/user_processing.py
[2022-06-09 19:16:08,904] {processor.py:641} INFO - Processing file /home/smita/airflow/dags/user_processing.py for tasks to queue
[2022-06-09 19:16:08,905] {logging_mixin.py:115} INFO - [2022-06-09 19:16:08,905] {dagbag.py:507} INFO - Filling up the DagBag from /home/smita/airflow/dags/user_processing.py
[2022-06-09 19:16:09,437] {processor.py:651} INFO - DAG(s) dict_keys(['user_processing']) retrieved from /home/smita/airflow/dags/user_processing.py
[2022-06-09 19:16:09,590] {logging_mixin.py:115} INFO - [2022-06-09 19:16:09,590] {dag.py:2379} INFO - Sync 1 DAGs
[2022-06-09 19:16:09,614] {logging_mixin.py:115} INFO - [2022-06-09 19:16:09,614] {dag.py:2923} INFO - Setting next_dagrun for user_processing to 2022-06-08T00:00:00+00:00, run_after=2022-06-09T00:00:00+00:00
[2022-06-09 19:16:09,629] {processor.py:161} INFO - Processing /home/smita/airflow/dags/user_processing.py took 0.731 seconds
[2022-06-09 19:16:39,945] {processor.py:153} INFO - Started process (PID=30471) to work on /home/smita/airflow/dags/user_processing.py
[2022-06-09 19:16:39,946] {processor.py:641} INFO - Processing file /home/smita/airflow/dags/user_processing.py for tasks to queue
[2022-06-09 19:16:39,947] {logging_mixin.py:115} INFO - [2022-06-09 19:16:39,947] {dagbag.py:507} INFO - Filling up the DagBag from /home/smita/airflow/dags/user_processing.py
[2022-06-09 19:16:40,459] {processor.py:651} INFO - DAG(s) dict_keys(['user_processing']) retrieved from /home/smita/airflow/dags/user_processing.py
[2022-06-09 19:16:40,627] {logging_mixin.py:115} INFO - [2022-06-09 19:16:40,627] {dag.py:2379} INFO - Sync 1 DAGs
[2022-06-09 19:16:40,651] {logging_mixin.py:115} INFO - [2022-06-09 19:16:40,651] {dag.py:2923} INFO - Setting next_dagrun for user_processing to 2022-06-08T00:00:00+00:00, run_after=2022-06-09T00:00:00+00:00
[2022-06-09 19:16:40,669] {processor.py:161} INFO - Processing /home/smita/airflow/dags/user_processing.py took 0.729 seconds
[2022-06-09 19:17:11,336] {processor.py:153} INFO - Started process (PID=30784) to work on /home/smita/airflow/dags/user_processing.py
[2022-06-09 19:17:11,337] {processor.py:641} INFO - Processing file /home/smita/airflow/dags/user_processing.py for tasks to queue
[2022-06-09 19:17:11,338] {logging_mixin.py:115} INFO - [2022-06-09 19:17:11,338] {dagbag.py:507} INFO - Filling up the DagBag from /home/smita/airflow/dags/user_processing.py
[2022-06-09 19:17:11,840] {processor.py:651} INFO - DAG(s) dict_keys(['user_processing']) retrieved from /home/smita/airflow/dags/user_processing.py
[2022-06-09 19:17:12,028] {logging_mixin.py:115} INFO - [2022-06-09 19:17:12,028] {dag.py:2379} INFO - Sync 1 DAGs
[2022-06-09 19:17:12,053] {logging_mixin.py:115} INFO - [2022-06-09 19:17:12,053] {dag.py:2923} INFO - Setting next_dagrun for user_processing to 2022-06-08T00:00:00+00:00, run_after=2022-06-09T00:00:00+00:00
[2022-06-09 19:17:12,072] {processor.py:161} INFO - Processing /home/smita/airflow/dags/user_processing.py took 0.743 seconds
[2022-06-09 19:17:42,323] {processor.py:153} INFO - Started process (PID=31096) to work on /home/smita/airflow/dags/user_processing.py
[2022-06-09 19:17:42,324] {processor.py:641} INFO - Processing file /home/smita/airflow/dags/user_processing.py for tasks to queue
[2022-06-09 19:17:42,324] {logging_mixin.py:115} INFO - [2022-06-09 19:17:42,324] {dagbag.py:507} INFO - Filling up the DagBag from /home/smita/airflow/dags/user_processing.py
[2022-06-09 19:17:42,847] {processor.py:651} INFO - DAG(s) dict_keys(['user_processing']) retrieved from /home/smita/airflow/dags/user_processing.py
[2022-06-09 19:17:43,013] {logging_mixin.py:115} INFO - [2022-06-09 19:17:43,012] {dag.py:2379} INFO - Sync 1 DAGs
[2022-06-09 19:17:43,036] {logging_mixin.py:115} INFO - [2022-06-09 19:17:43,036] {dag.py:2923} INFO - Setting next_dagrun for user_processing to 2022-06-08T00:00:00+00:00, run_after=2022-06-09T00:00:00+00:00
[2022-06-09 19:17:43,050] {processor.py:161} INFO - Processing /home/smita/airflow/dags/user_processing.py took 0.731 seconds
[2022-06-09 19:18:13,438] {processor.py:153} INFO - Started process (PID=31408) to work on /home/smita/airflow/dags/user_processing.py
[2022-06-09 19:18:13,438] {processor.py:641} INFO - Processing file /home/smita/airflow/dags/user_processing.py for tasks to queue
[2022-06-09 19:18:13,439] {logging_mixin.py:115} INFO - [2022-06-09 19:18:13,439] {dagbag.py:507} INFO - Filling up the DagBag from /home/smita/airflow/dags/user_processing.py
[2022-06-09 19:18:13,987] {processor.py:651} INFO - DAG(s) dict_keys(['user_processing']) retrieved from /home/smita/airflow/dags/user_processing.py
[2022-06-09 19:18:14,156] {logging_mixin.py:115} INFO - [2022-06-09 19:18:14,155] {dag.py:2379} INFO - Sync 1 DAGs
[2022-06-09 19:18:14,177] {logging_mixin.py:115} INFO - [2022-06-09 19:18:14,177] {dag.py:2923} INFO - Setting next_dagrun for user_processing to 2022-06-08T00:00:00+00:00, run_after=2022-06-09T00:00:00+00:00
[2022-06-09 19:18:14,193] {processor.py:161} INFO - Processing /home/smita/airflow/dags/user_processing.py took 0.761 seconds
[2022-06-09 19:18:44,368] {processor.py:153} INFO - Started process (PID=31720) to work on /home/smita/airflow/dags/user_processing.py
[2022-06-09 19:18:44,369] {processor.py:641} INFO - Processing file /home/smita/airflow/dags/user_processing.py for tasks to queue
[2022-06-09 19:18:44,369] {logging_mixin.py:115} INFO - [2022-06-09 19:18:44,369] {dagbag.py:507} INFO - Filling up the DagBag from /home/smita/airflow/dags/user_processing.py
[2022-06-09 19:18:44,891] {processor.py:651} INFO - DAG(s) dict_keys(['user_processing']) retrieved from /home/smita/airflow/dags/user_processing.py
[2022-06-09 19:18:45,079] {logging_mixin.py:115} INFO - [2022-06-09 19:18:45,079] {dag.py:2379} INFO - Sync 1 DAGs
[2022-06-09 19:18:45,109] {logging_mixin.py:115} INFO - [2022-06-09 19:18:45,108] {dag.py:2923} INFO - Setting next_dagrun for user_processing to 2022-06-08T00:00:00+00:00, run_after=2022-06-09T00:00:00+00:00
[2022-06-09 19:18:45,124] {processor.py:161} INFO - Processing /home/smita/airflow/dags/user_processing.py took 0.762 seconds
[2022-06-09 19:19:15,312] {processor.py:153} INFO - Started process (PID=32038) to work on /home/smita/airflow/dags/user_processing.py
[2022-06-09 19:19:15,313] {processor.py:641} INFO - Processing file /home/smita/airflow/dags/user_processing.py for tasks to queue
[2022-06-09 19:19:15,313] {logging_mixin.py:115} INFO - [2022-06-09 19:19:15,313] {dagbag.py:507} INFO - Filling up the DagBag from /home/smita/airflow/dags/user_processing.py
[2022-06-09 19:19:15,777] {processor.py:651} INFO - DAG(s) dict_keys(['user_processing']) retrieved from /home/smita/airflow/dags/user_processing.py
[2022-06-09 19:19:15,955] {logging_mixin.py:115} INFO - [2022-06-09 19:19:15,955] {dag.py:2379} INFO - Sync 1 DAGs
[2022-06-09 19:19:15,989] {logging_mixin.py:115} INFO - [2022-06-09 19:19:15,989] {dag.py:2923} INFO - Setting next_dagrun for user_processing to 2022-06-08T00:00:00+00:00, run_after=2022-06-09T00:00:00+00:00
[2022-06-09 19:19:16,009] {processor.py:161} INFO - Processing /home/smita/airflow/dags/user_processing.py took 0.702 seconds
[2022-06-09 19:19:46,164] {processor.py:153} INFO - Started process (PID=32358) to work on /home/smita/airflow/dags/user_processing.py
[2022-06-09 19:19:46,165] {processor.py:641} INFO - Processing file /home/smita/airflow/dags/user_processing.py for tasks to queue
[2022-06-09 19:19:46,166] {logging_mixin.py:115} INFO - [2022-06-09 19:19:46,166] {dagbag.py:507} INFO - Filling up the DagBag from /home/smita/airflow/dags/user_processing.py
[2022-06-09 19:19:46,732] {processor.py:651} INFO - DAG(s) dict_keys(['user_processing']) retrieved from /home/smita/airflow/dags/user_processing.py
[2022-06-09 19:19:46,891] {logging_mixin.py:115} INFO - [2022-06-09 19:19:46,891] {dag.py:2379} INFO - Sync 1 DAGs
[2022-06-09 19:19:46,916] {logging_mixin.py:115} INFO - [2022-06-09 19:19:46,916] {dag.py:2923} INFO - Setting next_dagrun for user_processing to 2022-06-08T00:00:00+00:00, run_after=2022-06-09T00:00:00+00:00
[2022-06-09 19:19:46,934] {processor.py:161} INFO - Processing /home/smita/airflow/dags/user_processing.py took 0.775 seconds
[2022-06-09 19:20:17,058] {processor.py:153} INFO - Started process (PID=32677) to work on /home/smita/airflow/dags/user_processing.py
[2022-06-09 19:20:17,059] {processor.py:641} INFO - Processing file /home/smita/airflow/dags/user_processing.py for tasks to queue
[2022-06-09 19:20:17,060] {logging_mixin.py:115} INFO - [2022-06-09 19:20:17,060] {dagbag.py:507} INFO - Filling up the DagBag from /home/smita/airflow/dags/user_processing.py
[2022-06-09 19:20:17,554] {processor.py:651} INFO - DAG(s) dict_keys(['user_processing']) retrieved from /home/smita/airflow/dags/user_processing.py
[2022-06-09 19:20:17,707] {logging_mixin.py:115} INFO - [2022-06-09 19:20:17,706] {dag.py:2379} INFO - Sync 1 DAGs
[2022-06-09 19:20:17,731] {logging_mixin.py:115} INFO - [2022-06-09 19:20:17,731] {dag.py:2923} INFO - Setting next_dagrun for user_processing to 2022-06-08T00:00:00+00:00, run_after=2022-06-09T00:00:00+00:00
[2022-06-09 19:20:17,752] {processor.py:161} INFO - Processing /home/smita/airflow/dags/user_processing.py took 0.700 seconds
[2022-06-09 19:20:48,417] {processor.py:153} INFO - Started process (PID=238) to work on /home/smita/airflow/dags/user_processing.py
[2022-06-09 19:20:48,418] {processor.py:641} INFO - Processing file /home/smita/airflow/dags/user_processing.py for tasks to queue
[2022-06-09 19:20:48,419] {logging_mixin.py:115} INFO - [2022-06-09 19:20:48,418] {dagbag.py:507} INFO - Filling up the DagBag from /home/smita/airflow/dags/user_processing.py
[2022-06-09 19:20:48,949] {processor.py:651} INFO - DAG(s) dict_keys(['user_processing']) retrieved from /home/smita/airflow/dags/user_processing.py
[2022-06-09 19:20:49,113] {logging_mixin.py:115} INFO - [2022-06-09 19:20:49,112] {dag.py:2379} INFO - Sync 1 DAGs
[2022-06-09 19:20:49,135] {logging_mixin.py:115} INFO - [2022-06-09 19:20:49,135] {dag.py:2923} INFO - Setting next_dagrun for user_processing to 2022-06-08T00:00:00+00:00, run_after=2022-06-09T00:00:00+00:00
[2022-06-09 19:20:49,149] {processor.py:161} INFO - Processing /home/smita/airflow/dags/user_processing.py took 0.738 seconds
[2022-06-09 19:21:19,845] {processor.py:153} INFO - Started process (PID=553) to work on /home/smita/airflow/dags/user_processing.py
[2022-06-09 19:21:19,846] {processor.py:641} INFO - Processing file /home/smita/airflow/dags/user_processing.py for tasks to queue
[2022-06-09 19:21:19,848] {logging_mixin.py:115} INFO - [2022-06-09 19:21:19,847] {dagbag.py:507} INFO - Filling up the DagBag from /home/smita/airflow/dags/user_processing.py
[2022-06-09 19:21:20,429] {processor.py:651} INFO - DAG(s) dict_keys(['user_processing']) retrieved from /home/smita/airflow/dags/user_processing.py
[2022-06-09 19:21:20,594] {logging_mixin.py:115} INFO - [2022-06-09 19:21:20,593] {dag.py:2379} INFO - Sync 1 DAGs
[2022-06-09 19:21:20,617] {logging_mixin.py:115} INFO - [2022-06-09 19:21:20,617] {dag.py:2923} INFO - Setting next_dagrun for user_processing to 2022-06-08T00:00:00+00:00, run_after=2022-06-09T00:00:00+00:00
[2022-06-09 19:21:20,635] {processor.py:161} INFO - Processing /home/smita/airflow/dags/user_processing.py took 0.799 seconds
[2022-06-09 19:21:50,933] {processor.py:153} INFO - Started process (PID=869) to work on /home/smita/airflow/dags/user_processing.py
[2022-06-09 19:21:50,934] {processor.py:641} INFO - Processing file /home/smita/airflow/dags/user_processing.py for tasks to queue
[2022-06-09 19:21:50,934] {logging_mixin.py:115} INFO - [2022-06-09 19:21:50,934] {dagbag.py:507} INFO - Filling up the DagBag from /home/smita/airflow/dags/user_processing.py
[2022-06-09 19:21:51,466] {processor.py:651} INFO - DAG(s) dict_keys(['user_processing']) retrieved from /home/smita/airflow/dags/user_processing.py
[2022-06-09 19:21:51,627] {logging_mixin.py:115} INFO - [2022-06-09 19:21:51,627] {dag.py:2379} INFO - Sync 1 DAGs
[2022-06-09 19:21:51,652] {logging_mixin.py:115} INFO - [2022-06-09 19:21:51,652] {dag.py:2923} INFO - Setting next_dagrun for user_processing to 2022-06-08T00:00:00+00:00, run_after=2022-06-09T00:00:00+00:00
[2022-06-09 19:21:51,670] {processor.py:161} INFO - Processing /home/smita/airflow/dags/user_processing.py took 0.741 seconds
[2022-06-09 19:22:22,330] {processor.py:153} INFO - Started process (PID=1187) to work on /home/smita/airflow/dags/user_processing.py
[2022-06-09 19:22:22,331] {processor.py:641} INFO - Processing file /home/smita/airflow/dags/user_processing.py for tasks to queue
[2022-06-09 19:22:22,332] {logging_mixin.py:115} INFO - [2022-06-09 19:22:22,331] {dagbag.py:507} INFO - Filling up the DagBag from /home/smita/airflow/dags/user_processing.py
[2022-06-09 19:22:22,808] {processor.py:651} INFO - DAG(s) dict_keys(['user_processing']) retrieved from /home/smita/airflow/dags/user_processing.py
[2022-06-09 19:22:23,005] {logging_mixin.py:115} INFO - [2022-06-09 19:22:23,005] {dag.py:2379} INFO - Sync 1 DAGs
[2022-06-09 19:22:23,035] {logging_mixin.py:115} INFO - [2022-06-09 19:22:23,035] {dag.py:2923} INFO - Setting next_dagrun for user_processing to 2022-06-08T00:00:00+00:00, run_after=2022-06-09T00:00:00+00:00
[2022-06-09 19:22:23,050] {processor.py:161} INFO - Processing /home/smita/airflow/dags/user_processing.py took 0.725 seconds
[2022-06-09 19:22:53,377] {processor.py:153} INFO - Started process (PID=1499) to work on /home/smita/airflow/dags/user_processing.py
[2022-06-09 19:22:53,378] {processor.py:641} INFO - Processing file /home/smita/airflow/dags/user_processing.py for tasks to queue
[2022-06-09 19:22:53,379] {logging_mixin.py:115} INFO - [2022-06-09 19:22:53,379] {dagbag.py:507} INFO - Filling up the DagBag from /home/smita/airflow/dags/user_processing.py
[2022-06-09 19:22:53,915] {processor.py:651} INFO - DAG(s) dict_keys(['user_processing']) retrieved from /home/smita/airflow/dags/user_processing.py
[2022-06-09 19:22:54,067] {logging_mixin.py:115} INFO - [2022-06-09 19:22:54,067] {dag.py:2379} INFO - Sync 1 DAGs
[2022-06-09 19:22:54,098] {logging_mixin.py:115} INFO - [2022-06-09 19:22:54,098] {dag.py:2923} INFO - Setting next_dagrun for user_processing to 2022-06-08T00:00:00+00:00, run_after=2022-06-09T00:00:00+00:00
[2022-06-09 19:22:54,112] {processor.py:161} INFO - Processing /home/smita/airflow/dags/user_processing.py took 0.742 seconds
[2022-06-09 19:23:24,405] {processor.py:153} INFO - Started process (PID=1813) to work on /home/smita/airflow/dags/user_processing.py
[2022-06-09 19:23:24,406] {processor.py:641} INFO - Processing file /home/smita/airflow/dags/user_processing.py for tasks to queue
[2022-06-09 19:23:24,407] {logging_mixin.py:115} INFO - [2022-06-09 19:23:24,406] {dagbag.py:507} INFO - Filling up the DagBag from /home/smita/airflow/dags/user_processing.py
[2022-06-09 19:23:24,930] {processor.py:651} INFO - DAG(s) dict_keys(['user_processing']) retrieved from /home/smita/airflow/dags/user_processing.py
[2022-06-09 19:23:25,088] {logging_mixin.py:115} INFO - [2022-06-09 19:23:25,088] {dag.py:2379} INFO - Sync 1 DAGs
[2022-06-09 19:23:25,114] {logging_mixin.py:115} INFO - [2022-06-09 19:23:25,114] {dag.py:2923} INFO - Setting next_dagrun for user_processing to 2022-06-08T00:00:00+00:00, run_after=2022-06-09T00:00:00+00:00
[2022-06-09 19:23:25,125] {processor.py:161} INFO - Processing /home/smita/airflow/dags/user_processing.py took 0.729 seconds
[2022-06-09 19:23:55,330] {processor.py:153} INFO - Started process (PID=2127) to work on /home/smita/airflow/dags/user_processing.py
[2022-06-09 19:23:55,331] {processor.py:641} INFO - Processing file /home/smita/airflow/dags/user_processing.py for tasks to queue
[2022-06-09 19:23:55,331] {logging_mixin.py:115} INFO - [2022-06-09 19:23:55,331] {dagbag.py:507} INFO - Filling up the DagBag from /home/smita/airflow/dags/user_processing.py
[2022-06-09 19:23:55,846] {processor.py:651} INFO - DAG(s) dict_keys(['user_processing']) retrieved from /home/smita/airflow/dags/user_processing.py
[2022-06-09 19:23:56,034] {logging_mixin.py:115} INFO - [2022-06-09 19:23:56,034] {dag.py:2379} INFO - Sync 1 DAGs
[2022-06-09 19:23:56,055] {logging_mixin.py:115} INFO - [2022-06-09 19:23:56,055] {dag.py:2923} INFO - Setting next_dagrun for user_processing to 2022-06-08T00:00:00+00:00, run_after=2022-06-09T00:00:00+00:00
[2022-06-09 19:23:56,072] {processor.py:161} INFO - Processing /home/smita/airflow/dags/user_processing.py took 0.748 seconds
[2022-06-09 19:24:26,815] {processor.py:153} INFO - Started process (PID=2440) to work on /home/smita/airflow/dags/user_processing.py
[2022-06-09 19:24:26,815] {processor.py:641} INFO - Processing file /home/smita/airflow/dags/user_processing.py for tasks to queue
[2022-06-09 19:24:26,816] {logging_mixin.py:115} INFO - [2022-06-09 19:24:26,816] {dagbag.py:507} INFO - Filling up the DagBag from /home/smita/airflow/dags/user_processing.py
[2022-06-09 19:24:27,288] {processor.py:651} INFO - DAG(s) dict_keys(['user_processing']) retrieved from /home/smita/airflow/dags/user_processing.py
[2022-06-09 19:24:27,441] {logging_mixin.py:115} INFO - [2022-06-09 19:24:27,441] {dag.py:2379} INFO - Sync 1 DAGs
[2022-06-09 19:24:27,464] {logging_mixin.py:115} INFO - [2022-06-09 19:24:27,464] {dag.py:2923} INFO - Setting next_dagrun for user_processing to 2022-06-08T00:00:00+00:00, run_after=2022-06-09T00:00:00+00:00
[2022-06-09 19:24:27,479] {processor.py:161} INFO - Processing /home/smita/airflow/dags/user_processing.py took 0.671 seconds
[2022-06-09 19:24:58,018] {processor.py:153} INFO - Started process (PID=2777) to work on /home/smita/airflow/dags/user_processing.py
[2022-06-09 19:24:58,019] {processor.py:641} INFO - Processing file /home/smita/airflow/dags/user_processing.py for tasks to queue
[2022-06-09 19:24:58,019] {logging_mixin.py:115} INFO - [2022-06-09 19:24:58,019] {dagbag.py:507} INFO - Filling up the DagBag from /home/smita/airflow/dags/user_processing.py
[2022-06-09 19:24:58,487] {processor.py:651} INFO - DAG(s) dict_keys(['user_processing']) retrieved from /home/smita/airflow/dags/user_processing.py
[2022-06-09 19:24:58,640] {logging_mixin.py:115} INFO - [2022-06-09 19:24:58,640] {dag.py:2379} INFO - Sync 1 DAGs
[2022-06-09 19:24:58,660] {logging_mixin.py:115} INFO - [2022-06-09 19:24:58,660] {dag.py:2923} INFO - Setting next_dagrun for user_processing to 2022-06-08T00:00:00+00:00, run_after=2022-06-09T00:00:00+00:00
[2022-06-09 19:24:58,674] {processor.py:161} INFO - Processing /home/smita/airflow/dags/user_processing.py took 0.663 seconds
[2022-06-09 19:25:29,151] {processor.py:153} INFO - Started process (PID=3113) to work on /home/smita/airflow/dags/user_processing.py
[2022-06-09 19:25:29,151] {processor.py:641} INFO - Processing file /home/smita/airflow/dags/user_processing.py for tasks to queue
[2022-06-09 19:25:29,152] {logging_mixin.py:115} INFO - [2022-06-09 19:25:29,152] {dagbag.py:507} INFO - Filling up the DagBag from /home/smita/airflow/dags/user_processing.py
[2022-06-09 19:25:29,619] {processor.py:651} INFO - DAG(s) dict_keys(['user_processing']) retrieved from /home/smita/airflow/dags/user_processing.py
[2022-06-09 19:25:29,769] {logging_mixin.py:115} INFO - [2022-06-09 19:25:29,769] {dag.py:2379} INFO - Sync 1 DAGs
[2022-06-09 19:25:29,798] {logging_mixin.py:115} INFO - [2022-06-09 19:25:29,798] {dag.py:2923} INFO - Setting next_dagrun for user_processing to 2022-06-08T00:00:00+00:00, run_after=2022-06-09T00:00:00+00:00
[2022-06-09 19:25:29,813] {processor.py:161} INFO - Processing /home/smita/airflow/dags/user_processing.py took 0.667 seconds
[2022-06-09 19:26:00,227] {processor.py:153} INFO - Started process (PID=3447) to work on /home/smita/airflow/dags/user_processing.py
[2022-06-09 19:26:00,228] {processor.py:641} INFO - Processing file /home/smita/airflow/dags/user_processing.py for tasks to queue
[2022-06-09 19:26:00,228] {logging_mixin.py:115} INFO - [2022-06-09 19:26:00,228] {dagbag.py:507} INFO - Filling up the DagBag from /home/smita/airflow/dags/user_processing.py
[2022-06-09 19:26:00,695] {processor.py:651} INFO - DAG(s) dict_keys(['user_processing']) retrieved from /home/smita/airflow/dags/user_processing.py
[2022-06-09 19:26:00,848] {logging_mixin.py:115} INFO - [2022-06-09 19:26:00,847] {dag.py:2379} INFO - Sync 1 DAGs
[2022-06-09 19:26:00,871] {logging_mixin.py:115} INFO - [2022-06-09 19:26:00,871] {dag.py:2923} INFO - Setting next_dagrun for user_processing to 2022-06-08T00:00:00+00:00, run_after=2022-06-09T00:00:00+00:00
[2022-06-09 19:26:00,885] {processor.py:161} INFO - Processing /home/smita/airflow/dags/user_processing.py took 0.663 seconds
[2022-06-09 19:26:31,145] {processor.py:153} INFO - Started process (PID=3781) to work on /home/smita/airflow/dags/user_processing.py
[2022-06-09 19:26:31,146] {processor.py:641} INFO - Processing file /home/smita/airflow/dags/user_processing.py for tasks to queue
[2022-06-09 19:26:31,147] {logging_mixin.py:115} INFO - [2022-06-09 19:26:31,147] {dagbag.py:507} INFO - Filling up the DagBag from /home/smita/airflow/dags/user_processing.py
[2022-06-09 19:26:31,694] {processor.py:651} INFO - DAG(s) dict_keys(['user_processing']) retrieved from /home/smita/airflow/dags/user_processing.py
[2022-06-09 19:26:31,842] {logging_mixin.py:115} INFO - [2022-06-09 19:26:31,842] {dag.py:2379} INFO - Sync 1 DAGs
[2022-06-09 19:26:31,864] {logging_mixin.py:115} INFO - [2022-06-09 19:26:31,864] {dag.py:2923} INFO - Setting next_dagrun for user_processing to 2022-06-08T00:00:00+00:00, run_after=2022-06-09T00:00:00+00:00
[2022-06-09 19:26:31,876] {processor.py:161} INFO - Processing /home/smita/airflow/dags/user_processing.py took 0.736 seconds
[2022-06-09 19:27:02,504] {processor.py:153} INFO - Started process (PID=4120) to work on /home/smita/airflow/dags/user_processing.py
[2022-06-09 19:27:02,504] {processor.py:641} INFO - Processing file /home/smita/airflow/dags/user_processing.py for tasks to queue
[2022-06-09 19:27:02,505] {logging_mixin.py:115} INFO - [2022-06-09 19:27:02,505] {dagbag.py:507} INFO - Filling up the DagBag from /home/smita/airflow/dags/user_processing.py
[2022-06-09 19:27:03,003] {processor.py:651} INFO - DAG(s) dict_keys(['user_processing']) retrieved from /home/smita/airflow/dags/user_processing.py
[2022-06-09 19:27:03,159] {logging_mixin.py:115} INFO - [2022-06-09 19:27:03,158] {dag.py:2379} INFO - Sync 1 DAGs
[2022-06-09 19:27:03,178] {logging_mixin.py:115} INFO - [2022-06-09 19:27:03,178] {dag.py:2923} INFO - Setting next_dagrun for user_processing to 2022-06-08T00:00:00+00:00, run_after=2022-06-09T00:00:00+00:00
[2022-06-09 19:27:03,194] {processor.py:161} INFO - Processing /home/smita/airflow/dags/user_processing.py took 0.697 seconds
[2022-06-09 19:27:33,643] {processor.py:153} INFO - Started process (PID=4453) to work on /home/smita/airflow/dags/user_processing.py
[2022-06-09 19:27:33,644] {processor.py:641} INFO - Processing file /home/smita/airflow/dags/user_processing.py for tasks to queue
[2022-06-09 19:27:33,644] {logging_mixin.py:115} INFO - [2022-06-09 19:27:33,644] {dagbag.py:507} INFO - Filling up the DagBag from /home/smita/airflow/dags/user_processing.py
[2022-06-09 19:27:34,108] {processor.py:651} INFO - DAG(s) dict_keys(['user_processing']) retrieved from /home/smita/airflow/dags/user_processing.py
[2022-06-09 19:27:34,256] {logging_mixin.py:115} INFO - [2022-06-09 19:27:34,255] {dag.py:2379} INFO - Sync 1 DAGs
[2022-06-09 19:27:34,279] {logging_mixin.py:115} INFO - [2022-06-09 19:27:34,279] {dag.py:2923} INFO - Setting next_dagrun for user_processing to 2022-06-08T00:00:00+00:00, run_after=2022-06-09T00:00:00+00:00
[2022-06-09 19:27:34,291] {processor.py:161} INFO - Processing /home/smita/airflow/dags/user_processing.py took 0.652 seconds
[2022-06-09 19:28:04,646] {processor.py:153} INFO - Started process (PID=4786) to work on /home/smita/airflow/dags/user_processing.py
[2022-06-09 19:28:04,646] {processor.py:641} INFO - Processing file /home/smita/airflow/dags/user_processing.py for tasks to queue
[2022-06-09 19:28:04,647] {logging_mixin.py:115} INFO - [2022-06-09 19:28:04,647] {dagbag.py:507} INFO - Filling up the DagBag from /home/smita/airflow/dags/user_processing.py
[2022-06-09 19:28:05,142] {processor.py:651} INFO - DAG(s) dict_keys(['user_processing']) retrieved from /home/smita/airflow/dags/user_processing.py
[2022-06-09 19:28:05,298] {logging_mixin.py:115} INFO - [2022-06-09 19:28:05,297] {dag.py:2379} INFO - Sync 1 DAGs
[2022-06-09 19:28:05,323] {logging_mixin.py:115} INFO - [2022-06-09 19:28:05,323] {dag.py:2923} INFO - Setting next_dagrun for user_processing to 2022-06-08T00:00:00+00:00, run_after=2022-06-09T00:00:00+00:00
[2022-06-09 19:28:05,335] {processor.py:161} INFO - Processing /home/smita/airflow/dags/user_processing.py took 0.694 seconds
[2022-06-09 19:28:36,208] {processor.py:153} INFO - Started process (PID=5126) to work on /home/smita/airflow/dags/user_processing.py
[2022-06-09 19:28:36,208] {processor.py:641} INFO - Processing file /home/smita/airflow/dags/user_processing.py for tasks to queue
[2022-06-09 19:28:36,209] {logging_mixin.py:115} INFO - [2022-06-09 19:28:36,209] {dagbag.py:507} INFO - Filling up the DagBag from /home/smita/airflow/dags/user_processing.py
[2022-06-09 19:28:36,655] {processor.py:651} INFO - DAG(s) dict_keys(['user_processing']) retrieved from /home/smita/airflow/dags/user_processing.py
[2022-06-09 19:28:36,802] {logging_mixin.py:115} INFO - [2022-06-09 19:28:36,802] {dag.py:2379} INFO - Sync 1 DAGs
[2022-06-09 19:28:36,823] {logging_mixin.py:115} INFO - [2022-06-09 19:28:36,823] {dag.py:2923} INFO - Setting next_dagrun for user_processing to 2022-06-08T00:00:00+00:00, run_after=2022-06-09T00:00:00+00:00
[2022-06-09 19:28:36,833] {processor.py:161} INFO - Processing /home/smita/airflow/dags/user_processing.py took 0.631 seconds
[2022-06-09 19:29:07,267] {processor.py:153} INFO - Started process (PID=5466) to work on /home/smita/airflow/dags/user_processing.py
[2022-06-09 19:29:07,268] {processor.py:641} INFO - Processing file /home/smita/airflow/dags/user_processing.py for tasks to queue
[2022-06-09 19:29:07,269] {logging_mixin.py:115} INFO - [2022-06-09 19:29:07,269] {dagbag.py:507} INFO - Filling up the DagBag from /home/smita/airflow/dags/user_processing.py
[2022-06-09 19:29:07,754] {processor.py:651} INFO - DAG(s) dict_keys(['user_processing']) retrieved from /home/smita/airflow/dags/user_processing.py
[2022-06-09 19:29:07,920] {logging_mixin.py:115} INFO - [2022-06-09 19:29:07,919] {dag.py:2379} INFO - Sync 1 DAGs
[2022-06-09 19:29:07,950] {logging_mixin.py:115} INFO - [2022-06-09 19:29:07,950] {dag.py:2923} INFO - Setting next_dagrun for user_processing to 2022-06-08T00:00:00+00:00, run_after=2022-06-09T00:00:00+00:00
[2022-06-09 19:29:07,966] {processor.py:161} INFO - Processing /home/smita/airflow/dags/user_processing.py took 0.705 seconds
[2022-06-09 19:29:38,385] {processor.py:153} INFO - Started process (PID=5796) to work on /home/smita/airflow/dags/user_processing.py
[2022-06-09 19:29:38,386] {processor.py:641} INFO - Processing file /home/smita/airflow/dags/user_processing.py for tasks to queue
[2022-06-09 19:29:38,388] {logging_mixin.py:115} INFO - [2022-06-09 19:29:38,387] {dagbag.py:507} INFO - Filling up the DagBag from /home/smita/airflow/dags/user_processing.py
[2022-06-09 19:29:38,850] {processor.py:651} INFO - DAG(s) dict_keys(['user_processing']) retrieved from /home/smita/airflow/dags/user_processing.py
[2022-06-09 19:29:38,987] {logging_mixin.py:115} INFO - [2022-06-09 19:29:38,986] {dag.py:2379} INFO - Sync 1 DAGs
[2022-06-09 19:29:39,011] {logging_mixin.py:115} INFO - [2022-06-09 19:29:39,011] {dag.py:2923} INFO - Setting next_dagrun for user_processing to 2022-06-08T00:00:00+00:00, run_after=2022-06-09T00:00:00+00:00
[2022-06-09 19:29:39,026] {processor.py:161} INFO - Processing /home/smita/airflow/dags/user_processing.py took 0.649 seconds
[2022-06-09 19:30:09,489] {processor.py:153} INFO - Started process (PID=6132) to work on /home/smita/airflow/dags/user_processing.py
[2022-06-09 19:30:09,489] {processor.py:641} INFO - Processing file /home/smita/airflow/dags/user_processing.py for tasks to queue
[2022-06-09 19:30:09,490] {logging_mixin.py:115} INFO - [2022-06-09 19:30:09,490] {dagbag.py:507} INFO - Filling up the DagBag from /home/smita/airflow/dags/user_processing.py
[2022-06-09 19:30:09,971] {processor.py:651} INFO - DAG(s) dict_keys(['user_processing']) retrieved from /home/smita/airflow/dags/user_processing.py
[2022-06-09 19:30:10,118] {logging_mixin.py:115} INFO - [2022-06-09 19:30:10,118] {dag.py:2379} INFO - Sync 1 DAGs
[2022-06-09 19:30:10,139] {logging_mixin.py:115} INFO - [2022-06-09 19:30:10,139] {dag.py:2923} INFO - Setting next_dagrun for user_processing to 2022-06-08T00:00:00+00:00, run_after=2022-06-09T00:00:00+00:00
[2022-06-09 19:30:10,154] {processor.py:161} INFO - Processing /home/smita/airflow/dags/user_processing.py took 0.670 seconds
[2022-06-09 19:30:40,453] {processor.py:153} INFO - Started process (PID=6465) to work on /home/smita/airflow/dags/user_processing.py
[2022-06-09 19:30:40,454] {processor.py:641} INFO - Processing file /home/smita/airflow/dags/user_processing.py for tasks to queue
[2022-06-09 19:30:40,454] {logging_mixin.py:115} INFO - [2022-06-09 19:30:40,454] {dagbag.py:507} INFO - Filling up the DagBag from /home/smita/airflow/dags/user_processing.py
[2022-06-09 19:30:40,977] {processor.py:651} INFO - DAG(s) dict_keys(['user_processing']) retrieved from /home/smita/airflow/dags/user_processing.py
[2022-06-09 19:30:41,123] {logging_mixin.py:115} INFO - [2022-06-09 19:30:41,122] {dag.py:2379} INFO - Sync 1 DAGs
[2022-06-09 19:30:41,153] {logging_mixin.py:115} INFO - [2022-06-09 19:30:41,153] {dag.py:2923} INFO - Setting next_dagrun for user_processing to 2022-06-08T00:00:00+00:00, run_after=2022-06-09T00:00:00+00:00
[2022-06-09 19:30:41,169] {processor.py:161} INFO - Processing /home/smita/airflow/dags/user_processing.py took 0.721 seconds
[2022-06-09 19:31:11,610] {processor.py:153} INFO - Started process (PID=6799) to work on /home/smita/airflow/dags/user_processing.py
[2022-06-09 19:31:11,610] {processor.py:641} INFO - Processing file /home/smita/airflow/dags/user_processing.py for tasks to queue
[2022-06-09 19:31:11,611] {logging_mixin.py:115} INFO - [2022-06-09 19:31:11,611] {dagbag.py:507} INFO - Filling up the DagBag from /home/smita/airflow/dags/user_processing.py
[2022-06-09 19:31:12,097] {processor.py:651} INFO - DAG(s) dict_keys(['user_processing']) retrieved from /home/smita/airflow/dags/user_processing.py
[2022-06-09 19:31:12,254] {logging_mixin.py:115} INFO - [2022-06-09 19:31:12,254] {dag.py:2379} INFO - Sync 1 DAGs
[2022-06-09 19:31:12,275] {logging_mixin.py:115} INFO - [2022-06-09 19:31:12,275] {dag.py:2923} INFO - Setting next_dagrun for user_processing to 2022-06-08T00:00:00+00:00, run_after=2022-06-09T00:00:00+00:00
[2022-06-09 19:31:12,286] {processor.py:161} INFO - Processing /home/smita/airflow/dags/user_processing.py took 0.681 seconds
[2022-06-09 19:31:43,083] {processor.py:153} INFO - Started process (PID=7138) to work on /home/smita/airflow/dags/user_processing.py
[2022-06-09 19:31:43,084] {processor.py:641} INFO - Processing file /home/smita/airflow/dags/user_processing.py for tasks to queue
[2022-06-09 19:31:43,085] {logging_mixin.py:115} INFO - [2022-06-09 19:31:43,085] {dagbag.py:507} INFO - Filling up the DagBag from /home/smita/airflow/dags/user_processing.py
[2022-06-09 19:31:43,531] {processor.py:651} INFO - DAG(s) dict_keys(['user_processing']) retrieved from /home/smita/airflow/dags/user_processing.py
[2022-06-09 19:31:43,676] {logging_mixin.py:115} INFO - [2022-06-09 19:31:43,675] {dag.py:2379} INFO - Sync 1 DAGs
[2022-06-09 19:31:43,699] {logging_mixin.py:115} INFO - [2022-06-09 19:31:43,699] {dag.py:2923} INFO - Setting next_dagrun for user_processing to 2022-06-08T00:00:00+00:00, run_after=2022-06-09T00:00:00+00:00
[2022-06-09 19:31:43,712] {processor.py:161} INFO - Processing /home/smita/airflow/dags/user_processing.py took 0.636 seconds
[2022-06-09 19:32:14,144] {processor.py:153} INFO - Started process (PID=7478) to work on /home/smita/airflow/dags/user_processing.py
[2022-06-09 19:32:14,145] {processor.py:641} INFO - Processing file /home/smita/airflow/dags/user_processing.py for tasks to queue
[2022-06-09 19:32:14,145] {logging_mixin.py:115} INFO - [2022-06-09 19:32:14,145] {dagbag.py:507} INFO - Filling up the DagBag from /home/smita/airflow/dags/user_processing.py
[2022-06-09 19:32:14,592] {processor.py:651} INFO - DAG(s) dict_keys(['user_processing']) retrieved from /home/smita/airflow/dags/user_processing.py
[2022-06-09 19:32:14,732] {logging_mixin.py:115} INFO - [2022-06-09 19:32:14,732] {dag.py:2379} INFO - Sync 1 DAGs
[2022-06-09 19:32:14,752] {logging_mixin.py:115} INFO - [2022-06-09 19:32:14,752] {dag.py:2923} INFO - Setting next_dagrun for user_processing to 2022-06-08T00:00:00+00:00, run_after=2022-06-09T00:00:00+00:00
[2022-06-09 19:32:14,767] {processor.py:161} INFO - Processing /home/smita/airflow/dags/user_processing.py took 0.628 seconds
[2022-06-09 19:32:45,041] {processor.py:153} INFO - Started process (PID=7797) to work on /home/smita/airflow/dags/user_processing.py
[2022-06-09 19:32:45,042] {processor.py:641} INFO - Processing file /home/smita/airflow/dags/user_processing.py for tasks to queue
[2022-06-09 19:32:45,043] {logging_mixin.py:115} INFO - [2022-06-09 19:32:45,043] {dagbag.py:507} INFO - Filling up the DagBag from /home/smita/airflow/dags/user_processing.py
[2022-06-09 19:32:45,549] {processor.py:651} INFO - DAG(s) dict_keys(['user_processing']) retrieved from /home/smita/airflow/dags/user_processing.py
[2022-06-09 19:32:45,699] {logging_mixin.py:115} INFO - [2022-06-09 19:32:45,698] {dag.py:2379} INFO - Sync 1 DAGs
[2022-06-09 19:32:45,721] {logging_mixin.py:115} INFO - [2022-06-09 19:32:45,721] {dag.py:2923} INFO - Setting next_dagrun for user_processing to 2022-06-08T00:00:00+00:00, run_after=2022-06-09T00:00:00+00:00
[2022-06-09 19:32:45,737] {processor.py:161} INFO - Processing /home/smita/airflow/dags/user_processing.py took 0.700 seconds
[2022-06-09 19:33:16,117] {processor.py:153} INFO - Started process (PID=8095) to work on /home/smita/airflow/dags/user_processing.py
[2022-06-09 19:33:16,118] {processor.py:641} INFO - Processing file /home/smita/airflow/dags/user_processing.py for tasks to queue
[2022-06-09 19:33:16,119] {logging_mixin.py:115} INFO - [2022-06-09 19:33:16,118] {dagbag.py:507} INFO - Filling up the DagBag from /home/smita/airflow/dags/user_processing.py
[2022-06-09 19:33:16,595] {processor.py:651} INFO - DAG(s) dict_keys(['user_processing']) retrieved from /home/smita/airflow/dags/user_processing.py
[2022-06-09 19:33:16,760] {logging_mixin.py:115} INFO - [2022-06-09 19:33:16,760] {dag.py:2379} INFO - Sync 1 DAGs
[2022-06-09 19:33:16,784] {logging_mixin.py:115} INFO - [2022-06-09 19:33:16,784] {dag.py:2923} INFO - Setting next_dagrun for user_processing to 2022-06-08T00:00:00+00:00, run_after=2022-06-09T00:00:00+00:00
[2022-06-09 19:33:16,801] {processor.py:161} INFO - Processing /home/smita/airflow/dags/user_processing.py took 0.691 seconds
[2022-06-09 19:33:47,811] {processor.py:153} INFO - Started process (PID=8393) to work on /home/smita/airflow/dags/user_processing.py
[2022-06-09 19:33:47,812] {processor.py:641} INFO - Processing file /home/smita/airflow/dags/user_processing.py for tasks to queue
[2022-06-09 19:33:47,812] {logging_mixin.py:115} INFO - [2022-06-09 19:33:47,812] {dagbag.py:507} INFO - Filling up the DagBag from /home/smita/airflow/dags/user_processing.py
[2022-06-09 19:33:48,332] {processor.py:651} INFO - DAG(s) dict_keys(['user_processing']) retrieved from /home/smita/airflow/dags/user_processing.py
[2022-06-09 19:33:48,489] {logging_mixin.py:115} INFO - [2022-06-09 19:33:48,488] {dag.py:2379} INFO - Sync 1 DAGs
[2022-06-09 19:33:48,508] {logging_mixin.py:115} INFO - [2022-06-09 19:33:48,508] {dag.py:2923} INFO - Setting next_dagrun for user_processing to 2022-06-08T00:00:00+00:00, run_after=2022-06-09T00:00:00+00:00
[2022-06-09 19:33:48,523] {processor.py:161} INFO - Processing /home/smita/airflow/dags/user_processing.py took 0.719 seconds
[2022-06-09 19:34:18,851] {processor.py:153} INFO - Started process (PID=8691) to work on /home/smita/airflow/dags/user_processing.py
[2022-06-09 19:34:18,852] {processor.py:641} INFO - Processing file /home/smita/airflow/dags/user_processing.py for tasks to queue
[2022-06-09 19:34:18,853] {logging_mixin.py:115} INFO - [2022-06-09 19:34:18,853] {dagbag.py:507} INFO - Filling up the DagBag from /home/smita/airflow/dags/user_processing.py
[2022-06-09 19:34:19,327] {processor.py:651} INFO - DAG(s) dict_keys(['user_processing']) retrieved from /home/smita/airflow/dags/user_processing.py
[2022-06-09 19:34:19,535] {logging_mixin.py:115} INFO - [2022-06-09 19:34:19,535] {dag.py:2379} INFO - Sync 1 DAGs
[2022-06-09 19:34:19,557] {logging_mixin.py:115} INFO - [2022-06-09 19:34:19,556] {dag.py:2923} INFO - Setting next_dagrun for user_processing to 2022-06-08T00:00:00+00:00, run_after=2022-06-09T00:00:00+00:00
[2022-06-09 19:34:19,575] {processor.py:161} INFO - Processing /home/smita/airflow/dags/user_processing.py took 0.734 seconds
[2022-06-09 19:34:49,765] {processor.py:153} INFO - Started process (PID=8956) to work on /home/smita/airflow/dags/user_processing.py
[2022-06-09 19:34:49,766] {processor.py:641} INFO - Processing file /home/smita/airflow/dags/user_processing.py for tasks to queue
[2022-06-09 19:34:49,766] {logging_mixin.py:115} INFO - [2022-06-09 19:34:49,766] {dagbag.py:507} INFO - Filling up the DagBag from /home/smita/airflow/dags/user_processing.py
[2022-06-09 19:34:50,214] {processor.py:651} INFO - DAG(s) dict_keys(['user_processing']) retrieved from /home/smita/airflow/dags/user_processing.py
[2022-06-09 19:34:50,383] {logging_mixin.py:115} INFO - [2022-06-09 19:34:50,383] {dag.py:2379} INFO - Sync 1 DAGs
[2022-06-09 19:34:50,398] {logging_mixin.py:115} INFO - [2022-06-09 19:34:50,398] {dag.py:2923} INFO - Setting next_dagrun for user_processing to 2022-06-08T00:00:00+00:00, run_after=2022-06-09T00:00:00+00:00
[2022-06-09 19:34:50,410] {processor.py:161} INFO - Processing /home/smita/airflow/dags/user_processing.py took 0.650 seconds
[2022-06-09 19:35:23,667] {processor.py:153} INFO - Started process (PID=9041) to work on /home/smita/airflow/dags/user_processing.py
[2022-06-09 19:35:23,667] {processor.py:641} INFO - Processing file /home/smita/airflow/dags/user_processing.py for tasks to queue
[2022-06-09 19:35:23,668] {logging_mixin.py:115} INFO - [2022-06-09 19:35:23,668] {dagbag.py:507} INFO - Filling up the DagBag from /home/smita/airflow/dags/user_processing.py
[2022-06-09 19:35:24,104] {processor.py:651} INFO - DAG(s) dict_keys(['user_processing']) retrieved from /home/smita/airflow/dags/user_processing.py
[2022-06-09 19:35:24,252] {logging_mixin.py:115} INFO - [2022-06-09 19:35:24,252] {dag.py:2379} INFO - Sync 1 DAGs
[2022-06-09 19:35:24,276] {logging_mixin.py:115} INFO - [2022-06-09 19:35:24,276] {dag.py:2923} INFO - Setting next_dagrun for user_processing to 2022-06-08T00:00:00+00:00, run_after=2022-06-09T00:00:00+00:00
[2022-06-09 19:35:24,288] {processor.py:161} INFO - Processing /home/smita/airflow/dags/user_processing.py took 0.625 seconds
[2022-06-09 19:35:58,060] {processor.py:153} INFO - Started process (PID=9104) to work on /home/smita/airflow/dags/user_processing.py
[2022-06-09 19:35:58,061] {processor.py:641} INFO - Processing file /home/smita/airflow/dags/user_processing.py for tasks to queue
[2022-06-09 19:35:58,062] {logging_mixin.py:115} INFO - [2022-06-09 19:35:58,062] {dagbag.py:507} INFO - Filling up the DagBag from /home/smita/airflow/dags/user_processing.py
[2022-06-09 19:35:58,513] {processor.py:651} INFO - DAG(s) dict_keys(['user_processing']) retrieved from /home/smita/airflow/dags/user_processing.py
[2022-06-09 19:35:58,636] {logging_mixin.py:115} INFO - [2022-06-09 19:35:58,635] {dag.py:2379} INFO - Sync 1 DAGs
[2022-06-09 19:35:58,653] {logging_mixin.py:115} INFO - [2022-06-09 19:35:58,653] {dag.py:2923} INFO - Setting next_dagrun for user_processing to 2022-06-08T00:00:00+00:00, run_after=2022-06-09T00:00:00+00:00
[2022-06-09 19:35:58,668] {processor.py:161} INFO - Processing /home/smita/airflow/dags/user_processing.py took 0.616 seconds
[2022-06-09 19:36:32,822] {processor.py:153} INFO - Started process (PID=9178) to work on /home/smita/airflow/dags/user_processing.py
[2022-06-09 19:36:32,823] {processor.py:641} INFO - Processing file /home/smita/airflow/dags/user_processing.py for tasks to queue
[2022-06-09 19:36:32,824] {logging_mixin.py:115} INFO - [2022-06-09 19:36:32,824] {dagbag.py:507} INFO - Filling up the DagBag from /home/smita/airflow/dags/user_processing.py
[2022-06-09 19:36:33,243] {processor.py:651} INFO - DAG(s) dict_keys(['user_processing']) retrieved from /home/smita/airflow/dags/user_processing.py
[2022-06-09 19:36:33,396] {logging_mixin.py:115} INFO - [2022-06-09 19:36:33,396] {dag.py:2379} INFO - Sync 1 DAGs
[2022-06-09 19:36:33,433] {logging_mixin.py:115} INFO - [2022-06-09 19:36:33,432] {dag.py:2923} INFO - Setting next_dagrun for user_processing to 2022-06-08T00:00:00+00:00, run_after=2022-06-09T00:00:00+00:00
[2022-06-09 19:36:33,450] {processor.py:161} INFO - Processing /home/smita/airflow/dags/user_processing.py took 0.635 seconds
[2022-06-09 19:37:06,533] {processor.py:153} INFO - Started process (PID=9246) to work on /home/smita/airflow/dags/user_processing.py
[2022-06-09 19:37:06,534] {processor.py:641} INFO - Processing file /home/smita/airflow/dags/user_processing.py for tasks to queue
[2022-06-09 19:37:06,534] {logging_mixin.py:115} INFO - [2022-06-09 19:37:06,534] {dagbag.py:507} INFO - Filling up the DagBag from /home/smita/airflow/dags/user_processing.py
[2022-06-09 19:37:06,952] {processor.py:651} INFO - DAG(s) dict_keys(['user_processing']) retrieved from /home/smita/airflow/dags/user_processing.py
[2022-06-09 19:37:07,110] {logging_mixin.py:115} INFO - [2022-06-09 19:37:07,110] {dag.py:2379} INFO - Sync 1 DAGs
[2022-06-09 19:37:07,128] {logging_mixin.py:115} INFO - [2022-06-09 19:37:07,128] {dag.py:2923} INFO - Setting next_dagrun for user_processing to 2022-06-08T00:00:00+00:00, run_after=2022-06-09T00:00:00+00:00
[2022-06-09 19:37:07,140] {processor.py:161} INFO - Processing /home/smita/airflow/dags/user_processing.py took 0.611 seconds
[2022-06-09 19:37:38,452] {processor.py:153} INFO - Started process (PID=9285) to work on /home/smita/airflow/dags/user_processing.py
[2022-06-09 19:37:38,452] {processor.py:641} INFO - Processing file /home/smita/airflow/dags/user_processing.py for tasks to queue
[2022-06-09 19:37:38,453] {logging_mixin.py:115} INFO - [2022-06-09 19:37:38,453] {dagbag.py:507} INFO - Filling up the DagBag from /home/smita/airflow/dags/user_processing.py
[2022-06-09 19:37:38,900] {processor.py:651} INFO - DAG(s) dict_keys(['user_processing']) retrieved from /home/smita/airflow/dags/user_processing.py
[2022-06-09 19:37:39,013] {logging_mixin.py:115} INFO - [2022-06-09 19:37:39,013] {dag.py:2379} INFO - Sync 1 DAGs
[2022-06-09 19:37:39,032] {logging_mixin.py:115} INFO - [2022-06-09 19:37:39,032] {dag.py:2923} INFO - Setting next_dagrun for user_processing to 2022-06-08T00:00:00+00:00, run_after=2022-06-09T00:00:00+00:00
[2022-06-09 19:37:39,043] {processor.py:161} INFO - Processing /home/smita/airflow/dags/user_processing.py took 0.596 seconds
[2022-06-09 19:38:10,683] {processor.py:153} INFO - Started process (PID=9336) to work on /home/smita/airflow/dags/user_processing.py
[2022-06-09 19:38:10,683] {processor.py:641} INFO - Processing file /home/smita/airflow/dags/user_processing.py for tasks to queue
[2022-06-09 19:38:10,684] {logging_mixin.py:115} INFO - [2022-06-09 19:38:10,684] {dagbag.py:507} INFO - Filling up the DagBag from /home/smita/airflow/dags/user_processing.py
[2022-06-09 19:38:11,125] {processor.py:651} INFO - DAG(s) dict_keys(['user_processing']) retrieved from /home/smita/airflow/dags/user_processing.py
[2022-06-09 19:38:11,270] {logging_mixin.py:115} INFO - [2022-06-09 19:38:11,270] {dag.py:2379} INFO - Sync 1 DAGs
[2022-06-09 19:38:11,290] {logging_mixin.py:115} INFO - [2022-06-09 19:38:11,290] {dag.py:2923} INFO - Setting next_dagrun for user_processing to 2022-06-08T00:00:00+00:00, run_after=2022-06-09T00:00:00+00:00
[2022-06-09 19:38:11,303] {processor.py:161} INFO - Processing /home/smita/airflow/dags/user_processing.py took 0.625 seconds
[2022-06-09 19:38:46,022] {processor.py:153} INFO - Started process (PID=9420) to work on /home/smita/airflow/dags/user_processing.py
[2022-06-09 19:38:46,023] {processor.py:641} INFO - Processing file /home/smita/airflow/dags/user_processing.py for tasks to queue
[2022-06-09 19:38:46,024] {logging_mixin.py:115} INFO - [2022-06-09 19:38:46,023] {dagbag.py:507} INFO - Filling up the DagBag from /home/smita/airflow/dags/user_processing.py
[2022-06-09 19:38:46,482] {processor.py:651} INFO - DAG(s) dict_keys(['user_processing']) retrieved from /home/smita/airflow/dags/user_processing.py
[2022-06-09 19:38:46,604] {logging_mixin.py:115} INFO - [2022-06-09 19:38:46,604] {dag.py:2379} INFO - Sync 1 DAGs
[2022-06-09 19:38:46,627] {logging_mixin.py:115} INFO - [2022-06-09 19:38:46,626] {dag.py:2923} INFO - Setting next_dagrun for user_processing to 2022-06-08T00:00:00+00:00, run_after=2022-06-09T00:00:00+00:00
[2022-06-09 19:38:46,640] {processor.py:161} INFO - Processing /home/smita/airflow/dags/user_processing.py took 0.623 seconds
[2022-06-09 19:39:19,155] {processor.py:153} INFO - Started process (PID=9480) to work on /home/smita/airflow/dags/user_processing.py
[2022-06-09 19:39:19,156] {processor.py:641} INFO - Processing file /home/smita/airflow/dags/user_processing.py for tasks to queue
[2022-06-09 19:39:19,157] {logging_mixin.py:115} INFO - [2022-06-09 19:39:19,157] {dagbag.py:507} INFO - Filling up the DagBag from /home/smita/airflow/dags/user_processing.py
[2022-06-09 19:39:19,600] {processor.py:651} INFO - DAG(s) dict_keys(['user_processing']) retrieved from /home/smita/airflow/dags/user_processing.py
[2022-06-09 19:39:19,727] {logging_mixin.py:115} INFO - [2022-06-09 19:39:19,727] {dag.py:2379} INFO - Sync 1 DAGs
[2022-06-09 19:39:19,749] {logging_mixin.py:115} INFO - [2022-06-09 19:39:19,749] {dag.py:2923} INFO - Setting next_dagrun for user_processing to 2022-06-08T00:00:00+00:00, run_after=2022-06-09T00:00:00+00:00
[2022-06-09 19:39:19,762] {processor.py:161} INFO - Processing /home/smita/airflow/dags/user_processing.py took 0.615 seconds
[2022-06-09 19:39:50,737] {processor.py:153} INFO - Started process (PID=9517) to work on /home/smita/airflow/dags/user_processing.py
[2022-06-09 19:39:50,738] {processor.py:641} INFO - Processing file /home/smita/airflow/dags/user_processing.py for tasks to queue
[2022-06-09 19:39:50,739] {logging_mixin.py:115} INFO - [2022-06-09 19:39:50,739] {dagbag.py:507} INFO - Filling up the DagBag from /home/smita/airflow/dags/user_processing.py
[2022-06-09 19:39:51,182] {processor.py:651} INFO - DAG(s) dict_keys(['user_processing']) retrieved from /home/smita/airflow/dags/user_processing.py
[2022-06-09 19:39:51,307] {logging_mixin.py:115} INFO - [2022-06-09 19:39:51,307] {dag.py:2379} INFO - Sync 1 DAGs
[2022-06-09 19:39:51,328] {logging_mixin.py:115} INFO - [2022-06-09 19:39:51,328] {dag.py:2923} INFO - Setting next_dagrun for user_processing to 2022-06-08T00:00:00+00:00, run_after=2022-06-09T00:00:00+00:00
[2022-06-09 19:39:51,340] {processor.py:161} INFO - Processing /home/smita/airflow/dags/user_processing.py took 0.609 seconds
[2022-06-09 19:40:24,309] {processor.py:153} INFO - Started process (PID=9594) to work on /home/smita/airflow/dags/user_processing.py
[2022-06-09 19:40:24,310] {processor.py:641} INFO - Processing file /home/smita/airflow/dags/user_processing.py for tasks to queue
[2022-06-09 19:40:24,311] {logging_mixin.py:115} INFO - [2022-06-09 19:40:24,310] {dagbag.py:507} INFO - Filling up the DagBag from /home/smita/airflow/dags/user_processing.py
[2022-06-09 19:40:24,759] {processor.py:651} INFO - DAG(s) dict_keys(['user_processing']) retrieved from /home/smita/airflow/dags/user_processing.py
[2022-06-09 19:40:24,898] {logging_mixin.py:115} INFO - [2022-06-09 19:40:24,898] {dag.py:2379} INFO - Sync 1 DAGs
[2022-06-09 19:40:24,917] {logging_mixin.py:115} INFO - [2022-06-09 19:40:24,917] {dag.py:2923} INFO - Setting next_dagrun for user_processing to 2022-06-08T00:00:00+00:00, run_after=2022-06-09T00:00:00+00:00
[2022-06-09 19:40:24,933] {processor.py:161} INFO - Processing /home/smita/airflow/dags/user_processing.py took 0.628 seconds
[2022-06-09 19:40:59,021] {processor.py:153} INFO - Started process (PID=9676) to work on /home/smita/airflow/dags/user_processing.py
[2022-06-09 19:40:59,021] {processor.py:641} INFO - Processing file /home/smita/airflow/dags/user_processing.py for tasks to queue
[2022-06-09 19:40:59,022] {logging_mixin.py:115} INFO - [2022-06-09 19:40:59,022] {dagbag.py:507} INFO - Filling up the DagBag from /home/smita/airflow/dags/user_processing.py
[2022-06-09 19:40:59,474] {processor.py:651} INFO - DAG(s) dict_keys(['user_processing']) retrieved from /home/smita/airflow/dags/user_processing.py
[2022-06-09 19:40:59,612] {logging_mixin.py:115} INFO - [2022-06-09 19:40:59,612] {dag.py:2379} INFO - Sync 1 DAGs
[2022-06-09 19:40:59,643] {logging_mixin.py:115} INFO - [2022-06-09 19:40:59,643] {dag.py:2923} INFO - Setting next_dagrun for user_processing to 2022-06-08T00:00:00+00:00, run_after=2022-06-09T00:00:00+00:00
[2022-06-09 19:40:59,662] {processor.py:161} INFO - Processing /home/smita/airflow/dags/user_processing.py took 0.646 seconds
[2022-06-09 19:41:31,873] {processor.py:153} INFO - Started process (PID=9728) to work on /home/smita/airflow/dags/user_processing.py
[2022-06-09 19:41:31,875] {processor.py:641} INFO - Processing file /home/smita/airflow/dags/user_processing.py for tasks to queue
[2022-06-09 19:41:31,876] {logging_mixin.py:115} INFO - [2022-06-09 19:41:31,876] {dagbag.py:507} INFO - Filling up the DagBag from /home/smita/airflow/dags/user_processing.py
[2022-06-09 19:41:32,357] {processor.py:651} INFO - DAG(s) dict_keys(['user_processing']) retrieved from /home/smita/airflow/dags/user_processing.py
[2022-06-09 19:41:32,515] {logging_mixin.py:115} INFO - [2022-06-09 19:41:32,515] {dag.py:2379} INFO - Sync 1 DAGs
[2022-06-09 19:41:32,534] {logging_mixin.py:115} INFO - [2022-06-09 19:41:32,534] {dag.py:2923} INFO - Setting next_dagrun for user_processing to 2022-06-08T00:00:00+00:00, run_after=2022-06-09T00:00:00+00:00
[2022-06-09 19:41:32,547] {processor.py:161} INFO - Processing /home/smita/airflow/dags/user_processing.py took 0.682 seconds
[2022-06-09 19:42:06,087] {processor.py:153} INFO - Started process (PID=9789) to work on /home/smita/airflow/dags/user_processing.py
[2022-06-09 19:42:06,087] {processor.py:641} INFO - Processing file /home/smita/airflow/dags/user_processing.py for tasks to queue
[2022-06-09 19:42:06,088] {logging_mixin.py:115} INFO - [2022-06-09 19:42:06,088] {dagbag.py:507} INFO - Filling up the DagBag from /home/smita/airflow/dags/user_processing.py
[2022-06-09 19:42:06,497] {processor.py:651} INFO - DAG(s) dict_keys(['user_processing']) retrieved from /home/smita/airflow/dags/user_processing.py
[2022-06-09 19:42:06,635] {logging_mixin.py:115} INFO - [2022-06-09 19:42:06,634] {dag.py:2379} INFO - Sync 1 DAGs
[2022-06-09 19:42:06,656] {logging_mixin.py:115} INFO - [2022-06-09 19:42:06,656] {dag.py:2923} INFO - Setting next_dagrun for user_processing to 2022-06-08T00:00:00+00:00, run_after=2022-06-09T00:00:00+00:00
[2022-06-09 19:42:06,671] {processor.py:161} INFO - Processing /home/smita/airflow/dags/user_processing.py took 0.590 seconds
[2022-06-09 19:42:40,180] {processor.py:153} INFO - Started process (PID=9846) to work on /home/smita/airflow/dags/user_processing.py
[2022-06-09 19:42:40,180] {processor.py:641} INFO - Processing file /home/smita/airflow/dags/user_processing.py for tasks to queue
[2022-06-09 19:42:40,181] {logging_mixin.py:115} INFO - [2022-06-09 19:42:40,181] {dagbag.py:507} INFO - Filling up the DagBag from /home/smita/airflow/dags/user_processing.py
[2022-06-09 19:42:40,636] {processor.py:651} INFO - DAG(s) dict_keys(['user_processing']) retrieved from /home/smita/airflow/dags/user_processing.py
[2022-06-09 19:42:40,769] {logging_mixin.py:115} INFO - [2022-06-09 19:42:40,769] {dag.py:2379} INFO - Sync 1 DAGs
[2022-06-09 19:42:40,790] {logging_mixin.py:115} INFO - [2022-06-09 19:42:40,790] {dag.py:2923} INFO - Setting next_dagrun for user_processing to 2022-06-08T00:00:00+00:00, run_after=2022-06-09T00:00:00+00:00
[2022-06-09 19:42:40,802] {processor.py:161} INFO - Processing /home/smita/airflow/dags/user_processing.py took 0.628 seconds
[2022-06-09 22:00:56,597] {processor.py:153} INFO - Started process (PID=10215) to work on /home/smita/airflow/dags/user_processing.py
[2022-06-09 22:00:56,599] {processor.py:641} INFO - Processing file /home/smita/airflow/dags/user_processing.py for tasks to queue
[2022-06-09 22:00:56,600] {logging_mixin.py:115} INFO - [2022-06-09 22:00:56,599] {dagbag.py:507} INFO - Filling up the DagBag from /home/smita/airflow/dags/user_processing.py
[2022-06-09 22:00:57,747] {processor.py:651} INFO - DAG(s) dict_keys(['user_processing']) retrieved from /home/smita/airflow/dags/user_processing.py
[2022-06-09 22:00:58,020] {logging_mixin.py:115} INFO - [2022-06-09 22:00:58,020] {dag.py:2379} INFO - Sync 1 DAGs
[2022-06-09 22:00:58,071] {logging_mixin.py:115} INFO - [2022-06-09 22:00:58,071] {dag.py:2923} INFO - Setting next_dagrun for user_processing to 2022-06-08T00:00:00+00:00, run_after=2022-06-09T00:00:00+00:00
[2022-06-09 22:00:58,106] {processor.py:161} INFO - Processing /home/smita/airflow/dags/user_processing.py took 1.517 seconds
[2022-06-09 22:01:28,376] {processor.py:153} INFO - Started process (PID=10477) to work on /home/smita/airflow/dags/user_processing.py
[2022-06-09 22:01:28,377] {processor.py:641} INFO - Processing file /home/smita/airflow/dags/user_processing.py for tasks to queue
[2022-06-09 22:01:28,378] {logging_mixin.py:115} INFO - [2022-06-09 22:01:28,378] {dagbag.py:507} INFO - Filling up the DagBag from /home/smita/airflow/dags/user_processing.py
[2022-06-09 22:01:28,905] {processor.py:651} INFO - DAG(s) dict_keys(['user_processing']) retrieved from /home/smita/airflow/dags/user_processing.py
[2022-06-09 22:01:29,069] {logging_mixin.py:115} INFO - [2022-06-09 22:01:29,069] {dag.py:2379} INFO - Sync 1 DAGs
[2022-06-09 22:01:29,095] {logging_mixin.py:115} INFO - [2022-06-09 22:01:29,095] {dag.py:2923} INFO - Setting next_dagrun for user_processing to 2022-06-08T00:00:00+00:00, run_after=2022-06-09T00:00:00+00:00
[2022-06-09 22:01:29,111] {processor.py:161} INFO - Processing /home/smita/airflow/dags/user_processing.py took 0.742 seconds
[2022-06-09 22:01:59,799] {processor.py:153} INFO - Started process (PID=10793) to work on /home/smita/airflow/dags/user_processing.py
[2022-06-09 22:01:59,800] {processor.py:641} INFO - Processing file /home/smita/airflow/dags/user_processing.py for tasks to queue
[2022-06-09 22:01:59,801] {logging_mixin.py:115} INFO - [2022-06-09 22:01:59,801] {dagbag.py:507} INFO - Filling up the DagBag from /home/smita/airflow/dags/user_processing.py
[2022-06-09 22:02:00,293] {processor.py:651} INFO - DAG(s) dict_keys(['user_processing']) retrieved from /home/smita/airflow/dags/user_processing.py
[2022-06-09 22:02:00,447] {logging_mixin.py:115} INFO - [2022-06-09 22:02:00,447] {dag.py:2379} INFO - Sync 1 DAGs
[2022-06-09 22:02:00,469] {logging_mixin.py:115} INFO - [2022-06-09 22:02:00,469] {dag.py:2923} INFO - Setting next_dagrun for user_processing to 2022-06-08T00:00:00+00:00, run_after=2022-06-09T00:00:00+00:00
[2022-06-09 22:02:00,483] {processor.py:161} INFO - Processing /home/smita/airflow/dags/user_processing.py took 0.693 seconds
[2022-06-09 22:02:30,608] {processor.py:153} INFO - Started process (PID=11094) to work on /home/smita/airflow/dags/user_processing.py
[2022-06-09 22:02:30,609] {processor.py:641} INFO - Processing file /home/smita/airflow/dags/user_processing.py for tasks to queue
[2022-06-09 22:02:30,610] {logging_mixin.py:115} INFO - [2022-06-09 22:02:30,609] {dagbag.py:507} INFO - Filling up the DagBag from /home/smita/airflow/dags/user_processing.py
[2022-06-09 22:02:31,121] {processor.py:651} INFO - DAG(s) dict_keys(['user_processing']) retrieved from /home/smita/airflow/dags/user_processing.py
[2022-06-09 22:02:31,301] {logging_mixin.py:115} INFO - [2022-06-09 22:02:31,301] {dag.py:2379} INFO - Sync 1 DAGs
[2022-06-09 22:02:31,323] {logging_mixin.py:115} INFO - [2022-06-09 22:02:31,323] {dag.py:2923} INFO - Setting next_dagrun for user_processing to 2022-06-08T00:00:00+00:00, run_after=2022-06-09T00:00:00+00:00
[2022-06-09 22:02:31,340] {processor.py:161} INFO - Processing /home/smita/airflow/dags/user_processing.py took 0.739 seconds
[2022-06-09 22:03:02,589] {processor.py:153} INFO - Started process (PID=11378) to work on /home/smita/airflow/dags/user_processing.py
[2022-06-09 22:03:02,590] {processor.py:641} INFO - Processing file /home/smita/airflow/dags/user_processing.py for tasks to queue
[2022-06-09 22:03:02,591] {logging_mixin.py:115} INFO - [2022-06-09 22:03:02,590] {dagbag.py:507} INFO - Filling up the DagBag from /home/smita/airflow/dags/user_processing.py
[2022-06-09 22:03:03,189] {processor.py:651} INFO - DAG(s) dict_keys(['user_processing']) retrieved from /home/smita/airflow/dags/user_processing.py
[2022-06-09 22:03:03,450] {logging_mixin.py:115} INFO - [2022-06-09 22:03:03,449] {dag.py:2379} INFO - Sync 1 DAGs
[2022-06-09 22:03:03,474] {logging_mixin.py:115} INFO - [2022-06-09 22:03:03,474] {dag.py:2923} INFO - Setting next_dagrun for user_processing to 2022-06-08T00:00:00+00:00, run_after=2022-06-09T00:00:00+00:00
[2022-06-09 22:03:03,486] {processor.py:161} INFO - Processing /home/smita/airflow/dags/user_processing.py took 0.905 seconds
[2022-06-09 22:03:34,141] {processor.py:153} INFO - Started process (PID=11655) to work on /home/smita/airflow/dags/user_processing.py
[2022-06-09 22:03:34,142] {processor.py:641} INFO - Processing file /home/smita/airflow/dags/user_processing.py for tasks to queue
[2022-06-09 22:03:34,142] {logging_mixin.py:115} INFO - [2022-06-09 22:03:34,142] {dagbag.py:507} INFO - Filling up the DagBag from /home/smita/airflow/dags/user_processing.py
[2022-06-09 22:03:34,639] {processor.py:651} INFO - DAG(s) dict_keys(['user_processing']) retrieved from /home/smita/airflow/dags/user_processing.py
[2022-06-09 22:03:34,793] {logging_mixin.py:115} INFO - [2022-06-09 22:03:34,793] {dag.py:2379} INFO - Sync 1 DAGs
[2022-06-09 22:03:34,814] {logging_mixin.py:115} INFO - [2022-06-09 22:03:34,814] {dag.py:2923} INFO - Setting next_dagrun for user_processing to 2022-06-08T00:00:00+00:00, run_after=2022-06-09T00:00:00+00:00
[2022-06-09 22:03:34,829] {processor.py:161} INFO - Processing /home/smita/airflow/dags/user_processing.py took 0.693 seconds
[2022-06-09 22:04:05,277] {processor.py:153} INFO - Started process (PID=11945) to work on /home/smita/airflow/dags/user_processing.py
[2022-06-09 22:04:05,278] {processor.py:641} INFO - Processing file /home/smita/airflow/dags/user_processing.py for tasks to queue
[2022-06-09 22:04:05,278] {logging_mixin.py:115} INFO - [2022-06-09 22:04:05,278] {dagbag.py:507} INFO - Filling up the DagBag from /home/smita/airflow/dags/user_processing.py
[2022-06-09 22:04:05,741] {processor.py:651} INFO - DAG(s) dict_keys(['user_processing']) retrieved from /home/smita/airflow/dags/user_processing.py
[2022-06-09 22:04:05,894] {logging_mixin.py:115} INFO - [2022-06-09 22:04:05,894] {dag.py:2379} INFO - Sync 1 DAGs
[2022-06-09 22:04:05,917] {logging_mixin.py:115} INFO - [2022-06-09 22:04:05,917] {dag.py:2923} INFO - Setting next_dagrun for user_processing to 2022-06-08T00:00:00+00:00, run_after=2022-06-09T00:00:00+00:00
[2022-06-09 22:04:05,933] {processor.py:161} INFO - Processing /home/smita/airflow/dags/user_processing.py took 0.660 seconds
[2022-06-09 22:04:36,291] {processor.py:153} INFO - Started process (PID=12222) to work on /home/smita/airflow/dags/user_processing.py
[2022-06-09 22:04:36,293] {processor.py:641} INFO - Processing file /home/smita/airflow/dags/user_processing.py for tasks to queue
[2022-06-09 22:04:36,294] {logging_mixin.py:115} INFO - [2022-06-09 22:04:36,294] {dagbag.py:507} INFO - Filling up the DagBag from /home/smita/airflow/dags/user_processing.py
[2022-06-09 22:04:36,892] {processor.py:651} INFO - DAG(s) dict_keys(['user_processing']) retrieved from /home/smita/airflow/dags/user_processing.py
[2022-06-09 22:04:37,056] {logging_mixin.py:115} INFO - [2022-06-09 22:04:37,055] {dag.py:2379} INFO - Sync 1 DAGs
[2022-06-09 22:04:37,089] {logging_mixin.py:115} INFO - [2022-06-09 22:04:37,089] {dag.py:2923} INFO - Setting next_dagrun for user_processing to 2022-06-08T00:00:00+00:00, run_after=2022-06-09T00:00:00+00:00
[2022-06-09 22:04:37,108] {processor.py:161} INFO - Processing /home/smita/airflow/dags/user_processing.py took 0.829 seconds
[2022-06-09 22:05:07,830] {processor.py:153} INFO - Started process (PID=12527) to work on /home/smita/airflow/dags/user_processing.py
[2022-06-09 22:05:07,831] {processor.py:641} INFO - Processing file /home/smita/airflow/dags/user_processing.py for tasks to queue
[2022-06-09 22:05:07,832] {logging_mixin.py:115} INFO - [2022-06-09 22:05:07,832] {dagbag.py:507} INFO - Filling up the DagBag from /home/smita/airflow/dags/user_processing.py
[2022-06-09 22:05:08,400] {processor.py:651} INFO - DAG(s) dict_keys(['user_processing']) retrieved from /home/smita/airflow/dags/user_processing.py
[2022-06-09 22:05:08,569] {logging_mixin.py:115} INFO - [2022-06-09 22:05:08,568] {dag.py:2379} INFO - Sync 1 DAGs
[2022-06-09 22:05:08,592] {logging_mixin.py:115} INFO - [2022-06-09 22:05:08,592] {dag.py:2923} INFO - Setting next_dagrun for user_processing to 2022-06-08T00:00:00+00:00, run_after=2022-06-09T00:00:00+00:00
[2022-06-09 22:05:08,607] {processor.py:161} INFO - Processing /home/smita/airflow/dags/user_processing.py took 0.780 seconds
[2022-06-09 22:05:39,347] {processor.py:153} INFO - Started process (PID=12826) to work on /home/smita/airflow/dags/user_processing.py
[2022-06-09 22:05:39,348] {processor.py:641} INFO - Processing file /home/smita/airflow/dags/user_processing.py for tasks to queue
[2022-06-09 22:05:39,348] {logging_mixin.py:115} INFO - [2022-06-09 22:05:39,348] {dagbag.py:507} INFO - Filling up the DagBag from /home/smita/airflow/dags/user_processing.py
[2022-06-09 22:05:39,924] {processor.py:651} INFO - DAG(s) dict_keys(['user_processing']) retrieved from /home/smita/airflow/dags/user_processing.py
[2022-06-09 22:05:40,090] {logging_mixin.py:115} INFO - [2022-06-09 22:05:40,089] {dag.py:2379} INFO - Sync 1 DAGs
[2022-06-09 22:05:40,121] {logging_mixin.py:115} INFO - [2022-06-09 22:05:40,121] {dag.py:2923} INFO - Setting next_dagrun for user_processing to 2022-06-08T00:00:00+00:00, run_after=2022-06-09T00:00:00+00:00
[2022-06-09 22:05:40,135] {processor.py:161} INFO - Processing /home/smita/airflow/dags/user_processing.py took 0.795 seconds
[2022-06-09 22:06:10,410] {processor.py:153} INFO - Started process (PID=13109) to work on /home/smita/airflow/dags/user_processing.py
[2022-06-09 22:06:10,411] {processor.py:641} INFO - Processing file /home/smita/airflow/dags/user_processing.py for tasks to queue
[2022-06-09 22:06:10,412] {logging_mixin.py:115} INFO - [2022-06-09 22:06:10,412] {dagbag.py:507} INFO - Filling up the DagBag from /home/smita/airflow/dags/user_processing.py
[2022-06-09 22:06:11,046] {processor.py:651} INFO - DAG(s) dict_keys(['user_processing']) retrieved from /home/smita/airflow/dags/user_processing.py
[2022-06-09 22:06:11,269] {logging_mixin.py:115} INFO - [2022-06-09 22:06:11,269] {dag.py:2379} INFO - Sync 1 DAGs
[2022-06-09 22:06:11,298] {logging_mixin.py:115} INFO - [2022-06-09 22:06:11,298] {dag.py:2923} INFO - Setting next_dagrun for user_processing to 2022-06-08T00:00:00+00:00, run_after=2022-06-09T00:00:00+00:00
[2022-06-09 22:06:11,312] {processor.py:161} INFO - Processing /home/smita/airflow/dags/user_processing.py took 0.911 seconds
[2022-06-09 22:06:41,691] {processor.py:153} INFO - Started process (PID=13394) to work on /home/smita/airflow/dags/user_processing.py
[2022-06-09 22:06:41,691] {processor.py:641} INFO - Processing file /home/smita/airflow/dags/user_processing.py for tasks to queue
[2022-06-09 22:06:41,692] {logging_mixin.py:115} INFO - [2022-06-09 22:06:41,692] {dagbag.py:507} INFO - Filling up the DagBag from /home/smita/airflow/dags/user_processing.py
[2022-06-09 22:06:42,256] {processor.py:651} INFO - DAG(s) dict_keys(['user_processing']) retrieved from /home/smita/airflow/dags/user_processing.py
[2022-06-09 22:06:42,426] {logging_mixin.py:115} INFO - [2022-06-09 22:06:42,426] {dag.py:2379} INFO - Sync 1 DAGs
[2022-06-09 22:06:42,448] {logging_mixin.py:115} INFO - [2022-06-09 22:06:42,448] {dag.py:2923} INFO - Setting next_dagrun for user_processing to 2022-06-08T00:00:00+00:00, run_after=2022-06-09T00:00:00+00:00
[2022-06-09 22:06:42,459] {processor.py:161} INFO - Processing /home/smita/airflow/dags/user_processing.py took 0.774 seconds
[2022-06-09 22:07:13,359] {processor.py:153} INFO - Started process (PID=13712) to work on /home/smita/airflow/dags/user_processing.py
[2022-06-09 22:07:13,360] {processor.py:641} INFO - Processing file /home/smita/airflow/dags/user_processing.py for tasks to queue
[2022-06-09 22:07:13,361] {logging_mixin.py:115} INFO - [2022-06-09 22:07:13,361] {dagbag.py:507} INFO - Filling up the DagBag from /home/smita/airflow/dags/user_processing.py
[2022-06-09 22:07:13,936] {processor.py:651} INFO - DAG(s) dict_keys(['user_processing']) retrieved from /home/smita/airflow/dags/user_processing.py
[2022-06-09 22:07:14,114] {logging_mixin.py:115} INFO - [2022-06-09 22:07:14,114] {dag.py:2379} INFO - Sync 1 DAGs
[2022-06-09 22:07:14,143] {logging_mixin.py:115} INFO - [2022-06-09 22:07:14,142] {dag.py:2923} INFO - Setting next_dagrun for user_processing to 2022-06-08T00:00:00+00:00, run_after=2022-06-09T00:00:00+00:00
[2022-06-09 22:07:14,161] {processor.py:161} INFO - Processing /home/smita/airflow/dags/user_processing.py took 0.808 seconds
[2022-06-09 22:07:44,358] {processor.py:153} INFO - Started process (PID=14023) to work on /home/smita/airflow/dags/user_processing.py
[2022-06-09 22:07:44,359] {processor.py:641} INFO - Processing file /home/smita/airflow/dags/user_processing.py for tasks to queue
[2022-06-09 22:07:44,360] {logging_mixin.py:115} INFO - [2022-06-09 22:07:44,360] {dagbag.py:507} INFO - Filling up the DagBag from /home/smita/airflow/dags/user_processing.py
[2022-06-09 22:07:44,851] {processor.py:651} INFO - DAG(s) dict_keys(['user_processing']) retrieved from /home/smita/airflow/dags/user_processing.py
[2022-06-09 22:07:45,017] {logging_mixin.py:115} INFO - [2022-06-09 22:07:45,017] {dag.py:2379} INFO - Sync 1 DAGs
[2022-06-09 22:07:45,046] {logging_mixin.py:115} INFO - [2022-06-09 22:07:45,046] {dag.py:2923} INFO - Setting next_dagrun for user_processing to 2022-06-08T00:00:00+00:00, run_after=2022-06-09T00:00:00+00:00
[2022-06-09 22:07:45,060] {processor.py:161} INFO - Processing /home/smita/airflow/dags/user_processing.py took 0.708 seconds
[2022-06-09 22:08:15,534] {processor.py:153} INFO - Started process (PID=14337) to work on /home/smita/airflow/dags/user_processing.py
[2022-06-09 22:08:15,535] {processor.py:641} INFO - Processing file /home/smita/airflow/dags/user_processing.py for tasks to queue
[2022-06-09 22:08:15,536] {logging_mixin.py:115} INFO - [2022-06-09 22:08:15,536] {dagbag.py:507} INFO - Filling up the DagBag from /home/smita/airflow/dags/user_processing.py
[2022-06-09 22:08:16,038] {processor.py:651} INFO - DAG(s) dict_keys(['user_processing']) retrieved from /home/smita/airflow/dags/user_processing.py
[2022-06-09 22:08:16,192] {logging_mixin.py:115} INFO - [2022-06-09 22:08:16,192] {dag.py:2379} INFO - Sync 1 DAGs
[2022-06-09 22:08:16,220] {logging_mixin.py:115} INFO - [2022-06-09 22:08:16,219] {dag.py:2923} INFO - Setting next_dagrun for user_processing to 2022-06-08T00:00:00+00:00, run_after=2022-06-09T00:00:00+00:00
[2022-06-09 22:08:16,237] {processor.py:161} INFO - Processing /home/smita/airflow/dags/user_processing.py took 0.711 seconds
[2022-06-09 22:08:46,866] {processor.py:153} INFO - Started process (PID=14647) to work on /home/smita/airflow/dags/user_processing.py
[2022-06-09 22:08:46,867] {processor.py:641} INFO - Processing file /home/smita/airflow/dags/user_processing.py for tasks to queue
[2022-06-09 22:08:46,867] {logging_mixin.py:115} INFO - [2022-06-09 22:08:46,867] {dagbag.py:507} INFO - Filling up the DagBag from /home/smita/airflow/dags/user_processing.py
[2022-06-09 22:08:47,432] {processor.py:651} INFO - DAG(s) dict_keys(['user_processing']) retrieved from /home/smita/airflow/dags/user_processing.py
[2022-06-09 22:08:47,595] {logging_mixin.py:115} INFO - [2022-06-09 22:08:47,595] {dag.py:2379} INFO - Sync 1 DAGs
[2022-06-09 22:08:47,622] {logging_mixin.py:115} INFO - [2022-06-09 22:08:47,622] {dag.py:2923} INFO - Setting next_dagrun for user_processing to 2022-06-08T00:00:00+00:00, run_after=2022-06-09T00:00:00+00:00
[2022-06-09 22:08:47,640] {processor.py:161} INFO - Processing /home/smita/airflow/dags/user_processing.py took 0.783 seconds
[2022-06-09 22:09:17,884] {processor.py:153} INFO - Started process (PID=14954) to work on /home/smita/airflow/dags/user_processing.py
[2022-06-09 22:09:17,885] {processor.py:641} INFO - Processing file /home/smita/airflow/dags/user_processing.py for tasks to queue
[2022-06-09 22:09:17,886] {logging_mixin.py:115} INFO - [2022-06-09 22:09:17,885] {dagbag.py:507} INFO - Filling up the DagBag from /home/smita/airflow/dags/user_processing.py
[2022-06-09 22:09:18,355] {processor.py:651} INFO - DAG(s) dict_keys(['user_processing']) retrieved from /home/smita/airflow/dags/user_processing.py
[2022-06-09 22:09:18,514] {logging_mixin.py:115} INFO - [2022-06-09 22:09:18,513] {dag.py:2379} INFO - Sync 1 DAGs
[2022-06-09 22:09:18,536] {logging_mixin.py:115} INFO - [2022-06-09 22:09:18,535] {dag.py:2923} INFO - Setting next_dagrun for user_processing to 2022-06-08T00:00:00+00:00, run_after=2022-06-09T00:00:00+00:00
[2022-06-09 22:09:18,549] {processor.py:161} INFO - Processing /home/smita/airflow/dags/user_processing.py took 0.670 seconds
[2022-06-09 22:09:48,978] {processor.py:153} INFO - Started process (PID=15258) to work on /home/smita/airflow/dags/user_processing.py
[2022-06-09 22:09:48,979] {processor.py:641} INFO - Processing file /home/smita/airflow/dags/user_processing.py for tasks to queue
[2022-06-09 22:09:48,979] {logging_mixin.py:115} INFO - [2022-06-09 22:09:48,979] {dagbag.py:507} INFO - Filling up the DagBag from /home/smita/airflow/dags/user_processing.py
[2022-06-09 22:09:49,524] {processor.py:651} INFO - DAG(s) dict_keys(['user_processing']) retrieved from /home/smita/airflow/dags/user_processing.py
[2022-06-09 22:09:49,680] {logging_mixin.py:115} INFO - [2022-06-09 22:09:49,679] {dag.py:2379} INFO - Sync 1 DAGs
[2022-06-09 22:09:49,708] {logging_mixin.py:115} INFO - [2022-06-09 22:09:49,708] {dag.py:2923} INFO - Setting next_dagrun for user_processing to 2022-06-08T00:00:00+00:00, run_after=2022-06-09T00:00:00+00:00
[2022-06-09 22:09:49,725] {processor.py:161} INFO - Processing /home/smita/airflow/dags/user_processing.py took 0.752 seconds
[2022-06-09 22:10:20,608] {processor.py:153} INFO - Started process (PID=15558) to work on /home/smita/airflow/dags/user_processing.py
[2022-06-09 22:10:20,609] {processor.py:641} INFO - Processing file /home/smita/airflow/dags/user_processing.py for tasks to queue
[2022-06-09 22:10:20,610] {logging_mixin.py:115} INFO - [2022-06-09 22:10:20,609] {dagbag.py:507} INFO - Filling up the DagBag from /home/smita/airflow/dags/user_processing.py
[2022-06-09 22:10:21,366] {processor.py:651} INFO - DAG(s) dict_keys(['user_processing']) retrieved from /home/smita/airflow/dags/user_processing.py
[2022-06-09 22:10:21,535] {logging_mixin.py:115} INFO - [2022-06-09 22:10:21,534] {dag.py:2379} INFO - Sync 1 DAGs
[2022-06-09 22:10:21,556] {logging_mixin.py:115} INFO - [2022-06-09 22:10:21,556] {dag.py:2923} INFO - Setting next_dagrun for user_processing to 2022-06-08T00:00:00+00:00, run_after=2022-06-09T00:00:00+00:00
[2022-06-09 22:10:21,568] {processor.py:161} INFO - Processing /home/smita/airflow/dags/user_processing.py took 0.966 seconds
[2022-06-09 22:10:51,895] {processor.py:153} INFO - Started process (PID=15866) to work on /home/smita/airflow/dags/user_processing.py
[2022-06-09 22:10:51,897] {processor.py:641} INFO - Processing file /home/smita/airflow/dags/user_processing.py for tasks to queue
[2022-06-09 22:10:51,899] {logging_mixin.py:115} INFO - [2022-06-09 22:10:51,899] {dagbag.py:507} INFO - Filling up the DagBag from /home/smita/airflow/dags/user_processing.py
[2022-06-09 22:10:52,476] {processor.py:651} INFO - DAG(s) dict_keys(['user_processing']) retrieved from /home/smita/airflow/dags/user_processing.py
[2022-06-09 22:10:52,665] {logging_mixin.py:115} INFO - [2022-06-09 22:10:52,665] {dag.py:2379} INFO - Sync 1 DAGs
[2022-06-09 22:10:52,690] {logging_mixin.py:115} INFO - [2022-06-09 22:10:52,690] {dag.py:2923} INFO - Setting next_dagrun for user_processing to 2022-06-08T00:00:00+00:00, run_after=2022-06-09T00:00:00+00:00
[2022-06-09 22:10:52,704] {processor.py:161} INFO - Processing /home/smita/airflow/dags/user_processing.py took 0.816 seconds
[2022-06-09 22:11:23,065] {processor.py:153} INFO - Started process (PID=16192) to work on /home/smita/airflow/dags/user_processing.py
[2022-06-09 22:11:23,066] {processor.py:641} INFO - Processing file /home/smita/airflow/dags/user_processing.py for tasks to queue
[2022-06-09 22:11:23,067] {logging_mixin.py:115} INFO - [2022-06-09 22:11:23,066] {dagbag.py:507} INFO - Filling up the DagBag from /home/smita/airflow/dags/user_processing.py
[2022-06-09 22:11:23,580] {processor.py:651} INFO - DAG(s) dict_keys(['user_processing']) retrieved from /home/smita/airflow/dags/user_processing.py
[2022-06-09 22:11:23,726] {logging_mixin.py:115} INFO - [2022-06-09 22:11:23,725] {dag.py:2379} INFO - Sync 1 DAGs
[2022-06-09 22:11:23,750] {logging_mixin.py:115} INFO - [2022-06-09 22:11:23,750] {dag.py:2923} INFO - Setting next_dagrun for user_processing to 2022-06-08T00:00:00+00:00, run_after=2022-06-09T00:00:00+00:00
[2022-06-09 22:11:23,768] {processor.py:161} INFO - Processing /home/smita/airflow/dags/user_processing.py took 0.707 seconds
[2022-06-09 22:11:54,648] {processor.py:153} INFO - Started process (PID=16531) to work on /home/smita/airflow/dags/user_processing.py
[2022-06-09 22:11:54,649] {processor.py:641} INFO - Processing file /home/smita/airflow/dags/user_processing.py for tasks to queue
[2022-06-09 22:11:54,649] {logging_mixin.py:115} INFO - [2022-06-09 22:11:54,649] {dagbag.py:507} INFO - Filling up the DagBag from /home/smita/airflow/dags/user_processing.py
[2022-06-09 22:11:55,128] {processor.py:651} INFO - DAG(s) dict_keys(['user_processing']) retrieved from /home/smita/airflow/dags/user_processing.py
[2022-06-09 22:11:55,290] {logging_mixin.py:115} INFO - [2022-06-09 22:11:55,290] {dag.py:2379} INFO - Sync 1 DAGs
[2022-06-09 22:11:55,315] {logging_mixin.py:115} INFO - [2022-06-09 22:11:55,315] {dag.py:2923} INFO - Setting next_dagrun for user_processing to 2022-06-08T00:00:00+00:00, run_after=2022-06-09T00:00:00+00:00
[2022-06-09 22:11:55,331] {processor.py:161} INFO - Processing /home/smita/airflow/dags/user_processing.py took 0.691 seconds
[2022-06-09 22:12:25,711] {processor.py:153} INFO - Started process (PID=16865) to work on /home/smita/airflow/dags/user_processing.py
[2022-06-09 22:12:25,712] {processor.py:641} INFO - Processing file /home/smita/airflow/dags/user_processing.py for tasks to queue
[2022-06-09 22:12:25,713] {logging_mixin.py:115} INFO - [2022-06-09 22:12:25,712] {dagbag.py:507} INFO - Filling up the DagBag from /home/smita/airflow/dags/user_processing.py
[2022-06-09 22:12:26,187] {processor.py:651} INFO - DAG(s) dict_keys(['user_processing']) retrieved from /home/smita/airflow/dags/user_processing.py
[2022-06-09 22:12:26,350] {logging_mixin.py:115} INFO - [2022-06-09 22:12:26,350] {dag.py:2379} INFO - Sync 1 DAGs
[2022-06-09 22:12:26,372] {logging_mixin.py:115} INFO - [2022-06-09 22:12:26,372] {dag.py:2923} INFO - Setting next_dagrun for user_processing to 2022-06-08T00:00:00+00:00, run_after=2022-06-09T00:00:00+00:00
[2022-06-09 22:12:26,388] {processor.py:161} INFO - Processing /home/smita/airflow/dags/user_processing.py took 0.683 seconds
[2022-06-09 22:12:56,582] {processor.py:153} INFO - Started process (PID=17198) to work on /home/smita/airflow/dags/user_processing.py
[2022-06-09 22:12:56,583] {processor.py:641} INFO - Processing file /home/smita/airflow/dags/user_processing.py for tasks to queue
[2022-06-09 22:12:56,584] {logging_mixin.py:115} INFO - [2022-06-09 22:12:56,584] {dagbag.py:507} INFO - Filling up the DagBag from /home/smita/airflow/dags/user_processing.py
[2022-06-09 22:12:57,138] {processor.py:651} INFO - DAG(s) dict_keys(['user_processing']) retrieved from /home/smita/airflow/dags/user_processing.py
[2022-06-09 22:12:57,301] {logging_mixin.py:115} INFO - [2022-06-09 22:12:57,301] {dag.py:2379} INFO - Sync 1 DAGs
[2022-06-09 22:12:57,322] {logging_mixin.py:115} INFO - [2022-06-09 22:12:57,322] {dag.py:2923} INFO - Setting next_dagrun for user_processing to 2022-06-08T00:00:00+00:00, run_after=2022-06-09T00:00:00+00:00
[2022-06-09 22:12:57,341] {processor.py:161} INFO - Processing /home/smita/airflow/dags/user_processing.py took 0.765 seconds
[2022-06-09 22:13:27,559] {processor.py:153} INFO - Started process (PID=17496) to work on /home/smita/airflow/dags/user_processing.py
[2022-06-09 22:13:27,560] {processor.py:641} INFO - Processing file /home/smita/airflow/dags/user_processing.py for tasks to queue
[2022-06-09 22:13:27,561] {logging_mixin.py:115} INFO - [2022-06-09 22:13:27,561] {dagbag.py:507} INFO - Filling up the DagBag from /home/smita/airflow/dags/user_processing.py
[2022-06-09 22:13:28,119] {processor.py:651} INFO - DAG(s) dict_keys(['user_processing']) retrieved from /home/smita/airflow/dags/user_processing.py
[2022-06-09 22:13:28,355] {logging_mixin.py:115} INFO - [2022-06-09 22:13:28,355] {dag.py:2379} INFO - Sync 1 DAGs
[2022-06-09 22:13:28,379] {logging_mixin.py:115} INFO - [2022-06-09 22:13:28,379] {dag.py:2923} INFO - Setting next_dagrun for user_processing to 2022-06-08T00:00:00+00:00, run_after=2022-06-09T00:00:00+00:00
[2022-06-09 22:13:28,390] {processor.py:161} INFO - Processing /home/smita/airflow/dags/user_processing.py took 0.836 seconds
[2022-06-09 22:13:58,591] {processor.py:153} INFO - Started process (PID=17816) to work on /home/smita/airflow/dags/user_processing.py
[2022-06-09 22:13:58,592] {processor.py:641} INFO - Processing file /home/smita/airflow/dags/user_processing.py for tasks to queue
[2022-06-09 22:13:58,593] {logging_mixin.py:115} INFO - [2022-06-09 22:13:58,593] {dagbag.py:507} INFO - Filling up the DagBag from /home/smita/airflow/dags/user_processing.py
[2022-06-09 22:13:59,083] {processor.py:651} INFO - DAG(s) dict_keys(['user_processing']) retrieved from /home/smita/airflow/dags/user_processing.py
[2022-06-09 22:13:59,226] {logging_mixin.py:115} INFO - [2022-06-09 22:13:59,225] {dag.py:2379} INFO - Sync 1 DAGs
[2022-06-09 22:13:59,247] {logging_mixin.py:115} INFO - [2022-06-09 22:13:59,247] {dag.py:2923} INFO - Setting next_dagrun for user_processing to 2022-06-08T00:00:00+00:00, run_after=2022-06-09T00:00:00+00:00
[2022-06-09 22:13:59,260] {processor.py:161} INFO - Processing /home/smita/airflow/dags/user_processing.py took 0.674 seconds
[2022-06-09 22:14:29,549] {processor.py:153} INFO - Started process (PID=18135) to work on /home/smita/airflow/dags/user_processing.py
[2022-06-09 22:14:29,550] {processor.py:641} INFO - Processing file /home/smita/airflow/dags/user_processing.py for tasks to queue
[2022-06-09 22:14:29,551] {logging_mixin.py:115} INFO - [2022-06-09 22:14:29,551] {dagbag.py:507} INFO - Filling up the DagBag from /home/smita/airflow/dags/user_processing.py
[2022-06-09 22:14:30,210] {processor.py:651} INFO - DAG(s) dict_keys(['user_processing']) retrieved from /home/smita/airflow/dags/user_processing.py
[2022-06-09 22:14:30,399] {logging_mixin.py:115} INFO - [2022-06-09 22:14:30,399] {dag.py:2379} INFO - Sync 1 DAGs
[2022-06-09 22:14:30,433] {logging_mixin.py:115} INFO - [2022-06-09 22:14:30,433] {dag.py:2923} INFO - Setting next_dagrun for user_processing to 2022-06-08T00:00:00+00:00, run_after=2022-06-09T00:00:00+00:00
[2022-06-09 22:14:30,453] {processor.py:161} INFO - Processing /home/smita/airflow/dags/user_processing.py took 0.909 seconds
