[2022-06-09 19:12:59,995] {processor.py:153} INFO - Started process (PID=28082) to work on /home/smita/airflow/dags/xcom_dag.py
[2022-06-09 19:12:59,995] {processor.py:641} INFO - Processing file /home/smita/airflow/dags/xcom_dag.py for tasks to queue
[2022-06-09 19:12:59,996] {logging_mixin.py:115} INFO - [2022-06-09 19:12:59,996] {dagbag.py:507} INFO - Filling up the DagBag from /home/smita/airflow/dags/xcom_dag.py
[2022-06-09 19:13:00,024] {processor.py:651} INFO - DAG(s) dict_keys(['xcom_dag']) retrieved from /home/smita/airflow/dags/xcom_dag.py
[2022-06-09 19:13:00,121] {logging_mixin.py:115} INFO - [2022-06-09 19:13:00,120] {dag.py:2379} INFO - Sync 1 DAGs
[2022-06-09 19:13:00,148] {logging_mixin.py:115} INFO - [2022-06-09 19:13:00,147] {dag.py:2923} INFO - Setting next_dagrun for xcom_dag to 2022-06-09T00:00:00+00:00, run_after=2022-06-10T00:00:00+00:00
[2022-06-09 19:13:00,161] {processor.py:161} INFO - Processing /home/smita/airflow/dags/xcom_dag.py took 0.173 seconds
[2022-06-09 19:13:31,244] {processor.py:153} INFO - Started process (PID=28572) to work on /home/smita/airflow/dags/xcom_dag.py
[2022-06-09 19:13:31,245] {processor.py:641} INFO - Processing file /home/smita/airflow/dags/xcom_dag.py for tasks to queue
[2022-06-09 19:13:31,246] {logging_mixin.py:115} INFO - [2022-06-09 19:13:31,246] {dagbag.py:507} INFO - Filling up the DagBag from /home/smita/airflow/dags/xcom_dag.py
[2022-06-09 19:13:31,276] {processor.py:651} INFO - DAG(s) dict_keys(['xcom_dag']) retrieved from /home/smita/airflow/dags/xcom_dag.py
[2022-06-09 19:13:31,395] {logging_mixin.py:115} INFO - [2022-06-09 19:13:31,395] {dag.py:2379} INFO - Sync 1 DAGs
[2022-06-09 19:13:31,424] {logging_mixin.py:115} INFO - [2022-06-09 19:13:31,424] {dag.py:2923} INFO - Setting next_dagrun for xcom_dag to 2022-06-09T00:00:00+00:00, run_after=2022-06-10T00:00:00+00:00
[2022-06-09 19:13:31,435] {processor.py:161} INFO - Processing /home/smita/airflow/dags/xcom_dag.py took 0.199 seconds
[2022-06-09 19:14:01,809] {processor.py:153} INFO - Started process (PID=28869) to work on /home/smita/airflow/dags/xcom_dag.py
[2022-06-09 19:14:01,810] {processor.py:641} INFO - Processing file /home/smita/airflow/dags/xcom_dag.py for tasks to queue
[2022-06-09 19:14:01,810] {logging_mixin.py:115} INFO - [2022-06-09 19:14:01,810] {dagbag.py:507} INFO - Filling up the DagBag from /home/smita/airflow/dags/xcom_dag.py
[2022-06-09 19:14:01,829] {processor.py:651} INFO - DAG(s) dict_keys(['xcom_dag']) retrieved from /home/smita/airflow/dags/xcom_dag.py
[2022-06-09 19:14:01,933] {logging_mixin.py:115} INFO - [2022-06-09 19:14:01,933] {dag.py:2379} INFO - Sync 1 DAGs
[2022-06-09 19:14:01,960] {logging_mixin.py:115} INFO - [2022-06-09 19:14:01,960] {dag.py:2923} INFO - Setting next_dagrun for xcom_dag to 2022-06-09T00:00:00+00:00, run_after=2022-06-10T00:00:00+00:00
[2022-06-09 19:14:01,978] {processor.py:161} INFO - Processing /home/smita/airflow/dags/xcom_dag.py took 0.174 seconds
[2022-06-09 19:14:32,356] {processor.py:153} INFO - Started process (PID=29193) to work on /home/smita/airflow/dags/xcom_dag.py
[2022-06-09 19:14:32,357] {processor.py:641} INFO - Processing file /home/smita/airflow/dags/xcom_dag.py for tasks to queue
[2022-06-09 19:14:32,358] {logging_mixin.py:115} INFO - [2022-06-09 19:14:32,357] {dagbag.py:507} INFO - Filling up the DagBag from /home/smita/airflow/dags/xcom_dag.py
[2022-06-09 19:14:32,374] {processor.py:651} INFO - DAG(s) dict_keys(['xcom_dag']) retrieved from /home/smita/airflow/dags/xcom_dag.py
[2022-06-09 19:14:32,506] {logging_mixin.py:115} INFO - [2022-06-09 19:14:32,505] {dag.py:2379} INFO - Sync 1 DAGs
[2022-06-09 19:14:32,542] {logging_mixin.py:115} INFO - [2022-06-09 19:14:32,541] {dag.py:2923} INFO - Setting next_dagrun for xcom_dag to 2022-06-09T00:00:00+00:00, run_after=2022-06-10T00:00:00+00:00
[2022-06-09 19:14:32,556] {processor.py:161} INFO - Processing /home/smita/airflow/dags/xcom_dag.py took 0.204 seconds
[2022-06-09 19:15:02,868] {processor.py:153} INFO - Started process (PID=29497) to work on /home/smita/airflow/dags/xcom_dag.py
[2022-06-09 19:15:02,868] {processor.py:641} INFO - Processing file /home/smita/airflow/dags/xcom_dag.py for tasks to queue
[2022-06-09 19:15:02,869] {logging_mixin.py:115} INFO - [2022-06-09 19:15:02,869] {dagbag.py:507} INFO - Filling up the DagBag from /home/smita/airflow/dags/xcom_dag.py
[2022-06-09 19:15:02,887] {processor.py:651} INFO - DAG(s) dict_keys(['xcom_dag']) retrieved from /home/smita/airflow/dags/xcom_dag.py
[2022-06-09 19:15:02,993] {logging_mixin.py:115} INFO - [2022-06-09 19:15:02,992] {dag.py:2379} INFO - Sync 1 DAGs
[2022-06-09 19:15:03,020] {logging_mixin.py:115} INFO - [2022-06-09 19:15:03,020] {dag.py:2923} INFO - Setting next_dagrun for xcom_dag to 2022-06-09T00:00:00+00:00, run_after=2022-06-10T00:00:00+00:00
[2022-06-09 19:15:03,036] {processor.py:161} INFO - Processing /home/smita/airflow/dags/xcom_dag.py took 0.174 seconds
[2022-06-09 19:15:33,363] {processor.py:153} INFO - Started process (PID=29796) to work on /home/smita/airflow/dags/xcom_dag.py
[2022-06-09 19:15:33,364] {processor.py:641} INFO - Processing file /home/smita/airflow/dags/xcom_dag.py for tasks to queue
[2022-06-09 19:15:33,365] {logging_mixin.py:115} INFO - [2022-06-09 19:15:33,365] {dagbag.py:507} INFO - Filling up the DagBag from /home/smita/airflow/dags/xcom_dag.py
[2022-06-09 19:15:33,388] {processor.py:651} INFO - DAG(s) dict_keys(['xcom_dag']) retrieved from /home/smita/airflow/dags/xcom_dag.py
[2022-06-09 19:15:33,501] {logging_mixin.py:115} INFO - [2022-06-09 19:15:33,500] {dag.py:2379} INFO - Sync 1 DAGs
[2022-06-09 19:15:33,546] {logging_mixin.py:115} INFO - [2022-06-09 19:15:33,546] {dag.py:2923} INFO - Setting next_dagrun for xcom_dag to 2022-06-09T00:00:00+00:00, run_after=2022-06-10T00:00:00+00:00
[2022-06-09 19:15:33,563] {processor.py:161} INFO - Processing /home/smita/airflow/dags/xcom_dag.py took 0.207 seconds
[2022-06-09 19:16:04,067] {processor.py:153} INFO - Started process (PID=30093) to work on /home/smita/airflow/dags/xcom_dag.py
[2022-06-09 19:16:04,068] {processor.py:641} INFO - Processing file /home/smita/airflow/dags/xcom_dag.py for tasks to queue
[2022-06-09 19:16:04,069] {logging_mixin.py:115} INFO - [2022-06-09 19:16:04,069] {dagbag.py:507} INFO - Filling up the DagBag from /home/smita/airflow/dags/xcom_dag.py
[2022-06-09 19:16:04,087] {processor.py:651} INFO - DAG(s) dict_keys(['xcom_dag']) retrieved from /home/smita/airflow/dags/xcom_dag.py
[2022-06-09 19:16:04,193] {logging_mixin.py:115} INFO - [2022-06-09 19:16:04,193] {dag.py:2379} INFO - Sync 1 DAGs
[2022-06-09 19:16:04,228] {logging_mixin.py:115} INFO - [2022-06-09 19:16:04,227] {dag.py:2923} INFO - Setting next_dagrun for xcom_dag to 2022-06-09T00:00:00+00:00, run_after=2022-06-10T00:00:00+00:00
[2022-06-09 19:16:04,245] {processor.py:161} INFO - Processing /home/smita/airflow/dags/xcom_dag.py took 0.182 seconds
[2022-06-09 19:16:34,566] {processor.py:153} INFO - Started process (PID=30404) to work on /home/smita/airflow/dags/xcom_dag.py
[2022-06-09 19:16:34,567] {processor.py:641} INFO - Processing file /home/smita/airflow/dags/xcom_dag.py for tasks to queue
[2022-06-09 19:16:34,567] {logging_mixin.py:115} INFO - [2022-06-09 19:16:34,567] {dagbag.py:507} INFO - Filling up the DagBag from /home/smita/airflow/dags/xcom_dag.py
[2022-06-09 19:16:34,586] {processor.py:651} INFO - DAG(s) dict_keys(['xcom_dag']) retrieved from /home/smita/airflow/dags/xcom_dag.py
[2022-06-09 19:16:34,691] {logging_mixin.py:115} INFO - [2022-06-09 19:16:34,691] {dag.py:2379} INFO - Sync 1 DAGs
[2022-06-09 19:16:34,722] {logging_mixin.py:115} INFO - [2022-06-09 19:16:34,722] {dag.py:2923} INFO - Setting next_dagrun for xcom_dag to 2022-06-09T00:00:00+00:00, run_after=2022-06-10T00:00:00+00:00
[2022-06-09 19:16:34,739] {processor.py:161} INFO - Processing /home/smita/airflow/dags/xcom_dag.py took 0.180 seconds
[2022-06-09 19:17:05,154] {processor.py:153} INFO - Started process (PID=30716) to work on /home/smita/airflow/dags/xcom_dag.py
[2022-06-09 19:17:05,154] {processor.py:641} INFO - Processing file /home/smita/airflow/dags/xcom_dag.py for tasks to queue
[2022-06-09 19:17:05,155] {logging_mixin.py:115} INFO - [2022-06-09 19:17:05,155] {dagbag.py:507} INFO - Filling up the DagBag from /home/smita/airflow/dags/xcom_dag.py
[2022-06-09 19:17:05,174] {processor.py:651} INFO - DAG(s) dict_keys(['xcom_dag']) retrieved from /home/smita/airflow/dags/xcom_dag.py
[2022-06-09 19:17:05,282] {logging_mixin.py:115} INFO - [2022-06-09 19:17:05,282] {dag.py:2379} INFO - Sync 1 DAGs
[2022-06-09 19:17:05,313] {logging_mixin.py:115} INFO - [2022-06-09 19:17:05,313] {dag.py:2923} INFO - Setting next_dagrun for xcom_dag to 2022-06-09T00:00:00+00:00, run_after=2022-06-10T00:00:00+00:00
[2022-06-09 19:17:05,332] {processor.py:161} INFO - Processing /home/smita/airflow/dags/xcom_dag.py took 0.183 seconds
[2022-06-09 19:17:35,546] {processor.py:153} INFO - Started process (PID=31021) to work on /home/smita/airflow/dags/xcom_dag.py
[2022-06-09 19:17:35,547] {processor.py:641} INFO - Processing file /home/smita/airflow/dags/xcom_dag.py for tasks to queue
[2022-06-09 19:17:35,548] {logging_mixin.py:115} INFO - [2022-06-09 19:17:35,548] {dagbag.py:507} INFO - Filling up the DagBag from /home/smita/airflow/dags/xcom_dag.py
[2022-06-09 19:17:35,562] {processor.py:651} INFO - DAG(s) dict_keys(['xcom_dag']) retrieved from /home/smita/airflow/dags/xcom_dag.py
[2022-06-09 19:17:35,659] {logging_mixin.py:115} INFO - [2022-06-09 19:17:35,659] {dag.py:2379} INFO - Sync 1 DAGs
[2022-06-09 19:17:35,689] {logging_mixin.py:115} INFO - [2022-06-09 19:17:35,689] {dag.py:2923} INFO - Setting next_dagrun for xcom_dag to 2022-06-09T00:00:00+00:00, run_after=2022-06-10T00:00:00+00:00
[2022-06-09 19:17:35,704] {processor.py:161} INFO - Processing /home/smita/airflow/dags/xcom_dag.py took 0.163 seconds
[2022-06-09 19:18:06,377] {processor.py:153} INFO - Started process (PID=31326) to work on /home/smita/airflow/dags/xcom_dag.py
[2022-06-09 19:18:06,378] {processor.py:641} INFO - Processing file /home/smita/airflow/dags/xcom_dag.py for tasks to queue
[2022-06-09 19:18:06,378] {logging_mixin.py:115} INFO - [2022-06-09 19:18:06,378] {dagbag.py:507} INFO - Filling up the DagBag from /home/smita/airflow/dags/xcom_dag.py
[2022-06-09 19:18:06,398] {processor.py:651} INFO - DAG(s) dict_keys(['xcom_dag']) retrieved from /home/smita/airflow/dags/xcom_dag.py
[2022-06-09 19:18:06,502] {logging_mixin.py:115} INFO - [2022-06-09 19:18:06,502] {dag.py:2379} INFO - Sync 1 DAGs
[2022-06-09 19:18:06,528] {logging_mixin.py:115} INFO - [2022-06-09 19:18:06,528] {dag.py:2923} INFO - Setting next_dagrun for xcom_dag to 2022-06-09T00:00:00+00:00, run_after=2022-06-10T00:00:00+00:00
[2022-06-09 19:18:06,545] {processor.py:161} INFO - Processing /home/smita/airflow/dags/xcom_dag.py took 0.173 seconds
[2022-06-09 19:18:37,102] {processor.py:153} INFO - Started process (PID=31638) to work on /home/smita/airflow/dags/xcom_dag.py
[2022-06-09 19:18:37,102] {processor.py:641} INFO - Processing file /home/smita/airflow/dags/xcom_dag.py for tasks to queue
[2022-06-09 19:18:37,103] {logging_mixin.py:115} INFO - [2022-06-09 19:18:37,103] {dagbag.py:507} INFO - Filling up the DagBag from /home/smita/airflow/dags/xcom_dag.py
[2022-06-09 19:18:37,119] {processor.py:651} INFO - DAG(s) dict_keys(['xcom_dag']) retrieved from /home/smita/airflow/dags/xcom_dag.py
[2022-06-09 19:18:37,211] {logging_mixin.py:115} INFO - [2022-06-09 19:18:37,211] {dag.py:2379} INFO - Sync 1 DAGs
[2022-06-09 19:18:37,239] {logging_mixin.py:115} INFO - [2022-06-09 19:18:37,238] {dag.py:2923} INFO - Setting next_dagrun for xcom_dag to 2022-06-09T00:00:00+00:00, run_after=2022-06-10T00:00:00+00:00
[2022-06-09 19:18:37,256] {processor.py:161} INFO - Processing /home/smita/airflow/dags/xcom_dag.py took 0.159 seconds
[2022-06-09 19:19:07,423] {processor.py:153} INFO - Started process (PID=31943) to work on /home/smita/airflow/dags/xcom_dag.py
[2022-06-09 19:19:07,424] {processor.py:641} INFO - Processing file /home/smita/airflow/dags/xcom_dag.py for tasks to queue
[2022-06-09 19:19:07,425] {logging_mixin.py:115} INFO - [2022-06-09 19:19:07,425] {dagbag.py:507} INFO - Filling up the DagBag from /home/smita/airflow/dags/xcom_dag.py
[2022-06-09 19:19:07,441] {processor.py:651} INFO - DAG(s) dict_keys(['xcom_dag']) retrieved from /home/smita/airflow/dags/xcom_dag.py
[2022-06-09 19:19:07,545] {logging_mixin.py:115} INFO - [2022-06-09 19:19:07,545] {dag.py:2379} INFO - Sync 1 DAGs
[2022-06-09 19:19:07,578] {logging_mixin.py:115} INFO - [2022-06-09 19:19:07,578] {dag.py:2923} INFO - Setting next_dagrun for xcom_dag to 2022-06-09T00:00:00+00:00, run_after=2022-06-10T00:00:00+00:00
[2022-06-09 19:19:07,593] {processor.py:161} INFO - Processing /home/smita/airflow/dags/xcom_dag.py took 0.174 seconds
[2022-06-09 19:19:38,302] {processor.py:153} INFO - Started process (PID=32271) to work on /home/smita/airflow/dags/xcom_dag.py
[2022-06-09 19:19:38,303] {processor.py:641} INFO - Processing file /home/smita/airflow/dags/xcom_dag.py for tasks to queue
[2022-06-09 19:19:38,304] {logging_mixin.py:115} INFO - [2022-06-09 19:19:38,304] {dagbag.py:507} INFO - Filling up the DagBag from /home/smita/airflow/dags/xcom_dag.py
[2022-06-09 19:19:38,320] {processor.py:651} INFO - DAG(s) dict_keys(['xcom_dag']) retrieved from /home/smita/airflow/dags/xcom_dag.py
[2022-06-09 19:19:38,421] {logging_mixin.py:115} INFO - [2022-06-09 19:19:38,421] {dag.py:2379} INFO - Sync 1 DAGs
[2022-06-09 19:19:38,445] {logging_mixin.py:115} INFO - [2022-06-09 19:19:38,444] {dag.py:2923} INFO - Setting next_dagrun for xcom_dag to 2022-06-09T00:00:00+00:00, run_after=2022-06-10T00:00:00+00:00
[2022-06-09 19:19:38,460] {processor.py:161} INFO - Processing /home/smita/airflow/dags/xcom_dag.py took 0.163 seconds
[2022-06-09 19:20:08,975] {processor.py:153} INFO - Started process (PID=32582) to work on /home/smita/airflow/dags/xcom_dag.py
[2022-06-09 19:20:08,976] {processor.py:641} INFO - Processing file /home/smita/airflow/dags/xcom_dag.py for tasks to queue
[2022-06-09 19:20:08,976] {logging_mixin.py:115} INFO - [2022-06-09 19:20:08,976] {dagbag.py:507} INFO - Filling up the DagBag from /home/smita/airflow/dags/xcom_dag.py
[2022-06-09 19:20:08,992] {processor.py:651} INFO - DAG(s) dict_keys(['xcom_dag']) retrieved from /home/smita/airflow/dags/xcom_dag.py
[2022-06-09 19:20:09,121] {logging_mixin.py:115} INFO - [2022-06-09 19:20:09,121] {dag.py:2379} INFO - Sync 1 DAGs
[2022-06-09 19:20:09,151] {logging_mixin.py:115} INFO - [2022-06-09 19:20:09,151] {dag.py:2923} INFO - Setting next_dagrun for xcom_dag to 2022-06-09T00:00:00+00:00, run_after=2022-06-10T00:00:00+00:00
[2022-06-09 19:20:09,168] {processor.py:161} INFO - Processing /home/smita/airflow/dags/xcom_dag.py took 0.198 seconds
[2022-06-09 19:20:39,415] {processor.py:153} INFO - Started process (PID=137) to work on /home/smita/airflow/dags/xcom_dag.py
[2022-06-09 19:20:39,416] {processor.py:641} INFO - Processing file /home/smita/airflow/dags/xcom_dag.py for tasks to queue
[2022-06-09 19:20:39,417] {logging_mixin.py:115} INFO - [2022-06-09 19:20:39,417] {dagbag.py:507} INFO - Filling up the DagBag from /home/smita/airflow/dags/xcom_dag.py
[2022-06-09 19:20:39,436] {processor.py:651} INFO - DAG(s) dict_keys(['xcom_dag']) retrieved from /home/smita/airflow/dags/xcom_dag.py
[2022-06-09 19:20:39,547] {logging_mixin.py:115} INFO - [2022-06-09 19:20:39,546] {dag.py:2379} INFO - Sync 1 DAGs
[2022-06-09 19:20:39,579] {logging_mixin.py:115} INFO - [2022-06-09 19:20:39,579] {dag.py:2923} INFO - Setting next_dagrun for xcom_dag to 2022-06-09T00:00:00+00:00, run_after=2022-06-10T00:00:00+00:00
[2022-06-09 19:20:39,595] {processor.py:161} INFO - Processing /home/smita/airflow/dags/xcom_dag.py took 0.187 seconds
[2022-06-09 19:21:09,901] {processor.py:153} INFO - Started process (PID=447) to work on /home/smita/airflow/dags/xcom_dag.py
[2022-06-09 19:21:09,902] {processor.py:641} INFO - Processing file /home/smita/airflow/dags/xcom_dag.py for tasks to queue
[2022-06-09 19:21:09,903] {logging_mixin.py:115} INFO - [2022-06-09 19:21:09,902] {dagbag.py:507} INFO - Filling up the DagBag from /home/smita/airflow/dags/xcom_dag.py
[2022-06-09 19:21:09,924] {processor.py:651} INFO - DAG(s) dict_keys(['xcom_dag']) retrieved from /home/smita/airflow/dags/xcom_dag.py
[2022-06-09 19:21:10,016] {logging_mixin.py:115} INFO - [2022-06-09 19:21:10,016] {dag.py:2379} INFO - Sync 1 DAGs
[2022-06-09 19:21:10,042] {logging_mixin.py:115} INFO - [2022-06-09 19:21:10,042] {dag.py:2923} INFO - Setting next_dagrun for xcom_dag to 2022-06-09T00:00:00+00:00, run_after=2022-06-10T00:00:00+00:00
[2022-06-09 19:21:10,058] {processor.py:161} INFO - Processing /home/smita/airflow/dags/xcom_dag.py took 0.162 seconds
[2022-06-09 19:21:40,697] {processor.py:153} INFO - Started process (PID=759) to work on /home/smita/airflow/dags/xcom_dag.py
[2022-06-09 19:21:40,697] {processor.py:641} INFO - Processing file /home/smita/airflow/dags/xcom_dag.py for tasks to queue
[2022-06-09 19:21:40,698] {logging_mixin.py:115} INFO - [2022-06-09 19:21:40,698] {dagbag.py:507} INFO - Filling up the DagBag from /home/smita/airflow/dags/xcom_dag.py
[2022-06-09 19:21:40,715] {processor.py:651} INFO - DAG(s) dict_keys(['xcom_dag']) retrieved from /home/smita/airflow/dags/xcom_dag.py
[2022-06-09 19:21:40,814] {logging_mixin.py:115} INFO - [2022-06-09 19:21:40,814] {dag.py:2379} INFO - Sync 1 DAGs
[2022-06-09 19:21:40,844] {logging_mixin.py:115} INFO - [2022-06-09 19:21:40,844] {dag.py:2923} INFO - Setting next_dagrun for xcom_dag to 2022-06-09T00:00:00+00:00, run_after=2022-06-10T00:00:00+00:00
[2022-06-09 19:21:40,862] {processor.py:161} INFO - Processing /home/smita/airflow/dags/xcom_dag.py took 0.172 seconds
[2022-06-09 19:22:11,248] {processor.py:153} INFO - Started process (PID=1066) to work on /home/smita/airflow/dags/xcom_dag.py
[2022-06-09 19:22:11,249] {processor.py:641} INFO - Processing file /home/smita/airflow/dags/xcom_dag.py for tasks to queue
[2022-06-09 19:22:11,250] {logging_mixin.py:115} INFO - [2022-06-09 19:22:11,250] {dagbag.py:507} INFO - Filling up the DagBag from /home/smita/airflow/dags/xcom_dag.py
[2022-06-09 19:22:11,265] {processor.py:651} INFO - DAG(s) dict_keys(['xcom_dag']) retrieved from /home/smita/airflow/dags/xcom_dag.py
[2022-06-09 19:22:11,377] {logging_mixin.py:115} INFO - [2022-06-09 19:22:11,377] {dag.py:2379} INFO - Sync 1 DAGs
[2022-06-09 19:22:11,402] {logging_mixin.py:115} INFO - [2022-06-09 19:22:11,402] {dag.py:2923} INFO - Setting next_dagrun for xcom_dag to 2022-06-09T00:00:00+00:00, run_after=2022-06-10T00:00:00+00:00
[2022-06-09 19:22:11,420] {processor.py:161} INFO - Processing /home/smita/airflow/dags/xcom_dag.py took 0.176 seconds
[2022-06-09 19:22:41,746] {processor.py:153} INFO - Started process (PID=1376) to work on /home/smita/airflow/dags/xcom_dag.py
[2022-06-09 19:22:41,747] {processor.py:641} INFO - Processing file /home/smita/airflow/dags/xcom_dag.py for tasks to queue
[2022-06-09 19:22:41,747] {logging_mixin.py:115} INFO - [2022-06-09 19:22:41,747] {dagbag.py:507} INFO - Filling up the DagBag from /home/smita/airflow/dags/xcom_dag.py
[2022-06-09 19:22:41,764] {processor.py:651} INFO - DAG(s) dict_keys(['xcom_dag']) retrieved from /home/smita/airflow/dags/xcom_dag.py
[2022-06-09 19:22:41,859] {logging_mixin.py:115} INFO - [2022-06-09 19:22:41,859] {dag.py:2379} INFO - Sync 1 DAGs
[2022-06-09 19:22:41,884] {logging_mixin.py:115} INFO - [2022-06-09 19:22:41,884] {dag.py:2923} INFO - Setting next_dagrun for xcom_dag to 2022-06-09T00:00:00+00:00, run_after=2022-06-10T00:00:00+00:00
[2022-06-09 19:22:41,900] {processor.py:161} INFO - Processing /home/smita/airflow/dags/xcom_dag.py took 0.159 seconds
[2022-06-09 19:23:12,339] {processor.py:153} INFO - Started process (PID=1683) to work on /home/smita/airflow/dags/xcom_dag.py
[2022-06-09 19:23:12,340] {processor.py:641} INFO - Processing file /home/smita/airflow/dags/xcom_dag.py for tasks to queue
[2022-06-09 19:23:12,341] {logging_mixin.py:115} INFO - [2022-06-09 19:23:12,341] {dagbag.py:507} INFO - Filling up the DagBag from /home/smita/airflow/dags/xcom_dag.py
[2022-06-09 19:23:12,368] {processor.py:651} INFO - DAG(s) dict_keys(['xcom_dag']) retrieved from /home/smita/airflow/dags/xcom_dag.py
[2022-06-09 19:23:12,488] {logging_mixin.py:115} INFO - [2022-06-09 19:23:12,488] {dag.py:2379} INFO - Sync 1 DAGs
[2022-06-09 19:23:12,518] {logging_mixin.py:115} INFO - [2022-06-09 19:23:12,517] {dag.py:2923} INFO - Setting next_dagrun for xcom_dag to 2022-06-09T00:00:00+00:00, run_after=2022-06-10T00:00:00+00:00
[2022-06-09 19:23:12,536] {processor.py:161} INFO - Processing /home/smita/airflow/dags/xcom_dag.py took 0.203 seconds
[2022-06-09 19:23:42,912] {processor.py:153} INFO - Started process (PID=1996) to work on /home/smita/airflow/dags/xcom_dag.py
[2022-06-09 19:23:42,913] {processor.py:641} INFO - Processing file /home/smita/airflow/dags/xcom_dag.py for tasks to queue
[2022-06-09 19:23:42,913] {logging_mixin.py:115} INFO - [2022-06-09 19:23:42,913] {dagbag.py:507} INFO - Filling up the DagBag from /home/smita/airflow/dags/xcom_dag.py
[2022-06-09 19:23:42,932] {processor.py:651} INFO - DAG(s) dict_keys(['xcom_dag']) retrieved from /home/smita/airflow/dags/xcom_dag.py
[2022-06-09 19:23:43,048] {logging_mixin.py:115} INFO - [2022-06-09 19:23:43,048] {dag.py:2379} INFO - Sync 1 DAGs
[2022-06-09 19:23:43,079] {logging_mixin.py:115} INFO - [2022-06-09 19:23:43,079] {dag.py:2923} INFO - Setting next_dagrun for xcom_dag to 2022-06-09T00:00:00+00:00, run_after=2022-06-10T00:00:00+00:00
[2022-06-09 19:23:43,098] {processor.py:161} INFO - Processing /home/smita/airflow/dags/xcom_dag.py took 0.191 seconds
[2022-06-09 19:24:13,644] {processor.py:153} INFO - Started process (PID=2297) to work on /home/smita/airflow/dags/xcom_dag.py
[2022-06-09 19:24:13,645] {processor.py:641} INFO - Processing file /home/smita/airflow/dags/xcom_dag.py for tasks to queue
[2022-06-09 19:24:13,646] {logging_mixin.py:115} INFO - [2022-06-09 19:24:13,646] {dagbag.py:507} INFO - Filling up the DagBag from /home/smita/airflow/dags/xcom_dag.py
[2022-06-09 19:24:13,666] {processor.py:651} INFO - DAG(s) dict_keys(['xcom_dag']) retrieved from /home/smita/airflow/dags/xcom_dag.py
[2022-06-09 19:24:13,781] {logging_mixin.py:115} INFO - [2022-06-09 19:24:13,781] {dag.py:2379} INFO - Sync 1 DAGs
[2022-06-09 19:24:13,809] {logging_mixin.py:115} INFO - [2022-06-09 19:24:13,809] {dag.py:2923} INFO - Setting next_dagrun for xcom_dag to 2022-06-09T00:00:00+00:00, run_after=2022-06-10T00:00:00+00:00
[2022-06-09 19:24:13,831] {processor.py:161} INFO - Processing /home/smita/airflow/dags/xcom_dag.py took 0.192 seconds
[2022-06-09 19:24:44,131] {processor.py:153} INFO - Started process (PID=2623) to work on /home/smita/airflow/dags/xcom_dag.py
[2022-06-09 19:24:44,132] {processor.py:641} INFO - Processing file /home/smita/airflow/dags/xcom_dag.py for tasks to queue
[2022-06-09 19:24:44,133] {logging_mixin.py:115} INFO - [2022-06-09 19:24:44,133] {dagbag.py:507} INFO - Filling up the DagBag from /home/smita/airflow/dags/xcom_dag.py
[2022-06-09 19:24:44,149] {processor.py:651} INFO - DAG(s) dict_keys(['xcom_dag']) retrieved from /home/smita/airflow/dags/xcom_dag.py
[2022-06-09 19:24:44,252] {logging_mixin.py:115} INFO - [2022-06-09 19:24:44,252] {dag.py:2379} INFO - Sync 1 DAGs
[2022-06-09 19:24:44,277] {logging_mixin.py:115} INFO - [2022-06-09 19:24:44,277] {dag.py:2923} INFO - Setting next_dagrun for xcom_dag to 2022-06-09T00:00:00+00:00, run_after=2022-06-10T00:00:00+00:00
[2022-06-09 19:24:44,295] {processor.py:161} INFO - Processing /home/smita/airflow/dags/xcom_dag.py took 0.168 seconds
[2022-06-09 19:25:14,625] {processor.py:153} INFO - Started process (PID=2949) to work on /home/smita/airflow/dags/xcom_dag.py
[2022-06-09 19:25:14,625] {processor.py:641} INFO - Processing file /home/smita/airflow/dags/xcom_dag.py for tasks to queue
[2022-06-09 19:25:14,626] {logging_mixin.py:115} INFO - [2022-06-09 19:25:14,626] {dagbag.py:507} INFO - Filling up the DagBag from /home/smita/airflow/dags/xcom_dag.py
[2022-06-09 19:25:14,642] {processor.py:651} INFO - DAG(s) dict_keys(['xcom_dag']) retrieved from /home/smita/airflow/dags/xcom_dag.py
[2022-06-09 19:25:14,777] {logging_mixin.py:115} INFO - [2022-06-09 19:25:14,777] {dag.py:2379} INFO - Sync 1 DAGs
[2022-06-09 19:25:14,803] {logging_mixin.py:115} INFO - [2022-06-09 19:25:14,803] {dag.py:2923} INFO - Setting next_dagrun for xcom_dag to 2022-06-09T00:00:00+00:00, run_after=2022-06-10T00:00:00+00:00
[2022-06-09 19:25:14,818] {processor.py:161} INFO - Processing /home/smita/airflow/dags/xcom_dag.py took 0.198 seconds
[2022-06-09 19:25:45,046] {processor.py:153} INFO - Started process (PID=3281) to work on /home/smita/airflow/dags/xcom_dag.py
[2022-06-09 19:25:45,047] {processor.py:641} INFO - Processing file /home/smita/airflow/dags/xcom_dag.py for tasks to queue
[2022-06-09 19:25:45,047] {logging_mixin.py:115} INFO - [2022-06-09 19:25:45,047] {dagbag.py:507} INFO - Filling up the DagBag from /home/smita/airflow/dags/xcom_dag.py
[2022-06-09 19:25:45,062] {processor.py:651} INFO - DAG(s) dict_keys(['xcom_dag']) retrieved from /home/smita/airflow/dags/xcom_dag.py
[2022-06-09 19:25:45,165] {logging_mixin.py:115} INFO - [2022-06-09 19:25:45,165] {dag.py:2379} INFO - Sync 1 DAGs
[2022-06-09 19:25:45,190] {logging_mixin.py:115} INFO - [2022-06-09 19:25:45,190] {dag.py:2923} INFO - Setting next_dagrun for xcom_dag to 2022-06-09T00:00:00+00:00, run_after=2022-06-10T00:00:00+00:00
[2022-06-09 19:25:45,203] {processor.py:161} INFO - Processing /home/smita/airflow/dags/xcom_dag.py took 0.163 seconds
[2022-06-09 19:26:15,693] {processor.py:153} INFO - Started process (PID=3614) to work on /home/smita/airflow/dags/xcom_dag.py
[2022-06-09 19:26:15,694] {processor.py:641} INFO - Processing file /home/smita/airflow/dags/xcom_dag.py for tasks to queue
[2022-06-09 19:26:15,694] {logging_mixin.py:115} INFO - [2022-06-09 19:26:15,694] {dagbag.py:507} INFO - Filling up the DagBag from /home/smita/airflow/dags/xcom_dag.py
[2022-06-09 19:26:15,712] {processor.py:651} INFO - DAG(s) dict_keys(['xcom_dag']) retrieved from /home/smita/airflow/dags/xcom_dag.py
[2022-06-09 19:26:15,818] {logging_mixin.py:115} INFO - [2022-06-09 19:26:15,818] {dag.py:2379} INFO - Sync 1 DAGs
[2022-06-09 19:26:15,842] {logging_mixin.py:115} INFO - [2022-06-09 19:26:15,842] {dag.py:2923} INFO - Setting next_dagrun for xcom_dag to 2022-06-09T00:00:00+00:00, run_after=2022-06-10T00:00:00+00:00
[2022-06-09 19:26:15,857] {processor.py:161} INFO - Processing /home/smita/airflow/dags/xcom_dag.py took 0.170 seconds
[2022-06-09 19:26:46,404] {processor.py:153} INFO - Started process (PID=3947) to work on /home/smita/airflow/dags/xcom_dag.py
[2022-06-09 19:26:46,405] {processor.py:641} INFO - Processing file /home/smita/airflow/dags/xcom_dag.py for tasks to queue
[2022-06-09 19:26:46,406] {logging_mixin.py:115} INFO - [2022-06-09 19:26:46,405] {dagbag.py:507} INFO - Filling up the DagBag from /home/smita/airflow/dags/xcom_dag.py
[2022-06-09 19:26:46,422] {processor.py:651} INFO - DAG(s) dict_keys(['xcom_dag']) retrieved from /home/smita/airflow/dags/xcom_dag.py
[2022-06-09 19:26:46,518] {logging_mixin.py:115} INFO - [2022-06-09 19:26:46,518] {dag.py:2379} INFO - Sync 1 DAGs
[2022-06-09 19:26:46,544] {logging_mixin.py:115} INFO - [2022-06-09 19:26:46,544] {dag.py:2923} INFO - Setting next_dagrun for xcom_dag to 2022-06-09T00:00:00+00:00, run_after=2022-06-10T00:00:00+00:00
[2022-06-09 19:26:46,561] {processor.py:161} INFO - Processing /home/smita/airflow/dags/xcom_dag.py took 0.162 seconds
[2022-06-09 19:27:17,313] {processor.py:153} INFO - Started process (PID=4275) to work on /home/smita/airflow/dags/xcom_dag.py
[2022-06-09 19:27:17,314] {processor.py:641} INFO - Processing file /home/smita/airflow/dags/xcom_dag.py for tasks to queue
[2022-06-09 19:27:17,314] {logging_mixin.py:115} INFO - [2022-06-09 19:27:17,314] {dagbag.py:507} INFO - Filling up the DagBag from /home/smita/airflow/dags/xcom_dag.py
[2022-06-09 19:27:17,329] {processor.py:651} INFO - DAG(s) dict_keys(['xcom_dag']) retrieved from /home/smita/airflow/dags/xcom_dag.py
[2022-06-09 19:27:17,440] {logging_mixin.py:115} INFO - [2022-06-09 19:27:17,440] {dag.py:2379} INFO - Sync 1 DAGs
[2022-06-09 19:27:17,466] {logging_mixin.py:115} INFO - [2022-06-09 19:27:17,465] {dag.py:2923} INFO - Setting next_dagrun for xcom_dag to 2022-06-09T00:00:00+00:00, run_after=2022-06-10T00:00:00+00:00
[2022-06-09 19:27:17,486] {processor.py:161} INFO - Processing /home/smita/airflow/dags/xcom_dag.py took 0.178 seconds
[2022-06-09 19:27:47,775] {processor.py:153} INFO - Started process (PID=4606) to work on /home/smita/airflow/dags/xcom_dag.py
[2022-06-09 19:27:47,776] {processor.py:641} INFO - Processing file /home/smita/airflow/dags/xcom_dag.py for tasks to queue
[2022-06-09 19:27:47,776] {logging_mixin.py:115} INFO - [2022-06-09 19:27:47,776] {dagbag.py:507} INFO - Filling up the DagBag from /home/smita/airflow/dags/xcom_dag.py
[2022-06-09 19:27:47,791] {processor.py:651} INFO - DAG(s) dict_keys(['xcom_dag']) retrieved from /home/smita/airflow/dags/xcom_dag.py
[2022-06-09 19:27:47,889] {logging_mixin.py:115} INFO - [2022-06-09 19:27:47,889] {dag.py:2379} INFO - Sync 1 DAGs
[2022-06-09 19:27:47,913] {logging_mixin.py:115} INFO - [2022-06-09 19:27:47,913] {dag.py:2923} INFO - Setting next_dagrun for xcom_dag to 2022-06-09T00:00:00+00:00, run_after=2022-06-10T00:00:00+00:00
[2022-06-09 19:27:47,927] {processor.py:161} INFO - Processing /home/smita/airflow/dags/xcom_dag.py took 0.156 seconds
[2022-06-09 19:28:18,327] {processor.py:153} INFO - Started process (PID=4932) to work on /home/smita/airflow/dags/xcom_dag.py
[2022-06-09 19:28:18,327] {processor.py:641} INFO - Processing file /home/smita/airflow/dags/xcom_dag.py for tasks to queue
[2022-06-09 19:28:18,328] {logging_mixin.py:115} INFO - [2022-06-09 19:28:18,328] {dagbag.py:507} INFO - Filling up the DagBag from /home/smita/airflow/dags/xcom_dag.py
[2022-06-09 19:28:18,342] {processor.py:651} INFO - DAG(s) dict_keys(['xcom_dag']) retrieved from /home/smita/airflow/dags/xcom_dag.py
[2022-06-09 19:28:18,437] {logging_mixin.py:115} INFO - [2022-06-09 19:28:18,437] {dag.py:2379} INFO - Sync 1 DAGs
[2022-06-09 19:28:18,463] {logging_mixin.py:115} INFO - [2022-06-09 19:28:18,463] {dag.py:2923} INFO - Setting next_dagrun for xcom_dag to 2022-06-09T00:00:00+00:00, run_after=2022-06-10T00:00:00+00:00
[2022-06-09 19:28:18,478] {processor.py:161} INFO - Processing /home/smita/airflow/dags/xcom_dag.py took 0.156 seconds
[2022-06-09 19:28:48,907] {processor.py:153} INFO - Started process (PID=5265) to work on /home/smita/airflow/dags/xcom_dag.py
[2022-06-09 19:28:48,908] {processor.py:641} INFO - Processing file /home/smita/airflow/dags/xcom_dag.py for tasks to queue
[2022-06-09 19:28:48,909] {logging_mixin.py:115} INFO - [2022-06-09 19:28:48,908] {dagbag.py:507} INFO - Filling up the DagBag from /home/smita/airflow/dags/xcom_dag.py
[2022-06-09 19:28:48,925] {processor.py:651} INFO - DAG(s) dict_keys(['xcom_dag']) retrieved from /home/smita/airflow/dags/xcom_dag.py
[2022-06-09 19:28:49,032] {logging_mixin.py:115} INFO - [2022-06-09 19:28:49,032] {dag.py:2379} INFO - Sync 1 DAGs
[2022-06-09 19:28:49,062] {logging_mixin.py:115} INFO - [2022-06-09 19:28:49,062] {dag.py:2923} INFO - Setting next_dagrun for xcom_dag to 2022-06-09T00:00:00+00:00, run_after=2022-06-10T00:00:00+00:00
[2022-06-09 19:28:49,076] {processor.py:161} INFO - Processing /home/smita/airflow/dags/xcom_dag.py took 0.173 seconds
[2022-06-09 19:29:19,694] {processor.py:153} INFO - Started process (PID=5595) to work on /home/smita/airflow/dags/xcom_dag.py
[2022-06-09 19:29:19,694] {processor.py:641} INFO - Processing file /home/smita/airflow/dags/xcom_dag.py for tasks to queue
[2022-06-09 19:29:19,695] {logging_mixin.py:115} INFO - [2022-06-09 19:29:19,695] {dagbag.py:507} INFO - Filling up the DagBag from /home/smita/airflow/dags/xcom_dag.py
[2022-06-09 19:29:19,710] {processor.py:651} INFO - DAG(s) dict_keys(['xcom_dag']) retrieved from /home/smita/airflow/dags/xcom_dag.py
[2022-06-09 19:29:19,819] {logging_mixin.py:115} INFO - [2022-06-09 19:29:19,819] {dag.py:2379} INFO - Sync 1 DAGs
[2022-06-09 19:29:19,845] {logging_mixin.py:115} INFO - [2022-06-09 19:29:19,844] {dag.py:2923} INFO - Setting next_dagrun for xcom_dag to 2022-06-09T00:00:00+00:00, run_after=2022-06-10T00:00:00+00:00
[2022-06-09 19:29:19,862] {processor.py:161} INFO - Processing /home/smita/airflow/dags/xcom_dag.py took 0.173 seconds
[2022-06-09 19:29:50,152] {processor.py:153} INFO - Started process (PID=5924) to work on /home/smita/airflow/dags/xcom_dag.py
[2022-06-09 19:29:50,153] {processor.py:641} INFO - Processing file /home/smita/airflow/dags/xcom_dag.py for tasks to queue
[2022-06-09 19:29:50,154] {logging_mixin.py:115} INFO - [2022-06-09 19:29:50,154] {dagbag.py:507} INFO - Filling up the DagBag from /home/smita/airflow/dags/xcom_dag.py
[2022-06-09 19:29:50,171] {processor.py:651} INFO - DAG(s) dict_keys(['xcom_dag']) retrieved from /home/smita/airflow/dags/xcom_dag.py
[2022-06-09 19:29:50,270] {logging_mixin.py:115} INFO - [2022-06-09 19:29:50,270] {dag.py:2379} INFO - Sync 1 DAGs
[2022-06-09 19:29:50,301] {logging_mixin.py:115} INFO - [2022-06-09 19:29:50,301] {dag.py:2923} INFO - Setting next_dagrun for xcom_dag to 2022-06-09T00:00:00+00:00, run_after=2022-06-10T00:00:00+00:00
[2022-06-09 19:29:50,317] {processor.py:161} INFO - Processing /home/smita/airflow/dags/xcom_dag.py took 0.170 seconds
[2022-06-09 19:30:20,877] {processor.py:153} INFO - Started process (PID=6253) to work on /home/smita/airflow/dags/xcom_dag.py
[2022-06-09 19:30:20,877] {processor.py:641} INFO - Processing file /home/smita/airflow/dags/xcom_dag.py for tasks to queue
[2022-06-09 19:30:20,878] {logging_mixin.py:115} INFO - [2022-06-09 19:30:20,878] {dagbag.py:507} INFO - Filling up the DagBag from /home/smita/airflow/dags/xcom_dag.py
[2022-06-09 19:30:20,896] {processor.py:651} INFO - DAG(s) dict_keys(['xcom_dag']) retrieved from /home/smita/airflow/dags/xcom_dag.py
[2022-06-09 19:30:21,004] {logging_mixin.py:115} INFO - [2022-06-09 19:30:21,004] {dag.py:2379} INFO - Sync 1 DAGs
[2022-06-09 19:30:21,030] {logging_mixin.py:115} INFO - [2022-06-09 19:30:21,030] {dag.py:2923} INFO - Setting next_dagrun for xcom_dag to 2022-06-09T00:00:00+00:00, run_after=2022-06-10T00:00:00+00:00
[2022-06-09 19:30:21,046] {processor.py:161} INFO - Processing /home/smita/airflow/dags/xcom_dag.py took 0.176 seconds
[2022-06-09 19:30:51,396] {processor.py:153} INFO - Started process (PID=6584) to work on /home/smita/airflow/dags/xcom_dag.py
[2022-06-09 19:30:51,397] {processor.py:641} INFO - Processing file /home/smita/airflow/dags/xcom_dag.py for tasks to queue
[2022-06-09 19:30:51,398] {logging_mixin.py:115} INFO - [2022-06-09 19:30:51,398] {dagbag.py:507} INFO - Filling up the DagBag from /home/smita/airflow/dags/xcom_dag.py
[2022-06-09 19:30:51,415] {processor.py:651} INFO - DAG(s) dict_keys(['xcom_dag']) retrieved from /home/smita/airflow/dags/xcom_dag.py
[2022-06-09 19:30:51,540] {logging_mixin.py:115} INFO - [2022-06-09 19:30:51,540] {dag.py:2379} INFO - Sync 1 DAGs
[2022-06-09 19:30:51,581] {logging_mixin.py:115} INFO - [2022-06-09 19:30:51,580] {dag.py:2923} INFO - Setting next_dagrun for xcom_dag to 2022-06-09T00:00:00+00:00, run_after=2022-06-10T00:00:00+00:00
[2022-06-09 19:30:51,597] {processor.py:161} INFO - Processing /home/smita/airflow/dags/xcom_dag.py took 0.207 seconds
[2022-06-09 19:31:21,849] {processor.py:153} INFO - Started process (PID=6913) to work on /home/smita/airflow/dags/xcom_dag.py
[2022-06-09 19:31:21,849] {processor.py:641} INFO - Processing file /home/smita/airflow/dags/xcom_dag.py for tasks to queue
[2022-06-09 19:31:21,850] {logging_mixin.py:115} INFO - [2022-06-09 19:31:21,850] {dagbag.py:507} INFO - Filling up the DagBag from /home/smita/airflow/dags/xcom_dag.py
[2022-06-09 19:31:21,866] {processor.py:651} INFO - DAG(s) dict_keys(['xcom_dag']) retrieved from /home/smita/airflow/dags/xcom_dag.py
[2022-06-09 19:31:21,971] {logging_mixin.py:115} INFO - [2022-06-09 19:31:21,971] {dag.py:2379} INFO - Sync 1 DAGs
[2022-06-09 19:31:21,995] {logging_mixin.py:115} INFO - [2022-06-09 19:31:21,995] {dag.py:2923} INFO - Setting next_dagrun for xcom_dag to 2022-06-09T00:00:00+00:00, run_after=2022-06-10T00:00:00+00:00
[2022-06-09 19:31:22,009] {processor.py:161} INFO - Processing /home/smita/airflow/dags/xcom_dag.py took 0.165 seconds
[2022-06-09 19:31:52,439] {processor.py:153} INFO - Started process (PID=7243) to work on /home/smita/airflow/dags/xcom_dag.py
[2022-06-09 19:31:52,439] {processor.py:641} INFO - Processing file /home/smita/airflow/dags/xcom_dag.py for tasks to queue
[2022-06-09 19:31:52,440] {logging_mixin.py:115} INFO - [2022-06-09 19:31:52,440] {dagbag.py:507} INFO - Filling up the DagBag from /home/smita/airflow/dags/xcom_dag.py
[2022-06-09 19:31:52,454] {processor.py:651} INFO - DAG(s) dict_keys(['xcom_dag']) retrieved from /home/smita/airflow/dags/xcom_dag.py
[2022-06-09 19:31:52,551] {logging_mixin.py:115} INFO - [2022-06-09 19:31:52,551] {dag.py:2379} INFO - Sync 1 DAGs
[2022-06-09 19:31:52,581] {logging_mixin.py:115} INFO - [2022-06-09 19:31:52,581] {dag.py:2923} INFO - Setting next_dagrun for xcom_dag to 2022-06-09T00:00:00+00:00, run_after=2022-06-10T00:00:00+00:00
[2022-06-09 19:31:52,595] {processor.py:161} INFO - Processing /home/smita/airflow/dags/xcom_dag.py took 0.161 seconds
[2022-06-09 19:32:22,971] {processor.py:153} INFO - Started process (PID=7575) to work on /home/smita/airflow/dags/xcom_dag.py
[2022-06-09 19:32:22,971] {processor.py:641} INFO - Processing file /home/smita/airflow/dags/xcom_dag.py for tasks to queue
[2022-06-09 19:32:22,972] {logging_mixin.py:115} INFO - [2022-06-09 19:32:22,972] {dagbag.py:507} INFO - Filling up the DagBag from /home/smita/airflow/dags/xcom_dag.py
[2022-06-09 19:32:22,988] {processor.py:651} INFO - DAG(s) dict_keys(['xcom_dag']) retrieved from /home/smita/airflow/dags/xcom_dag.py
[2022-06-09 19:32:23,086] {logging_mixin.py:115} INFO - [2022-06-09 19:32:23,086] {dag.py:2379} INFO - Sync 1 DAGs
[2022-06-09 19:32:23,110] {logging_mixin.py:115} INFO - [2022-06-09 19:32:23,110] {dag.py:2923} INFO - Setting next_dagrun for xcom_dag to 2022-06-09T00:00:00+00:00, run_after=2022-06-10T00:00:00+00:00
[2022-06-09 19:32:23,126] {processor.py:161} INFO - Processing /home/smita/airflow/dags/xcom_dag.py took 0.160 seconds
[2022-06-09 19:32:53,979] {processor.py:153} INFO - Started process (PID=7887) to work on /home/smita/airflow/dags/xcom_dag.py
[2022-06-09 19:32:53,979] {processor.py:641} INFO - Processing file /home/smita/airflow/dags/xcom_dag.py for tasks to queue
[2022-06-09 19:32:53,980] {logging_mixin.py:115} INFO - [2022-06-09 19:32:53,980] {dagbag.py:507} INFO - Filling up the DagBag from /home/smita/airflow/dags/xcom_dag.py
[2022-06-09 19:32:53,996] {processor.py:651} INFO - DAG(s) dict_keys(['xcom_dag']) retrieved from /home/smita/airflow/dags/xcom_dag.py
[2022-06-09 19:32:54,107] {logging_mixin.py:115} INFO - [2022-06-09 19:32:54,107] {dag.py:2379} INFO - Sync 1 DAGs
[2022-06-09 19:32:54,141] {logging_mixin.py:115} INFO - [2022-06-09 19:32:54,141] {dag.py:2923} INFO - Setting next_dagrun for xcom_dag to 2022-06-09T00:00:00+00:00, run_after=2022-06-10T00:00:00+00:00
[2022-06-09 19:32:54,157] {processor.py:161} INFO - Processing /home/smita/airflow/dags/xcom_dag.py took 0.185 seconds
[2022-06-09 19:33:24,349] {processor.py:153} INFO - Started process (PID=8173) to work on /home/smita/airflow/dags/xcom_dag.py
[2022-06-09 19:33:24,350] {processor.py:641} INFO - Processing file /home/smita/airflow/dags/xcom_dag.py for tasks to queue
[2022-06-09 19:33:24,351] {logging_mixin.py:115} INFO - [2022-06-09 19:33:24,350] {dagbag.py:507} INFO - Filling up the DagBag from /home/smita/airflow/dags/xcom_dag.py
[2022-06-09 19:33:24,365] {processor.py:651} INFO - DAG(s) dict_keys(['xcom_dag']) retrieved from /home/smita/airflow/dags/xcom_dag.py
[2022-06-09 19:33:24,477] {logging_mixin.py:115} INFO - [2022-06-09 19:33:24,477] {dag.py:2379} INFO - Sync 1 DAGs
[2022-06-09 19:33:24,501] {logging_mixin.py:115} INFO - [2022-06-09 19:33:24,501] {dag.py:2923} INFO - Setting next_dagrun for xcom_dag to 2022-06-09T00:00:00+00:00, run_after=2022-06-10T00:00:00+00:00
[2022-06-09 19:33:24,515] {processor.py:161} INFO - Processing /home/smita/airflow/dags/xcom_dag.py took 0.170 seconds
[2022-06-09 19:33:54,955] {processor.py:153} INFO - Started process (PID=8464) to work on /home/smita/airflow/dags/xcom_dag.py
[2022-06-09 19:33:54,955] {processor.py:641} INFO - Processing file /home/smita/airflow/dags/xcom_dag.py for tasks to queue
[2022-06-09 19:33:54,956] {logging_mixin.py:115} INFO - [2022-06-09 19:33:54,956] {dagbag.py:507} INFO - Filling up the DagBag from /home/smita/airflow/dags/xcom_dag.py
[2022-06-09 19:33:54,975] {processor.py:651} INFO - DAG(s) dict_keys(['xcom_dag']) retrieved from /home/smita/airflow/dags/xcom_dag.py
[2022-06-09 19:33:55,097] {logging_mixin.py:115} INFO - [2022-06-09 19:33:55,097] {dag.py:2379} INFO - Sync 1 DAGs
[2022-06-09 19:33:55,126] {logging_mixin.py:115} INFO - [2022-06-09 19:33:55,126] {dag.py:2923} INFO - Setting next_dagrun for xcom_dag to 2022-06-09T00:00:00+00:00, run_after=2022-06-10T00:00:00+00:00
[2022-06-09 19:33:55,142] {processor.py:161} INFO - Processing /home/smita/airflow/dags/xcom_dag.py took 0.193 seconds
[2022-06-09 19:34:25,328] {processor.py:153} INFO - Started process (PID=8755) to work on /home/smita/airflow/dags/xcom_dag.py
[2022-06-09 19:34:25,329] {processor.py:641} INFO - Processing file /home/smita/airflow/dags/xcom_dag.py for tasks to queue
[2022-06-09 19:34:25,329] {logging_mixin.py:115} INFO - [2022-06-09 19:34:25,329] {dagbag.py:507} INFO - Filling up the DagBag from /home/smita/airflow/dags/xcom_dag.py
[2022-06-09 19:34:25,349] {processor.py:651} INFO - DAG(s) dict_keys(['xcom_dag']) retrieved from /home/smita/airflow/dags/xcom_dag.py
[2022-06-09 19:34:25,476] {logging_mixin.py:115} INFO - [2022-06-09 19:34:25,475] {dag.py:2379} INFO - Sync 1 DAGs
[2022-06-09 19:34:25,505] {logging_mixin.py:115} INFO - [2022-06-09 19:34:25,505] {dag.py:2923} INFO - Setting next_dagrun for xcom_dag to 2022-06-09T00:00:00+00:00, run_after=2022-06-10T00:00:00+00:00
[2022-06-09 19:34:25,527] {processor.py:161} INFO - Processing /home/smita/airflow/dags/xcom_dag.py took 0.207 seconds
[2022-06-09 19:35:23,352] {processor.py:153} INFO - Started process (PID=9022) to work on /home/smita/airflow/dags/xcom_dag.py
[2022-06-09 19:35:23,353] {processor.py:641} INFO - Processing file /home/smita/airflow/dags/xcom_dag.py for tasks to queue
[2022-06-09 19:35:23,353] {logging_mixin.py:115} INFO - [2022-06-09 19:35:23,353] {dagbag.py:507} INFO - Filling up the DagBag from /home/smita/airflow/dags/xcom_dag.py
[2022-06-09 19:35:23,367] {processor.py:651} INFO - DAG(s) dict_keys(['xcom_dag']) retrieved from /home/smita/airflow/dags/xcom_dag.py
[2022-06-09 19:35:23,443] {logging_mixin.py:115} INFO - [2022-06-09 19:35:23,442] {dag.py:2379} INFO - Sync 1 DAGs
[2022-06-09 19:35:23,468] {logging_mixin.py:115} INFO - [2022-06-09 19:35:23,468] {dag.py:2923} INFO - Setting next_dagrun for xcom_dag to 2022-06-09T00:00:00+00:00, run_after=2022-06-10T00:00:00+00:00
[2022-06-09 19:35:23,482] {processor.py:161} INFO - Processing /home/smita/airflow/dags/xcom_dag.py took 0.135 seconds
[2022-06-09 19:35:54,055] {processor.py:153} INFO - Started process (PID=9077) to work on /home/smita/airflow/dags/xcom_dag.py
[2022-06-09 19:35:54,056] {processor.py:641} INFO - Processing file /home/smita/airflow/dags/xcom_dag.py for tasks to queue
[2022-06-09 19:35:54,056] {logging_mixin.py:115} INFO - [2022-06-09 19:35:54,056] {dagbag.py:507} INFO - Filling up the DagBag from /home/smita/airflow/dags/xcom_dag.py
[2022-06-09 19:35:54,070] {processor.py:651} INFO - DAG(s) dict_keys(['xcom_dag']) retrieved from /home/smita/airflow/dags/xcom_dag.py
[2022-06-09 19:35:54,159] {logging_mixin.py:115} INFO - [2022-06-09 19:35:54,159] {dag.py:2379} INFO - Sync 1 DAGs
[2022-06-09 19:35:54,185] {logging_mixin.py:115} INFO - [2022-06-09 19:35:54,185] {dag.py:2923} INFO - Setting next_dagrun for xcom_dag to 2022-06-09T00:00:00+00:00, run_after=2022-06-10T00:00:00+00:00
[2022-06-09 19:35:54,201] {processor.py:161} INFO - Processing /home/smita/airflow/dags/xcom_dag.py took 0.150 seconds
[2022-06-09 19:36:32,384] {processor.py:153} INFO - Started process (PID=9158) to work on /home/smita/airflow/dags/xcom_dag.py
[2022-06-09 19:36:32,385] {processor.py:641} INFO - Processing file /home/smita/airflow/dags/xcom_dag.py for tasks to queue
[2022-06-09 19:36:32,385] {logging_mixin.py:115} INFO - [2022-06-09 19:36:32,385] {dagbag.py:507} INFO - Filling up the DagBag from /home/smita/airflow/dags/xcom_dag.py
[2022-06-09 19:36:32,398] {processor.py:651} INFO - DAG(s) dict_keys(['xcom_dag']) retrieved from /home/smita/airflow/dags/xcom_dag.py
[2022-06-09 19:36:32,483] {logging_mixin.py:115} INFO - [2022-06-09 19:36:32,483] {dag.py:2379} INFO - Sync 1 DAGs
[2022-06-09 19:36:32,507] {logging_mixin.py:115} INFO - [2022-06-09 19:36:32,507] {dag.py:2923} INFO - Setting next_dagrun for xcom_dag to 2022-06-09T00:00:00+00:00, run_after=2022-06-10T00:00:00+00:00
[2022-06-09 19:36:32,521] {processor.py:161} INFO - Processing /home/smita/airflow/dags/xcom_dag.py took 0.142 seconds
[2022-06-09 19:37:05,874] {processor.py:153} INFO - Started process (PID=9225) to work on /home/smita/airflow/dags/xcom_dag.py
[2022-06-09 19:37:05,875] {processor.py:641} INFO - Processing file /home/smita/airflow/dags/xcom_dag.py for tasks to queue
[2022-06-09 19:37:05,875] {logging_mixin.py:115} INFO - [2022-06-09 19:37:05,875] {dagbag.py:507} INFO - Filling up the DagBag from /home/smita/airflow/dags/xcom_dag.py
[2022-06-09 19:37:05,889] {processor.py:651} INFO - DAG(s) dict_keys(['xcom_dag']) retrieved from /home/smita/airflow/dags/xcom_dag.py
[2022-06-09 19:37:05,982] {logging_mixin.py:115} INFO - [2022-06-09 19:37:05,982] {dag.py:2379} INFO - Sync 1 DAGs
[2022-06-09 19:37:06,012] {logging_mixin.py:115} INFO - [2022-06-09 19:37:06,012] {dag.py:2923} INFO - Setting next_dagrun for xcom_dag to 2022-06-09T00:00:00+00:00, run_after=2022-06-10T00:00:00+00:00
[2022-06-09 19:37:06,026] {processor.py:161} INFO - Processing /home/smita/airflow/dags/xcom_dag.py took 0.158 seconds
[2022-06-09 19:37:37,939] {processor.py:153} INFO - Started process (PID=9265) to work on /home/smita/airflow/dags/xcom_dag.py
[2022-06-09 19:37:37,940] {processor.py:641} INFO - Processing file /home/smita/airflow/dags/xcom_dag.py for tasks to queue
[2022-06-09 19:37:37,940] {logging_mixin.py:115} INFO - [2022-06-09 19:37:37,940] {dagbag.py:507} INFO - Filling up the DagBag from /home/smita/airflow/dags/xcom_dag.py
[2022-06-09 19:37:37,954] {processor.py:651} INFO - DAG(s) dict_keys(['xcom_dag']) retrieved from /home/smita/airflow/dags/xcom_dag.py
[2022-06-09 19:37:38,070] {logging_mixin.py:115} INFO - [2022-06-09 19:37:38,070] {dag.py:2379} INFO - Sync 1 DAGs
[2022-06-09 19:37:38,107] {logging_mixin.py:115} INFO - [2022-06-09 19:37:38,107] {dag.py:2923} INFO - Setting next_dagrun for xcom_dag to 2022-06-09T00:00:00+00:00, run_after=2022-06-10T00:00:00+00:00
[2022-06-09 19:37:38,125] {processor.py:161} INFO - Processing /home/smita/airflow/dags/xcom_dag.py took 0.190 seconds
[2022-06-09 19:38:10,355] {processor.py:153} INFO - Started process (PID=9318) to work on /home/smita/airflow/dags/xcom_dag.py
[2022-06-09 19:38:10,356] {processor.py:641} INFO - Processing file /home/smita/airflow/dags/xcom_dag.py for tasks to queue
[2022-06-09 19:38:10,356] {logging_mixin.py:115} INFO - [2022-06-09 19:38:10,356] {dagbag.py:507} INFO - Filling up the DagBag from /home/smita/airflow/dags/xcom_dag.py
[2022-06-09 19:38:10,375] {processor.py:651} INFO - DAG(s) dict_keys(['xcom_dag']) retrieved from /home/smita/airflow/dags/xcom_dag.py
[2022-06-09 19:38:10,455] {logging_mixin.py:115} INFO - [2022-06-09 19:38:10,455] {dag.py:2379} INFO - Sync 1 DAGs
[2022-06-09 19:38:10,480] {logging_mixin.py:115} INFO - [2022-06-09 19:38:10,480] {dag.py:2923} INFO - Setting next_dagrun for xcom_dag to 2022-06-09T00:00:00+00:00, run_after=2022-06-10T00:00:00+00:00
[2022-06-09 19:38:10,493] {processor.py:161} INFO - Processing /home/smita/airflow/dags/xcom_dag.py took 0.143 seconds
[2022-06-09 19:38:45,579] {processor.py:153} INFO - Started process (PID=9400) to work on /home/smita/airflow/dags/xcom_dag.py
[2022-06-09 19:38:45,580] {processor.py:641} INFO - Processing file /home/smita/airflow/dags/xcom_dag.py for tasks to queue
[2022-06-09 19:38:45,580] {logging_mixin.py:115} INFO - [2022-06-09 19:38:45,580] {dagbag.py:507} INFO - Filling up the DagBag from /home/smita/airflow/dags/xcom_dag.py
[2022-06-09 19:38:45,597] {processor.py:651} INFO - DAG(s) dict_keys(['xcom_dag']) retrieved from /home/smita/airflow/dags/xcom_dag.py
[2022-06-09 19:38:45,692] {logging_mixin.py:115} INFO - [2022-06-09 19:38:45,692] {dag.py:2379} INFO - Sync 1 DAGs
[2022-06-09 19:38:45,717] {logging_mixin.py:115} INFO - [2022-06-09 19:38:45,717] {dag.py:2923} INFO - Setting next_dagrun for xcom_dag to 2022-06-09T00:00:00+00:00, run_after=2022-06-10T00:00:00+00:00
[2022-06-09 19:38:45,730] {processor.py:161} INFO - Processing /home/smita/airflow/dags/xcom_dag.py took 0.155 seconds
[2022-06-09 19:39:18,668] {processor.py:153} INFO - Started process (PID=9460) to work on /home/smita/airflow/dags/xcom_dag.py
[2022-06-09 19:39:18,669] {processor.py:641} INFO - Processing file /home/smita/airflow/dags/xcom_dag.py for tasks to queue
[2022-06-09 19:39:18,669] {logging_mixin.py:115} INFO - [2022-06-09 19:39:18,669] {dagbag.py:507} INFO - Filling up the DagBag from /home/smita/airflow/dags/xcom_dag.py
[2022-06-09 19:39:18,686] {processor.py:651} INFO - DAG(s) dict_keys(['xcom_dag']) retrieved from /home/smita/airflow/dags/xcom_dag.py
[2022-06-09 19:39:18,769] {logging_mixin.py:115} INFO - [2022-06-09 19:39:18,769] {dag.py:2379} INFO - Sync 1 DAGs
[2022-06-09 19:39:18,790] {logging_mixin.py:115} INFO - [2022-06-09 19:39:18,790] {dag.py:2923} INFO - Setting next_dagrun for xcom_dag to 2022-06-09T00:00:00+00:00, run_after=2022-06-10T00:00:00+00:00
[2022-06-09 19:39:18,805] {processor.py:161} INFO - Processing /home/smita/airflow/dags/xcom_dag.py took 0.141 seconds
[2022-06-09 19:39:50,412] {processor.py:153} INFO - Started process (PID=9499) to work on /home/smita/airflow/dags/xcom_dag.py
[2022-06-09 19:39:50,413] {processor.py:641} INFO - Processing file /home/smita/airflow/dags/xcom_dag.py for tasks to queue
[2022-06-09 19:39:50,413] {logging_mixin.py:115} INFO - [2022-06-09 19:39:50,413] {dagbag.py:507} INFO - Filling up the DagBag from /home/smita/airflow/dags/xcom_dag.py
[2022-06-09 19:39:50,432] {processor.py:651} INFO - DAG(s) dict_keys(['xcom_dag']) retrieved from /home/smita/airflow/dags/xcom_dag.py
[2022-06-09 19:39:50,512] {logging_mixin.py:115} INFO - [2022-06-09 19:39:50,512] {dag.py:2379} INFO - Sync 1 DAGs
[2022-06-09 19:39:50,540] {logging_mixin.py:115} INFO - [2022-06-09 19:39:50,540] {dag.py:2923} INFO - Setting next_dagrun for xcom_dag to 2022-06-09T00:00:00+00:00, run_after=2022-06-10T00:00:00+00:00
[2022-06-09 19:39:50,555] {processor.py:161} INFO - Processing /home/smita/airflow/dags/xcom_dag.py took 0.149 seconds
[2022-06-09 19:40:23,836] {processor.py:153} INFO - Started process (PID=9574) to work on /home/smita/airflow/dags/xcom_dag.py
[2022-06-09 19:40:23,836] {processor.py:641} INFO - Processing file /home/smita/airflow/dags/xcom_dag.py for tasks to queue
[2022-06-09 19:40:23,837] {logging_mixin.py:115} INFO - [2022-06-09 19:40:23,837] {dagbag.py:507} INFO - Filling up the DagBag from /home/smita/airflow/dags/xcom_dag.py
[2022-06-09 19:40:23,856] {processor.py:651} INFO - DAG(s) dict_keys(['xcom_dag']) retrieved from /home/smita/airflow/dags/xcom_dag.py
[2022-06-09 19:40:23,936] {logging_mixin.py:115} INFO - [2022-06-09 19:40:23,936] {dag.py:2379} INFO - Sync 1 DAGs
[2022-06-09 19:40:23,963] {logging_mixin.py:115} INFO - [2022-06-09 19:40:23,963] {dag.py:2923} INFO - Setting next_dagrun for xcom_dag to 2022-06-09T00:00:00+00:00, run_after=2022-06-10T00:00:00+00:00
[2022-06-09 19:40:23,981] {processor.py:161} INFO - Processing /home/smita/airflow/dags/xcom_dag.py took 0.150 seconds
[2022-06-09 19:40:54,154] {processor.py:153} INFO - Started process (PID=9654) to work on /home/smita/airflow/dags/xcom_dag.py
[2022-06-09 19:40:54,155] {processor.py:641} INFO - Processing file /home/smita/airflow/dags/xcom_dag.py for tasks to queue
[2022-06-09 19:40:54,155] {logging_mixin.py:115} INFO - [2022-06-09 19:40:54,155] {dagbag.py:507} INFO - Filling up the DagBag from /home/smita/airflow/dags/xcom_dag.py
[2022-06-09 19:40:54,176] {processor.py:651} INFO - DAG(s) dict_keys(['xcom_dag']) retrieved from /home/smita/airflow/dags/xcom_dag.py
[2022-06-09 19:40:54,262] {logging_mixin.py:115} INFO - [2022-06-09 19:40:54,262] {dag.py:2379} INFO - Sync 1 DAGs
[2022-06-09 19:40:54,288] {logging_mixin.py:115} INFO - [2022-06-09 19:40:54,288] {dag.py:2923} INFO - Setting next_dagrun for xcom_dag to 2022-06-09T00:00:00+00:00, run_after=2022-06-10T00:00:00+00:00
[2022-06-09 19:40:54,304] {processor.py:161} INFO - Processing /home/smita/airflow/dags/xcom_dag.py took 0.153 seconds
[2022-06-09 19:41:31,364] {processor.py:153} INFO - Started process (PID=9708) to work on /home/smita/airflow/dags/xcom_dag.py
[2022-06-09 19:41:31,365] {processor.py:641} INFO - Processing file /home/smita/airflow/dags/xcom_dag.py for tasks to queue
[2022-06-09 19:41:31,366] {logging_mixin.py:115} INFO - [2022-06-09 19:41:31,365] {dagbag.py:507} INFO - Filling up the DagBag from /home/smita/airflow/dags/xcom_dag.py
[2022-06-09 19:41:31,385] {processor.py:651} INFO - DAG(s) dict_keys(['xcom_dag']) retrieved from /home/smita/airflow/dags/xcom_dag.py
[2022-06-09 19:41:31,468] {logging_mixin.py:115} INFO - [2022-06-09 19:41:31,468] {dag.py:2379} INFO - Sync 1 DAGs
[2022-06-09 19:41:31,507] {logging_mixin.py:115} INFO - [2022-06-09 19:41:31,507] {dag.py:2923} INFO - Setting next_dagrun for xcom_dag to 2022-06-09T00:00:00+00:00, run_after=2022-06-10T00:00:00+00:00
[2022-06-09 19:41:31,524] {processor.py:161} INFO - Processing /home/smita/airflow/dags/xcom_dag.py took 0.164 seconds
[2022-06-09 19:42:05,634] {processor.py:153} INFO - Started process (PID=9771) to work on /home/smita/airflow/dags/xcom_dag.py
[2022-06-09 19:42:05,634] {processor.py:641} INFO - Processing file /home/smita/airflow/dags/xcom_dag.py for tasks to queue
[2022-06-09 19:42:05,635] {logging_mixin.py:115} INFO - [2022-06-09 19:42:05,635] {dagbag.py:507} INFO - Filling up the DagBag from /home/smita/airflow/dags/xcom_dag.py
[2022-06-09 19:42:05,655] {processor.py:651} INFO - DAG(s) dict_keys(['xcom_dag']) retrieved from /home/smita/airflow/dags/xcom_dag.py
[2022-06-09 19:42:05,731] {logging_mixin.py:115} INFO - [2022-06-09 19:42:05,731] {dag.py:2379} INFO - Sync 1 DAGs
[2022-06-09 19:42:05,758] {logging_mixin.py:115} INFO - [2022-06-09 19:42:05,758] {dag.py:2923} INFO - Setting next_dagrun for xcom_dag to 2022-06-09T00:00:00+00:00, run_after=2022-06-10T00:00:00+00:00
[2022-06-09 19:42:05,774] {processor.py:161} INFO - Processing /home/smita/airflow/dags/xcom_dag.py took 0.146 seconds
[2022-06-09 19:42:39,670] {processor.py:153} INFO - Started process (PID=9827) to work on /home/smita/airflow/dags/xcom_dag.py
[2022-06-09 19:42:39,671] {processor.py:641} INFO - Processing file /home/smita/airflow/dags/xcom_dag.py for tasks to queue
[2022-06-09 19:42:39,672] {logging_mixin.py:115} INFO - [2022-06-09 19:42:39,672] {dagbag.py:507} INFO - Filling up the DagBag from /home/smita/airflow/dags/xcom_dag.py
[2022-06-09 19:42:39,689] {processor.py:651} INFO - DAG(s) dict_keys(['xcom_dag']) retrieved from /home/smita/airflow/dags/xcom_dag.py
[2022-06-09 19:42:39,772] {logging_mixin.py:115} INFO - [2022-06-09 19:42:39,772] {dag.py:2379} INFO - Sync 1 DAGs
[2022-06-09 19:42:39,796] {logging_mixin.py:115} INFO - [2022-06-09 19:42:39,796] {dag.py:2923} INFO - Setting next_dagrun for xcom_dag to 2022-06-09T00:00:00+00:00, run_after=2022-06-10T00:00:00+00:00
[2022-06-09 19:42:39,810] {processor.py:161} INFO - Processing /home/smita/airflow/dags/xcom_dag.py took 0.146 seconds
[2022-06-09 19:43:54,410] {processor.py:153} INFO - Started process (PID=9927) to work on /home/smita/airflow/dags/xcom_dag.py
[2022-06-09 19:43:54,410] {processor.py:641} INFO - Processing file /home/smita/airflow/dags/xcom_dag.py for tasks to queue
[2022-06-09 19:43:54,411] {logging_mixin.py:115} INFO - [2022-06-09 19:43:54,411] {dagbag.py:507} INFO - Filling up the DagBag from /home/smita/airflow/dags/xcom_dag.py
[2022-06-09 19:43:54,431] {processor.py:651} INFO - DAG(s) dict_keys(['xcom_dag']) retrieved from /home/smita/airflow/dags/xcom_dag.py
[2022-06-09 19:44:53,938] {logging_mixin.py:115} INFO - [2022-06-09 19:44:53,938] {dag.py:2379} INFO - Sync 1 DAGs
[2022-06-09 19:44:53,984] {logging_mixin.py:115} INFO - [2022-06-09 19:44:53,983] {dag.py:2923} INFO - Setting next_dagrun for xcom_dag to 2022-06-09T00:00:00+00:00, run_after=2022-06-10T00:00:00+00:00
[2022-06-09 19:44:54,000] {processor.py:161} INFO - Processing /home/smita/airflow/dags/xcom_dag.py took 59.596 seconds
[2022-06-09 22:00:58,263] {processor.py:153} INFO - Started process (PID=10233) to work on /home/smita/airflow/dags/xcom_dag.py
[2022-06-09 22:00:58,264] {processor.py:641} INFO - Processing file /home/smita/airflow/dags/xcom_dag.py for tasks to queue
[2022-06-09 22:00:58,265] {logging_mixin.py:115} INFO - [2022-06-09 22:00:58,265] {dagbag.py:507} INFO - Filling up the DagBag from /home/smita/airflow/dags/xcom_dag.py
[2022-06-09 22:00:58,301] {processor.py:651} INFO - DAG(s) dict_keys(['xcom_dag']) retrieved from /home/smita/airflow/dags/xcom_dag.py
[2022-06-09 22:00:58,420] {logging_mixin.py:115} INFO - [2022-06-09 22:00:58,420] {dag.py:2379} INFO - Sync 1 DAGs
[2022-06-09 22:00:58,469] {logging_mixin.py:115} INFO - [2022-06-09 22:00:58,469] {dag.py:2923} INFO - Setting next_dagrun for xcom_dag to 2022-06-09T00:00:00+00:00, run_after=2022-06-10T00:00:00+00:00
[2022-06-09 22:00:58,490] {processor.py:161} INFO - Processing /home/smita/airflow/dags/xcom_dag.py took 0.235 seconds
[2022-06-09 22:01:29,425] {processor.py:153} INFO - Started process (PID=10497) to work on /home/smita/airflow/dags/xcom_dag.py
[2022-06-09 22:01:29,427] {processor.py:641} INFO - Processing file /home/smita/airflow/dags/xcom_dag.py for tasks to queue
[2022-06-09 22:01:29,428] {logging_mixin.py:115} INFO - [2022-06-09 22:01:29,428] {dagbag.py:507} INFO - Filling up the DagBag from /home/smita/airflow/dags/xcom_dag.py
[2022-06-09 22:01:29,453] {processor.py:651} INFO - DAG(s) dict_keys(['xcom_dag']) retrieved from /home/smita/airflow/dags/xcom_dag.py
[2022-06-09 22:01:29,570] {logging_mixin.py:115} INFO - [2022-06-09 22:01:29,570] {dag.py:2379} INFO - Sync 1 DAGs
[2022-06-09 22:01:29,613] {logging_mixin.py:115} INFO - [2022-06-09 22:01:29,613] {dag.py:2923} INFO - Setting next_dagrun for xcom_dag to 2022-06-09T00:00:00+00:00, run_after=2022-06-10T00:00:00+00:00
[2022-06-09 22:01:29,627] {processor.py:161} INFO - Processing /home/smita/airflow/dags/xcom_dag.py took 0.210 seconds
[2022-06-09 22:02:00,672] {processor.py:153} INFO - Started process (PID=10803) to work on /home/smita/airflow/dags/xcom_dag.py
[2022-06-09 22:02:00,673] {processor.py:641} INFO - Processing file /home/smita/airflow/dags/xcom_dag.py for tasks to queue
[2022-06-09 22:02:00,673] {logging_mixin.py:115} INFO - [2022-06-09 22:02:00,673] {dagbag.py:507} INFO - Filling up the DagBag from /home/smita/airflow/dags/xcom_dag.py
[2022-06-09 22:02:00,701] {processor.py:651} INFO - DAG(s) dict_keys(['xcom_dag']) retrieved from /home/smita/airflow/dags/xcom_dag.py
[2022-06-09 22:02:00,803] {logging_mixin.py:115} INFO - [2022-06-09 22:02:00,803] {dag.py:2379} INFO - Sync 1 DAGs
[2022-06-09 22:02:00,836] {logging_mixin.py:115} INFO - [2022-06-09 22:02:00,836] {dag.py:2923} INFO - Setting next_dagrun for xcom_dag to 2022-06-09T00:00:00+00:00, run_after=2022-06-10T00:00:00+00:00
[2022-06-09 22:02:00,851] {processor.py:161} INFO - Processing /home/smita/airflow/dags/xcom_dag.py took 0.184 seconds
[2022-06-09 22:02:31,444] {processor.py:153} INFO - Started process (PID=11108) to work on /home/smita/airflow/dags/xcom_dag.py
[2022-06-09 22:02:31,445] {processor.py:641} INFO - Processing file /home/smita/airflow/dags/xcom_dag.py for tasks to queue
[2022-06-09 22:02:31,446] {logging_mixin.py:115} INFO - [2022-06-09 22:02:31,446] {dagbag.py:507} INFO - Filling up the DagBag from /home/smita/airflow/dags/xcom_dag.py
[2022-06-09 22:02:31,473] {processor.py:651} INFO - DAG(s) dict_keys(['xcom_dag']) retrieved from /home/smita/airflow/dags/xcom_dag.py
[2022-06-09 22:02:31,579] {logging_mixin.py:115} INFO - [2022-06-09 22:02:31,579] {dag.py:2379} INFO - Sync 1 DAGs
[2022-06-09 22:02:31,618] {logging_mixin.py:115} INFO - [2022-06-09 22:02:31,617] {dag.py:2923} INFO - Setting next_dagrun for xcom_dag to 2022-06-09T00:00:00+00:00, run_after=2022-06-10T00:00:00+00:00
[2022-06-09 22:02:31,639] {processor.py:161} INFO - Processing /home/smita/airflow/dags/xcom_dag.py took 0.201 seconds
[2022-06-09 22:03:02,296] {processor.py:153} INFO - Started process (PID=11371) to work on /home/smita/airflow/dags/xcom_dag.py
[2022-06-09 22:03:02,296] {processor.py:641} INFO - Processing file /home/smita/airflow/dags/xcom_dag.py for tasks to queue
[2022-06-09 22:03:02,297] {logging_mixin.py:115} INFO - [2022-06-09 22:03:02,297] {dagbag.py:507} INFO - Filling up the DagBag from /home/smita/airflow/dags/xcom_dag.py
[2022-06-09 22:03:02,321] {processor.py:651} INFO - DAG(s) dict_keys(['xcom_dag']) retrieved from /home/smita/airflow/dags/xcom_dag.py
[2022-06-09 22:03:02,434] {logging_mixin.py:115} INFO - [2022-06-09 22:03:02,434] {dag.py:2379} INFO - Sync 1 DAGs
[2022-06-09 22:03:02,461] {logging_mixin.py:115} INFO - [2022-06-09 22:03:02,461] {dag.py:2923} INFO - Setting next_dagrun for xcom_dag to 2022-06-09T00:00:00+00:00, run_after=2022-06-10T00:00:00+00:00
[2022-06-09 22:03:02,475] {processor.py:161} INFO - Processing /home/smita/airflow/dags/xcom_dag.py took 0.186 seconds
[2022-06-09 22:03:32,828] {processor.py:153} INFO - Started process (PID=11641) to work on /home/smita/airflow/dags/xcom_dag.py
[2022-06-09 22:03:32,829] {processor.py:641} INFO - Processing file /home/smita/airflow/dags/xcom_dag.py for tasks to queue
[2022-06-09 22:03:32,830] {logging_mixin.py:115} INFO - [2022-06-09 22:03:32,830] {dagbag.py:507} INFO - Filling up the DagBag from /home/smita/airflow/dags/xcom_dag.py
[2022-06-09 22:03:32,855] {processor.py:651} INFO - DAG(s) dict_keys(['xcom_dag']) retrieved from /home/smita/airflow/dags/xcom_dag.py
[2022-06-09 22:03:32,967] {logging_mixin.py:115} INFO - [2022-06-09 22:03:32,967] {dag.py:2379} INFO - Sync 1 DAGs
[2022-06-09 22:03:32,999] {logging_mixin.py:115} INFO - [2022-06-09 22:03:32,999] {dag.py:2923} INFO - Setting next_dagrun for xcom_dag to 2022-06-09T00:00:00+00:00, run_after=2022-06-10T00:00:00+00:00
[2022-06-09 22:03:33,018] {processor.py:161} INFO - Processing /home/smita/airflow/dags/xcom_dag.py took 0.195 seconds
[2022-06-09 22:04:03,509] {processor.py:153} INFO - Started process (PID=11919) to work on /home/smita/airflow/dags/xcom_dag.py
[2022-06-09 22:04:03,509] {processor.py:641} INFO - Processing file /home/smita/airflow/dags/xcom_dag.py for tasks to queue
[2022-06-09 22:04:03,510] {logging_mixin.py:115} INFO - [2022-06-09 22:04:03,510] {dagbag.py:507} INFO - Filling up the DagBag from /home/smita/airflow/dags/xcom_dag.py
[2022-06-09 22:04:03,535] {processor.py:651} INFO - DAG(s) dict_keys(['xcom_dag']) retrieved from /home/smita/airflow/dags/xcom_dag.py
[2022-06-09 22:04:03,630] {logging_mixin.py:115} INFO - [2022-06-09 22:04:03,630] {dag.py:2379} INFO - Sync 1 DAGs
[2022-06-09 22:04:03,658] {logging_mixin.py:115} INFO - [2022-06-09 22:04:03,658] {dag.py:2923} INFO - Setting next_dagrun for xcom_dag to 2022-06-09T00:00:00+00:00, run_after=2022-06-10T00:00:00+00:00
[2022-06-09 22:04:03,674] {processor.py:161} INFO - Processing /home/smita/airflow/dags/xcom_dag.py took 0.170 seconds
[2022-06-09 22:04:33,983] {processor.py:153} INFO - Started process (PID=12196) to work on /home/smita/airflow/dags/xcom_dag.py
[2022-06-09 22:04:33,984] {processor.py:641} INFO - Processing file /home/smita/airflow/dags/xcom_dag.py for tasks to queue
[2022-06-09 22:04:33,985] {logging_mixin.py:115} INFO - [2022-06-09 22:04:33,985] {dagbag.py:507} INFO - Filling up the DagBag from /home/smita/airflow/dags/xcom_dag.py
[2022-06-09 22:04:34,008] {processor.py:651} INFO - DAG(s) dict_keys(['xcom_dag']) retrieved from /home/smita/airflow/dags/xcom_dag.py
[2022-06-09 22:04:34,116] {logging_mixin.py:115} INFO - [2022-06-09 22:04:34,116] {dag.py:2379} INFO - Sync 1 DAGs
[2022-06-09 22:04:34,145] {logging_mixin.py:115} INFO - [2022-06-09 22:04:34,145] {dag.py:2923} INFO - Setting next_dagrun for xcom_dag to 2022-06-09T00:00:00+00:00, run_after=2022-06-10T00:00:00+00:00
[2022-06-09 22:04:34,162] {processor.py:161} INFO - Processing /home/smita/airflow/dags/xcom_dag.py took 0.184 seconds
[2022-06-09 22:05:04,591] {processor.py:153} INFO - Started process (PID=12493) to work on /home/smita/airflow/dags/xcom_dag.py
[2022-06-09 22:05:04,592] {processor.py:641} INFO - Processing file /home/smita/airflow/dags/xcom_dag.py for tasks to queue
[2022-06-09 22:05:04,593] {logging_mixin.py:115} INFO - [2022-06-09 22:05:04,593] {dagbag.py:507} INFO - Filling up the DagBag from /home/smita/airflow/dags/xcom_dag.py
[2022-06-09 22:05:04,617] {processor.py:651} INFO - DAG(s) dict_keys(['xcom_dag']) retrieved from /home/smita/airflow/dags/xcom_dag.py
[2022-06-09 22:05:04,711] {logging_mixin.py:115} INFO - [2022-06-09 22:05:04,710] {dag.py:2379} INFO - Sync 1 DAGs
[2022-06-09 22:05:04,740] {logging_mixin.py:115} INFO - [2022-06-09 22:05:04,740] {dag.py:2923} INFO - Setting next_dagrun for xcom_dag to 2022-06-09T00:00:00+00:00, run_after=2022-06-10T00:00:00+00:00
[2022-06-09 22:05:04,759] {processor.py:161} INFO - Processing /home/smita/airflow/dags/xcom_dag.py took 0.176 seconds
[2022-06-09 22:05:34,866] {processor.py:153} INFO - Started process (PID=12784) to work on /home/smita/airflow/dags/xcom_dag.py
[2022-06-09 22:05:34,866] {processor.py:641} INFO - Processing file /home/smita/airflow/dags/xcom_dag.py for tasks to queue
[2022-06-09 22:05:34,867] {logging_mixin.py:115} INFO - [2022-06-09 22:05:34,867] {dagbag.py:507} INFO - Filling up the DagBag from /home/smita/airflow/dags/xcom_dag.py
[2022-06-09 22:05:34,891] {processor.py:651} INFO - DAG(s) dict_keys(['xcom_dag']) retrieved from /home/smita/airflow/dags/xcom_dag.py
[2022-06-09 22:05:34,991] {logging_mixin.py:115} INFO - [2022-06-09 22:05:34,991] {dag.py:2379} INFO - Sync 1 DAGs
[2022-06-09 22:05:35,018] {logging_mixin.py:115} INFO - [2022-06-09 22:05:35,018] {dag.py:2923} INFO - Setting next_dagrun for xcom_dag to 2022-06-09T00:00:00+00:00, run_after=2022-06-10T00:00:00+00:00
[2022-06-09 22:05:35,036] {processor.py:161} INFO - Processing /home/smita/airflow/dags/xcom_dag.py took 0.175 seconds
[2022-06-09 22:06:05,599] {processor.py:153} INFO - Started process (PID=13062) to work on /home/smita/airflow/dags/xcom_dag.py
[2022-06-09 22:06:05,599] {processor.py:641} INFO - Processing file /home/smita/airflow/dags/xcom_dag.py for tasks to queue
[2022-06-09 22:06:05,600] {logging_mixin.py:115} INFO - [2022-06-09 22:06:05,600] {dagbag.py:507} INFO - Filling up the DagBag from /home/smita/airflow/dags/xcom_dag.py
[2022-06-09 22:06:05,620] {processor.py:651} INFO - DAG(s) dict_keys(['xcom_dag']) retrieved from /home/smita/airflow/dags/xcom_dag.py
[2022-06-09 22:06:05,729] {logging_mixin.py:115} INFO - [2022-06-09 22:06:05,729] {dag.py:2379} INFO - Sync 1 DAGs
[2022-06-09 22:06:05,761] {logging_mixin.py:115} INFO - [2022-06-09 22:06:05,761] {dag.py:2923} INFO - Setting next_dagrun for xcom_dag to 2022-06-09T00:00:00+00:00, run_after=2022-06-10T00:00:00+00:00
[2022-06-09 22:06:05,780] {processor.py:161} INFO - Processing /home/smita/airflow/dags/xcom_dag.py took 0.190 seconds
[2022-06-09 22:06:36,065] {processor.py:153} INFO - Started process (PID=13337) to work on /home/smita/airflow/dags/xcom_dag.py
[2022-06-09 22:06:36,066] {processor.py:641} INFO - Processing file /home/smita/airflow/dags/xcom_dag.py for tasks to queue
[2022-06-09 22:06:36,067] {logging_mixin.py:115} INFO - [2022-06-09 22:06:36,067] {dagbag.py:507} INFO - Filling up the DagBag from /home/smita/airflow/dags/xcom_dag.py
[2022-06-09 22:06:36,090] {processor.py:651} INFO - DAG(s) dict_keys(['xcom_dag']) retrieved from /home/smita/airflow/dags/xcom_dag.py
[2022-06-09 22:06:36,201] {logging_mixin.py:115} INFO - [2022-06-09 22:06:36,201] {dag.py:2379} INFO - Sync 1 DAGs
[2022-06-09 22:06:36,229] {logging_mixin.py:115} INFO - [2022-06-09 22:06:36,229] {dag.py:2923} INFO - Setting next_dagrun for xcom_dag to 2022-06-09T00:00:00+00:00, run_after=2022-06-10T00:00:00+00:00
[2022-06-09 22:06:36,241] {processor.py:161} INFO - Processing /home/smita/airflow/dags/xcom_dag.py took 0.184 seconds
[2022-06-09 22:07:06,683] {processor.py:153} INFO - Started process (PID=13643) to work on /home/smita/airflow/dags/xcom_dag.py
[2022-06-09 22:07:06,683] {processor.py:641} INFO - Processing file /home/smita/airflow/dags/xcom_dag.py for tasks to queue
[2022-06-09 22:07:06,684] {logging_mixin.py:115} INFO - [2022-06-09 22:07:06,684] {dagbag.py:507} INFO - Filling up the DagBag from /home/smita/airflow/dags/xcom_dag.py
[2022-06-09 22:07:06,703] {processor.py:651} INFO - DAG(s) dict_keys(['xcom_dag']) retrieved from /home/smita/airflow/dags/xcom_dag.py
[2022-06-09 22:07:06,809] {logging_mixin.py:115} INFO - [2022-06-09 22:07:06,809] {dag.py:2379} INFO - Sync 1 DAGs
[2022-06-09 22:07:06,837] {logging_mixin.py:115} INFO - [2022-06-09 22:07:06,837] {dag.py:2923} INFO - Setting next_dagrun for xcom_dag to 2022-06-09T00:00:00+00:00, run_after=2022-06-10T00:00:00+00:00
[2022-06-09 22:07:06,851] {processor.py:161} INFO - Processing /home/smita/airflow/dags/xcom_dag.py took 0.176 seconds
[2022-06-09 22:07:37,099] {processor.py:153} INFO - Started process (PID=13947) to work on /home/smita/airflow/dags/xcom_dag.py
[2022-06-09 22:07:37,100] {processor.py:641} INFO - Processing file /home/smita/airflow/dags/xcom_dag.py for tasks to queue
[2022-06-09 22:07:37,100] {logging_mixin.py:115} INFO - [2022-06-09 22:07:37,100] {dagbag.py:507} INFO - Filling up the DagBag from /home/smita/airflow/dags/xcom_dag.py
[2022-06-09 22:07:37,118] {processor.py:651} INFO - DAG(s) dict_keys(['xcom_dag']) retrieved from /home/smita/airflow/dags/xcom_dag.py
[2022-06-09 22:07:37,220] {logging_mixin.py:115} INFO - [2022-06-09 22:07:37,220] {dag.py:2379} INFO - Sync 1 DAGs
[2022-06-09 22:07:37,252] {logging_mixin.py:115} INFO - [2022-06-09 22:07:37,252] {dag.py:2923} INFO - Setting next_dagrun for xcom_dag to 2022-06-09T00:00:00+00:00, run_after=2022-06-10T00:00:00+00:00
[2022-06-09 22:07:37,269] {processor.py:161} INFO - Processing /home/smita/airflow/dags/xcom_dag.py took 0.176 seconds
[2022-06-09 22:08:07,796] {processor.py:153} INFO - Started process (PID=14266) to work on /home/smita/airflow/dags/xcom_dag.py
[2022-06-09 22:08:07,797] {processor.py:641} INFO - Processing file /home/smita/airflow/dags/xcom_dag.py for tasks to queue
[2022-06-09 22:08:07,798] {logging_mixin.py:115} INFO - [2022-06-09 22:08:07,797] {dagbag.py:507} INFO - Filling up the DagBag from /home/smita/airflow/dags/xcom_dag.py
[2022-06-09 22:08:07,835] {processor.py:651} INFO - DAG(s) dict_keys(['xcom_dag']) retrieved from /home/smita/airflow/dags/xcom_dag.py
[2022-06-09 22:08:07,935] {logging_mixin.py:115} INFO - [2022-06-09 22:08:07,935] {dag.py:2379} INFO - Sync 1 DAGs
[2022-06-09 22:08:07,962] {logging_mixin.py:115} INFO - [2022-06-09 22:08:07,962] {dag.py:2923} INFO - Setting next_dagrun for xcom_dag to 2022-06-09T00:00:00+00:00, run_after=2022-06-10T00:00:00+00:00
[2022-06-09 22:08:07,975] {processor.py:161} INFO - Processing /home/smita/airflow/dags/xcom_dag.py took 0.188 seconds
[2022-06-09 22:08:38,377] {processor.py:153} INFO - Started process (PID=14571) to work on /home/smita/airflow/dags/xcom_dag.py
[2022-06-09 22:08:38,378] {processor.py:641} INFO - Processing file /home/smita/airflow/dags/xcom_dag.py for tasks to queue
[2022-06-09 22:08:38,379] {logging_mixin.py:115} INFO - [2022-06-09 22:08:38,378] {dagbag.py:507} INFO - Filling up the DagBag from /home/smita/airflow/dags/xcom_dag.py
[2022-06-09 22:08:38,397] {processor.py:651} INFO - DAG(s) dict_keys(['xcom_dag']) retrieved from /home/smita/airflow/dags/xcom_dag.py
[2022-06-09 22:08:38,495] {logging_mixin.py:115} INFO - [2022-06-09 22:08:38,495] {dag.py:2379} INFO - Sync 1 DAGs
[2022-06-09 22:08:38,520] {logging_mixin.py:115} INFO - [2022-06-09 22:08:38,520] {dag.py:2923} INFO - Setting next_dagrun for xcom_dag to 2022-06-09T00:00:00+00:00, run_after=2022-06-10T00:00:00+00:00
[2022-06-09 22:08:38,538] {processor.py:161} INFO - Processing /home/smita/airflow/dags/xcom_dag.py took 0.165 seconds
[2022-06-09 22:09:08,858] {processor.py:153} INFO - Started process (PID=14863) to work on /home/smita/airflow/dags/xcom_dag.py
[2022-06-09 22:09:08,859] {processor.py:641} INFO - Processing file /home/smita/airflow/dags/xcom_dag.py for tasks to queue
[2022-06-09 22:09:08,859] {logging_mixin.py:115} INFO - [2022-06-09 22:09:08,859] {dagbag.py:507} INFO - Filling up the DagBag from /home/smita/airflow/dags/xcom_dag.py
[2022-06-09 22:09:08,877] {processor.py:651} INFO - DAG(s) dict_keys(['xcom_dag']) retrieved from /home/smita/airflow/dags/xcom_dag.py
[2022-06-09 22:09:08,997] {logging_mixin.py:115} INFO - [2022-06-09 22:09:08,997] {dag.py:2379} INFO - Sync 1 DAGs
[2022-06-09 22:09:09,025] {logging_mixin.py:115} INFO - [2022-06-09 22:09:09,025] {dag.py:2923} INFO - Setting next_dagrun for xcom_dag to 2022-06-09T00:00:00+00:00, run_after=2022-06-10T00:00:00+00:00
[2022-06-09 22:09:09,040] {processor.py:161} INFO - Processing /home/smita/airflow/dags/xcom_dag.py took 0.187 seconds
[2022-06-09 22:09:39,313] {processor.py:153} INFO - Started process (PID=15161) to work on /home/smita/airflow/dags/xcom_dag.py
[2022-06-09 22:09:39,314] {processor.py:641} INFO - Processing file /home/smita/airflow/dags/xcom_dag.py for tasks to queue
[2022-06-09 22:09:39,314] {logging_mixin.py:115} INFO - [2022-06-09 22:09:39,314] {dagbag.py:507} INFO - Filling up the DagBag from /home/smita/airflow/dags/xcom_dag.py
[2022-06-09 22:09:39,332] {processor.py:651} INFO - DAG(s) dict_keys(['xcom_dag']) retrieved from /home/smita/airflow/dags/xcom_dag.py
[2022-06-09 22:09:39,438] {logging_mixin.py:115} INFO - [2022-06-09 22:09:39,438] {dag.py:2379} INFO - Sync 1 DAGs
[2022-06-09 22:09:39,477] {logging_mixin.py:115} INFO - [2022-06-09 22:09:39,476] {dag.py:2923} INFO - Setting next_dagrun for xcom_dag to 2022-06-09T00:00:00+00:00, run_after=2022-06-10T00:00:00+00:00
[2022-06-09 22:09:39,494] {processor.py:161} INFO - Processing /home/smita/airflow/dags/xcom_dag.py took 0.186 seconds
[2022-06-09 22:10:09,968] {processor.py:153} INFO - Started process (PID=15460) to work on /home/smita/airflow/dags/xcom_dag.py
[2022-06-09 22:10:09,968] {processor.py:641} INFO - Processing file /home/smita/airflow/dags/xcom_dag.py for tasks to queue
[2022-06-09 22:10:09,969] {logging_mixin.py:115} INFO - [2022-06-09 22:10:09,969] {dagbag.py:507} INFO - Filling up the DagBag from /home/smita/airflow/dags/xcom_dag.py
[2022-06-09 22:10:09,987] {processor.py:651} INFO - DAG(s) dict_keys(['xcom_dag']) retrieved from /home/smita/airflow/dags/xcom_dag.py
[2022-06-09 22:10:10,105] {logging_mixin.py:115} INFO - [2022-06-09 22:10:10,105] {dag.py:2379} INFO - Sync 1 DAGs
[2022-06-09 22:10:10,133] {logging_mixin.py:115} INFO - [2022-06-09 22:10:10,133] {dag.py:2923} INFO - Setting next_dagrun for xcom_dag to 2022-06-09T00:00:00+00:00, run_after=2022-06-10T00:00:00+00:00
[2022-06-09 22:10:10,152] {processor.py:161} INFO - Processing /home/smita/airflow/dags/xcom_dag.py took 0.190 seconds
[2022-06-09 22:10:40,530] {processor.py:153} INFO - Started process (PID=15755) to work on /home/smita/airflow/dags/xcom_dag.py
[2022-06-09 22:10:40,531] {processor.py:641} INFO - Processing file /home/smita/airflow/dags/xcom_dag.py for tasks to queue
[2022-06-09 22:10:40,532] {logging_mixin.py:115} INFO - [2022-06-09 22:10:40,532] {dagbag.py:507} INFO - Filling up the DagBag from /home/smita/airflow/dags/xcom_dag.py
[2022-06-09 22:10:40,553] {processor.py:651} INFO - DAG(s) dict_keys(['xcom_dag']) retrieved from /home/smita/airflow/dags/xcom_dag.py
[2022-06-09 22:10:40,648] {logging_mixin.py:115} INFO - [2022-06-09 22:10:40,648] {dag.py:2379} INFO - Sync 1 DAGs
[2022-06-09 22:10:40,675] {logging_mixin.py:115} INFO - [2022-06-09 22:10:40,675] {dag.py:2923} INFO - Setting next_dagrun for xcom_dag to 2022-06-09T00:00:00+00:00, run_after=2022-06-10T00:00:00+00:00
[2022-06-09 22:10:40,688] {processor.py:161} INFO - Processing /home/smita/airflow/dags/xcom_dag.py took 0.165 seconds
[2022-06-09 22:11:11,396] {processor.py:153} INFO - Started process (PID=16068) to work on /home/smita/airflow/dags/xcom_dag.py
[2022-06-09 22:11:11,397] {processor.py:641} INFO - Processing file /home/smita/airflow/dags/xcom_dag.py for tasks to queue
[2022-06-09 22:11:11,397] {logging_mixin.py:115} INFO - [2022-06-09 22:11:11,397] {dagbag.py:507} INFO - Filling up the DagBag from /home/smita/airflow/dags/xcom_dag.py
[2022-06-09 22:11:11,415] {processor.py:651} INFO - DAG(s) dict_keys(['xcom_dag']) retrieved from /home/smita/airflow/dags/xcom_dag.py
[2022-06-09 22:11:11,539] {logging_mixin.py:115} INFO - [2022-06-09 22:11:11,539] {dag.py:2379} INFO - Sync 1 DAGs
[2022-06-09 22:11:11,568] {logging_mixin.py:115} INFO - [2022-06-09 22:11:11,568] {dag.py:2923} INFO - Setting next_dagrun for xcom_dag to 2022-06-09T00:00:00+00:00, run_after=2022-06-10T00:00:00+00:00
[2022-06-09 22:11:11,584] {processor.py:161} INFO - Processing /home/smita/airflow/dags/xcom_dag.py took 0.194 seconds
[2022-06-09 22:11:41,867] {processor.py:153} INFO - Started process (PID=16399) to work on /home/smita/airflow/dags/xcom_dag.py
[2022-06-09 22:11:41,868] {processor.py:641} INFO - Processing file /home/smita/airflow/dags/xcom_dag.py for tasks to queue
[2022-06-09 22:11:41,869] {logging_mixin.py:115} INFO - [2022-06-09 22:11:41,869] {dagbag.py:507} INFO - Filling up the DagBag from /home/smita/airflow/dags/xcom_dag.py
[2022-06-09 22:11:41,889] {processor.py:651} INFO - DAG(s) dict_keys(['xcom_dag']) retrieved from /home/smita/airflow/dags/xcom_dag.py
[2022-06-09 22:11:41,998] {logging_mixin.py:115} INFO - [2022-06-09 22:11:41,997] {dag.py:2379} INFO - Sync 1 DAGs
[2022-06-09 22:11:42,022] {logging_mixin.py:115} INFO - [2022-06-09 22:11:42,022] {dag.py:2923} INFO - Setting next_dagrun for xcom_dag to 2022-06-09T00:00:00+00:00, run_after=2022-06-10T00:00:00+00:00
[2022-06-09 22:11:42,036] {processor.py:161} INFO - Processing /home/smita/airflow/dags/xcom_dag.py took 0.175 seconds
[2022-06-09 22:12:12,317] {processor.py:153} INFO - Started process (PID=16732) to work on /home/smita/airflow/dags/xcom_dag.py
[2022-06-09 22:12:12,318] {processor.py:641} INFO - Processing file /home/smita/airflow/dags/xcom_dag.py for tasks to queue
[2022-06-09 22:12:12,318] {logging_mixin.py:115} INFO - [2022-06-09 22:12:12,318] {dagbag.py:507} INFO - Filling up the DagBag from /home/smita/airflow/dags/xcom_dag.py
[2022-06-09 22:12:12,334] {processor.py:651} INFO - DAG(s) dict_keys(['xcom_dag']) retrieved from /home/smita/airflow/dags/xcom_dag.py
[2022-06-09 22:12:12,435] {logging_mixin.py:115} INFO - [2022-06-09 22:12:12,435] {dag.py:2379} INFO - Sync 1 DAGs
[2022-06-09 22:12:12,461] {logging_mixin.py:115} INFO - [2022-06-09 22:12:12,461] {dag.py:2923} INFO - Setting next_dagrun for xcom_dag to 2022-06-09T00:00:00+00:00, run_after=2022-06-10T00:00:00+00:00
[2022-06-09 22:12:12,479] {processor.py:161} INFO - Processing /home/smita/airflow/dags/xcom_dag.py took 0.167 seconds
[2022-06-09 22:12:42,750] {processor.py:153} INFO - Started process (PID=17058) to work on /home/smita/airflow/dags/xcom_dag.py
[2022-06-09 22:12:42,751] {processor.py:641} INFO - Processing file /home/smita/airflow/dags/xcom_dag.py for tasks to queue
[2022-06-09 22:12:42,752] {logging_mixin.py:115} INFO - [2022-06-09 22:12:42,752] {dagbag.py:507} INFO - Filling up the DagBag from /home/smita/airflow/dags/xcom_dag.py
[2022-06-09 22:12:42,768] {processor.py:651} INFO - DAG(s) dict_keys(['xcom_dag']) retrieved from /home/smita/airflow/dags/xcom_dag.py
[2022-06-09 22:12:42,880] {logging_mixin.py:115} INFO - [2022-06-09 22:12:42,880] {dag.py:2379} INFO - Sync 1 DAGs
[2022-06-09 22:12:42,905] {logging_mixin.py:115} INFO - [2022-06-09 22:12:42,904] {dag.py:2923} INFO - Setting next_dagrun for xcom_dag to 2022-06-09T00:00:00+00:00, run_after=2022-06-10T00:00:00+00:00
[2022-06-09 22:12:42,918] {processor.py:161} INFO - Processing /home/smita/airflow/dags/xcom_dag.py took 0.173 seconds
[2022-06-09 22:13:13,038] {processor.py:153} INFO - Started process (PID=17371) to work on /home/smita/airflow/dags/xcom_dag.py
[2022-06-09 22:13:13,039] {processor.py:641} INFO - Processing file /home/smita/airflow/dags/xcom_dag.py for tasks to queue
[2022-06-09 22:13:13,039] {logging_mixin.py:115} INFO - [2022-06-09 22:13:13,039] {dagbag.py:507} INFO - Filling up the DagBag from /home/smita/airflow/dags/xcom_dag.py
[2022-06-09 22:13:13,060] {processor.py:651} INFO - DAG(s) dict_keys(['xcom_dag']) retrieved from /home/smita/airflow/dags/xcom_dag.py
[2022-06-09 22:13:13,176] {logging_mixin.py:115} INFO - [2022-06-09 22:13:13,176] {dag.py:2379} INFO - Sync 1 DAGs
[2022-06-09 22:13:13,214] {logging_mixin.py:115} INFO - [2022-06-09 22:13:13,214] {dag.py:2923} INFO - Setting next_dagrun for xcom_dag to 2022-06-09T00:00:00+00:00, run_after=2022-06-10T00:00:00+00:00
[2022-06-09 22:13:13,240] {processor.py:161} INFO - Processing /home/smita/airflow/dags/xcom_dag.py took 0.210 seconds
[2022-06-09 22:13:43,465] {processor.py:153} INFO - Started process (PID=17662) to work on /home/smita/airflow/dags/xcom_dag.py
[2022-06-09 22:13:43,466] {processor.py:641} INFO - Processing file /home/smita/airflow/dags/xcom_dag.py for tasks to queue
[2022-06-09 22:13:43,467] {logging_mixin.py:115} INFO - [2022-06-09 22:13:43,467] {dagbag.py:507} INFO - Filling up the DagBag from /home/smita/airflow/dags/xcom_dag.py
[2022-06-09 22:13:43,481] {processor.py:651} INFO - DAG(s) dict_keys(['xcom_dag']) retrieved from /home/smita/airflow/dags/xcom_dag.py
[2022-06-09 22:13:43,595] {logging_mixin.py:115} INFO - [2022-06-09 22:13:43,595] {dag.py:2379} INFO - Sync 1 DAGs
[2022-06-09 22:13:43,621] {logging_mixin.py:115} INFO - [2022-06-09 22:13:43,621] {dag.py:2923} INFO - Setting next_dagrun for xcom_dag to 2022-06-09T00:00:00+00:00, run_after=2022-06-10T00:00:00+00:00
[2022-06-09 22:13:43,633] {processor.py:161} INFO - Processing /home/smita/airflow/dags/xcom_dag.py took 0.172 seconds
[2022-06-09 22:14:13,821] {processor.py:153} INFO - Started process (PID=17988) to work on /home/smita/airflow/dags/xcom_dag.py
[2022-06-09 22:14:13,821] {processor.py:641} INFO - Processing file /home/smita/airflow/dags/xcom_dag.py for tasks to queue
[2022-06-09 22:14:13,822] {logging_mixin.py:115} INFO - [2022-06-09 22:14:13,822] {dagbag.py:507} INFO - Filling up the DagBag from /home/smita/airflow/dags/xcom_dag.py
[2022-06-09 22:14:13,838] {processor.py:651} INFO - DAG(s) dict_keys(['xcom_dag']) retrieved from /home/smita/airflow/dags/xcom_dag.py
[2022-06-09 22:14:13,943] {logging_mixin.py:115} INFO - [2022-06-09 22:14:13,943] {dag.py:2379} INFO - Sync 1 DAGs
[2022-06-09 22:14:13,969] {logging_mixin.py:115} INFO - [2022-06-09 22:14:13,969] {dag.py:2923} INFO - Setting next_dagrun for xcom_dag to 2022-06-09T00:00:00+00:00, run_after=2022-06-10T00:00:00+00:00
[2022-06-09 22:14:13,985] {processor.py:161} INFO - Processing /home/smita/airflow/dags/xcom_dag.py took 0.169 seconds
[2022-06-09 22:14:45,006] {processor.py:153} INFO - Started process (PID=18287) to work on /home/smita/airflow/dags/xcom_dag.py
[2022-06-09 22:14:45,007] {processor.py:641} INFO - Processing file /home/smita/airflow/dags/xcom_dag.py for tasks to queue
[2022-06-09 22:14:45,008] {logging_mixin.py:115} INFO - [2022-06-09 22:14:45,008] {dagbag.py:507} INFO - Filling up the DagBag from /home/smita/airflow/dags/xcom_dag.py
[2022-06-09 22:14:45,029] {processor.py:651} INFO - DAG(s) dict_keys(['xcom_dag']) retrieved from /home/smita/airflow/dags/xcom_dag.py
[2022-06-09 22:14:45,121] {logging_mixin.py:115} INFO - [2022-06-09 22:14:45,121] {dag.py:2379} INFO - Sync 1 DAGs
[2022-06-09 22:14:45,150] {logging_mixin.py:115} INFO - [2022-06-09 22:14:45,150] {dag.py:2923} INFO - Setting next_dagrun for xcom_dag to 2022-06-09T00:00:00+00:00, run_after=2022-06-10T00:00:00+00:00
[2022-06-09 22:14:45,168] {processor.py:161} INFO - Processing /home/smita/airflow/dags/xcom_dag.py took 0.170 seconds
