[2022-06-06 15:02:02,143] {taskinstance.py:1160} INFO - Dependencies all met for <TaskInstance: xcom_dag.processing_tasks.training_model_b manual__2022-06-06T09:31:57.024558+00:00 [queued]>
[2022-06-06 15:02:02,155] {taskinstance.py:1160} INFO - Dependencies all met for <TaskInstance: xcom_dag.processing_tasks.training_model_b manual__2022-06-06T09:31:57.024558+00:00 [queued]>
[2022-06-06 15:02:02,156] {taskinstance.py:1357} INFO - 
--------------------------------------------------------------------------------
[2022-06-06 15:02:02,156] {taskinstance.py:1358} INFO - Starting attempt 1 of 1
[2022-06-06 15:02:02,156] {taskinstance.py:1359} INFO - 
--------------------------------------------------------------------------------
[2022-06-06 15:02:02,171] {taskinstance.py:1378} INFO - Executing <Task(PythonOperator): processing_tasks.training_model_b> on 2022-06-06 09:31:57.024558+00:00
[2022-06-06 15:02:02,194] {standard_task_runner.py:52} INFO - Started process 14656 to run task
[2022-06-06 15:02:02,202] {standard_task_runner.py:79} INFO - Running: ['airflow', 'tasks', 'run', 'xcom_dag', 'processing_tasks.training_model_b', 'manual__2022-06-06T09:31:57.024558+00:00', '--job-id', '50', '--raw', '--subdir', 'DAGS_FOLDER/xcom_dag.py', '--cfg-path', '/tmp/tmpqw0h3btq', '--error-file', '/tmp/tmp6p0bs0az']
[2022-06-06 15:02:02,205] {standard_task_runner.py:80} INFO - Job 50: Subtask processing_tasks.training_model_b
[2022-06-06 15:02:02,564] {task_command.py:370} INFO - Running <TaskInstance: xcom_dag.processing_tasks.training_model_b manual__2022-06-06T09:31:57.024558+00:00 [running]> on host TIGER0990.tigeranalytics.local
[2022-06-06 15:02:03,007] {taskinstance.py:1570} INFO - Exporting the following env vars:
AIRFLOW_CTX_DAG_OWNER=airflow
AIRFLOW_CTX_DAG_ID=xcom_dag
AIRFLOW_CTX_TASK_ID=processing_tasks.training_model_b
AIRFLOW_CTX_EXECUTION_DATE=2022-06-06T09:31:57.024558+00:00
AIRFLOW_CTX_TRY_NUMBER=1
AIRFLOW_CTX_DAG_RUN_ID=manual__2022-06-06T09:31:57.024558+00:00
[2022-06-06 15:02:03,008] {logging_mixin.py:115} INFO - model's accuracy: 8.652643152951255
[2022-06-06 15:02:03,151] {python.py:173} INFO - Done. Returned value was: None
[2022-06-06 15:02:03,274] {taskinstance.py:1396} INFO - Marking task as SUCCESS. dag_id=xcom_dag, task_id=processing_tasks.training_model_b, execution_date=20220606T093157, start_date=20220606T093202, end_date=20220606T093203
[2022-06-06 15:02:03,307] {local_task_job.py:156} INFO - Task exited with return code 0
[2022-06-06 15:02:03,630] {local_task_job.py:273} INFO - 0 downstream tasks scheduled from follow-on schedule check
