[2022-06-06 15:14:25,588] {taskinstance.py:1160} INFO - Dependencies all met for <TaskInstance: xcom_dag.processing_tasks.training_model_b manual__2022-06-06T09:44:19.304813+00:00 [queued]>
[2022-06-06 15:14:25,603] {taskinstance.py:1160} INFO - Dependencies all met for <TaskInstance: xcom_dag.processing_tasks.training_model_b manual__2022-06-06T09:44:19.304813+00:00 [queued]>
[2022-06-06 15:14:25,603] {taskinstance.py:1357} INFO - 
--------------------------------------------------------------------------------
[2022-06-06 15:14:25,603] {taskinstance.py:1358} INFO - Starting attempt 1 of 1
[2022-06-06 15:14:25,603] {taskinstance.py:1359} INFO - 
--------------------------------------------------------------------------------
[2022-06-06 15:14:25,617] {taskinstance.py:1378} INFO - Executing <Task(PythonOperator): processing_tasks.training_model_b> on 2022-06-06 09:44:19.304813+00:00
[2022-06-06 15:14:25,640] {standard_task_runner.py:52} INFO - Started process 5775 to run task
[2022-06-06 15:14:25,647] {standard_task_runner.py:79} INFO - Running: ['airflow', 'tasks', 'run', 'xcom_dag', 'processing_tasks.training_model_b', 'manual__2022-06-06T09:44:19.304813+00:00', '--job-id', '57', '--raw', '--subdir', 'DAGS_FOLDER/xcom_dag.py', '--cfg-path', '/tmp/tmp2d42s89j', '--error-file', '/tmp/tmp6ob4z00m']
[2022-06-06 15:14:25,650] {standard_task_runner.py:80} INFO - Job 57: Subtask processing_tasks.training_model_b
[2022-06-06 15:14:26,037] {task_command.py:370} INFO - Running <TaskInstance: xcom_dag.processing_tasks.training_model_b manual__2022-06-06T09:44:19.304813+00:00 [running]> on host TIGER0990.tigeranalytics.local
[2022-06-06 15:14:26,460] {taskinstance.py:1570} INFO - Exporting the following env vars:
AIRFLOW_CTX_DAG_OWNER=airflow
AIRFLOW_CTX_DAG_ID=xcom_dag
AIRFLOW_CTX_TASK_ID=processing_tasks.training_model_b
AIRFLOW_CTX_EXECUTION_DATE=2022-06-06T09:44:19.304813+00:00
AIRFLOW_CTX_TRY_NUMBER=1
AIRFLOW_CTX_DAG_RUN_ID=manual__2022-06-06T09:44:19.304813+00:00
[2022-06-06 15:14:26,462] {logging_mixin.py:115} INFO - model's accuracy: 9.277520507660398
[2022-06-06 15:14:26,615] {python.py:173} INFO - Done. Returned value was: None
[2022-06-06 15:14:26,738] {taskinstance.py:1396} INFO - Marking task as SUCCESS. dag_id=xcom_dag, task_id=processing_tasks.training_model_b, execution_date=20220606T094419, start_date=20220606T094425, end_date=20220606T094426
[2022-06-06 15:14:26,751] {local_task_job.py:156} INFO - Task exited with return code 0
[2022-06-06 15:14:27,017] {local_task_job.py:273} INFO - 0 downstream tasks scheduled from follow-on schedule check
