[2022-06-06 15:02:02,110] {taskinstance.py:1160} INFO - Dependencies all met for <TaskInstance: xcom_dag.processing_tasks.training_model_a manual__2022-06-06T09:31:57.024558+00:00 [queued]>
[2022-06-06 15:02:02,121] {taskinstance.py:1160} INFO - Dependencies all met for <TaskInstance: xcom_dag.processing_tasks.training_model_a manual__2022-06-06T09:31:57.024558+00:00 [queued]>
[2022-06-06 15:02:02,122] {taskinstance.py:1357} INFO - 
--------------------------------------------------------------------------------
[2022-06-06 15:02:02,122] {taskinstance.py:1358} INFO - Starting attempt 1 of 1
[2022-06-06 15:02:02,122] {taskinstance.py:1359} INFO - 
--------------------------------------------------------------------------------
[2022-06-06 15:02:02,134] {taskinstance.py:1378} INFO - Executing <Task(PythonOperator): processing_tasks.training_model_a> on 2022-06-06 09:31:57.024558+00:00
[2022-06-06 15:02:02,153] {standard_task_runner.py:52} INFO - Started process 14654 to run task
[2022-06-06 15:02:02,160] {standard_task_runner.py:79} INFO - Running: ['airflow', 'tasks', 'run', 'xcom_dag', 'processing_tasks.training_model_a', 'manual__2022-06-06T09:31:57.024558+00:00', '--job-id', '49', '--raw', '--subdir', 'DAGS_FOLDER/xcom_dag.py', '--cfg-path', '/tmp/tmpmc3bxhcs', '--error-file', '/tmp/tmpb62bkkmz']
[2022-06-06 15:02:02,163] {standard_task_runner.py:80} INFO - Job 49: Subtask processing_tasks.training_model_a
[2022-06-06 15:02:02,496] {task_command.py:370} INFO - Running <TaskInstance: xcom_dag.processing_tasks.training_model_a manual__2022-06-06T09:31:57.024558+00:00 [running]> on host TIGER0990.tigeranalytics.local
[2022-06-06 15:02:02,920] {taskinstance.py:1570} INFO - Exporting the following env vars:
AIRFLOW_CTX_DAG_OWNER=airflow
AIRFLOW_CTX_DAG_ID=xcom_dag
AIRFLOW_CTX_TASK_ID=processing_tasks.training_model_a
AIRFLOW_CTX_EXECUTION_DATE=2022-06-06T09:31:57.024558+00:00
AIRFLOW_CTX_TRY_NUMBER=1
AIRFLOW_CTX_DAG_RUN_ID=manual__2022-06-06T09:31:57.024558+00:00
[2022-06-06 15:02:02,921] {logging_mixin.py:115} INFO - model's accuracy: 2.224074204389079
[2022-06-06 15:02:03,049] {python.py:173} INFO - Done. Returned value was: None
[2022-06-06 15:02:03,172] {taskinstance.py:1396} INFO - Marking task as SUCCESS. dag_id=xcom_dag, task_id=processing_tasks.training_model_a, execution_date=20220606T093157, start_date=20220606T093202, end_date=20220606T093203
[2022-06-06 15:02:03,185] {local_task_job.py:156} INFO - Task exited with return code 0
[2022-06-06 15:02:03,425] {local_task_job.py:273} INFO - 1 downstream tasks scheduled from follow-on schedule check
