[2022-06-03 12:35:55,404] {taskinstance.py:1160} INFO - Dependencies all met for <TaskInstance: parallel_runs.task_1 scheduled__2022-06-02T00:00:00+00:00 [queued]>
[2022-06-03 12:35:55,420] {taskinstance.py:1160} INFO - Dependencies all met for <TaskInstance: parallel_runs.task_1 scheduled__2022-06-02T00:00:00+00:00 [queued]>
[2022-06-03 12:35:55,421] {taskinstance.py:1357} INFO - 
--------------------------------------------------------------------------------
[2022-06-03 12:35:55,421] {taskinstance.py:1358} INFO - Starting attempt 1 of 1
[2022-06-03 12:35:55,421] {taskinstance.py:1359} INFO - 
--------------------------------------------------------------------------------
[2022-06-03 12:35:55,445] {taskinstance.py:1378} INFO - Executing <Task(BashOperator): task_1> on 2022-06-02 00:00:00+00:00
[2022-06-03 12:35:55,494] {standard_task_runner.py:52} INFO - Started process 22001 to run task
[2022-06-03 12:35:55,508] {standard_task_runner.py:79} INFO - Running: ['airflow', 'tasks', 'run', 'parallel_runs', 'task_1', 'scheduled__2022-06-02T00:00:00+00:00', '--job-id', '11', '--raw', '--subdir', 'DAGS_FOLDER/parallel_runs.py', '--cfg-path', '/tmp/tmp_74ebnhv', '--error-file', '/tmp/tmp8za_ouyi']
[2022-06-03 12:35:55,514] {standard_task_runner.py:80} INFO - Job 11: Subtask task_1
[2022-06-03 12:35:55,830] {task_command.py:370} INFO - Running <TaskInstance: parallel_runs.task_1 scheduled__2022-06-02T00:00:00+00:00 [running]> on host TIGER0990.tigeranalytics.local
[2022-06-03 12:35:56,150] {taskinstance.py:1570} INFO - Exporting the following env vars:
AIRFLOW_CTX_DAG_OWNER=airflow
AIRFLOW_CTX_DAG_ID=parallel_runs
AIRFLOW_CTX_TASK_ID=task_1
AIRFLOW_CTX_EXECUTION_DATE=2022-06-02T00:00:00+00:00
AIRFLOW_CTX_TRY_NUMBER=1
AIRFLOW_CTX_DAG_RUN_ID=scheduled__2022-06-02T00:00:00+00:00
[2022-06-03 12:35:56,152] {subprocess.py:62} INFO - Tmp dir root location: 
 /tmp
[2022-06-03 12:35:56,154] {subprocess.py:74} INFO - Running command: ['bash', '-c', 'sleep 3']
[2022-06-03 12:35:56,207] {subprocess.py:85} INFO - Output:
[2022-06-03 12:35:59,230] {subprocess.py:96} INFO - Command exited with return code 0
[2022-06-03 12:35:59,508] {taskinstance.py:1396} INFO - Marking task as SUCCESS. dag_id=parallel_runs, task_id=task_1, execution_date=20220602T000000, start_date=20220603T070555, end_date=20220603T070559
[2022-06-03 12:35:59,547] {local_task_job.py:156} INFO - Task exited with return code 0
[2022-06-03 12:35:59,875] {local_task_job.py:273} INFO - 2 downstream tasks scheduled from follow-on schedule check
