[2022-06-06 12:25:36,361] {taskinstance.py:1160} INFO - Dependencies all met for <TaskInstance: xcom_dag.task_4 scheduled__2022-06-05T00:00:00+00:00 [queued]>
[2022-06-06 12:25:36,371] {taskinstance.py:1160} INFO - Dependencies all met for <TaskInstance: xcom_dag.task_4 scheduled__2022-06-05T00:00:00+00:00 [queued]>
[2022-06-06 12:25:36,372] {taskinstance.py:1357} INFO - 
--------------------------------------------------------------------------------
[2022-06-06 12:25:36,372] {taskinstance.py:1358} INFO - Starting attempt 1 of 1
[2022-06-06 12:25:36,372] {taskinstance.py:1359} INFO - 
--------------------------------------------------------------------------------
[2022-06-06 12:25:36,389] {taskinstance.py:1378} INFO - Executing <Task(PythonOperator): task_4> on 2022-06-05 00:00:00+00:00
[2022-06-06 12:25:36,415] {standard_task_runner.py:52} INFO - Started process 818 to run task
[2022-06-06 12:25:36,421] {standard_task_runner.py:79} INFO - Running: ['airflow', 'tasks', 'run', 'xcom_dag', 'task_4', 'scheduled__2022-06-05T00:00:00+00:00', '--job-id', '26', '--raw', '--subdir', 'DAGS_FOLDER/xcom_dag.py', '--cfg-path', '/tmp/tmpz4_ynfol', '--error-file', '/tmp/tmpqan66wdq']
[2022-06-06 12:25:36,423] {standard_task_runner.py:80} INFO - Job 26: Subtask task_4
[2022-06-06 12:25:36,675] {task_command.py:370} INFO - Running <TaskInstance: xcom_dag.task_4 scheduled__2022-06-05T00:00:00+00:00 [running]> on host TIGER0990.tigeranalytics.local
[2022-06-06 12:25:36,936] {taskinstance.py:1570} INFO - Exporting the following env vars:
AIRFLOW_CTX_DAG_OWNER=airflow
AIRFLOW_CTX_DAG_ID=xcom_dag
AIRFLOW_CTX_TASK_ID=task_4
AIRFLOW_CTX_EXECUTION_DATE=2022-06-05T00:00:00+00:00
AIRFLOW_CTX_TRY_NUMBER=1
AIRFLOW_CTX_DAG_RUN_ID=scheduled__2022-06-05T00:00:00+00:00
[2022-06-06 12:25:36,937] {logging_mixin.py:115} INFO - choose best model
[2022-06-06 12:25:36,937] {python.py:173} INFO - Done. Returned value was: None
[2022-06-06 12:25:37,004] {taskinstance.py:1396} INFO - Marking task as SUCCESS. dag_id=xcom_dag, task_id=task_4, execution_date=20220605T000000, start_date=20220606T065536, end_date=20220606T065537
[2022-06-06 12:25:37,037] {local_task_job.py:156} INFO - Task exited with return code 0
[2022-06-06 12:25:37,203] {local_task_job.py:273} INFO - 0 downstream tasks scheduled from follow-on schedule check
