[2022-06-15 13:33:15,746] {taskinstance.py:1160} INFO - Dependencies all met for <TaskInstance: xcom_dag.processing_tasks.training_model_b scheduled__2022-06-14T00:00:00+00:00 [queued]>
[2022-06-15 13:33:15,764] {taskinstance.py:1160} INFO - Dependencies all met for <TaskInstance: xcom_dag.processing_tasks.training_model_b scheduled__2022-06-14T00:00:00+00:00 [queued]>
[2022-06-15 13:33:15,765] {taskinstance.py:1357} INFO - 
--------------------------------------------------------------------------------
[2022-06-15 13:33:15,765] {taskinstance.py:1358} INFO - Starting attempt 1 of 1
[2022-06-15 13:33:15,765] {taskinstance.py:1359} INFO - 
--------------------------------------------------------------------------------
[2022-06-15 13:33:15,784] {taskinstance.py:1378} INFO - Executing <Task(PythonOperator): processing_tasks.training_model_b> on 2022-06-14 00:00:00+00:00
[2022-06-15 13:33:15,832] {standard_task_runner.py:52} INFO - Started process 30186 to run task
[2022-06-15 13:33:15,842] {standard_task_runner.py:79} INFO - Running: ['airflow', 'tasks', 'run', 'xcom_dag', 'processing_tasks.training_model_b', 'scheduled__2022-06-14T00:00:00+00:00', '--job-id', '102', '--raw', '--subdir', 'DAGS_FOLDER/xcom_dag.py', '--cfg-path', '/tmp/tmptio83mln', '--error-file', '/tmp/tmpiifn505x']
[2022-06-15 13:33:15,846] {standard_task_runner.py:80} INFO - Job 102: Subtask processing_tasks.training_model_b
[2022-06-15 13:33:16,105] {task_command.py:370} INFO - Running <TaskInstance: xcom_dag.processing_tasks.training_model_b scheduled__2022-06-14T00:00:00+00:00 [running]> on host TIGER0990.tigeranalytics.local
[2022-06-15 13:33:16,362] {taskinstance.py:1570} INFO - Exporting the following env vars:
AIRFLOW_CTX_DAG_OWNER=airflow
AIRFLOW_CTX_DAG_ID=xcom_dag
AIRFLOW_CTX_TASK_ID=processing_tasks.training_model_b
AIRFLOW_CTX_EXECUTION_DATE=2022-06-14T00:00:00+00:00
AIRFLOW_CTX_TRY_NUMBER=1
AIRFLOW_CTX_DAG_RUN_ID=scheduled__2022-06-14T00:00:00+00:00
[2022-06-15 13:33:16,364] {logging_mixin.py:115} INFO - model's accuracy: 2.2182681773103434
[2022-06-15 13:33:16,455] {python.py:173} INFO - Done. Returned value was: None
[2022-06-15 13:33:16,521] {taskinstance.py:1396} INFO - Marking task as SUCCESS. dag_id=xcom_dag, task_id=processing_tasks.training_model_b, execution_date=20220614T000000, start_date=20220615T080315, end_date=20220615T080316
[2022-06-15 13:33:16,557] {local_task_job.py:156} INFO - Task exited with return code 0
[2022-06-15 13:33:16,748] {local_task_job.py:273} INFO - 0 downstream tasks scheduled from follow-on schedule check
