[2022-06-02 11:42:04,789] {taskinstance.py:1160} INFO - Dependencies all met for <TaskInstance: parallel_runs.task_1 scheduled__2022-06-01T00:00:00+00:00 [queued]>
[2022-06-02 11:42:04,793] {taskinstance.py:1160} INFO - Dependencies all met for <TaskInstance: parallel_runs.task_1 scheduled__2022-06-01T00:00:00+00:00 [queued]>
[2022-06-02 11:42:04,793] {taskinstance.py:1357} INFO - 
--------------------------------------------------------------------------------
[2022-06-02 11:42:04,793] {taskinstance.py:1358} INFO - Starting attempt 1 of 1
[2022-06-02 11:42:04,793] {taskinstance.py:1359} INFO - 
--------------------------------------------------------------------------------
[2022-06-02 11:42:04,804] {taskinstance.py:1378} INFO - Executing <Task(BashOperator): task_1> on 2022-06-01 00:00:00+00:00
[2022-06-02 11:42:04,822] {standard_task_runner.py:52} INFO - Started process 13449 to run task
[2022-06-02 11:42:04,826] {standard_task_runner.py:79} INFO - Running: ['airflow', 'tasks', 'run', 'parallel_runs', 'task_1', 'scheduled__2022-06-01T00:00:00+00:00', '--job-id', '25', '--raw', '--subdir', 'DAGS_FOLDER/parallel_runs.py', '--cfg-path', '/tmp/tmpcvf90y4k', '--error-file', '/tmp/tmp2yokgx7l']
[2022-06-02 11:42:04,828] {standard_task_runner.py:80} INFO - Job 25: Subtask task_1
[2022-06-02 11:42:04,861] {task_command.py:370} INFO - Running <TaskInstance: parallel_runs.task_1 scheduled__2022-06-01T00:00:00+00:00 [running]> on host TIGER0990.tigeranalytics.local
[2022-06-02 11:42:04,896] {taskinstance.py:1570} INFO - Exporting the following env vars:
AIRFLOW_CTX_DAG_OWNER=airflow
AIRFLOW_CTX_DAG_ID=parallel_runs
AIRFLOW_CTX_TASK_ID=task_1
AIRFLOW_CTX_EXECUTION_DATE=2022-06-01T00:00:00+00:00
AIRFLOW_CTX_TRY_NUMBER=1
AIRFLOW_CTX_DAG_RUN_ID=scheduled__2022-06-01T00:00:00+00:00
[2022-06-02 11:42:04,897] {subprocess.py:62} INFO - Tmp dir root location: 
 /tmp
[2022-06-02 11:42:04,897] {subprocess.py:74} INFO - Running command: ['bash', '-c', 'sleep 3']
[2022-06-02 11:42:04,921] {subprocess.py:85} INFO - Output:
[2022-06-02 11:42:07,933] {subprocess.py:96} INFO - Command exited with return code 0
[2022-06-02 11:42:07,966] {taskinstance.py:1396} INFO - Marking task as SUCCESS. dag_id=parallel_runs, task_id=task_1, execution_date=20220601T000000, start_date=20220602T061204, end_date=20220602T061207
[2022-06-02 11:42:07,997] {local_task_job.py:156} INFO - Task exited with return code 0
[2022-06-02 11:42:08,031] {local_task_job.py:273} INFO - 2 downstream tasks scheduled from follow-on schedule check
[2022-06-02 12:49:38,515] {taskinstance.py:1160} INFO - Dependencies all met for <TaskInstance: parallel_runs.task_1 scheduled__2022-06-01T00:00:00+00:00 [queued]>
[2022-06-02 12:49:38,530] {taskinstance.py:1160} INFO - Dependencies all met for <TaskInstance: parallel_runs.task_1 scheduled__2022-06-01T00:00:00+00:00 [queued]>
[2022-06-02 12:49:38,530] {taskinstance.py:1357} INFO - 
--------------------------------------------------------------------------------
[2022-06-02 12:49:38,530] {taskinstance.py:1358} INFO - Starting attempt 1 of 1
[2022-06-02 12:49:38,530] {taskinstance.py:1359} INFO - 
--------------------------------------------------------------------------------
[2022-06-02 12:49:38,548] {taskinstance.py:1378} INFO - Executing <Task(BashOperator): task_1> on 2022-06-01 00:00:00+00:00
[2022-06-02 12:49:38,589] {standard_task_runner.py:52} INFO - Started process 21493 to run task
[2022-06-02 12:49:38,596] {standard_task_runner.py:79} INFO - Running: ['airflow', 'tasks', 'run', 'parallel_runs', 'task_1', 'scheduled__2022-06-01T00:00:00+00:00', '--job-id', '2', '--raw', '--subdir', 'DAGS_FOLDER/parallel_runs.py', '--cfg-path', '/tmp/tmptira0nql', '--error-file', '/tmp/tmp81rnnxfq']
[2022-06-02 12:49:38,599] {standard_task_runner.py:80} INFO - Job 2: Subtask task_1
[2022-06-02 12:49:38,877] {task_command.py:370} INFO - Running <TaskInstance: parallel_runs.task_1 scheduled__2022-06-01T00:00:00+00:00 [running]> on host TIGER0990.tigeranalytics.local
[2022-06-02 12:49:39,158] {taskinstance.py:1570} INFO - Exporting the following env vars:
AIRFLOW_CTX_DAG_OWNER=airflow
AIRFLOW_CTX_DAG_ID=parallel_runs
AIRFLOW_CTX_TASK_ID=task_1
AIRFLOW_CTX_EXECUTION_DATE=2022-06-01T00:00:00+00:00
AIRFLOW_CTX_TRY_NUMBER=1
AIRFLOW_CTX_DAG_RUN_ID=scheduled__2022-06-01T00:00:00+00:00
[2022-06-02 12:49:39,159] {subprocess.py:62} INFO - Tmp dir root location: 
 /tmp
[2022-06-02 12:49:39,160] {subprocess.py:74} INFO - Running command: ['bash', '-c', 'sleep 3']
[2022-06-02 12:49:39,201] {subprocess.py:85} INFO - Output:
[2022-06-02 12:49:42,220] {subprocess.py:96} INFO - Command exited with return code 0
[2022-06-02 12:49:42,369] {taskinstance.py:1396} INFO - Marking task as SUCCESS. dag_id=parallel_runs, task_id=task_1, execution_date=20220601T000000, start_date=20220602T071938, end_date=20220602T071942
[2022-06-02 12:49:42,416] {local_task_job.py:156} INFO - Task exited with return code 0
[2022-06-02 12:49:42,592] {local_task_job.py:273} INFO - 2 downstream tasks scheduled from follow-on schedule check
