[2022-06-15 13:33:17,695] {taskinstance.py:1160} INFO - Dependencies all met for <TaskInstance: xcom_dag.choose_model scheduled__2022-06-14T00:00:00+00:00 [queued]>
[2022-06-15 13:33:17,705] {taskinstance.py:1160} INFO - Dependencies all met for <TaskInstance: xcom_dag.choose_model scheduled__2022-06-14T00:00:00+00:00 [queued]>
[2022-06-15 13:33:17,705] {taskinstance.py:1357} INFO - 
--------------------------------------------------------------------------------
[2022-06-15 13:33:17,705] {taskinstance.py:1358} INFO - Starting attempt 1 of 1
[2022-06-15 13:33:17,706] {taskinstance.py:1359} INFO - 
--------------------------------------------------------------------------------
[2022-06-15 13:33:17,718] {taskinstance.py:1378} INFO - Executing <Task(BranchPythonOperator): choose_model> on 2022-06-14 00:00:00+00:00
[2022-06-15 13:33:17,743] {standard_task_runner.py:52} INFO - Started process 30268 to run task
[2022-06-15 13:33:17,749] {standard_task_runner.py:79} INFO - Running: ['airflow', 'tasks', 'run', 'xcom_dag', 'choose_model', 'scheduled__2022-06-14T00:00:00+00:00', '--job-id', '104', '--raw', '--subdir', 'DAGS_FOLDER/xcom_dag.py', '--cfg-path', '/tmp/tmp6tb1rqr4', '--error-file', '/tmp/tmp760whq4_']
[2022-06-15 13:33:17,751] {standard_task_runner.py:80} INFO - Job 104: Subtask choose_model
[2022-06-15 13:33:17,883] {task_command.py:370} INFO - Running <TaskInstance: xcom_dag.choose_model scheduled__2022-06-14T00:00:00+00:00 [running]> on host TIGER0990.tigeranalytics.local
[2022-06-15 13:33:18,022] {taskinstance.py:1570} INFO - Exporting the following env vars:
AIRFLOW_CTX_DAG_OWNER=airflow
AIRFLOW_CTX_DAG_ID=xcom_dag
AIRFLOW_CTX_TASK_ID=choose_model
AIRFLOW_CTX_EXECUTION_DATE=2022-06-14T00:00:00+00:00
AIRFLOW_CTX_TRY_NUMBER=1
AIRFLOW_CTX_DAG_RUN_ID=scheduled__2022-06-14T00:00:00+00:00
[2022-06-15 13:33:18,023] {logging_mixin.py:115} INFO - choose best model
[2022-06-15 13:33:18,068] {python.py:173} INFO - Done. Returned value was: accurate
[2022-06-15 13:33:18,068] {skipmixin.py:140} INFO - Following branch accurate
[2022-06-15 13:33:18,069] {skipmixin.py:175} INFO - Skipping tasks ['inaccurate']
[2022-06-15 13:33:18,190] {taskinstance.py:1396} INFO - Marking task as SUCCESS. dag_id=xcom_dag, task_id=choose_model, execution_date=20220614T000000, start_date=20220615T080317, end_date=20220615T080318
[2022-06-15 13:33:18,210] {local_task_job.py:156} INFO - Task exited with return code 0
[2022-06-15 13:33:18,298] {local_task_job.py:273} INFO - 1 downstream tasks scheduled from follow-on schedule check
