[2022-06-01 20:03:24,985] {taskinstance.py:1160} INFO - Dependencies all met for <TaskInstance: user_processing.creating_table scheduled__2022-05-31T00:00:00+00:00 [queued]>
[2022-06-01 20:03:24,990] {taskinstance.py:1160} INFO - Dependencies all met for <TaskInstance: user_processing.creating_table scheduled__2022-05-31T00:00:00+00:00 [queued]>
[2022-06-01 20:03:24,990] {taskinstance.py:1357} INFO - 
--------------------------------------------------------------------------------
[2022-06-01 20:03:24,990] {taskinstance.py:1358} INFO - Starting attempt 1 of 1
[2022-06-01 20:03:24,990] {taskinstance.py:1359} INFO - 
--------------------------------------------------------------------------------
[2022-06-01 20:03:24,999] {taskinstance.py:1378} INFO - Executing <Task(SqliteOperator): creating_table> on 2022-05-31 00:00:00+00:00
[2022-06-01 20:03:25,018] {standard_task_runner.py:52} INFO - Started process 11682 to run task
[2022-06-01 20:03:25,024] {standard_task_runner.py:79} INFO - Running: ['airflow', 'tasks', 'run', 'user_processing', 'creating_table', 'scheduled__2022-05-31T00:00:00+00:00', '--job-id', '13', '--raw', '--subdir', 'DAGS_FOLDER/user_processing.py', '--cfg-path', '/tmp/tmpibpezvp1', '--error-file', '/tmp/tmp2bns4o81']
[2022-06-01 20:03:25,025] {standard_task_runner.py:80} INFO - Job 13: Subtask creating_table
[2022-06-01 20:03:25,059] {task_command.py:370} INFO - Running <TaskInstance: user_processing.creating_table scheduled__2022-05-31T00:00:00+00:00 [running]> on host TIGER0990.tigeranalytics.local
[2022-06-01 20:03:25,095] {taskinstance.py:1570} INFO - Exporting the following env vars:
AIRFLOW_CTX_DAG_OWNER=airflow
AIRFLOW_CTX_DAG_ID=user_processing
AIRFLOW_CTX_TASK_ID=creating_table
AIRFLOW_CTX_EXECUTION_DATE=2022-05-31T00:00:00+00:00
AIRFLOW_CTX_TRY_NUMBER=1
AIRFLOW_CTX_DAG_RUN_ID=scheduled__2022-05-31T00:00:00+00:00
[2022-06-01 20:03:25,096] {sqlite.py:59} INFO - Executing: 
                CREATE TABLE IF NOT EXISTS users (
                    firstname TEXT NOT NULL,
                    lastname TEXT NOT NULL,
                    country TEXT NOT NULL,
                    username TEXT NOT NULL,
                    password TEXT NOT NULL,
                    email TEXT NOT NULL
                );
                
[2022-06-01 20:03:25,101] {base.py:68} INFO - Using connection ID 'db_sqlite' for task execution.
[2022-06-01 20:03:25,101] {dbapi.py:208} INFO - Running statement: 
                CREATE TABLE IF NOT EXISTS users (
                    firstname TEXT NOT NULL,
                    lastname TEXT NOT NULL,
                    country TEXT NOT NULL,
                    username TEXT NOT NULL,
                    password TEXT NOT NULL,
                    email TEXT NOT NULL
                );
                , parameters: []
[2022-06-01 20:03:25,107] {taskinstance.py:1396} INFO - Marking task as SUCCESS. dag_id=user_processing, task_id=creating_table, execution_date=20220531T000000, start_date=20220601T143324, end_date=20220601T143325
[2022-06-01 20:03:25,118] {local_task_job.py:156} INFO - Task exited with return code 0
[2022-06-01 20:03:25,149] {local_task_job.py:273} INFO - 1 downstream tasks scheduled from follow-on schedule check
