[2022-06-06 15:02:04,171] {taskinstance.py:1160} INFO - Dependencies all met for <TaskInstance: xcom_dag.task_4 manual__2022-06-06T09:31:57.024558+00:00 [queued]>
[2022-06-06 15:02:04,180] {taskinstance.py:1160} INFO - Dependencies all met for <TaskInstance: xcom_dag.task_4 manual__2022-06-06T09:31:57.024558+00:00 [queued]>
[2022-06-06 15:02:04,180] {taskinstance.py:1357} INFO - 
--------------------------------------------------------------------------------
[2022-06-06 15:02:04,181] {taskinstance.py:1358} INFO - Starting attempt 1 of 1
[2022-06-06 15:02:04,181] {taskinstance.py:1359} INFO - 
--------------------------------------------------------------------------------
[2022-06-06 15:02:04,191] {taskinstance.py:1378} INFO - Executing <Task(PythonOperator): task_4> on 2022-06-06 09:31:57.024558+00:00
[2022-06-06 15:02:04,212] {standard_task_runner.py:52} INFO - Started process 14787 to run task
[2022-06-06 15:02:04,217] {standard_task_runner.py:79} INFO - Running: ['airflow', 'tasks', 'run', 'xcom_dag', 'task_4', 'manual__2022-06-06T09:31:57.024558+00:00', '--job-id', '52', '--raw', '--subdir', 'DAGS_FOLDER/xcom_dag.py', '--cfg-path', '/tmp/tmpn5eaecfc', '--error-file', '/tmp/tmpph9pxle7']
[2022-06-06 15:02:04,219] {standard_task_runner.py:80} INFO - Job 52: Subtask task_4
[2022-06-06 15:02:04,455] {task_command.py:370} INFO - Running <TaskInstance: xcom_dag.task_4 manual__2022-06-06T09:31:57.024558+00:00 [running]> on host TIGER0990.tigeranalytics.local
[2022-06-06 15:02:04,667] {taskinstance.py:1570} INFO - Exporting the following env vars:
AIRFLOW_CTX_DAG_OWNER=airflow
AIRFLOW_CTX_DAG_ID=xcom_dag
AIRFLOW_CTX_TASK_ID=task_4
AIRFLOW_CTX_EXECUTION_DATE=2022-06-06T09:31:57.024558+00:00
AIRFLOW_CTX_TRY_NUMBER=1
AIRFLOW_CTX_DAG_RUN_ID=manual__2022-06-06T09:31:57.024558+00:00
[2022-06-06 15:02:04,668] {logging_mixin.py:115} INFO - choose best model
[2022-06-06 15:02:04,745] {logging_mixin.py:115} INFO - [2.224074204389079, 8.652643152951255, 0.2588779525276608]
[2022-06-06 15:02:04,745] {python.py:173} INFO - Done. Returned value was: None
[2022-06-06 15:02:04,822] {taskinstance.py:1396} INFO - Marking task as SUCCESS. dag_id=xcom_dag, task_id=task_4, execution_date=20220606T093157, start_date=20220606T093204, end_date=20220606T093204
[2022-06-06 15:02:04,838] {local_task_job.py:156} INFO - Task exited with return code 0
[2022-06-06 15:02:04,970] {local_task_job.py:273} INFO - 1 downstream tasks scheduled from follow-on schedule check
