[2022-06-06 15:22:37,445] {taskinstance.py:1160} INFO - Dependencies all met for <TaskInstance: xcom_dag.choose_model manual__2022-06-06T09:52:30.026071+00:00 [queued]>
[2022-06-06 15:22:37,456] {taskinstance.py:1160} INFO - Dependencies all met for <TaskInstance: xcom_dag.choose_model manual__2022-06-06T09:52:30.026071+00:00 [queued]>
[2022-06-06 15:22:37,457] {taskinstance.py:1357} INFO - 
--------------------------------------------------------------------------------
[2022-06-06 15:22:37,457] {taskinstance.py:1358} INFO - Starting attempt 1 of 1
[2022-06-06 15:22:37,457] {taskinstance.py:1359} INFO - 
--------------------------------------------------------------------------------
[2022-06-06 15:22:37,468] {taskinstance.py:1378} INFO - Executing <Task(BranchPythonOperator): choose_model> on 2022-06-06 09:52:30.026071+00:00
[2022-06-06 15:22:37,493] {standard_task_runner.py:52} INFO - Started process 9061 to run task
[2022-06-06 15:22:37,499] {standard_task_runner.py:79} INFO - Running: ['airflow', 'tasks', 'run', 'xcom_dag', 'choose_model', 'manual__2022-06-06T09:52:30.026071+00:00', '--job-id', '73', '--raw', '--subdir', 'DAGS_FOLDER/xcom_dag.py', '--cfg-path', '/tmp/tmp3me90ieh', '--error-file', '/tmp/tmpa93nm339']
[2022-06-06 15:22:37,502] {standard_task_runner.py:80} INFO - Job 73: Subtask choose_model
[2022-06-06 15:22:37,702] {task_command.py:370} INFO - Running <TaskInstance: xcom_dag.choose_model manual__2022-06-06T09:52:30.026071+00:00 [running]> on host TIGER0990.tigeranalytics.local
[2022-06-06 15:22:37,875] {taskinstance.py:1570} INFO - Exporting the following env vars:
AIRFLOW_CTX_DAG_OWNER=airflow
AIRFLOW_CTX_DAG_ID=xcom_dag
AIRFLOW_CTX_TASK_ID=choose_model
AIRFLOW_CTX_EXECUTION_DATE=2022-06-06T09:52:30.026071+00:00
AIRFLOW_CTX_TRY_NUMBER=1
AIRFLOW_CTX_DAG_RUN_ID=manual__2022-06-06T09:52:30.026071+00:00
[2022-06-06 15:22:37,876] {logging_mixin.py:115} INFO - choose best model
[2022-06-06 15:22:37,942] {python.py:173} INFO - Done. Returned value was: accurate
[2022-06-06 15:22:37,942] {skipmixin.py:140} INFO - Following branch accurate
[2022-06-06 15:22:37,943] {skipmixin.py:175} INFO - Skipping tasks ['inaccurate']
[2022-06-06 15:22:38,164] {taskinstance.py:1396} INFO - Marking task as SUCCESS. dag_id=xcom_dag, task_id=choose_model, execution_date=20220606T095230, start_date=20220606T095237, end_date=20220606T095238
[2022-06-06 15:22:38,201] {local_task_job.py:156} INFO - Task exited with return code 0
[2022-06-06 15:22:38,396] {local_task_job.py:273} INFO - 1 downstream tasks scheduled from follow-on schedule check
