[2022-06-06 10:09:25,716] {taskinstance.py:1160} INFO - Dependencies all met for <TaskInstance: parallel_runs.processing_tasks.task_2 scheduled__2022-06-05T00:00:00+00:00 [queued]>
[2022-06-06 10:09:25,728] {taskinstance.py:1160} INFO - Dependencies all met for <TaskInstance: parallel_runs.processing_tasks.task_2 scheduled__2022-06-05T00:00:00+00:00 [queued]>
[2022-06-06 10:09:25,728] {taskinstance.py:1357} INFO - 
--------------------------------------------------------------------------------
[2022-06-06 10:09:25,729] {taskinstance.py:1358} INFO - Starting attempt 1 of 1
[2022-06-06 10:09:25,729] {taskinstance.py:1359} INFO - 
--------------------------------------------------------------------------------
[2022-06-06 10:09:25,741] {taskinstance.py:1378} INFO - Executing <Task(BashOperator): task_2> on 2022-06-05 00:00:00+00:00
[2022-06-06 10:09:25,763] {standard_task_runner.py:52} INFO - Started process 8884 to run task
[2022-06-06 10:09:25,770] {standard_task_runner.py:79} INFO - Running: ['airflow', 'tasks', 'run', 'parallel_runs.processing_tasks', 'task_2', 'scheduled__2022-06-05T00:00:00+00:00', '--job-id', '19', '--raw', '--subdir', 'DAGS_FOLDER/parallel_runs.py', '--cfg-path', '/tmp/tmpuq42dhg1', '--error-file', '/tmp/tmp5mldl4ad']
[2022-06-06 10:09:25,772] {standard_task_runner.py:80} INFO - Job 19: Subtask task_2
[2022-06-06 10:09:25,938] {task_command.py:370} INFO - Running <TaskInstance: parallel_runs.processing_tasks.task_2 scheduled__2022-06-05T00:00:00+00:00 [running]> on host TIGER0990.tigeranalytics.local
[2022-06-06 10:09:26,133] {taskinstance.py:1570} INFO - Exporting the following env vars:
AIRFLOW_CTX_DAG_OWNER=airflow
AIRFLOW_CTX_DAG_ID=parallel_runs.processing_tasks
AIRFLOW_CTX_TASK_ID=task_2
AIRFLOW_CTX_EXECUTION_DATE=2022-06-05T00:00:00+00:00
AIRFLOW_CTX_TRY_NUMBER=1
AIRFLOW_CTX_DAG_RUN_ID=scheduled__2022-06-05T00:00:00+00:00
[2022-06-06 10:09:26,134] {subprocess.py:62} INFO - Tmp dir root location: 
 /tmp
[2022-06-06 10:09:26,135] {subprocess.py:74} INFO - Running command: ['bash', '-c', 'sleep 3']
[2022-06-06 10:09:26,164] {subprocess.py:85} INFO - Output:
[2022-06-06 10:09:29,177] {subprocess.py:96} INFO - Command exited with return code 0
[2022-06-06 10:09:29,281] {taskinstance.py:1396} INFO - Marking task as SUCCESS. dag_id=parallel_runs.processing_tasks, task_id=task_2, execution_date=20220605T000000, start_date=20220606T043925, end_date=20220606T043929
[2022-06-06 10:09:29,306] {local_task_job.py:156} INFO - Task exited with return code 0
[2022-06-06 10:09:29,434] {local_task_job.py:273} INFO - 0 downstream tasks scheduled from follow-on schedule check
