[2022-06-15 13:33:15,648] {taskinstance.py:1160} INFO - Dependencies all met for <TaskInstance: xcom_dag.processing_tasks.training_model_a scheduled__2022-06-10T00:00:00+00:00 [queued]>
[2022-06-15 13:33:15,662] {taskinstance.py:1160} INFO - Dependencies all met for <TaskInstance: xcom_dag.processing_tasks.training_model_a scheduled__2022-06-10T00:00:00+00:00 [queued]>
[2022-06-15 13:33:15,663] {taskinstance.py:1357} INFO - 
--------------------------------------------------------------------------------
[2022-06-15 13:33:15,663] {taskinstance.py:1358} INFO - Starting attempt 1 of 1
[2022-06-15 13:33:15,663] {taskinstance.py:1359} INFO - 
--------------------------------------------------------------------------------
[2022-06-15 13:33:15,675] {taskinstance.py:1378} INFO - Executing <Task(PythonOperator): processing_tasks.training_model_a> on 2022-06-10 00:00:00+00:00
[2022-06-15 13:33:15,711] {standard_task_runner.py:52} INFO - Started process 30176 to run task
[2022-06-15 13:33:15,719] {standard_task_runner.py:79} INFO - Running: ['airflow', 'tasks', 'run', 'xcom_dag', 'processing_tasks.training_model_a', 'scheduled__2022-06-10T00:00:00+00:00', '--job-id', '97', '--raw', '--subdir', 'DAGS_FOLDER/xcom_dag.py', '--cfg-path', '/tmp/tmpaf7q49la', '--error-file', '/tmp/tmp28nt0yse']
[2022-06-15 13:33:15,722] {standard_task_runner.py:80} INFO - Job 97: Subtask processing_tasks.training_model_a
[2022-06-15 13:33:15,973] {task_command.py:370} INFO - Running <TaskInstance: xcom_dag.processing_tasks.training_model_a scheduled__2022-06-10T00:00:00+00:00 [running]> on host TIGER0990.tigeranalytics.local
[2022-06-15 13:33:16,216] {taskinstance.py:1570} INFO - Exporting the following env vars:
AIRFLOW_CTX_DAG_OWNER=airflow
AIRFLOW_CTX_DAG_ID=xcom_dag
AIRFLOW_CTX_TASK_ID=processing_tasks.training_model_a
AIRFLOW_CTX_EXECUTION_DATE=2022-06-10T00:00:00+00:00
AIRFLOW_CTX_TRY_NUMBER=1
AIRFLOW_CTX_DAG_RUN_ID=scheduled__2022-06-10T00:00:00+00:00
[2022-06-15 13:33:16,217] {logging_mixin.py:115} INFO - model's accuracy: 8.09031005716864
[2022-06-15 13:33:16,303] {python.py:173} INFO - Done. Returned value was: None
[2022-06-15 13:33:16,374] {taskinstance.py:1396} INFO - Marking task as SUCCESS. dag_id=xcom_dag, task_id=processing_tasks.training_model_a, execution_date=20220610T000000, start_date=20220615T080315, end_date=20220615T080316
[2022-06-15 13:33:16,434] {local_task_job.py:156} INFO - Task exited with return code 0
[2022-06-15 13:33:16,575] {local_task_job.py:273} INFO - 1 downstream tasks scheduled from follow-on schedule check
