[2022-06-09 19:13:00,516] {processor.py:153} INFO - Started process (PID=28102) to work on /home/smita/airflow/dags/subdags/subdag_parallel_processing.py
[2022-06-09 19:13:00,517] {processor.py:641} INFO - Processing file /home/smita/airflow/dags/subdags/subdag_parallel_processing.py for tasks to queue
[2022-06-09 19:13:00,518] {logging_mixin.py:115} INFO - [2022-06-09 19:13:00,518] {dagbag.py:507} INFO - Filling up the DagBag from /home/smita/airflow/dags/subdags/subdag_parallel_processing.py
[2022-06-09 19:13:00,525] {processor.py:653} WARNING - No viable dags retrieved from /home/smita/airflow/dags/subdags/subdag_parallel_processing.py
[2022-06-09 19:13:00,591] {processor.py:161} INFO - Processing /home/smita/airflow/dags/subdags/subdag_parallel_processing.py took 0.082 seconds
[2022-06-09 19:13:32,385] {processor.py:153} INFO - Started process (PID=28588) to work on /home/smita/airflow/dags/subdags/subdag_parallel_processing.py
[2022-06-09 19:13:32,385] {processor.py:641} INFO - Processing file /home/smita/airflow/dags/subdags/subdag_parallel_processing.py for tasks to queue
[2022-06-09 19:13:32,386] {logging_mixin.py:115} INFO - [2022-06-09 19:13:32,386] {dagbag.py:507} INFO - Filling up the DagBag from /home/smita/airflow/dags/subdags/subdag_parallel_processing.py
[2022-06-09 19:13:32,395] {processor.py:653} WARNING - No viable dags retrieved from /home/smita/airflow/dags/subdags/subdag_parallel_processing.py
[2022-06-09 19:13:32,476] {processor.py:161} INFO - Processing /home/smita/airflow/dags/subdags/subdag_parallel_processing.py took 0.098 seconds
[2022-06-09 19:14:03,516] {processor.py:153} INFO - Started process (PID=28897) to work on /home/smita/airflow/dags/subdags/subdag_parallel_processing.py
[2022-06-09 19:14:03,517] {processor.py:641} INFO - Processing file /home/smita/airflow/dags/subdags/subdag_parallel_processing.py for tasks to queue
[2022-06-09 19:14:03,517] {logging_mixin.py:115} INFO - [2022-06-09 19:14:03,517] {dagbag.py:507} INFO - Filling up the DagBag from /home/smita/airflow/dags/subdags/subdag_parallel_processing.py
[2022-06-09 19:14:03,522] {processor.py:653} WARNING - No viable dags retrieved from /home/smita/airflow/dags/subdags/subdag_parallel_processing.py
[2022-06-09 19:14:03,610] {processor.py:161} INFO - Processing /home/smita/airflow/dags/subdags/subdag_parallel_processing.py took 0.099 seconds
[2022-06-09 19:14:34,058] {processor.py:153} INFO - Started process (PID=29224) to work on /home/smita/airflow/dags/subdags/subdag_parallel_processing.py
[2022-06-09 19:14:34,059] {processor.py:641} INFO - Processing file /home/smita/airflow/dags/subdags/subdag_parallel_processing.py for tasks to queue
[2022-06-09 19:14:34,060] {logging_mixin.py:115} INFO - [2022-06-09 19:14:34,059] {dagbag.py:507} INFO - Filling up the DagBag from /home/smita/airflow/dags/subdags/subdag_parallel_processing.py
[2022-06-09 19:14:34,064] {processor.py:653} WARNING - No viable dags retrieved from /home/smita/airflow/dags/subdags/subdag_parallel_processing.py
[2022-06-09 19:14:34,148] {processor.py:161} INFO - Processing /home/smita/airflow/dags/subdags/subdag_parallel_processing.py took 0.095 seconds
[2022-06-09 19:15:04,430] {processor.py:153} INFO - Started process (PID=29523) to work on /home/smita/airflow/dags/subdags/subdag_parallel_processing.py
[2022-06-09 19:15:04,430] {processor.py:641} INFO - Processing file /home/smita/airflow/dags/subdags/subdag_parallel_processing.py for tasks to queue
[2022-06-09 19:15:04,431] {logging_mixin.py:115} INFO - [2022-06-09 19:15:04,431] {dagbag.py:507} INFO - Filling up the DagBag from /home/smita/airflow/dags/subdags/subdag_parallel_processing.py
[2022-06-09 19:15:04,436] {processor.py:653} WARNING - No viable dags retrieved from /home/smita/airflow/dags/subdags/subdag_parallel_processing.py
[2022-06-09 19:15:04,522] {processor.py:161} INFO - Processing /home/smita/airflow/dags/subdags/subdag_parallel_processing.py took 0.097 seconds
[2022-06-09 19:15:34,964] {processor.py:153} INFO - Started process (PID=29821) to work on /home/smita/airflow/dags/subdags/subdag_parallel_processing.py
[2022-06-09 19:15:34,965] {processor.py:641} INFO - Processing file /home/smita/airflow/dags/subdags/subdag_parallel_processing.py for tasks to queue
[2022-06-09 19:15:34,965] {logging_mixin.py:115} INFO - [2022-06-09 19:15:34,965] {dagbag.py:507} INFO - Filling up the DagBag from /home/smita/airflow/dags/subdags/subdag_parallel_processing.py
[2022-06-09 19:15:34,971] {processor.py:653} WARNING - No viable dags retrieved from /home/smita/airflow/dags/subdags/subdag_parallel_processing.py
[2022-06-09 19:15:35,055] {processor.py:161} INFO - Processing /home/smita/airflow/dags/subdags/subdag_parallel_processing.py took 0.097 seconds
[2022-06-09 19:16:05,536] {processor.py:153} INFO - Started process (PID=30119) to work on /home/smita/airflow/dags/subdags/subdag_parallel_processing.py
[2022-06-09 19:16:05,537] {processor.py:641} INFO - Processing file /home/smita/airflow/dags/subdags/subdag_parallel_processing.py for tasks to queue
[2022-06-09 19:16:05,538] {logging_mixin.py:115} INFO - [2022-06-09 19:16:05,538] {dagbag.py:507} INFO - Filling up the DagBag from /home/smita/airflow/dags/subdags/subdag_parallel_processing.py
[2022-06-09 19:16:05,543] {processor.py:653} WARNING - No viable dags retrieved from /home/smita/airflow/dags/subdags/subdag_parallel_processing.py
[2022-06-09 19:16:05,645] {processor.py:161} INFO - Processing /home/smita/airflow/dags/subdags/subdag_parallel_processing.py took 0.113 seconds
[2022-06-09 19:16:36,009] {processor.py:153} INFO - Started process (PID=30425) to work on /home/smita/airflow/dags/subdags/subdag_parallel_processing.py
[2022-06-09 19:16:36,010] {processor.py:641} INFO - Processing file /home/smita/airflow/dags/subdags/subdag_parallel_processing.py for tasks to queue
[2022-06-09 19:16:36,011] {logging_mixin.py:115} INFO - [2022-06-09 19:16:36,010] {dagbag.py:507} INFO - Filling up the DagBag from /home/smita/airflow/dags/subdags/subdag_parallel_processing.py
[2022-06-09 19:16:36,018] {processor.py:653} WARNING - No viable dags retrieved from /home/smita/airflow/dags/subdags/subdag_parallel_processing.py
[2022-06-09 19:16:36,119] {processor.py:161} INFO - Processing /home/smita/airflow/dags/subdags/subdag_parallel_processing.py took 0.117 seconds
[2022-06-09 19:17:06,692] {processor.py:153} INFO - Started process (PID=30737) to work on /home/smita/airflow/dags/subdags/subdag_parallel_processing.py
[2022-06-09 19:17:06,693] {processor.py:641} INFO - Processing file /home/smita/airflow/dags/subdags/subdag_parallel_processing.py for tasks to queue
[2022-06-09 19:17:06,694] {logging_mixin.py:115} INFO - [2022-06-09 19:17:06,694] {dagbag.py:507} INFO - Filling up the DagBag from /home/smita/airflow/dags/subdags/subdag_parallel_processing.py
[2022-06-09 19:17:06,707] {processor.py:653} WARNING - No viable dags retrieved from /home/smita/airflow/dags/subdags/subdag_parallel_processing.py
[2022-06-09 19:17:06,811] {processor.py:161} INFO - Processing /home/smita/airflow/dags/subdags/subdag_parallel_processing.py took 0.129 seconds
[2022-06-09 19:17:37,780] {processor.py:153} INFO - Started process (PID=31051) to work on /home/smita/airflow/dags/subdags/subdag_parallel_processing.py
[2022-06-09 19:17:37,781] {processor.py:641} INFO - Processing file /home/smita/airflow/dags/subdags/subdag_parallel_processing.py for tasks to queue
[2022-06-09 19:17:37,782] {logging_mixin.py:115} INFO - [2022-06-09 19:17:37,782] {dagbag.py:507} INFO - Filling up the DagBag from /home/smita/airflow/dags/subdags/subdag_parallel_processing.py
[2022-06-09 19:17:37,788] {processor.py:653} WARNING - No viable dags retrieved from /home/smita/airflow/dags/subdags/subdag_parallel_processing.py
[2022-06-09 19:17:37,877] {processor.py:161} INFO - Processing /home/smita/airflow/dags/subdags/subdag_parallel_processing.py took 0.101 seconds
[2022-06-09 19:18:08,650] {processor.py:153} INFO - Started process (PID=31359) to work on /home/smita/airflow/dags/subdags/subdag_parallel_processing.py
[2022-06-09 19:18:08,651] {processor.py:641} INFO - Processing file /home/smita/airflow/dags/subdags/subdag_parallel_processing.py for tasks to queue
[2022-06-09 19:18:08,651] {logging_mixin.py:115} INFO - [2022-06-09 19:18:08,651] {dagbag.py:507} INFO - Filling up the DagBag from /home/smita/airflow/dags/subdags/subdag_parallel_processing.py
[2022-06-09 19:18:08,660] {processor.py:653} WARNING - No viable dags retrieved from /home/smita/airflow/dags/subdags/subdag_parallel_processing.py
[2022-06-09 19:18:08,761] {processor.py:161} INFO - Processing /home/smita/airflow/dags/subdags/subdag_parallel_processing.py took 0.115 seconds
[2022-06-09 19:18:39,543] {processor.py:153} INFO - Started process (PID=31671) to work on /home/smita/airflow/dags/subdags/subdag_parallel_processing.py
[2022-06-09 19:18:39,543] {processor.py:641} INFO - Processing file /home/smita/airflow/dags/subdags/subdag_parallel_processing.py for tasks to queue
[2022-06-09 19:18:39,544] {logging_mixin.py:115} INFO - [2022-06-09 19:18:39,544] {dagbag.py:507} INFO - Filling up the DagBag from /home/smita/airflow/dags/subdags/subdag_parallel_processing.py
[2022-06-09 19:18:39,551] {processor.py:653} WARNING - No viable dags retrieved from /home/smita/airflow/dags/subdags/subdag_parallel_processing.py
[2022-06-09 19:18:39,656] {processor.py:161} INFO - Processing /home/smita/airflow/dags/subdags/subdag_parallel_processing.py took 0.118 seconds
[2022-06-09 19:19:09,981] {processor.py:153} INFO - Started process (PID=31977) to work on /home/smita/airflow/dags/subdags/subdag_parallel_processing.py
[2022-06-09 19:19:09,982] {processor.py:641} INFO - Processing file /home/smita/airflow/dags/subdags/subdag_parallel_processing.py for tasks to queue
[2022-06-09 19:19:09,983] {logging_mixin.py:115} INFO - [2022-06-09 19:19:09,983] {dagbag.py:507} INFO - Filling up the DagBag from /home/smita/airflow/dags/subdags/subdag_parallel_processing.py
[2022-06-09 19:19:09,992] {processor.py:653} WARNING - No viable dags retrieved from /home/smita/airflow/dags/subdags/subdag_parallel_processing.py
[2022-06-09 19:19:10,079] {processor.py:161} INFO - Processing /home/smita/airflow/dags/subdags/subdag_parallel_processing.py took 0.104 seconds
[2022-06-09 19:19:40,646] {processor.py:153} INFO - Started process (PID=32303) to work on /home/smita/airflow/dags/subdags/subdag_parallel_processing.py
[2022-06-09 19:19:40,647] {processor.py:641} INFO - Processing file /home/smita/airflow/dags/subdags/subdag_parallel_processing.py for tasks to queue
[2022-06-09 19:19:40,647] {logging_mixin.py:115} INFO - [2022-06-09 19:19:40,647] {dagbag.py:507} INFO - Filling up the DagBag from /home/smita/airflow/dags/subdags/subdag_parallel_processing.py
[2022-06-09 19:19:40,652] {processor.py:653} WARNING - No viable dags retrieved from /home/smita/airflow/dags/subdags/subdag_parallel_processing.py
[2022-06-09 19:19:40,743] {processor.py:161} INFO - Processing /home/smita/airflow/dags/subdags/subdag_parallel_processing.py took 0.103 seconds
[2022-06-09 19:20:11,306] {processor.py:153} INFO - Started process (PID=32616) to work on /home/smita/airflow/dags/subdags/subdag_parallel_processing.py
[2022-06-09 19:20:11,306] {processor.py:641} INFO - Processing file /home/smita/airflow/dags/subdags/subdag_parallel_processing.py for tasks to queue
[2022-06-09 19:20:11,307] {logging_mixin.py:115} INFO - [2022-06-09 19:20:11,307] {dagbag.py:507} INFO - Filling up the DagBag from /home/smita/airflow/dags/subdags/subdag_parallel_processing.py
[2022-06-09 19:20:11,312] {processor.py:653} WARNING - No viable dags retrieved from /home/smita/airflow/dags/subdags/subdag_parallel_processing.py
[2022-06-09 19:20:11,409] {processor.py:161} INFO - Processing /home/smita/airflow/dags/subdags/subdag_parallel_processing.py took 0.110 seconds
[2022-06-09 19:20:41,698] {processor.py:153} INFO - Started process (PID=170) to work on /home/smita/airflow/dags/subdags/subdag_parallel_processing.py
[2022-06-09 19:20:41,699] {processor.py:641} INFO - Processing file /home/smita/airflow/dags/subdags/subdag_parallel_processing.py for tasks to queue
[2022-06-09 19:20:41,699] {logging_mixin.py:115} INFO - [2022-06-09 19:20:41,699] {dagbag.py:507} INFO - Filling up the DagBag from /home/smita/airflow/dags/subdags/subdag_parallel_processing.py
[2022-06-09 19:20:41,706] {processor.py:653} WARNING - No viable dags retrieved from /home/smita/airflow/dags/subdags/subdag_parallel_processing.py
[2022-06-09 19:20:41,808] {processor.py:161} INFO - Processing /home/smita/airflow/dags/subdags/subdag_parallel_processing.py took 0.115 seconds
[2022-06-09 19:21:12,139] {processor.py:153} INFO - Started process (PID=480) to work on /home/smita/airflow/dags/subdags/subdag_parallel_processing.py
[2022-06-09 19:21:12,140] {processor.py:641} INFO - Processing file /home/smita/airflow/dags/subdags/subdag_parallel_processing.py for tasks to queue
[2022-06-09 19:21:12,141] {logging_mixin.py:115} INFO - [2022-06-09 19:21:12,140] {dagbag.py:507} INFO - Filling up the DagBag from /home/smita/airflow/dags/subdags/subdag_parallel_processing.py
[2022-06-09 19:21:12,146] {processor.py:653} WARNING - No viable dags retrieved from /home/smita/airflow/dags/subdags/subdag_parallel_processing.py
[2022-06-09 19:21:12,242] {processor.py:161} INFO - Processing /home/smita/airflow/dags/subdags/subdag_parallel_processing.py took 0.110 seconds
[2022-06-09 19:21:43,022] {processor.py:153} INFO - Started process (PID=792) to work on /home/smita/airflow/dags/subdags/subdag_parallel_processing.py
[2022-06-09 19:21:43,023] {processor.py:641} INFO - Processing file /home/smita/airflow/dags/subdags/subdag_parallel_processing.py for tasks to queue
[2022-06-09 19:21:43,024] {logging_mixin.py:115} INFO - [2022-06-09 19:21:43,023] {dagbag.py:507} INFO - Filling up the DagBag from /home/smita/airflow/dags/subdags/subdag_parallel_processing.py
[2022-06-09 19:21:43,031] {processor.py:653} WARNING - No viable dags retrieved from /home/smita/airflow/dags/subdags/subdag_parallel_processing.py
[2022-06-09 19:21:43,140] {processor.py:161} INFO - Processing /home/smita/airflow/dags/subdags/subdag_parallel_processing.py took 0.122 seconds
[2022-06-09 19:22:13,655] {processor.py:153} INFO - Started process (PID=1099) to work on /home/smita/airflow/dags/subdags/subdag_parallel_processing.py
[2022-06-09 19:22:13,656] {processor.py:641} INFO - Processing file /home/smita/airflow/dags/subdags/subdag_parallel_processing.py for tasks to queue
[2022-06-09 19:22:13,656] {logging_mixin.py:115} INFO - [2022-06-09 19:22:13,656] {dagbag.py:507} INFO - Filling up the DagBag from /home/smita/airflow/dags/subdags/subdag_parallel_processing.py
[2022-06-09 19:22:13,662] {processor.py:653} WARNING - No viable dags retrieved from /home/smita/airflow/dags/subdags/subdag_parallel_processing.py
[2022-06-09 19:22:13,761] {processor.py:161} INFO - Processing /home/smita/airflow/dags/subdags/subdag_parallel_processing.py took 0.111 seconds
[2022-06-09 19:22:44,013] {processor.py:153} INFO - Started process (PID=1409) to work on /home/smita/airflow/dags/subdags/subdag_parallel_processing.py
[2022-06-09 19:22:44,014] {processor.py:641} INFO - Processing file /home/smita/airflow/dags/subdags/subdag_parallel_processing.py for tasks to queue
[2022-06-09 19:22:44,015] {logging_mixin.py:115} INFO - [2022-06-09 19:22:44,014] {dagbag.py:507} INFO - Filling up the DagBag from /home/smita/airflow/dags/subdags/subdag_parallel_processing.py
[2022-06-09 19:22:44,021] {processor.py:653} WARNING - No viable dags retrieved from /home/smita/airflow/dags/subdags/subdag_parallel_processing.py
[2022-06-09 19:22:44,119] {processor.py:161} INFO - Processing /home/smita/airflow/dags/subdags/subdag_parallel_processing.py took 0.113 seconds
[2022-06-09 19:23:14,491] {processor.py:153} INFO - Started process (PID=1716) to work on /home/smita/airflow/dags/subdags/subdag_parallel_processing.py
[2022-06-09 19:23:14,491] {processor.py:641} INFO - Processing file /home/smita/airflow/dags/subdags/subdag_parallel_processing.py for tasks to queue
[2022-06-09 19:23:14,492] {logging_mixin.py:115} INFO - [2022-06-09 19:23:14,492] {dagbag.py:507} INFO - Filling up the DagBag from /home/smita/airflow/dags/subdags/subdag_parallel_processing.py
[2022-06-09 19:23:14,500] {processor.py:653} WARNING - No viable dags retrieved from /home/smita/airflow/dags/subdags/subdag_parallel_processing.py
[2022-06-09 19:23:14,606] {processor.py:161} INFO - Processing /home/smita/airflow/dags/subdags/subdag_parallel_processing.py took 0.120 seconds
[2022-06-09 19:23:45,197] {processor.py:153} INFO - Started process (PID=2029) to work on /home/smita/airflow/dags/subdags/subdag_parallel_processing.py
[2022-06-09 19:23:45,198] {processor.py:641} INFO - Processing file /home/smita/airflow/dags/subdags/subdag_parallel_processing.py for tasks to queue
[2022-06-09 19:23:45,199] {logging_mixin.py:115} INFO - [2022-06-09 19:23:45,199] {dagbag.py:507} INFO - Filling up the DagBag from /home/smita/airflow/dags/subdags/subdag_parallel_processing.py
[2022-06-09 19:23:45,204] {processor.py:653} WARNING - No viable dags retrieved from /home/smita/airflow/dags/subdags/subdag_parallel_processing.py
[2022-06-09 19:23:45,296] {processor.py:161} INFO - Processing /home/smita/airflow/dags/subdags/subdag_parallel_processing.py took 0.106 seconds
[2022-06-09 19:24:15,968] {processor.py:153} INFO - Started process (PID=2331) to work on /home/smita/airflow/dags/subdags/subdag_parallel_processing.py
[2022-06-09 19:24:15,968] {processor.py:641} INFO - Processing file /home/smita/airflow/dags/subdags/subdag_parallel_processing.py for tasks to queue
[2022-06-09 19:24:15,969] {logging_mixin.py:115} INFO - [2022-06-09 19:24:15,969] {dagbag.py:507} INFO - Filling up the DagBag from /home/smita/airflow/dags/subdags/subdag_parallel_processing.py
[2022-06-09 19:24:15,979] {processor.py:653} WARNING - No viable dags retrieved from /home/smita/airflow/dags/subdags/subdag_parallel_processing.py
[2022-06-09 19:24:16,078] {processor.py:161} INFO - Processing /home/smita/airflow/dags/subdags/subdag_parallel_processing.py took 0.118 seconds
[2022-06-09 19:24:46,544] {processor.py:153} INFO - Started process (PID=2657) to work on /home/smita/airflow/dags/subdags/subdag_parallel_processing.py
[2022-06-09 19:24:46,545] {processor.py:641} INFO - Processing file /home/smita/airflow/dags/subdags/subdag_parallel_processing.py for tasks to queue
[2022-06-09 19:24:46,546] {logging_mixin.py:115} INFO - [2022-06-09 19:24:46,546] {dagbag.py:507} INFO - Filling up the DagBag from /home/smita/airflow/dags/subdags/subdag_parallel_processing.py
[2022-06-09 19:24:46,552] {processor.py:653} WARNING - No viable dags retrieved from /home/smita/airflow/dags/subdags/subdag_parallel_processing.py
[2022-06-09 19:24:46,672] {processor.py:161} INFO - Processing /home/smita/airflow/dags/subdags/subdag_parallel_processing.py took 0.136 seconds
[2022-06-09 19:25:16,998] {processor.py:153} INFO - Started process (PID=2983) to work on /home/smita/airflow/dags/subdags/subdag_parallel_processing.py
[2022-06-09 19:25:16,999] {processor.py:641} INFO - Processing file /home/smita/airflow/dags/subdags/subdag_parallel_processing.py for tasks to queue
[2022-06-09 19:25:17,000] {logging_mixin.py:115} INFO - [2022-06-09 19:25:17,000] {dagbag.py:507} INFO - Filling up the DagBag from /home/smita/airflow/dags/subdags/subdag_parallel_processing.py
[2022-06-09 19:25:17,008] {processor.py:653} WARNING - No viable dags retrieved from /home/smita/airflow/dags/subdags/subdag_parallel_processing.py
[2022-06-09 19:25:17,119] {processor.py:161} INFO - Processing /home/smita/airflow/dags/subdags/subdag_parallel_processing.py took 0.127 seconds
[2022-06-09 19:25:47,433] {processor.py:153} INFO - Started process (PID=3314) to work on /home/smita/airflow/dags/subdags/subdag_parallel_processing.py
[2022-06-09 19:25:47,434] {processor.py:641} INFO - Processing file /home/smita/airflow/dags/subdags/subdag_parallel_processing.py for tasks to queue
[2022-06-09 19:25:47,434] {logging_mixin.py:115} INFO - [2022-06-09 19:25:47,434] {dagbag.py:507} INFO - Filling up the DagBag from /home/smita/airflow/dags/subdags/subdag_parallel_processing.py
[2022-06-09 19:25:47,439] {processor.py:653} WARNING - No viable dags retrieved from /home/smita/airflow/dags/subdags/subdag_parallel_processing.py
[2022-06-09 19:25:47,518] {processor.py:161} INFO - Processing /home/smita/airflow/dags/subdags/subdag_parallel_processing.py took 0.090 seconds
[2022-06-09 19:26:18,070] {processor.py:153} INFO - Started process (PID=3647) to work on /home/smita/airflow/dags/subdags/subdag_parallel_processing.py
[2022-06-09 19:26:18,071] {processor.py:641} INFO - Processing file /home/smita/airflow/dags/subdags/subdag_parallel_processing.py for tasks to queue
[2022-06-09 19:26:18,072] {logging_mixin.py:115} INFO - [2022-06-09 19:26:18,071] {dagbag.py:507} INFO - Filling up the DagBag from /home/smita/airflow/dags/subdags/subdag_parallel_processing.py
[2022-06-09 19:26:18,077] {processor.py:653} WARNING - No viable dags retrieved from /home/smita/airflow/dags/subdags/subdag_parallel_processing.py
[2022-06-09 19:26:18,179] {processor.py:161} INFO - Processing /home/smita/airflow/dags/subdags/subdag_parallel_processing.py took 0.114 seconds
[2022-06-09 19:26:48,739] {processor.py:153} INFO - Started process (PID=3980) to work on /home/smita/airflow/dags/subdags/subdag_parallel_processing.py
[2022-06-09 19:26:48,740] {processor.py:641} INFO - Processing file /home/smita/airflow/dags/subdags/subdag_parallel_processing.py for tasks to queue
[2022-06-09 19:26:48,740] {logging_mixin.py:115} INFO - [2022-06-09 19:26:48,740] {dagbag.py:507} INFO - Filling up the DagBag from /home/smita/airflow/dags/subdags/subdag_parallel_processing.py
[2022-06-09 19:26:48,748] {processor.py:653} WARNING - No viable dags retrieved from /home/smita/airflow/dags/subdags/subdag_parallel_processing.py
[2022-06-09 19:26:48,841] {processor.py:161} INFO - Processing /home/smita/airflow/dags/subdags/subdag_parallel_processing.py took 0.108 seconds
[2022-06-09 19:27:19,103] {processor.py:153} INFO - Started process (PID=4306) to work on /home/smita/airflow/dags/subdags/subdag_parallel_processing.py
[2022-06-09 19:27:19,103] {processor.py:641} INFO - Processing file /home/smita/airflow/dags/subdags/subdag_parallel_processing.py for tasks to queue
[2022-06-09 19:27:19,104] {logging_mixin.py:115} INFO - [2022-06-09 19:27:19,104] {dagbag.py:507} INFO - Filling up the DagBag from /home/smita/airflow/dags/subdags/subdag_parallel_processing.py
[2022-06-09 19:27:19,109] {processor.py:653} WARNING - No viable dags retrieved from /home/smita/airflow/dags/subdags/subdag_parallel_processing.py
[2022-06-09 19:27:19,204] {processor.py:161} INFO - Processing /home/smita/airflow/dags/subdags/subdag_parallel_processing.py took 0.106 seconds
[2022-06-09 19:27:50,093] {processor.py:153} INFO - Started process (PID=4639) to work on /home/smita/airflow/dags/subdags/subdag_parallel_processing.py
[2022-06-09 19:27:50,094] {processor.py:641} INFO - Processing file /home/smita/airflow/dags/subdags/subdag_parallel_processing.py for tasks to queue
[2022-06-09 19:27:50,094] {logging_mixin.py:115} INFO - [2022-06-09 19:27:50,094] {dagbag.py:507} INFO - Filling up the DagBag from /home/smita/airflow/dags/subdags/subdag_parallel_processing.py
[2022-06-09 19:27:50,101] {processor.py:653} WARNING - No viable dags retrieved from /home/smita/airflow/dags/subdags/subdag_parallel_processing.py
[2022-06-09 19:27:50,203] {processor.py:161} INFO - Processing /home/smita/airflow/dags/subdags/subdag_parallel_processing.py took 0.115 seconds
[2022-06-09 19:28:20,473] {processor.py:153} INFO - Started process (PID=4965) to work on /home/smita/airflow/dags/subdags/subdag_parallel_processing.py
[2022-06-09 19:28:20,473] {processor.py:641} INFO - Processing file /home/smita/airflow/dags/subdags/subdag_parallel_processing.py for tasks to queue
[2022-06-09 19:28:20,474] {logging_mixin.py:115} INFO - [2022-06-09 19:28:20,474] {dagbag.py:507} INFO - Filling up the DagBag from /home/smita/airflow/dags/subdags/subdag_parallel_processing.py
[2022-06-09 19:28:20,480] {processor.py:653} WARNING - No viable dags retrieved from /home/smita/airflow/dags/subdags/subdag_parallel_processing.py
[2022-06-09 19:28:20,570] {processor.py:161} INFO - Processing /home/smita/airflow/dags/subdags/subdag_parallel_processing.py took 0.103 seconds
[2022-06-09 19:28:50,981] {processor.py:153} INFO - Started process (PID=5298) to work on /home/smita/airflow/dags/subdags/subdag_parallel_processing.py
[2022-06-09 19:28:50,982] {processor.py:641} INFO - Processing file /home/smita/airflow/dags/subdags/subdag_parallel_processing.py for tasks to queue
[2022-06-09 19:28:50,983] {logging_mixin.py:115} INFO - [2022-06-09 19:28:50,983] {dagbag.py:507} INFO - Filling up the DagBag from /home/smita/airflow/dags/subdags/subdag_parallel_processing.py
[2022-06-09 19:28:50,989] {processor.py:653} WARNING - No viable dags retrieved from /home/smita/airflow/dags/subdags/subdag_parallel_processing.py
[2022-06-09 19:28:51,069] {processor.py:161} INFO - Processing /home/smita/airflow/dags/subdags/subdag_parallel_processing.py took 0.095 seconds
[2022-06-09 19:29:21,542] {processor.py:153} INFO - Started process (PID=5624) to work on /home/smita/airflow/dags/subdags/subdag_parallel_processing.py
[2022-06-09 19:29:21,543] {processor.py:641} INFO - Processing file /home/smita/airflow/dags/subdags/subdag_parallel_processing.py for tasks to queue
[2022-06-09 19:29:21,543] {logging_mixin.py:115} INFO - [2022-06-09 19:29:21,543] {dagbag.py:507} INFO - Filling up the DagBag from /home/smita/airflow/dags/subdags/subdag_parallel_processing.py
[2022-06-09 19:29:21,549] {processor.py:653} WARNING - No viable dags retrieved from /home/smita/airflow/dags/subdags/subdag_parallel_processing.py
[2022-06-09 19:29:21,631] {processor.py:161} INFO - Processing /home/smita/airflow/dags/subdags/subdag_parallel_processing.py took 0.093 seconds
[2022-06-09 19:29:52,523] {processor.py:153} INFO - Started process (PID=5957) to work on /home/smita/airflow/dags/subdags/subdag_parallel_processing.py
[2022-06-09 19:29:52,523] {processor.py:641} INFO - Processing file /home/smita/airflow/dags/subdags/subdag_parallel_processing.py for tasks to queue
[2022-06-09 19:29:52,524] {logging_mixin.py:115} INFO - [2022-06-09 19:29:52,524] {dagbag.py:507} INFO - Filling up the DagBag from /home/smita/airflow/dags/subdags/subdag_parallel_processing.py
[2022-06-09 19:29:52,531] {processor.py:653} WARNING - No viable dags retrieved from /home/smita/airflow/dags/subdags/subdag_parallel_processing.py
[2022-06-09 19:29:52,624] {processor.py:161} INFO - Processing /home/smita/airflow/dags/subdags/subdag_parallel_processing.py took 0.106 seconds
[2022-06-09 19:30:23,225] {processor.py:153} INFO - Started process (PID=6284) to work on /home/smita/airflow/dags/subdags/subdag_parallel_processing.py
[2022-06-09 19:30:23,226] {processor.py:641} INFO - Processing file /home/smita/airflow/dags/subdags/subdag_parallel_processing.py for tasks to queue
[2022-06-09 19:30:23,227] {logging_mixin.py:115} INFO - [2022-06-09 19:30:23,227] {dagbag.py:507} INFO - Filling up the DagBag from /home/smita/airflow/dags/subdags/subdag_parallel_processing.py
[2022-06-09 19:30:23,233] {processor.py:653} WARNING - No viable dags retrieved from /home/smita/airflow/dags/subdags/subdag_parallel_processing.py
[2022-06-09 19:30:23,341] {processor.py:161} INFO - Processing /home/smita/airflow/dags/subdags/subdag_parallel_processing.py took 0.122 seconds
[2022-06-09 19:30:53,789] {processor.py:153} INFO - Started process (PID=6618) to work on /home/smita/airflow/dags/subdags/subdag_parallel_processing.py
[2022-06-09 19:30:53,790] {processor.py:641} INFO - Processing file /home/smita/airflow/dags/subdags/subdag_parallel_processing.py for tasks to queue
[2022-06-09 19:30:53,791] {logging_mixin.py:115} INFO - [2022-06-09 19:30:53,791] {dagbag.py:507} INFO - Filling up the DagBag from /home/smita/airflow/dags/subdags/subdag_parallel_processing.py
[2022-06-09 19:30:53,801] {processor.py:653} WARNING - No viable dags retrieved from /home/smita/airflow/dags/subdags/subdag_parallel_processing.py
[2022-06-09 19:30:53,907] {processor.py:161} INFO - Processing /home/smita/airflow/dags/subdags/subdag_parallel_processing.py took 0.128 seconds
[2022-06-09 19:31:24,255] {processor.py:153} INFO - Started process (PID=6943) to work on /home/smita/airflow/dags/subdags/subdag_parallel_processing.py
[2022-06-09 19:31:24,255] {processor.py:641} INFO - Processing file /home/smita/airflow/dags/subdags/subdag_parallel_processing.py for tasks to queue
[2022-06-09 19:31:24,256] {logging_mixin.py:115} INFO - [2022-06-09 19:31:24,256] {dagbag.py:507} INFO - Filling up the DagBag from /home/smita/airflow/dags/subdags/subdag_parallel_processing.py
[2022-06-09 19:31:24,262] {processor.py:653} WARNING - No viable dags retrieved from /home/smita/airflow/dags/subdags/subdag_parallel_processing.py
[2022-06-09 19:31:24,359] {processor.py:161} INFO - Processing /home/smita/airflow/dags/subdags/subdag_parallel_processing.py took 0.111 seconds
[2022-06-09 19:31:54,798] {processor.py:153} INFO - Started process (PID=7277) to work on /home/smita/airflow/dags/subdags/subdag_parallel_processing.py
[2022-06-09 19:31:54,799] {processor.py:641} INFO - Processing file /home/smita/airflow/dags/subdags/subdag_parallel_processing.py for tasks to queue
[2022-06-09 19:31:54,801] {logging_mixin.py:115} INFO - [2022-06-09 19:31:54,800] {dagbag.py:507} INFO - Filling up the DagBag from /home/smita/airflow/dags/subdags/subdag_parallel_processing.py
[2022-06-09 19:31:54,811] {processor.py:653} WARNING - No viable dags retrieved from /home/smita/airflow/dags/subdags/subdag_parallel_processing.py
[2022-06-09 19:31:54,925] {processor.py:161} INFO - Processing /home/smita/airflow/dags/subdags/subdag_parallel_processing.py took 0.137 seconds
[2022-06-09 19:32:25,273] {processor.py:153} INFO - Started process (PID=7608) to work on /home/smita/airflow/dags/subdags/subdag_parallel_processing.py
[2022-06-09 19:32:25,274] {processor.py:641} INFO - Processing file /home/smita/airflow/dags/subdags/subdag_parallel_processing.py for tasks to queue
[2022-06-09 19:32:25,274] {logging_mixin.py:115} INFO - [2022-06-09 19:32:25,274] {dagbag.py:507} INFO - Filling up the DagBag from /home/smita/airflow/dags/subdags/subdag_parallel_processing.py
[2022-06-09 19:32:25,282] {processor.py:653} WARNING - No viable dags retrieved from /home/smita/airflow/dags/subdags/subdag_parallel_processing.py
[2022-06-09 19:32:25,374] {processor.py:161} INFO - Processing /home/smita/airflow/dags/subdags/subdag_parallel_processing.py took 0.106 seconds
[2022-06-09 19:32:55,579] {processor.py:153} INFO - Started process (PID=7913) to work on /home/smita/airflow/dags/subdags/subdag_parallel_processing.py
[2022-06-09 19:32:55,580] {processor.py:641} INFO - Processing file /home/smita/airflow/dags/subdags/subdag_parallel_processing.py for tasks to queue
[2022-06-09 19:32:55,581] {logging_mixin.py:115} INFO - [2022-06-09 19:32:55,581] {dagbag.py:507} INFO - Filling up the DagBag from /home/smita/airflow/dags/subdags/subdag_parallel_processing.py
[2022-06-09 19:32:55,586] {processor.py:653} WARNING - No viable dags retrieved from /home/smita/airflow/dags/subdags/subdag_parallel_processing.py
[2022-06-09 19:32:55,693] {processor.py:161} INFO - Processing /home/smita/airflow/dags/subdags/subdag_parallel_processing.py took 0.122 seconds
[2022-06-09 19:33:26,253] {processor.py:153} INFO - Started process (PID=8204) to work on /home/smita/airflow/dags/subdags/subdag_parallel_processing.py
[2022-06-09 19:33:26,255] {processor.py:641} INFO - Processing file /home/smita/airflow/dags/subdags/subdag_parallel_processing.py for tasks to queue
[2022-06-09 19:33:26,256] {logging_mixin.py:115} INFO - [2022-06-09 19:33:26,255] {dagbag.py:507} INFO - Filling up the DagBag from /home/smita/airflow/dags/subdags/subdag_parallel_processing.py
[2022-06-09 19:33:26,264] {processor.py:653} WARNING - No viable dags retrieved from /home/smita/airflow/dags/subdags/subdag_parallel_processing.py
[2022-06-09 19:33:26,365] {processor.py:161} INFO - Processing /home/smita/airflow/dags/subdags/subdag_parallel_processing.py took 0.121 seconds
[2022-06-09 19:33:56,774] {processor.py:153} INFO - Started process (PID=8495) to work on /home/smita/airflow/dags/subdags/subdag_parallel_processing.py
[2022-06-09 19:33:56,775] {processor.py:641} INFO - Processing file /home/smita/airflow/dags/subdags/subdag_parallel_processing.py for tasks to queue
[2022-06-09 19:33:56,775] {logging_mixin.py:115} INFO - [2022-06-09 19:33:56,775] {dagbag.py:507} INFO - Filling up the DagBag from /home/smita/airflow/dags/subdags/subdag_parallel_processing.py
[2022-06-09 19:33:56,781] {processor.py:653} WARNING - No viable dags retrieved from /home/smita/airflow/dags/subdags/subdag_parallel_processing.py
[2022-06-09 19:33:56,877] {processor.py:161} INFO - Processing /home/smita/airflow/dags/subdags/subdag_parallel_processing.py took 0.108 seconds
[2022-06-09 19:34:27,526] {processor.py:153} INFO - Started process (PID=8783) to work on /home/smita/airflow/dags/subdags/subdag_parallel_processing.py
[2022-06-09 19:34:27,527] {processor.py:641} INFO - Processing file /home/smita/airflow/dags/subdags/subdag_parallel_processing.py for tasks to queue
[2022-06-09 19:34:27,528] {logging_mixin.py:115} INFO - [2022-06-09 19:34:27,528] {dagbag.py:507} INFO - Filling up the DagBag from /home/smita/airflow/dags/subdags/subdag_parallel_processing.py
[2022-06-09 19:34:27,536] {processor.py:653} WARNING - No viable dags retrieved from /home/smita/airflow/dags/subdags/subdag_parallel_processing.py
[2022-06-09 19:34:27,630] {processor.py:161} INFO - Processing /home/smita/airflow/dags/subdags/subdag_parallel_processing.py took 0.111 seconds
[2022-06-09 19:35:23,564] {processor.py:153} INFO - Started process (PID=9035) to work on /home/smita/airflow/dags/subdags/subdag_parallel_processing.py
[2022-06-09 19:35:23,564] {processor.py:641} INFO - Processing file /home/smita/airflow/dags/subdags/subdag_parallel_processing.py for tasks to queue
[2022-06-09 19:35:23,565] {logging_mixin.py:115} INFO - [2022-06-09 19:35:23,565] {dagbag.py:507} INFO - Filling up the DagBag from /home/smita/airflow/dags/subdags/subdag_parallel_processing.py
[2022-06-09 19:35:23,570] {processor.py:653} WARNING - No viable dags retrieved from /home/smita/airflow/dags/subdags/subdag_parallel_processing.py
[2022-06-09 19:35:23,644] {processor.py:161} INFO - Processing /home/smita/airflow/dags/subdags/subdag_parallel_processing.py took 0.085 seconds
[2022-06-09 19:35:57,252] {processor.py:153} INFO - Started process (PID=9088) to work on /home/smita/airflow/dags/subdags/subdag_parallel_processing.py
[2022-06-09 19:35:57,252] {processor.py:641} INFO - Processing file /home/smita/airflow/dags/subdags/subdag_parallel_processing.py for tasks to queue
[2022-06-09 19:35:57,253] {logging_mixin.py:115} INFO - [2022-06-09 19:35:57,253] {dagbag.py:507} INFO - Filling up the DagBag from /home/smita/airflow/dags/subdags/subdag_parallel_processing.py
[2022-06-09 19:35:57,259] {processor.py:653} WARNING - No viable dags retrieved from /home/smita/airflow/dags/subdags/subdag_parallel_processing.py
[2022-06-09 19:35:57,325] {processor.py:161} INFO - Processing /home/smita/airflow/dags/subdags/subdag_parallel_processing.py took 0.078 seconds
[2022-06-09 19:36:32,659] {processor.py:153} INFO - Started process (PID=9169) to work on /home/smita/airflow/dags/subdags/subdag_parallel_processing.py
[2022-06-09 19:36:32,659] {processor.py:641} INFO - Processing file /home/smita/airflow/dags/subdags/subdag_parallel_processing.py for tasks to queue
[2022-06-09 19:36:32,660] {logging_mixin.py:115} INFO - [2022-06-09 19:36:32,660] {dagbag.py:507} INFO - Filling up the DagBag from /home/smita/airflow/dags/subdags/subdag_parallel_processing.py
[2022-06-09 19:36:32,666] {processor.py:653} WARNING - No viable dags retrieved from /home/smita/airflow/dags/subdags/subdag_parallel_processing.py
[2022-06-09 19:36:32,729] {processor.py:161} INFO - Processing /home/smita/airflow/dags/subdags/subdag_parallel_processing.py took 0.076 seconds
[2022-06-09 19:37:06,341] {processor.py:153} INFO - Started process (PID=9238) to work on /home/smita/airflow/dags/subdags/subdag_parallel_processing.py
[2022-06-09 19:37:06,342] {processor.py:641} INFO - Processing file /home/smita/airflow/dags/subdags/subdag_parallel_processing.py for tasks to queue
[2022-06-09 19:37:06,343] {logging_mixin.py:115} INFO - [2022-06-09 19:37:06,343] {dagbag.py:507} INFO - Filling up the DagBag from /home/smita/airflow/dags/subdags/subdag_parallel_processing.py
[2022-06-09 19:37:06,349] {processor.py:653} WARNING - No viable dags retrieved from /home/smita/airflow/dags/subdags/subdag_parallel_processing.py
[2022-06-09 19:37:06,436] {processor.py:161} INFO - Processing /home/smita/airflow/dags/subdags/subdag_parallel_processing.py took 0.102 seconds
[2022-06-09 19:37:38,285] {processor.py:153} INFO - Started process (PID=9276) to work on /home/smita/airflow/dags/subdags/subdag_parallel_processing.py
[2022-06-09 19:37:38,286] {processor.py:641} INFO - Processing file /home/smita/airflow/dags/subdags/subdag_parallel_processing.py for tasks to queue
[2022-06-09 19:37:38,287] {logging_mixin.py:115} INFO - [2022-06-09 19:37:38,286] {dagbag.py:507} INFO - Filling up the DagBag from /home/smita/airflow/dags/subdags/subdag_parallel_processing.py
[2022-06-09 19:37:38,292] {processor.py:653} WARNING - No viable dags retrieved from /home/smita/airflow/dags/subdags/subdag_parallel_processing.py
[2022-06-09 19:37:38,378] {processor.py:161} INFO - Processing /home/smita/airflow/dags/subdags/subdag_parallel_processing.py took 0.098 seconds
[2022-06-09 19:38:10,570] {processor.py:153} INFO - Started process (PID=9330) to work on /home/smita/airflow/dags/subdags/subdag_parallel_processing.py
[2022-06-09 19:38:10,570] {processor.py:641} INFO - Processing file /home/smita/airflow/dags/subdags/subdag_parallel_processing.py for tasks to queue
[2022-06-09 19:38:10,571] {logging_mixin.py:115} INFO - [2022-06-09 19:38:10,571] {dagbag.py:507} INFO - Filling up the DagBag from /home/smita/airflow/dags/subdags/subdag_parallel_processing.py
[2022-06-09 19:38:10,577] {processor.py:653} WARNING - No viable dags retrieved from /home/smita/airflow/dags/subdags/subdag_parallel_processing.py
[2022-06-09 19:38:10,650] {processor.py:161} INFO - Processing /home/smita/airflow/dags/subdags/subdag_parallel_processing.py took 0.087 seconds
[2022-06-09 19:38:45,872] {processor.py:153} INFO - Started process (PID=9411) to work on /home/smita/airflow/dags/subdags/subdag_parallel_processing.py
[2022-06-09 19:38:45,872] {processor.py:641} INFO - Processing file /home/smita/airflow/dags/subdags/subdag_parallel_processing.py for tasks to queue
[2022-06-09 19:38:45,873] {logging_mixin.py:115} INFO - [2022-06-09 19:38:45,873] {dagbag.py:507} INFO - Filling up the DagBag from /home/smita/airflow/dags/subdags/subdag_parallel_processing.py
[2022-06-09 19:38:45,879] {processor.py:653} WARNING - No viable dags retrieved from /home/smita/airflow/dags/subdags/subdag_parallel_processing.py
[2022-06-09 19:38:45,960] {processor.py:161} INFO - Processing /home/smita/airflow/dags/subdags/subdag_parallel_processing.py took 0.094 seconds
[2022-06-09 19:39:18,964] {processor.py:153} INFO - Started process (PID=9471) to work on /home/smita/airflow/dags/subdags/subdag_parallel_processing.py
[2022-06-09 19:39:18,965] {processor.py:641} INFO - Processing file /home/smita/airflow/dags/subdags/subdag_parallel_processing.py for tasks to queue
[2022-06-09 19:39:18,965] {logging_mixin.py:115} INFO - [2022-06-09 19:39:18,965] {dagbag.py:507} INFO - Filling up the DagBag from /home/smita/airflow/dags/subdags/subdag_parallel_processing.py
[2022-06-09 19:39:18,972] {processor.py:653} WARNING - No viable dags retrieved from /home/smita/airflow/dags/subdags/subdag_parallel_processing.py
[2022-06-09 19:39:19,057] {processor.py:161} INFO - Processing /home/smita/airflow/dags/subdags/subdag_parallel_processing.py took 0.097 seconds
[2022-06-09 19:39:50,637] {processor.py:153} INFO - Started process (PID=9511) to work on /home/smita/airflow/dags/subdags/subdag_parallel_processing.py
[2022-06-09 19:39:50,638] {processor.py:641} INFO - Processing file /home/smita/airflow/dags/subdags/subdag_parallel_processing.py for tasks to queue
[2022-06-09 19:39:50,638] {logging_mixin.py:115} INFO - [2022-06-09 19:39:50,638] {dagbag.py:507} INFO - Filling up the DagBag from /home/smita/airflow/dags/subdags/subdag_parallel_processing.py
[2022-06-09 19:39:50,645] {processor.py:653} WARNING - No viable dags retrieved from /home/smita/airflow/dags/subdags/subdag_parallel_processing.py
[2022-06-09 19:39:50,728] {processor.py:161} INFO - Processing /home/smita/airflow/dags/subdags/subdag_parallel_processing.py took 0.097 seconds
[2022-06-09 19:40:24,117] {processor.py:153} INFO - Started process (PID=9585) to work on /home/smita/airflow/dags/subdags/subdag_parallel_processing.py
[2022-06-09 19:40:24,118] {processor.py:641} INFO - Processing file /home/smita/airflow/dags/subdags/subdag_parallel_processing.py for tasks to queue
[2022-06-09 19:40:24,118] {logging_mixin.py:115} INFO - [2022-06-09 19:40:24,118] {dagbag.py:507} INFO - Filling up the DagBag from /home/smita/airflow/dags/subdags/subdag_parallel_processing.py
[2022-06-09 19:40:24,123] {processor.py:653} WARNING - No viable dags retrieved from /home/smita/airflow/dags/subdags/subdag_parallel_processing.py
[2022-06-09 19:40:24,219] {processor.py:161} INFO - Processing /home/smita/airflow/dags/subdags/subdag_parallel_processing.py took 0.106 seconds
[2022-06-09 19:40:58,865] {processor.py:153} INFO - Started process (PID=9667) to work on /home/smita/airflow/dags/subdags/subdag_parallel_processing.py
[2022-06-09 19:40:58,865] {processor.py:641} INFO - Processing file /home/smita/airflow/dags/subdags/subdag_parallel_processing.py for tasks to queue
[2022-06-09 19:40:58,866] {logging_mixin.py:115} INFO - [2022-06-09 19:40:58,866] {dagbag.py:507} INFO - Filling up the DagBag from /home/smita/airflow/dags/subdags/subdag_parallel_processing.py
[2022-06-09 19:40:58,871] {processor.py:653} WARNING - No viable dags retrieved from /home/smita/airflow/dags/subdags/subdag_parallel_processing.py
[2022-06-09 19:40:58,951] {processor.py:161} INFO - Processing /home/smita/airflow/dags/subdags/subdag_parallel_processing.py took 0.092 seconds
[2022-06-09 19:41:31,690] {processor.py:153} INFO - Started process (PID=9719) to work on /home/smita/airflow/dags/subdags/subdag_parallel_processing.py
[2022-06-09 19:41:31,691] {processor.py:641} INFO - Processing file /home/smita/airflow/dags/subdags/subdag_parallel_processing.py for tasks to queue
[2022-06-09 19:41:31,691] {logging_mixin.py:115} INFO - [2022-06-09 19:41:31,691] {dagbag.py:507} INFO - Filling up the DagBag from /home/smita/airflow/dags/subdags/subdag_parallel_processing.py
[2022-06-09 19:41:31,697] {processor.py:653} WARNING - No viable dags retrieved from /home/smita/airflow/dags/subdags/subdag_parallel_processing.py
[2022-06-09 19:41:31,784] {processor.py:161} INFO - Processing /home/smita/airflow/dags/subdags/subdag_parallel_processing.py took 0.098 seconds
[2022-06-09 19:42:05,929] {processor.py:153} INFO - Started process (PID=9780) to work on /home/smita/airflow/dags/subdags/subdag_parallel_processing.py
[2022-06-09 19:42:05,930] {processor.py:641} INFO - Processing file /home/smita/airflow/dags/subdags/subdag_parallel_processing.py for tasks to queue
[2022-06-09 19:42:05,931] {logging_mixin.py:115} INFO - [2022-06-09 19:42:05,931] {dagbag.py:507} INFO - Filling up the DagBag from /home/smita/airflow/dags/subdags/subdag_parallel_processing.py
[2022-06-09 19:42:05,936] {processor.py:653} WARNING - No viable dags retrieved from /home/smita/airflow/dags/subdags/subdag_parallel_processing.py
[2022-06-09 19:42:06,021] {processor.py:161} INFO - Processing /home/smita/airflow/dags/subdags/subdag_parallel_processing.py took 0.096 seconds
[2022-06-09 19:42:40,095] {processor.py:153} INFO - Started process (PID=9840) to work on /home/smita/airflow/dags/subdags/subdag_parallel_processing.py
[2022-06-09 19:42:40,096] {processor.py:641} INFO - Processing file /home/smita/airflow/dags/subdags/subdag_parallel_processing.py for tasks to queue
[2022-06-09 19:42:40,097] {logging_mixin.py:115} INFO - [2022-06-09 19:42:40,097] {dagbag.py:507} INFO - Filling up the DagBag from /home/smita/airflow/dags/subdags/subdag_parallel_processing.py
[2022-06-09 19:42:40,101] {processor.py:653} WARNING - No viable dags retrieved from /home/smita/airflow/dags/subdags/subdag_parallel_processing.py
[2022-06-09 19:42:40,170] {processor.py:161} INFO - Processing /home/smita/airflow/dags/subdags/subdag_parallel_processing.py took 0.080 seconds
[2022-06-09 22:00:55,311] {processor.py:153} INFO - Started process (PID=10199) to work on /home/smita/airflow/dags/subdags/subdag_parallel_processing.py
[2022-06-09 22:00:55,314] {processor.py:641} INFO - Processing file /home/smita/airflow/dags/subdags/subdag_parallel_processing.py for tasks to queue
[2022-06-09 22:00:55,315] {logging_mixin.py:115} INFO - [2022-06-09 22:00:55,315] {dagbag.py:507} INFO - Filling up the DagBag from /home/smita/airflow/dags/subdags/subdag_parallel_processing.py
[2022-06-09 22:00:55,323] {processor.py:653} WARNING - No viable dags retrieved from /home/smita/airflow/dags/subdags/subdag_parallel_processing.py
[2022-06-09 22:00:56,185] {processor.py:161} INFO - Processing /home/smita/airflow/dags/subdags/subdag_parallel_processing.py took 0.881 seconds
[2022-06-09 22:01:26,600] {processor.py:153} INFO - Started process (PID=10450) to work on /home/smita/airflow/dags/subdags/subdag_parallel_processing.py
[2022-06-09 22:01:26,600] {processor.py:641} INFO - Processing file /home/smita/airflow/dags/subdags/subdag_parallel_processing.py for tasks to queue
[2022-06-09 22:01:26,601] {logging_mixin.py:115} INFO - [2022-06-09 22:01:26,601] {dagbag.py:507} INFO - Filling up the DagBag from /home/smita/airflow/dags/subdags/subdag_parallel_processing.py
[2022-06-09 22:01:26,605] {processor.py:653} WARNING - No viable dags retrieved from /home/smita/airflow/dags/subdags/subdag_parallel_processing.py
[2022-06-09 22:01:26,688] {processor.py:161} INFO - Processing /home/smita/airflow/dags/subdags/subdag_parallel_processing.py took 0.095 seconds
[2022-06-09 22:01:56,973] {processor.py:153} INFO - Started process (PID=10752) to work on /home/smita/airflow/dags/subdags/subdag_parallel_processing.py
[2022-06-09 22:01:56,974] {processor.py:641} INFO - Processing file /home/smita/airflow/dags/subdags/subdag_parallel_processing.py for tasks to queue
[2022-06-09 22:01:56,974] {logging_mixin.py:115} INFO - [2022-06-09 22:01:56,974] {dagbag.py:507} INFO - Filling up the DagBag from /home/smita/airflow/dags/subdags/subdag_parallel_processing.py
[2022-06-09 22:01:56,980] {processor.py:653} WARNING - No viable dags retrieved from /home/smita/airflow/dags/subdags/subdag_parallel_processing.py
[2022-06-09 22:01:57,073] {processor.py:161} INFO - Processing /home/smita/airflow/dags/subdags/subdag_parallel_processing.py took 0.104 seconds
[2022-06-09 22:02:27,315] {processor.py:153} INFO - Started process (PID=11047) to work on /home/smita/airflow/dags/subdags/subdag_parallel_processing.py
[2022-06-09 22:02:27,316] {processor.py:641} INFO - Processing file /home/smita/airflow/dags/subdags/subdag_parallel_processing.py for tasks to queue
[2022-06-09 22:02:27,316] {logging_mixin.py:115} INFO - [2022-06-09 22:02:27,316] {dagbag.py:507} INFO - Filling up the DagBag from /home/smita/airflow/dags/subdags/subdag_parallel_processing.py
[2022-06-09 22:02:27,323] {processor.py:653} WARNING - No viable dags retrieved from /home/smita/airflow/dags/subdags/subdag_parallel_processing.py
[2022-06-09 22:02:27,419] {processor.py:161} INFO - Processing /home/smita/airflow/dags/subdags/subdag_parallel_processing.py took 0.109 seconds
[2022-06-09 22:02:57,535] {processor.py:153} INFO - Started process (PID=11315) to work on /home/smita/airflow/dags/subdags/subdag_parallel_processing.py
[2022-06-09 22:02:57,536] {processor.py:641} INFO - Processing file /home/smita/airflow/dags/subdags/subdag_parallel_processing.py for tasks to queue
[2022-06-09 22:02:57,537] {logging_mixin.py:115} INFO - [2022-06-09 22:02:57,537] {dagbag.py:507} INFO - Filling up the DagBag from /home/smita/airflow/dags/subdags/subdag_parallel_processing.py
[2022-06-09 22:02:57,543] {processor.py:653} WARNING - No viable dags retrieved from /home/smita/airflow/dags/subdags/subdag_parallel_processing.py
[2022-06-09 22:02:57,644] {processor.py:161} INFO - Processing /home/smita/airflow/dags/subdags/subdag_parallel_processing.py took 0.114 seconds
[2022-06-09 22:03:28,105] {processor.py:153} INFO - Started process (PID=11582) to work on /home/smita/airflow/dags/subdags/subdag_parallel_processing.py
[2022-06-09 22:03:28,106] {processor.py:641} INFO - Processing file /home/smita/airflow/dags/subdags/subdag_parallel_processing.py for tasks to queue
[2022-06-09 22:03:28,106] {logging_mixin.py:115} INFO - [2022-06-09 22:03:28,106] {dagbag.py:507} INFO - Filling up the DagBag from /home/smita/airflow/dags/subdags/subdag_parallel_processing.py
[2022-06-09 22:03:28,113] {processor.py:653} WARNING - No viable dags retrieved from /home/smita/airflow/dags/subdags/subdag_parallel_processing.py
[2022-06-09 22:03:28,205] {processor.py:161} INFO - Processing /home/smita/airflow/dags/subdags/subdag_parallel_processing.py took 0.107 seconds
[2022-06-09 22:03:58,655] {processor.py:153} INFO - Started process (PID=11858) to work on /home/smita/airflow/dags/subdags/subdag_parallel_processing.py
[2022-06-09 22:03:58,655] {processor.py:641} INFO - Processing file /home/smita/airflow/dags/subdags/subdag_parallel_processing.py for tasks to queue
[2022-06-09 22:03:58,656] {logging_mixin.py:115} INFO - [2022-06-09 22:03:58,656] {dagbag.py:507} INFO - Filling up the DagBag from /home/smita/airflow/dags/subdags/subdag_parallel_processing.py
[2022-06-09 22:03:58,660] {processor.py:653} WARNING - No viable dags retrieved from /home/smita/airflow/dags/subdags/subdag_parallel_processing.py
[2022-06-09 22:03:58,766] {processor.py:161} INFO - Processing /home/smita/airflow/dags/subdags/subdag_parallel_processing.py took 0.116 seconds
[2022-06-09 22:04:29,011] {processor.py:153} INFO - Started process (PID=12141) to work on /home/smita/airflow/dags/subdags/subdag_parallel_processing.py
[2022-06-09 22:04:29,012] {processor.py:641} INFO - Processing file /home/smita/airflow/dags/subdags/subdag_parallel_processing.py for tasks to queue
[2022-06-09 22:04:29,013] {logging_mixin.py:115} INFO - [2022-06-09 22:04:29,013] {dagbag.py:507} INFO - Filling up the DagBag from /home/smita/airflow/dags/subdags/subdag_parallel_processing.py
[2022-06-09 22:04:29,020] {processor.py:653} WARNING - No viable dags retrieved from /home/smita/airflow/dags/subdags/subdag_parallel_processing.py
[2022-06-09 22:04:29,111] {processor.py:161} INFO - Processing /home/smita/airflow/dags/subdags/subdag_parallel_processing.py took 0.106 seconds
[2022-06-09 22:04:59,558] {processor.py:153} INFO - Started process (PID=12433) to work on /home/smita/airflow/dags/subdags/subdag_parallel_processing.py
[2022-06-09 22:04:59,558] {processor.py:641} INFO - Processing file /home/smita/airflow/dags/subdags/subdag_parallel_processing.py for tasks to queue
[2022-06-09 22:04:59,559] {logging_mixin.py:115} INFO - [2022-06-09 22:04:59,559] {dagbag.py:507} INFO - Filling up the DagBag from /home/smita/airflow/dags/subdags/subdag_parallel_processing.py
[2022-06-09 22:04:59,565] {processor.py:653} WARNING - No viable dags retrieved from /home/smita/airflow/dags/subdags/subdag_parallel_processing.py
[2022-06-09 22:04:59,676] {processor.py:161} INFO - Processing /home/smita/airflow/dags/subdags/subdag_parallel_processing.py took 0.125 seconds
[2022-06-09 22:05:29,899] {processor.py:153} INFO - Started process (PID=12724) to work on /home/smita/airflow/dags/subdags/subdag_parallel_processing.py
[2022-06-09 22:05:29,900] {processor.py:641} INFO - Processing file /home/smita/airflow/dags/subdags/subdag_parallel_processing.py for tasks to queue
[2022-06-09 22:05:29,900] {logging_mixin.py:115} INFO - [2022-06-09 22:05:29,900] {dagbag.py:507} INFO - Filling up the DagBag from /home/smita/airflow/dags/subdags/subdag_parallel_processing.py
[2022-06-09 22:05:29,909] {processor.py:653} WARNING - No viable dags retrieved from /home/smita/airflow/dags/subdags/subdag_parallel_processing.py
[2022-06-09 22:05:30,067] {processor.py:161} INFO - Processing /home/smita/airflow/dags/subdags/subdag_parallel_processing.py took 0.172 seconds
[2022-06-09 22:06:00,755] {processor.py:153} INFO - Started process (PID=13008) to work on /home/smita/airflow/dags/subdags/subdag_parallel_processing.py
[2022-06-09 22:06:00,757] {processor.py:641} INFO - Processing file /home/smita/airflow/dags/subdags/subdag_parallel_processing.py for tasks to queue
[2022-06-09 22:06:00,758] {logging_mixin.py:115} INFO - [2022-06-09 22:06:00,758] {dagbag.py:507} INFO - Filling up the DagBag from /home/smita/airflow/dags/subdags/subdag_parallel_processing.py
[2022-06-09 22:06:00,765] {processor.py:653} WARNING - No viable dags retrieved from /home/smita/airflow/dags/subdags/subdag_parallel_processing.py
[2022-06-09 22:06:00,869] {processor.py:161} INFO - Processing /home/smita/airflow/dags/subdags/subdag_parallel_processing.py took 0.121 seconds
[2022-06-09 22:06:31,222] {processor.py:153} INFO - Started process (PID=13278) to work on /home/smita/airflow/dags/subdags/subdag_parallel_processing.py
[2022-06-09 22:06:31,222] {processor.py:641} INFO - Processing file /home/smita/airflow/dags/subdags/subdag_parallel_processing.py for tasks to queue
[2022-06-09 22:06:31,223] {logging_mixin.py:115} INFO - [2022-06-09 22:06:31,223] {dagbag.py:507} INFO - Filling up the DagBag from /home/smita/airflow/dags/subdags/subdag_parallel_processing.py
[2022-06-09 22:06:31,231] {processor.py:653} WARNING - No viable dags retrieved from /home/smita/airflow/dags/subdags/subdag_parallel_processing.py
[2022-06-09 22:06:31,342] {processor.py:161} INFO - Processing /home/smita/airflow/dags/subdags/subdag_parallel_processing.py took 0.128 seconds
[2022-06-09 22:07:01,758] {processor.py:153} INFO - Started process (PID=13577) to work on /home/smita/airflow/dags/subdags/subdag_parallel_processing.py
[2022-06-09 22:07:01,759] {processor.py:641} INFO - Processing file /home/smita/airflow/dags/subdags/subdag_parallel_processing.py for tasks to queue
[2022-06-09 22:07:01,759] {logging_mixin.py:115} INFO - [2022-06-09 22:07:01,759] {dagbag.py:507} INFO - Filling up the DagBag from /home/smita/airflow/dags/subdags/subdag_parallel_processing.py
[2022-06-09 22:07:01,764] {processor.py:653} WARNING - No viable dags retrieved from /home/smita/airflow/dags/subdags/subdag_parallel_processing.py
[2022-06-09 22:07:01,866] {processor.py:161} INFO - Processing /home/smita/airflow/dags/subdags/subdag_parallel_processing.py took 0.114 seconds
[2022-06-09 22:07:32,441] {processor.py:153} INFO - Started process (PID=13887) to work on /home/smita/airflow/dags/subdags/subdag_parallel_processing.py
[2022-06-09 22:07:32,442] {processor.py:641} INFO - Processing file /home/smita/airflow/dags/subdags/subdag_parallel_processing.py for tasks to queue
[2022-06-09 22:07:32,443] {logging_mixin.py:115} INFO - [2022-06-09 22:07:32,443] {dagbag.py:507} INFO - Filling up the DagBag from /home/smita/airflow/dags/subdags/subdag_parallel_processing.py
[2022-06-09 22:07:32,449] {processor.py:653} WARNING - No viable dags retrieved from /home/smita/airflow/dags/subdags/subdag_parallel_processing.py
[2022-06-09 22:07:32,538] {processor.py:161} INFO - Processing /home/smita/airflow/dags/subdags/subdag_parallel_processing.py took 0.103 seconds
[2022-06-09 22:08:02,765] {processor.py:153} INFO - Started process (PID=14200) to work on /home/smita/airflow/dags/subdags/subdag_parallel_processing.py
[2022-06-09 22:08:02,766] {processor.py:641} INFO - Processing file /home/smita/airflow/dags/subdags/subdag_parallel_processing.py for tasks to queue
[2022-06-09 22:08:02,767] {logging_mixin.py:115} INFO - [2022-06-09 22:08:02,767] {dagbag.py:507} INFO - Filling up the DagBag from /home/smita/airflow/dags/subdags/subdag_parallel_processing.py
[2022-06-09 22:08:02,773] {processor.py:653} WARNING - No viable dags retrieved from /home/smita/airflow/dags/subdags/subdag_parallel_processing.py
[2022-06-09 22:08:02,881] {processor.py:161} INFO - Processing /home/smita/airflow/dags/subdags/subdag_parallel_processing.py took 0.121 seconds
[2022-06-09 22:08:33,696] {processor.py:153} INFO - Started process (PID=14511) to work on /home/smita/airflow/dags/subdags/subdag_parallel_processing.py
[2022-06-09 22:08:33,696] {processor.py:641} INFO - Processing file /home/smita/airflow/dags/subdags/subdag_parallel_processing.py for tasks to queue
[2022-06-09 22:08:33,697] {logging_mixin.py:115} INFO - [2022-06-09 22:08:33,697] {dagbag.py:507} INFO - Filling up the DagBag from /home/smita/airflow/dags/subdags/subdag_parallel_processing.py
[2022-06-09 22:08:33,702] {processor.py:653} WARNING - No viable dags retrieved from /home/smita/airflow/dags/subdags/subdag_parallel_processing.py
[2022-06-09 22:08:33,788] {processor.py:161} INFO - Processing /home/smita/airflow/dags/subdags/subdag_parallel_processing.py took 0.097 seconds
[2022-06-09 22:09:04,095] {processor.py:153} INFO - Started process (PID=14804) to work on /home/smita/airflow/dags/subdags/subdag_parallel_processing.py
[2022-06-09 22:09:04,096] {processor.py:641} INFO - Processing file /home/smita/airflow/dags/subdags/subdag_parallel_processing.py for tasks to queue
[2022-06-09 22:09:04,096] {logging_mixin.py:115} INFO - [2022-06-09 22:09:04,096] {dagbag.py:507} INFO - Filling up the DagBag from /home/smita/airflow/dags/subdags/subdag_parallel_processing.py
[2022-06-09 22:09:04,102] {processor.py:653} WARNING - No viable dags retrieved from /home/smita/airflow/dags/subdags/subdag_parallel_processing.py
[2022-06-09 22:09:04,199] {processor.py:161} INFO - Processing /home/smita/airflow/dags/subdags/subdag_parallel_processing.py took 0.109 seconds
[2022-06-09 22:09:34,426] {processor.py:153} INFO - Started process (PID=15102) to work on /home/smita/airflow/dags/subdags/subdag_parallel_processing.py
[2022-06-09 22:09:34,427] {processor.py:641} INFO - Processing file /home/smita/airflow/dags/subdags/subdag_parallel_processing.py for tasks to queue
[2022-06-09 22:09:34,428] {logging_mixin.py:115} INFO - [2022-06-09 22:09:34,428] {dagbag.py:507} INFO - Filling up the DagBag from /home/smita/airflow/dags/subdags/subdag_parallel_processing.py
[2022-06-09 22:09:34,439] {processor.py:653} WARNING - No viable dags retrieved from /home/smita/airflow/dags/subdags/subdag_parallel_processing.py
[2022-06-09 22:09:34,540] {processor.py:161} INFO - Processing /home/smita/airflow/dags/subdags/subdag_parallel_processing.py took 0.123 seconds
[2022-06-09 22:10:04,866] {processor.py:153} INFO - Started process (PID=15400) to work on /home/smita/airflow/dags/subdags/subdag_parallel_processing.py
[2022-06-09 22:10:04,867] {processor.py:641} INFO - Processing file /home/smita/airflow/dags/subdags/subdag_parallel_processing.py for tasks to queue
[2022-06-09 22:10:04,868] {logging_mixin.py:115} INFO - [2022-06-09 22:10:04,867] {dagbag.py:507} INFO - Filling up the DagBag from /home/smita/airflow/dags/subdags/subdag_parallel_processing.py
[2022-06-09 22:10:04,875] {processor.py:653} WARNING - No viable dags retrieved from /home/smita/airflow/dags/subdags/subdag_parallel_processing.py
[2022-06-09 22:10:04,992] {processor.py:161} INFO - Processing /home/smita/airflow/dags/subdags/subdag_parallel_processing.py took 0.134 seconds
[2022-06-09 22:10:35,116] {processor.py:153} INFO - Started process (PID=15687) to work on /home/smita/airflow/dags/subdags/subdag_parallel_processing.py
[2022-06-09 22:10:35,116] {processor.py:641} INFO - Processing file /home/smita/airflow/dags/subdags/subdag_parallel_processing.py for tasks to queue
[2022-06-09 22:10:35,117] {logging_mixin.py:115} INFO - [2022-06-09 22:10:35,117] {dagbag.py:507} INFO - Filling up the DagBag from /home/smita/airflow/dags/subdags/subdag_parallel_processing.py
[2022-06-09 22:10:35,123] {processor.py:653} WARNING - No viable dags retrieved from /home/smita/airflow/dags/subdags/subdag_parallel_processing.py
[2022-06-09 22:10:35,261] {processor.py:161} INFO - Processing /home/smita/airflow/dags/subdags/subdag_parallel_processing.py took 0.150 seconds
[2022-06-09 22:11:05,528] {processor.py:153} INFO - Started process (PID=15994) to work on /home/smita/airflow/dags/subdags/subdag_parallel_processing.py
[2022-06-09 22:11:05,529] {processor.py:641} INFO - Processing file /home/smita/airflow/dags/subdags/subdag_parallel_processing.py for tasks to queue
[2022-06-09 22:11:05,529] {logging_mixin.py:115} INFO - [2022-06-09 22:11:05,529] {dagbag.py:507} INFO - Filling up the DagBag from /home/smita/airflow/dags/subdags/subdag_parallel_processing.py
[2022-06-09 22:11:05,535] {processor.py:653} WARNING - No viable dags retrieved from /home/smita/airflow/dags/subdags/subdag_parallel_processing.py
[2022-06-09 22:11:05,632] {processor.py:161} INFO - Processing /home/smita/airflow/dags/subdags/subdag_parallel_processing.py took 0.109 seconds
[2022-06-09 22:11:35,987] {processor.py:153} INFO - Started process (PID=16325) to work on /home/smita/airflow/dags/subdags/subdag_parallel_processing.py
[2022-06-09 22:11:35,988] {processor.py:641} INFO - Processing file /home/smita/airflow/dags/subdags/subdag_parallel_processing.py for tasks to queue
[2022-06-09 22:11:35,988] {logging_mixin.py:115} INFO - [2022-06-09 22:11:35,988] {dagbag.py:507} INFO - Filling up the DagBag from /home/smita/airflow/dags/subdags/subdag_parallel_processing.py
[2022-06-09 22:11:35,994] {processor.py:653} WARNING - No viable dags retrieved from /home/smita/airflow/dags/subdags/subdag_parallel_processing.py
[2022-06-09 22:11:36,076] {processor.py:161} INFO - Processing /home/smita/airflow/dags/subdags/subdag_parallel_processing.py took 0.093 seconds
[2022-06-09 22:12:06,195] {processor.py:153} INFO - Started process (PID=16652) to work on /home/smita/airflow/dags/subdags/subdag_parallel_processing.py
[2022-06-09 22:12:06,196] {processor.py:641} INFO - Processing file /home/smita/airflow/dags/subdags/subdag_parallel_processing.py for tasks to queue
[2022-06-09 22:12:06,196] {logging_mixin.py:115} INFO - [2022-06-09 22:12:06,196] {dagbag.py:507} INFO - Filling up the DagBag from /home/smita/airflow/dags/subdags/subdag_parallel_processing.py
[2022-06-09 22:12:06,201] {processor.py:653} WARNING - No viable dags retrieved from /home/smita/airflow/dags/subdags/subdag_parallel_processing.py
[2022-06-09 22:12:06,294] {processor.py:161} INFO - Processing /home/smita/airflow/dags/subdags/subdag_parallel_processing.py took 0.104 seconds
[2022-06-09 22:12:36,426] {processor.py:153} INFO - Started process (PID=16978) to work on /home/smita/airflow/dags/subdags/subdag_parallel_processing.py
[2022-06-09 22:12:36,427] {processor.py:641} INFO - Processing file /home/smita/airflow/dags/subdags/subdag_parallel_processing.py for tasks to queue
[2022-06-09 22:12:36,427] {logging_mixin.py:115} INFO - [2022-06-09 22:12:36,427] {dagbag.py:507} INFO - Filling up the DagBag from /home/smita/airflow/dags/subdags/subdag_parallel_processing.py
[2022-06-09 22:12:36,433] {processor.py:653} WARNING - No viable dags retrieved from /home/smita/airflow/dags/subdags/subdag_parallel_processing.py
[2022-06-09 22:12:36,533] {processor.py:161} INFO - Processing /home/smita/airflow/dags/subdags/subdag_parallel_processing.py took 0.113 seconds
[2022-06-09 22:13:06,784] {processor.py:153} INFO - Started process (PID=17303) to work on /home/smita/airflow/dags/subdags/subdag_parallel_processing.py
[2022-06-09 22:13:06,785] {processor.py:641} INFO - Processing file /home/smita/airflow/dags/subdags/subdag_parallel_processing.py for tasks to queue
[2022-06-09 22:13:06,785] {logging_mixin.py:115} INFO - [2022-06-09 22:13:06,785] {dagbag.py:507} INFO - Filling up the DagBag from /home/smita/airflow/dags/subdags/subdag_parallel_processing.py
[2022-06-09 22:13:06,792] {processor.py:653} WARNING - No viable dags retrieved from /home/smita/airflow/dags/subdags/subdag_parallel_processing.py
[2022-06-09 22:13:06,894] {processor.py:161} INFO - Processing /home/smita/airflow/dags/subdags/subdag_parallel_processing.py took 0.116 seconds
[2022-06-09 22:13:37,622] {processor.py:153} INFO - Started process (PID=17587) to work on /home/smita/airflow/dags/subdags/subdag_parallel_processing.py
[2022-06-09 22:13:37,623] {processor.py:641} INFO - Processing file /home/smita/airflow/dags/subdags/subdag_parallel_processing.py for tasks to queue
[2022-06-09 22:13:37,623] {logging_mixin.py:115} INFO - [2022-06-09 22:13:37,623] {dagbag.py:507} INFO - Filling up the DagBag from /home/smita/airflow/dags/subdags/subdag_parallel_processing.py
[2022-06-09 22:13:37,631] {processor.py:653} WARNING - No viable dags retrieved from /home/smita/airflow/dags/subdags/subdag_parallel_processing.py
[2022-06-09 22:13:37,729] {processor.py:161} INFO - Processing /home/smita/airflow/dags/subdags/subdag_parallel_processing.py took 0.115 seconds
[2022-06-09 22:14:08,645] {processor.py:153} INFO - Started process (PID=17920) to work on /home/smita/airflow/dags/subdags/subdag_parallel_processing.py
[2022-06-09 22:14:08,646] {processor.py:641} INFO - Processing file /home/smita/airflow/dags/subdags/subdag_parallel_processing.py for tasks to queue
[2022-06-09 22:14:08,646] {logging_mixin.py:115} INFO - [2022-06-09 22:14:08,646] {dagbag.py:507} INFO - Filling up the DagBag from /home/smita/airflow/dags/subdags/subdag_parallel_processing.py
[2022-06-09 22:14:08,656] {processor.py:653} WARNING - No viable dags retrieved from /home/smita/airflow/dags/subdags/subdag_parallel_processing.py
[2022-06-09 22:14:08,755] {processor.py:161} INFO - Processing /home/smita/airflow/dags/subdags/subdag_parallel_processing.py took 0.117 seconds
[2022-06-09 22:14:39,023] {processor.py:153} INFO - Started process (PID=18222) to work on /home/smita/airflow/dags/subdags/subdag_parallel_processing.py
[2022-06-09 22:14:39,025] {processor.py:641} INFO - Processing file /home/smita/airflow/dags/subdags/subdag_parallel_processing.py for tasks to queue
[2022-06-09 22:14:39,027] {logging_mixin.py:115} INFO - [2022-06-09 22:14:39,027] {dagbag.py:507} INFO - Filling up the DagBag from /home/smita/airflow/dags/subdags/subdag_parallel_processing.py
[2022-06-09 22:14:39,038] {processor.py:653} WARNING - No viable dags retrieved from /home/smita/airflow/dags/subdags/subdag_parallel_processing.py
[2022-06-09 22:14:39,133] {processor.py:161} INFO - Processing /home/smita/airflow/dags/subdags/subdag_parallel_processing.py took 0.120 seconds
