[2022-06-09 19:13:01,093] {taskinstance.py:1160} INFO - Dependencies all met for <TaskInstance: xcom_dag.downloading_data scheduled__2022-06-06T00:00:00+00:00 [queued]>
[2022-06-09 19:13:01,107] {taskinstance.py:1160} INFO - Dependencies all met for <TaskInstance: xcom_dag.downloading_data scheduled__2022-06-06T00:00:00+00:00 [queued]>
[2022-06-09 19:13:01,107] {taskinstance.py:1357} INFO - 
--------------------------------------------------------------------------------
[2022-06-09 19:13:01,107] {taskinstance.py:1358} INFO - Starting attempt 1 of 1
[2022-06-09 19:13:01,108] {taskinstance.py:1359} INFO - 
--------------------------------------------------------------------------------
[2022-06-09 19:13:01,124] {taskinstance.py:1378} INFO - Executing <Task(BashOperator): downloading_data> on 2022-06-06 00:00:00+00:00
[2022-06-09 19:13:01,214] {standard_task_runner.py:52} INFO - Started process 28129 to run task
[2022-06-09 19:13:01,223] {standard_task_runner.py:79} INFO - Running: ['airflow', 'tasks', 'run', 'xcom_dag', 'downloading_data', 'scheduled__2022-06-06T00:00:00+00:00', '--job-id', '75', '--raw', '--subdir', 'DAGS_FOLDER/xcom_dag.py', '--cfg-path', '/tmp/tmpo9p1cbk6', '--error-file', '/tmp/tmp4dvtzqhg']
[2022-06-09 19:13:01,227] {standard_task_runner.py:80} INFO - Job 75: Subtask downloading_data
[2022-06-09 19:13:01,588] {task_command.py:370} INFO - Running <TaskInstance: xcom_dag.downloading_data scheduled__2022-06-06T00:00:00+00:00 [running]> on host TIGER0990.tigeranalytics.local
[2022-06-09 19:13:01,885] {taskinstance.py:1570} INFO - Exporting the following env vars:
AIRFLOW_CTX_DAG_OWNER=airflow
AIRFLOW_CTX_DAG_ID=xcom_dag
AIRFLOW_CTX_TASK_ID=downloading_data
AIRFLOW_CTX_EXECUTION_DATE=2022-06-06T00:00:00+00:00
AIRFLOW_CTX_TRY_NUMBER=1
AIRFLOW_CTX_DAG_RUN_ID=scheduled__2022-06-06T00:00:00+00:00
[2022-06-09 19:13:01,887] {subprocess.py:62} INFO - Tmp dir root location: 
 /tmp
[2022-06-09 19:13:01,888] {subprocess.py:74} INFO - Running command: ['bash', '-c', 'sleep 3']
[2022-06-09 19:13:01,990] {subprocess.py:85} INFO - Output:
[2022-06-09 19:13:05,009] {subprocess.py:96} INFO - Command exited with return code 0
[2022-06-09 19:13:05,091] {taskinstance.py:1396} INFO - Marking task as SUCCESS. dag_id=xcom_dag, task_id=downloading_data, execution_date=20220606T000000, start_date=20220609T134301, end_date=20220609T134305
[2022-06-09 19:13:05,141] {local_task_job.py:156} INFO - Task exited with return code 0
[2022-06-09 19:13:05,486] {local_task_job.py:273} INFO - 3 downstream tasks scheduled from follow-on schedule check
