[2022-06-02 11:42:10,087] {taskinstance.py:1160} INFO - Dependencies all met for <TaskInstance: parallel_runs.task_2 scheduled__2022-06-01T00:00:00+00:00 [queued]>
[2022-06-02 11:42:10,092] {taskinstance.py:1160} INFO - Dependencies all met for <TaskInstance: parallel_runs.task_2 scheduled__2022-06-01T00:00:00+00:00 [queued]>
[2022-06-02 11:42:10,092] {taskinstance.py:1357} INFO - 
--------------------------------------------------------------------------------
[2022-06-02 11:42:10,092] {taskinstance.py:1358} INFO - Starting attempt 1 of 1
[2022-06-02 11:42:10,094] {taskinstance.py:1359} INFO - 
--------------------------------------------------------------------------------
[2022-06-02 11:42:10,105] {taskinstance.py:1378} INFO - Executing <Task(BashOperator): task_2> on 2022-06-01 00:00:00+00:00
[2022-06-02 11:42:10,127] {standard_task_runner.py:52} INFO - Started process 13462 to run task
[2022-06-02 11:42:10,132] {standard_task_runner.py:79} INFO - Running: ['airflow', 'tasks', 'run', 'parallel_runs', 'task_2', 'scheduled__2022-06-01T00:00:00+00:00', '--job-id', '26', '--raw', '--subdir', 'DAGS_FOLDER/parallel_runs.py', '--cfg-path', '/tmp/tmpdz86w8ba', '--error-file', '/tmp/tmpnc5z85en']
[2022-06-02 11:42:10,133] {standard_task_runner.py:80} INFO - Job 26: Subtask task_2
[2022-06-02 11:42:10,170] {task_command.py:370} INFO - Running <TaskInstance: parallel_runs.task_2 scheduled__2022-06-01T00:00:00+00:00 [running]> on host TIGER0990.tigeranalytics.local
[2022-06-02 11:42:10,207] {taskinstance.py:1570} INFO - Exporting the following env vars:
AIRFLOW_CTX_DAG_OWNER=airflow
AIRFLOW_CTX_DAG_ID=parallel_runs
AIRFLOW_CTX_TASK_ID=task_2
AIRFLOW_CTX_EXECUTION_DATE=2022-06-01T00:00:00+00:00
AIRFLOW_CTX_TRY_NUMBER=1
AIRFLOW_CTX_DAG_RUN_ID=scheduled__2022-06-01T00:00:00+00:00
[2022-06-02 11:42:10,208] {subprocess.py:62} INFO - Tmp dir root location: 
 /tmp
[2022-06-02 11:42:10,209] {subprocess.py:74} INFO - Running command: ['bash', '-c', 'sleep 3']
[2022-06-02 11:42:10,238] {subprocess.py:85} INFO - Output:
[2022-06-02 11:42:13,249] {subprocess.py:96} INFO - Command exited with return code 0
[2022-06-02 11:42:13,297] {taskinstance.py:1396} INFO - Marking task as SUCCESS. dag_id=parallel_runs, task_id=task_2, execution_date=20220601T000000, start_date=20220602T061210, end_date=20220602T061213
[2022-06-02 11:42:13,339] {local_task_job.py:156} INFO - Task exited with return code 0
[2022-06-02 11:42:13,383] {local_task_job.py:273} INFO - 0 downstream tasks scheduled from follow-on schedule check
[2022-06-02 12:49:44,661] {taskinstance.py:1160} INFO - Dependencies all met for <TaskInstance: parallel_runs.task_2 scheduled__2022-06-01T00:00:00+00:00 [queued]>
[2022-06-02 12:49:44,677] {taskinstance.py:1160} INFO - Dependencies all met for <TaskInstance: parallel_runs.task_2 scheduled__2022-06-01T00:00:00+00:00 [queued]>
[2022-06-02 12:49:44,678] {taskinstance.py:1357} INFO - 
--------------------------------------------------------------------------------
[2022-06-02 12:49:44,678] {taskinstance.py:1358} INFO - Starting attempt 1 of 1
[2022-06-02 12:49:44,678] {taskinstance.py:1359} INFO - 
--------------------------------------------------------------------------------
[2022-06-02 12:49:44,703] {taskinstance.py:1378} INFO - Executing <Task(BashOperator): task_2> on 2022-06-01 00:00:00+00:00
[2022-06-02 12:49:44,751] {standard_task_runner.py:52} INFO - Started process 21589 to run task
[2022-06-02 12:49:44,763] {standard_task_runner.py:79} INFO - Running: ['airflow', 'tasks', 'run', 'parallel_runs', 'task_2', 'scheduled__2022-06-01T00:00:00+00:00', '--job-id', '4', '--raw', '--subdir', 'DAGS_FOLDER/parallel_runs.py', '--cfg-path', '/tmp/tmpwss7yn9m', '--error-file', '/tmp/tmp_j3zv1gm']
[2022-06-02 12:49:44,768] {standard_task_runner.py:80} INFO - Job 4: Subtask task_2
[2022-06-02 12:49:45,060] {task_command.py:370} INFO - Running <TaskInstance: parallel_runs.task_2 scheduled__2022-06-01T00:00:00+00:00 [running]> on host TIGER0990.tigeranalytics.local
[2022-06-02 12:49:45,339] {taskinstance.py:1570} INFO - Exporting the following env vars:
AIRFLOW_CTX_DAG_OWNER=airflow
AIRFLOW_CTX_DAG_ID=parallel_runs
AIRFLOW_CTX_TASK_ID=task_2
AIRFLOW_CTX_EXECUTION_DATE=2022-06-01T00:00:00+00:00
AIRFLOW_CTX_TRY_NUMBER=1
AIRFLOW_CTX_DAG_RUN_ID=scheduled__2022-06-01T00:00:00+00:00
[2022-06-02 12:49:45,341] {subprocess.py:62} INFO - Tmp dir root location: 
 /tmp
[2022-06-02 12:49:45,342] {subprocess.py:74} INFO - Running command: ['bash', '-c', 'sleep 3']
[2022-06-02 12:49:45,383] {subprocess.py:85} INFO - Output:
[2022-06-02 12:49:48,398] {subprocess.py:96} INFO - Command exited with return code 0
[2022-06-02 12:49:48,616] {taskinstance.py:1396} INFO - Marking task as SUCCESS. dag_id=parallel_runs, task_id=task_2, execution_date=20220601T000000, start_date=20220602T071944, end_date=20220602T071948
[2022-06-02 12:49:48,666] {local_task_job.py:156} INFO - Task exited with return code 0
[2022-06-02 12:49:48,874] {local_task_job.py:273} INFO - 0 downstream tasks scheduled from follow-on schedule check
