[2022-06-15 14:13:23,770] {taskinstance.py:1160} INFO - Dependencies all met for <TaskInstance: elasticsearch_dag.connections_to_es manual__2022-06-15T08:43:21.479634+00:00 [queued]>
[2022-06-15 14:13:23,778] {taskinstance.py:1160} INFO - Dependencies all met for <TaskInstance: elasticsearch_dag.connections_to_es manual__2022-06-15T08:43:21.479634+00:00 [queued]>
[2022-06-15 14:13:23,778] {taskinstance.py:1357} INFO - 
--------------------------------------------------------------------------------
[2022-06-15 14:13:23,779] {taskinstance.py:1358} INFO - Starting attempt 1 of 1
[2022-06-15 14:13:23,779] {taskinstance.py:1359} INFO - 
--------------------------------------------------------------------------------
[2022-06-15 14:13:23,790] {taskinstance.py:1378} INFO - Executing <Task(PostgresToElasticOperator): connections_to_es> on 2022-06-15 08:43:21.479634+00:00
[2022-06-15 14:13:23,818] {standard_task_runner.py:52} INFO - Started process 21184 to run task
[2022-06-15 14:13:23,823] {standard_task_runner.py:79} INFO - Running: ['airflow', 'tasks', 'run', 'elasticsearch_dag', 'connections_to_es', 'manual__2022-06-15T08:43:21.479634+00:00', '--job-id', '120', '--raw', '--subdir', 'DAGS_FOLDER/elasticsearch_dag.py', '--cfg-path', '/tmp/tmpwdvos2gm', '--error-file', '/tmp/tmph4nl2tps']
[2022-06-15 14:13:23,825] {standard_task_runner.py:80} INFO - Job 120: Subtask connections_to_es
[2022-06-15 14:13:23,940] {task_command.py:370} INFO - Running <TaskInstance: elasticsearch_dag.connections_to_es manual__2022-06-15T08:43:21.479634+00:00 [running]> on host TIGER0990.tigeranalytics.local
[2022-06-15 14:13:24,070] {taskinstance.py:1570} INFO - Exporting the following env vars:
AIRFLOW_CTX_DAG_OWNER=airflow
AIRFLOW_CTX_DAG_ID=elasticsearch_dag
AIRFLOW_CTX_TASK_ID=connections_to_es
AIRFLOW_CTX_EXECUTION_DATE=2022-06-15T08:43:21.479634+00:00
AIRFLOW_CTX_TRY_NUMBER=1
AIRFLOW_CTX_DAG_RUN_ID=manual__2022-06-15T08:43:21.479634+00:00
[2022-06-15 14:13:24,100] {base.py:68} INFO - Using connection ID 'elasticsearch_default' for task execution.
[2022-06-15 14:13:24,126] {base.py:68} INFO - Using connection ID '***_default' for task execution.
[2022-06-15 14:13:24,423] {logging_mixin.py:115} WARNING - /home/smita/miniconda3/lib/python3.8/site-packages/elasticsearch/connection/base.py:193 ElasticsearchDeprecationWarning: Elasticsearch built-in security features are not enabled. Without authentication, your cluster could be accessible to anyone. See https://www.elastic.co/guide/en/elasticsearch/reference/7.17/security-minimal-setup.html to enable security.
[2022-06-15 14:13:24,424] {logging_mixin.py:115} WARNING - /home/smita/miniconda3/lib/python3.8/site-packages/elasticsearch/connection/base.py:193 ElasticsearchDeprecationWarning: [types removal] Specifying types in document index requests is deprecated, use the typeless endpoints instead (/{index}/_doc/{id}, /{index}/_doc, or /{index}/_create/{id}).
[2022-06-15 14:13:24,424] {base.py:255} INFO - POST http://localhost:9200/connections/external [status:201 request:0.268s]
[2022-06-15 14:13:24,432] {base.py:255} INFO - POST http://localhost:9200/connections/external [status:201 request:0.008s]
[2022-06-15 14:13:24,628] {base.py:255} INFO - POST http://localhost:9200/connections/external [status:201 request:0.195s]
[2022-06-15 14:13:24,637] {base.py:255} INFO - POST http://localhost:9200/connections/external [status:201 request:0.009s]
[2022-06-15 14:13:24,679] {base.py:255} INFO - POST http://localhost:9200/connections/external [status:201 request:0.042s]
[2022-06-15 14:13:24,687] {base.py:255} INFO - POST http://localhost:9200/connections/external [status:201 request:0.008s]
[2022-06-15 14:13:24,694] {base.py:255} INFO - POST http://localhost:9200/connections/external [status:201 request:0.006s]
[2022-06-15 14:13:24,853] {base.py:255} INFO - POST http://localhost:9200/connections/external [status:201 request:0.159s]
[2022-06-15 14:13:24,859] {base.py:255} INFO - POST http://localhost:9200/connections/external [status:201 request:0.006s]
[2022-06-15 14:13:24,866] {base.py:255} INFO - POST http://localhost:9200/connections/external [status:201 request:0.007s]
[2022-06-15 14:13:24,873] {base.py:255} INFO - POST http://localhost:9200/connections/external [status:201 request:0.006s]
[2022-06-15 14:13:24,878] {base.py:255} INFO - POST http://localhost:9200/connections/external [status:201 request:0.005s]
[2022-06-15 14:13:24,885] {base.py:255} INFO - POST http://localhost:9200/connections/external [status:201 request:0.006s]
[2022-06-15 14:13:24,890] {base.py:255} INFO - POST http://localhost:9200/connections/external [status:201 request:0.005s]
[2022-06-15 14:13:24,904] {base.py:255} INFO - POST http://localhost:9200/connections/external [status:201 request:0.013s]
[2022-06-15 14:13:24,911] {base.py:255} INFO - POST http://localhost:9200/connections/external [status:201 request:0.006s]
[2022-06-15 14:13:24,919] {base.py:255} INFO - POST http://localhost:9200/connections/external [status:201 request:0.008s]
[2022-06-15 14:13:24,925] {base.py:255} INFO - POST http://localhost:9200/connections/external [status:201 request:0.006s]
[2022-06-15 14:13:24,933] {base.py:255} INFO - POST http://localhost:9200/connections/external [status:201 request:0.007s]
[2022-06-15 14:13:24,940] {base.py:255} INFO - POST http://localhost:9200/connections/external [status:201 request:0.007s]
[2022-06-15 14:13:24,947] {base.py:255} INFO - POST http://localhost:9200/connections/external [status:201 request:0.006s]
[2022-06-15 14:13:24,955] {base.py:255} INFO - POST http://localhost:9200/connections/external [status:201 request:0.007s]
[2022-06-15 14:13:25,090] {base.py:255} INFO - POST http://localhost:9200/connections/external [status:201 request:0.135s]
[2022-06-15 14:13:25,095] {base.py:255} INFO - POST http://localhost:9200/connections/external [status:201 request:0.005s]
[2022-06-15 14:13:25,102] {base.py:255} INFO - POST http://localhost:9200/connections/external [status:201 request:0.006s]
[2022-06-15 14:13:25,114] {base.py:255} INFO - POST http://localhost:9200/connections/external [status:201 request:0.012s]
[2022-06-15 14:13:25,120] {base.py:255} INFO - POST http://localhost:9200/connections/external [status:201 request:0.005s]
[2022-06-15 14:13:25,125] {base.py:255} INFO - POST http://localhost:9200/connections/external [status:201 request:0.004s]
[2022-06-15 14:13:25,132] {base.py:255} INFO - POST http://localhost:9200/connections/external [status:201 request:0.007s]
[2022-06-15 14:13:25,137] {base.py:255} INFO - POST http://localhost:9200/connections/external [status:201 request:0.005s]
[2022-06-15 14:13:25,141] {base.py:255} INFO - POST http://localhost:9200/connections/external [status:201 request:0.004s]
[2022-06-15 14:13:25,148] {base.py:255} INFO - POST http://localhost:9200/connections/external [status:201 request:0.006s]
[2022-06-15 14:13:25,153] {base.py:255} INFO - POST http://localhost:9200/connections/external [status:201 request:0.005s]
[2022-06-15 14:13:25,159] {base.py:255} INFO - POST http://localhost:9200/connections/external [status:201 request:0.005s]
[2022-06-15 14:13:25,166] {base.py:255} INFO - POST http://localhost:9200/connections/external [status:201 request:0.007s]
[2022-06-15 14:13:25,173] {base.py:255} INFO - POST http://localhost:9200/connections/external [status:201 request:0.007s]
[2022-06-15 14:13:25,178] {base.py:255} INFO - POST http://localhost:9200/connections/external [status:201 request:0.005s]
[2022-06-15 14:13:25,186] {base.py:255} INFO - POST http://localhost:9200/connections/external [status:201 request:0.008s]
[2022-06-15 14:13:25,193] {base.py:255} INFO - POST http://localhost:9200/connections/external [status:201 request:0.006s]
[2022-06-15 14:13:25,200] {base.py:255} INFO - POST http://localhost:9200/connections/external [status:201 request:0.007s]
[2022-06-15 14:13:25,206] {base.py:255} INFO - POST http://localhost:9200/connections/external [status:201 request:0.006s]
[2022-06-15 14:13:25,212] {base.py:255} INFO - POST http://localhost:9200/connections/external [status:201 request:0.006s]
[2022-06-15 14:13:25,223] {base.py:255} INFO - POST http://localhost:9200/connections/external [status:201 request:0.011s]
[2022-06-15 14:13:25,231] {base.py:255} INFO - POST http://localhost:9200/connections/external [status:201 request:0.007s]
[2022-06-15 14:13:25,237] {base.py:255} INFO - POST http://localhost:9200/connections/external [status:201 request:0.006s]
[2022-06-15 14:13:25,243] {base.py:255} INFO - POST http://localhost:9200/connections/external [status:201 request:0.006s]
[2022-06-15 14:13:25,252] {base.py:255} INFO - POST http://localhost:9200/connections/external [status:201 request:0.008s]
[2022-06-15 14:13:25,258] {base.py:255} INFO - POST http://localhost:9200/connections/external [status:201 request:0.006s]
[2022-06-15 14:13:25,265] {base.py:255} INFO - POST http://localhost:9200/connections/external [status:201 request:0.007s]
[2022-06-15 14:13:25,272] {base.py:255} INFO - POST http://localhost:9200/connections/external [status:201 request:0.006s]
[2022-06-15 14:13:25,278] {base.py:255} INFO - POST http://localhost:9200/connections/external [status:201 request:0.006s]
[2022-06-15 14:13:25,493] {base.py:255} INFO - POST http://localhost:9200/connections/external [status:201 request:0.215s]
[2022-06-15 14:13:25,528] {taskinstance.py:1396} INFO - Marking task as SUCCESS. dag_id=elasticsearch_dag, task_id=connections_to_es, execution_date=20220615T084321, start_date=20220615T084323, end_date=20220615T084325
[2022-06-15 14:13:25,580] {local_task_job.py:156} INFO - Task exited with return code 0
[2022-06-15 14:13:25,657] {local_task_job.py:273} INFO - 0 downstream tasks scheduled from follow-on schedule check
