[2022-06-15 13:33:15,667] {taskinstance.py:1160} INFO - Dependencies all met for <TaskInstance: xcom_dag.processing_tasks.training_model_c scheduled__2022-06-14T00:00:00+00:00 [queued]>
[2022-06-15 13:33:15,680] {taskinstance.py:1160} INFO - Dependencies all met for <TaskInstance: xcom_dag.processing_tasks.training_model_c scheduled__2022-06-14T00:00:00+00:00 [queued]>
[2022-06-15 13:33:15,680] {taskinstance.py:1357} INFO - 
--------------------------------------------------------------------------------
[2022-06-15 13:33:15,681] {taskinstance.py:1358} INFO - Starting attempt 1 of 1
[2022-06-15 13:33:15,681] {taskinstance.py:1359} INFO - 
--------------------------------------------------------------------------------
[2022-06-15 13:33:15,695] {taskinstance.py:1378} INFO - Executing <Task(PythonOperator): processing_tasks.training_model_c> on 2022-06-14 00:00:00+00:00
[2022-06-15 13:33:15,730] {standard_task_runner.py:52} INFO - Started process 30177 to run task
[2022-06-15 13:33:15,738] {standard_task_runner.py:79} INFO - Running: ['airflow', 'tasks', 'run', 'xcom_dag', 'processing_tasks.training_model_c', 'scheduled__2022-06-14T00:00:00+00:00', '--job-id', '99', '--raw', '--subdir', 'DAGS_FOLDER/xcom_dag.py', '--cfg-path', '/tmp/tmpodu9vwcl', '--error-file', '/tmp/tmpw9o6ubke']
[2022-06-15 13:33:15,741] {standard_task_runner.py:80} INFO - Job 99: Subtask processing_tasks.training_model_c
[2022-06-15 13:33:16,003] {task_command.py:370} INFO - Running <TaskInstance: xcom_dag.processing_tasks.training_model_c scheduled__2022-06-14T00:00:00+00:00 [running]> on host TIGER0990.tigeranalytics.local
[2022-06-15 13:33:16,235] {taskinstance.py:1570} INFO - Exporting the following env vars:
AIRFLOW_CTX_DAG_OWNER=airflow
AIRFLOW_CTX_DAG_ID=xcom_dag
AIRFLOW_CTX_TASK_ID=processing_tasks.training_model_c
AIRFLOW_CTX_EXECUTION_DATE=2022-06-14T00:00:00+00:00
AIRFLOW_CTX_TRY_NUMBER=1
AIRFLOW_CTX_DAG_RUN_ID=scheduled__2022-06-14T00:00:00+00:00
[2022-06-15 13:33:16,237] {logging_mixin.py:115} INFO - model's accuracy: 6.253103392491937
[2022-06-15 13:33:16,316] {python.py:173} INFO - Done. Returned value was: None
[2022-06-15 13:33:16,393] {taskinstance.py:1396} INFO - Marking task as SUCCESS. dag_id=xcom_dag, task_id=processing_tasks.training_model_c, execution_date=20220614T000000, start_date=20220615T080315, end_date=20220615T080316
[2022-06-15 13:33:16,445] {local_task_job.py:156} INFO - Task exited with return code 0
[2022-06-15 13:33:16,619] {local_task_job.py:273} INFO - 1 downstream tasks scheduled from follow-on schedule check
