[2022-06-06 15:21:50,219] {taskinstance.py:1160} INFO - Dependencies all met for <TaskInstance: xcom_dag.processing_tasks.training_model_b manual__2022-06-06T09:51:44.665929+00:00 [queued]>
[2022-06-06 15:21:50,230] {taskinstance.py:1160} INFO - Dependencies all met for <TaskInstance: xcom_dag.processing_tasks.training_model_b manual__2022-06-06T09:51:44.665929+00:00 [queued]>
[2022-06-06 15:21:50,231] {taskinstance.py:1357} INFO - 
--------------------------------------------------------------------------------
[2022-06-06 15:21:50,231] {taskinstance.py:1358} INFO - Starting attempt 1 of 1
[2022-06-06 15:21:50,231] {taskinstance.py:1359} INFO - 
--------------------------------------------------------------------------------
[2022-06-06 15:21:50,244] {taskinstance.py:1378} INFO - Executing <Task(PythonOperator): processing_tasks.training_model_b> on 2022-06-06 09:51:44.665929+00:00
[2022-06-06 15:21:50,269] {standard_task_runner.py:52} INFO - Started process 5547 to run task
[2022-06-06 15:21:50,278] {standard_task_runner.py:79} INFO - Running: ['airflow', 'tasks', 'run', 'xcom_dag', 'processing_tasks.training_model_b', 'manual__2022-06-06T09:51:44.665929+00:00', '--job-id', '65', '--raw', '--subdir', 'DAGS_FOLDER/xcom_dag.py', '--cfg-path', '/tmp/tmpt1jd8oxn', '--error-file', '/tmp/tmpiinndyyu']
[2022-06-06 15:21:50,281] {standard_task_runner.py:80} INFO - Job 65: Subtask processing_tasks.training_model_b
[2022-06-06 15:21:50,621] {task_command.py:370} INFO - Running <TaskInstance: xcom_dag.processing_tasks.training_model_b manual__2022-06-06T09:51:44.665929+00:00 [running]> on host TIGER0990.tigeranalytics.local
[2022-06-06 15:21:51,062] {taskinstance.py:1570} INFO - Exporting the following env vars:
AIRFLOW_CTX_DAG_OWNER=airflow
AIRFLOW_CTX_DAG_ID=xcom_dag
AIRFLOW_CTX_TASK_ID=processing_tasks.training_model_b
AIRFLOW_CTX_EXECUTION_DATE=2022-06-06T09:51:44.665929+00:00
AIRFLOW_CTX_TRY_NUMBER=1
AIRFLOW_CTX_DAG_RUN_ID=manual__2022-06-06T09:51:44.665929+00:00
[2022-06-06 15:21:51,064] {logging_mixin.py:115} INFO - model's accuracy: 3.7560746556013727
[2022-06-06 15:21:51,203] {python.py:173} INFO - Done. Returned value was: None
[2022-06-06 15:21:51,348] {taskinstance.py:1396} INFO - Marking task as SUCCESS. dag_id=xcom_dag, task_id=processing_tasks.training_model_b, execution_date=20220606T095144, start_date=20220606T095150, end_date=20220606T095151
[2022-06-06 15:21:51,380] {local_task_job.py:156} INFO - Task exited with return code 0
[2022-06-06 15:21:51,666] {local_task_job.py:273} INFO - 1 downstream tasks scheduled from follow-on schedule check
