[2022-06-03 12:36:10,290] {taskinstance.py:1160} INFO - Dependencies all met for <TaskInstance: parallel_runs.task_4 scheduled__2022-06-02T00:00:00+00:00 [queued]>
[2022-06-03 12:36:10,301] {taskinstance.py:1160} INFO - Dependencies all met for <TaskInstance: parallel_runs.task_4 scheduled__2022-06-02T00:00:00+00:00 [queued]>
[2022-06-03 12:36:10,302] {taskinstance.py:1357} INFO - 
--------------------------------------------------------------------------------
[2022-06-03 12:36:10,302] {taskinstance.py:1358} INFO - Starting attempt 1 of 1
[2022-06-03 12:36:10,305] {taskinstance.py:1359} INFO - 
--------------------------------------------------------------------------------
[2022-06-03 12:36:10,320] {taskinstance.py:1378} INFO - Executing <Task(BashOperator): task_4> on 2022-06-02 00:00:00+00:00
[2022-06-03 12:36:10,359] {standard_task_runner.py:52} INFO - Started process 22168 to run task
[2022-06-03 12:36:10,366] {standard_task_runner.py:79} INFO - Running: ['airflow', 'tasks', 'run', 'parallel_runs', 'task_4', 'scheduled__2022-06-02T00:00:00+00:00', '--job-id', '14', '--raw', '--subdir', 'DAGS_FOLDER/parallel_runs.py', '--cfg-path', '/tmp/tmpgilcy_86', '--error-file', '/tmp/tmpdb45a_lw']
[2022-06-03 12:36:10,369] {standard_task_runner.py:80} INFO - Job 14: Subtask task_4
[2022-06-03 12:36:10,690] {task_command.py:370} INFO - Running <TaskInstance: parallel_runs.task_4 scheduled__2022-06-02T00:00:00+00:00 [running]> on host TIGER0990.tigeranalytics.local
[2022-06-03 12:36:10,989] {taskinstance.py:1570} INFO - Exporting the following env vars:
AIRFLOW_CTX_DAG_OWNER=airflow
AIRFLOW_CTX_DAG_ID=parallel_runs
AIRFLOW_CTX_TASK_ID=task_4
AIRFLOW_CTX_EXECUTION_DATE=2022-06-02T00:00:00+00:00
AIRFLOW_CTX_TRY_NUMBER=1
AIRFLOW_CTX_DAG_RUN_ID=scheduled__2022-06-02T00:00:00+00:00
[2022-06-03 12:36:10,991] {subprocess.py:62} INFO - Tmp dir root location: 
 /tmp
[2022-06-03 12:36:10,993] {subprocess.py:74} INFO - Running command: ['bash', '-c', 'sleep 3']
[2022-06-03 12:36:11,077] {subprocess.py:85} INFO - Output:
[2022-06-03 12:36:14,104] {subprocess.py:96} INFO - Command exited with return code 0
[2022-06-03 12:36:14,387] {taskinstance.py:1396} INFO - Marking task as SUCCESS. dag_id=parallel_runs, task_id=task_4, execution_date=20220602T000000, start_date=20220603T070610, end_date=20220603T070614
[2022-06-03 12:36:14,440] {local_task_job.py:156} INFO - Task exited with return code 0
[2022-06-03 12:36:14,682] {local_task_job.py:273} INFO - 0 downstream tasks scheduled from follow-on schedule check
