[2022-06-06 15:01:21,741] {taskinstance.py:1160} INFO - Dependencies all met for <TaskInstance: xcom_dag.processing_tasks.training_model_b manual__2022-06-06T09:31:15.660440+00:00 [queued]>
[2022-06-06 15:01:21,753] {taskinstance.py:1160} INFO - Dependencies all met for <TaskInstance: xcom_dag.processing_tasks.training_model_b manual__2022-06-06T09:31:15.660440+00:00 [queued]>
[2022-06-06 15:01:21,753] {taskinstance.py:1357} INFO - 
--------------------------------------------------------------------------------
[2022-06-06 15:01:21,754] {taskinstance.py:1358} INFO - Starting attempt 1 of 1
[2022-06-06 15:01:21,754] {taskinstance.py:1359} INFO - 
--------------------------------------------------------------------------------
[2022-06-06 15:01:21,767] {taskinstance.py:1378} INFO - Executing <Task(PythonOperator): processing_tasks.training_model_b> on 2022-06-06 09:31:15.660440+00:00
[2022-06-06 15:01:21,785] {standard_task_runner.py:52} INFO - Started process 11664 to run task
[2022-06-06 15:01:21,791] {standard_task_runner.py:79} INFO - Running: ['airflow', 'tasks', 'run', 'xcom_dag', 'processing_tasks.training_model_b', 'manual__2022-06-06T09:31:15.660440+00:00', '--job-id', '45', '--raw', '--subdir', 'DAGS_FOLDER/xcom_dag.py', '--cfg-path', '/tmp/tmpltvdblif', '--error-file', '/tmp/tmp39f50t38']
[2022-06-06 15:01:21,793] {standard_task_runner.py:80} INFO - Job 45: Subtask processing_tasks.training_model_b
[2022-06-06 15:01:22,121] {task_command.py:370} INFO - Running <TaskInstance: xcom_dag.processing_tasks.training_model_b manual__2022-06-06T09:31:15.660440+00:00 [running]> on host TIGER0990.tigeranalytics.local
[2022-06-06 15:01:22,547] {taskinstance.py:1570} INFO - Exporting the following env vars:
AIRFLOW_CTX_DAG_OWNER=airflow
AIRFLOW_CTX_DAG_ID=xcom_dag
AIRFLOW_CTX_TASK_ID=processing_tasks.training_model_b
AIRFLOW_CTX_EXECUTION_DATE=2022-06-06T09:31:15.660440+00:00
AIRFLOW_CTX_TRY_NUMBER=1
AIRFLOW_CTX_DAG_RUN_ID=manual__2022-06-06T09:31:15.660440+00:00
[2022-06-06 15:01:22,548] {logging_mixin.py:115} INFO - model's accuracy: 6.506152983045616
[2022-06-06 15:01:22,650] {python.py:173} INFO - Done. Returned value was: None
[2022-06-06 15:01:22,815] {taskinstance.py:1396} INFO - Marking task as SUCCESS. dag_id=xcom_dag, task_id=processing_tasks.training_model_b, execution_date=20220606T093115, start_date=20220606T093121, end_date=20220606T093122
[2022-06-06 15:01:22,859] {local_task_job.py:156} INFO - Task exited with return code 0
[2022-06-06 15:01:23,088] {local_task_job.py:273} INFO - 0 downstream tasks scheduled from follow-on schedule check
