[2022-05-31 11:22:08,173] {taskinstance.py:1160} INFO - Dependencies all met for <TaskInstance: example_bash_operator.runme_2 scheduled__2022-05-30T00:00:00+00:00 [queued]>
[2022-05-31 11:22:08,178] {taskinstance.py:1160} INFO - Dependencies all met for <TaskInstance: example_bash_operator.runme_2 scheduled__2022-05-30T00:00:00+00:00 [queued]>
[2022-05-31 11:22:08,178] {taskinstance.py:1357} INFO - 
--------------------------------------------------------------------------------
[2022-05-31 11:22:08,179] {taskinstance.py:1358} INFO - Starting attempt 1 of 1
[2022-05-31 11:22:08,179] {taskinstance.py:1359} INFO - 
--------------------------------------------------------------------------------
[2022-05-31 11:22:08,194] {taskinstance.py:1378} INFO - Executing <Task(BashOperator): runme_2> on 2022-05-30 00:00:00+00:00
[2022-05-31 11:22:08,209] {standard_task_runner.py:52} INFO - Started process 846 to run task
[2022-05-31 11:22:08,213] {standard_task_runner.py:79} INFO - Running: ['airflow', 'tasks', 'run', 'example_bash_operator', 'runme_2', 'scheduled__2022-05-30T00:00:00+00:00', '--job-id', '4', '--raw', '--subdir', '/home/smita/miniconda3/lib/python3.8/site-packages/airflow/example_dags/example_bash_operator.py', '--cfg-path', '/tmp/tmpmy4uoqet', '--error-file', '/tmp/tmpmjrk8h4t']
[2022-05-31 11:22:08,215] {standard_task_runner.py:80} INFO - Job 4: Subtask runme_2
[2022-05-31 11:22:08,258] {task_command.py:370} INFO - Running <TaskInstance: example_bash_operator.runme_2 scheduled__2022-05-30T00:00:00+00:00 [running]> on host TIGER0990.tigeranalytics.local
[2022-05-31 11:22:08,307] {taskinstance.py:1570} INFO - Exporting the following env vars:
AIRFLOW_CTX_DAG_OWNER=airflow
AIRFLOW_CTX_DAG_ID=example_bash_operator
AIRFLOW_CTX_TASK_ID=runme_2
AIRFLOW_CTX_EXECUTION_DATE=2022-05-30T00:00:00+00:00
AIRFLOW_CTX_TRY_NUMBER=1
AIRFLOW_CTX_DAG_RUN_ID=scheduled__2022-05-30T00:00:00+00:00
[2022-05-31 11:22:08,308] {subprocess.py:62} INFO - Tmp dir root location: 
 /tmp
[2022-05-31 11:22:08,309] {subprocess.py:74} INFO - Running command: ['bash', '-c', 'echo "example_bash_operator__runme_2__20220530" && sleep 1']
[2022-05-31 11:22:08,329] {subprocess.py:85} INFO - Output:
[2022-05-31 11:22:08,332] {subprocess.py:92} INFO - example_bash_operator__runme_2__20220530
[2022-05-31 11:22:09,339] {subprocess.py:96} INFO - Command exited with return code 0
[2022-05-31 11:22:09,369] {taskinstance.py:1396} INFO - Marking task as SUCCESS. dag_id=example_bash_operator, task_id=runme_2, execution_date=20220530T000000, start_date=20220531T055208, end_date=20220531T055209
[2022-05-31 11:22:09,403] {local_task_job.py:156} INFO - Task exited with return code 0
[2022-05-31 11:22:09,433] {local_task_job.py:273} INFO - 1 downstream tasks scheduled from follow-on schedule check
