[2022-06-02 11:42:15,092] {taskinstance.py:1160} INFO - Dependencies all met for <TaskInstance: parallel_runs.task_3 scheduled__2022-06-01T00:00:00+00:00 [queued]>
[2022-06-02 11:42:15,097] {taskinstance.py:1160} INFO - Dependencies all met for <TaskInstance: parallel_runs.task_3 scheduled__2022-06-01T00:00:00+00:00 [queued]>
[2022-06-02 11:42:15,097] {taskinstance.py:1357} INFO - 
--------------------------------------------------------------------------------
[2022-06-02 11:42:15,097] {taskinstance.py:1358} INFO - Starting attempt 1 of 1
[2022-06-02 11:42:15,097] {taskinstance.py:1359} INFO - 
--------------------------------------------------------------------------------
[2022-06-02 11:42:15,107] {taskinstance.py:1378} INFO - Executing <Task(BashOperator): task_3> on 2022-06-01 00:00:00+00:00
[2022-06-02 11:42:15,125] {standard_task_runner.py:52} INFO - Started process 13474 to run task
[2022-06-02 11:42:15,130] {standard_task_runner.py:79} INFO - Running: ['airflow', 'tasks', 'run', 'parallel_runs', 'task_3', 'scheduled__2022-06-01T00:00:00+00:00', '--job-id', '27', '--raw', '--subdir', 'DAGS_FOLDER/parallel_runs.py', '--cfg-path', '/tmp/tmp9q8eakmr', '--error-file', '/tmp/tmp3u2om0sn']
[2022-06-02 11:42:15,131] {standard_task_runner.py:80} INFO - Job 27: Subtask task_3
[2022-06-02 11:42:15,164] {task_command.py:370} INFO - Running <TaskInstance: parallel_runs.task_3 scheduled__2022-06-01T00:00:00+00:00 [running]> on host TIGER0990.tigeranalytics.local
[2022-06-02 11:42:15,202] {taskinstance.py:1570} INFO - Exporting the following env vars:
AIRFLOW_CTX_DAG_OWNER=airflow
AIRFLOW_CTX_DAG_ID=parallel_runs
AIRFLOW_CTX_TASK_ID=task_3
AIRFLOW_CTX_EXECUTION_DATE=2022-06-01T00:00:00+00:00
AIRFLOW_CTX_TRY_NUMBER=1
AIRFLOW_CTX_DAG_RUN_ID=scheduled__2022-06-01T00:00:00+00:00
[2022-06-02 11:42:15,203] {subprocess.py:62} INFO - Tmp dir root location: 
 /tmp
[2022-06-02 11:42:15,203] {subprocess.py:74} INFO - Running command: ['bash', '-c', 'sleep 3']
[2022-06-02 11:42:15,228] {subprocess.py:85} INFO - Output:
[2022-06-02 11:42:18,238] {subprocess.py:96} INFO - Command exited with return code 0
[2022-06-02 11:42:18,272] {taskinstance.py:1396} INFO - Marking task as SUCCESS. dag_id=parallel_runs, task_id=task_3, execution_date=20220601T000000, start_date=20220602T061215, end_date=20220602T061218
[2022-06-02 11:42:18,301] {local_task_job.py:156} INFO - Task exited with return code 0
[2022-06-02 11:42:18,338] {local_task_job.py:273} INFO - 1 downstream tasks scheduled from follow-on schedule check
[2022-06-02 12:49:44,613] {taskinstance.py:1160} INFO - Dependencies all met for <TaskInstance: parallel_runs.task_3 scheduled__2022-06-01T00:00:00+00:00 [queued]>
[2022-06-02 12:49:44,628] {taskinstance.py:1160} INFO - Dependencies all met for <TaskInstance: parallel_runs.task_3 scheduled__2022-06-01T00:00:00+00:00 [queued]>
[2022-06-02 12:49:44,628] {taskinstance.py:1357} INFO - 
--------------------------------------------------------------------------------
[2022-06-02 12:49:44,629] {taskinstance.py:1358} INFO - Starting attempt 1 of 1
[2022-06-02 12:49:44,629] {taskinstance.py:1359} INFO - 
--------------------------------------------------------------------------------
[2022-06-02 12:49:44,648] {taskinstance.py:1378} INFO - Executing <Task(BashOperator): task_3> on 2022-06-01 00:00:00+00:00
[2022-06-02 12:49:44,692] {standard_task_runner.py:52} INFO - Started process 21587 to run task
[2022-06-02 12:49:44,705] {standard_task_runner.py:79} INFO - Running: ['airflow', 'tasks', 'run', 'parallel_runs', 'task_3', 'scheduled__2022-06-01T00:00:00+00:00', '--job-id', '3', '--raw', '--subdir', 'DAGS_FOLDER/parallel_runs.py', '--cfg-path', '/tmp/tmpypgrgelf', '--error-file', '/tmp/tmpkg_6jupm']
[2022-06-02 12:49:44,710] {standard_task_runner.py:80} INFO - Job 3: Subtask task_3
[2022-06-02 12:49:45,003] {task_command.py:370} INFO - Running <TaskInstance: parallel_runs.task_3 scheduled__2022-06-01T00:00:00+00:00 [running]> on host TIGER0990.tigeranalytics.local
[2022-06-02 12:49:45,291] {taskinstance.py:1570} INFO - Exporting the following env vars:
AIRFLOW_CTX_DAG_OWNER=airflow
AIRFLOW_CTX_DAG_ID=parallel_runs
AIRFLOW_CTX_TASK_ID=task_3
AIRFLOW_CTX_EXECUTION_DATE=2022-06-01T00:00:00+00:00
AIRFLOW_CTX_TRY_NUMBER=1
AIRFLOW_CTX_DAG_RUN_ID=scheduled__2022-06-01T00:00:00+00:00
[2022-06-02 12:49:45,293] {subprocess.py:62} INFO - Tmp dir root location: 
 /tmp
[2022-06-02 12:49:45,294] {subprocess.py:74} INFO - Running command: ['bash', '-c', 'sleep 3']
[2022-06-02 12:49:45,338] {subprocess.py:85} INFO - Output:
[2022-06-02 12:49:48,355] {subprocess.py:96} INFO - Command exited with return code 0
[2022-06-02 12:49:48,534] {taskinstance.py:1396} INFO - Marking task as SUCCESS. dag_id=parallel_runs, task_id=task_3, execution_date=20220601T000000, start_date=20220602T071944, end_date=20220602T071948
[2022-06-02 12:49:48,565] {local_task_job.py:156} INFO - Task exited with return code 0
[2022-06-02 12:49:48,740] {local_task_job.py:273} INFO - 1 downstream tasks scheduled from follow-on schedule check
