[2022-06-01 20:03:43,892] {taskinstance.py:1160} INFO - Dependencies all met for <TaskInstance: user_processing.storing_user __airflow_temporary_run_2022-06-01T10:53:33.458279+00:00__ [queued]>
[2022-06-01 20:03:43,898] {taskinstance.py:1160} INFO - Dependencies all met for <TaskInstance: user_processing.storing_user __airflow_temporary_run_2022-06-01T10:53:33.458279+00:00__ [queued]>
[2022-06-01 20:03:43,898] {taskinstance.py:1357} INFO - 
--------------------------------------------------------------------------------
[2022-06-01 20:03:43,899] {taskinstance.py:1358} INFO - Starting attempt 1 of 1
[2022-06-01 20:03:43,899] {taskinstance.py:1359} INFO - 
--------------------------------------------------------------------------------
[2022-06-01 20:03:43,908] {taskinstance.py:1378} INFO - Executing <Task(BashOperator): storing_user> on 2022-01-01 00:00:00+00:00
[2022-06-01 20:03:43,930] {standard_task_runner.py:52} INFO - Started process 11775 to run task
[2022-06-01 20:03:43,935] {standard_task_runner.py:79} INFO - Running: ['airflow', 'tasks', 'run', 'user_processing', 'storing_user', '__airflow_temporary_run_2022-06-01T10:53:33.458279+00:00__', '--job-id', '21', '--raw', '--subdir', 'DAGS_FOLDER/user_processing.py', '--cfg-path', '/tmp/tmptvovrebc', '--error-file', '/tmp/tmpvdwe_ajx']
[2022-06-01 20:03:43,937] {standard_task_runner.py:80} INFO - Job 21: Subtask storing_user
[2022-06-01 20:03:43,974] {task_command.py:370} INFO - Running <TaskInstance: user_processing.storing_user __airflow_temporary_run_2022-06-01T10:53:33.458279+00:00__ [running]> on host TIGER0990.tigeranalytics.local
[2022-06-01 20:03:44,015] {taskinstance.py:1570} INFO - Exporting the following env vars:
AIRFLOW_CTX_DAG_OWNER=airflow
AIRFLOW_CTX_DAG_ID=user_processing
AIRFLOW_CTX_TASK_ID=storing_user
AIRFLOW_CTX_EXECUTION_DATE=2022-01-01T00:00:00+00:00
AIRFLOW_CTX_TRY_NUMBER=1
AIRFLOW_CTX_DAG_RUN_ID=__airflow_temporary_run_2022-06-01T10:53:33.458279+00:00__
[2022-06-01 20:03:44,017] {subprocess.py:62} INFO - Tmp dir root location: 
 /tmp
[2022-06-01 20:03:44,017] {subprocess.py:74} INFO - Running command: ['bash', '-c', 'echo -e ".separator ","\n.import /tmp/processed_user.csv users" | sqlite3 /home/smita/airflow/airflow.db']
[2022-06-01 20:03:44,044] {subprocess.py:85} INFO - Output:
[2022-06-01 20:03:44,070] {subprocess.py:96} INFO - Command exited with return code 0
[2022-06-01 20:03:44,094] {taskinstance.py:1396} INFO - Marking task as SUCCESS. dag_id=user_processing, task_id=storing_user, execution_date=20220101T000000, start_date=20220601T143343, end_date=20220601T143344
[2022-06-01 20:03:44,109] {local_task_job.py:156} INFO - Task exited with return code 0
[2022-06-01 20:03:44,126] {local_task_job.py:273} INFO - 0 downstream tasks scheduled from follow-on schedule check
