[2022-06-02 15:27:27,333] {taskinstance.py:1160} INFO - Dependencies all met for <TaskInstance: parallel_runs.task_1 manual__2022-06-02T09:57:25.619471+00:00 [queued]>
[2022-06-02 15:27:27,345] {taskinstance.py:1160} INFO - Dependencies all met for <TaskInstance: parallel_runs.task_1 manual__2022-06-02T09:57:25.619471+00:00 [queued]>
[2022-06-02 15:27:27,346] {taskinstance.py:1357} INFO - 
--------------------------------------------------------------------------------
[2022-06-02 15:27:27,346] {taskinstance.py:1358} INFO - Starting attempt 1 of 1
[2022-06-02 15:27:27,348] {taskinstance.py:1359} INFO - 
--------------------------------------------------------------------------------
[2022-06-02 15:27:27,368] {taskinstance.py:1378} INFO - Executing <Task(BashOperator): task_1> on 2022-06-02 09:57:25.619471+00:00
[2022-06-02 15:27:27,406] {standard_task_runner.py:52} INFO - Started process 1389 to run task
[2022-06-02 15:27:27,414] {standard_task_runner.py:79} INFO - Running: ['airflow', 'tasks', 'run', 'parallel_runs', 'task_1', 'manual__2022-06-02T09:57:25.619471+00:00', '--job-id', '6', '--raw', '--subdir', 'DAGS_FOLDER/parallel_runs.py', '--cfg-path', '/tmp/tmpkqm5rnc8', '--error-file', '/tmp/tmpv18kdcaw']
[2022-06-02 15:27:27,417] {standard_task_runner.py:80} INFO - Job 6: Subtask task_1
[2022-06-02 15:27:27,708] {task_command.py:370} INFO - Running <TaskInstance: parallel_runs.task_1 manual__2022-06-02T09:57:25.619471+00:00 [running]> on host TIGER0990.tigeranalytics.local
[2022-06-02 15:27:27,957] {taskinstance.py:1570} INFO - Exporting the following env vars:
AIRFLOW_CTX_DAG_OWNER=airflow
AIRFLOW_CTX_DAG_ID=parallel_runs
AIRFLOW_CTX_TASK_ID=task_1
AIRFLOW_CTX_EXECUTION_DATE=2022-06-02T09:57:25.619471+00:00
AIRFLOW_CTX_TRY_NUMBER=1
AIRFLOW_CTX_DAG_RUN_ID=manual__2022-06-02T09:57:25.619471+00:00
[2022-06-02 15:27:27,960] {subprocess.py:62} INFO - Tmp dir root location: 
 /tmp
[2022-06-02 15:27:27,961] {subprocess.py:74} INFO - Running command: ['bash', '-c', 'sleep 3']
[2022-06-02 15:27:28,015] {subprocess.py:85} INFO - Output:
[2022-06-02 15:27:31,039] {subprocess.py:96} INFO - Command exited with return code 0
[2022-06-02 15:27:31,266] {taskinstance.py:1396} INFO - Marking task as SUCCESS. dag_id=parallel_runs, task_id=task_1, execution_date=20220602T095725, start_date=20220602T095727, end_date=20220602T095731
[2022-06-02 15:27:31,316] {local_task_job.py:156} INFO - Task exited with return code 0
[2022-06-02 15:27:31,551] {local_task_job.py:273} INFO - 2 downstream tasks scheduled from follow-on schedule check
