[2022-06-06 12:25:33,894] {taskinstance.py:1160} INFO - Dependencies all met for <TaskInstance: xcom_dag.processing_tasks.training_model_b scheduled__2022-06-05T00:00:00+00:00 [queued]>
[2022-06-06 12:25:33,913] {taskinstance.py:1160} INFO - Dependencies all met for <TaskInstance: xcom_dag.processing_tasks.training_model_b scheduled__2022-06-05T00:00:00+00:00 [queued]>
[2022-06-06 12:25:33,913] {taskinstance.py:1357} INFO - 
--------------------------------------------------------------------------------
[2022-06-06 12:25:33,914] {taskinstance.py:1358} INFO - Starting attempt 1 of 1
[2022-06-06 12:25:33,914] {taskinstance.py:1359} INFO - 
--------------------------------------------------------------------------------
[2022-06-06 12:25:33,930] {taskinstance.py:1378} INFO - Executing <Task(PythonOperator): processing_tasks.training_model_b> on 2022-06-05 00:00:00+00:00
[2022-06-06 12:25:33,958] {standard_task_runner.py:52} INFO - Started process 660 to run task
[2022-06-06 12:25:33,968] {standard_task_runner.py:79} INFO - Running: ['airflow', 'tasks', 'run', 'xcom_dag', 'processing_tasks.training_model_b', 'scheduled__2022-06-05T00:00:00+00:00', '--job-id', '24', '--raw', '--subdir', 'DAGS_FOLDER/xcom_dag.py', '--cfg-path', '/tmp/tmpxrn9_6uj', '--error-file', '/tmp/tmp92h9r_tx']
[2022-06-06 12:25:33,971] {standard_task_runner.py:80} INFO - Job 24: Subtask processing_tasks.training_model_b
[2022-06-06 12:25:34,333] {task_command.py:370} INFO - Running <TaskInstance: xcom_dag.processing_tasks.training_model_b scheduled__2022-06-05T00:00:00+00:00 [running]> on host TIGER0990.tigeranalytics.local
[2022-06-06 12:25:34,760] {taskinstance.py:1570} INFO - Exporting the following env vars:
AIRFLOW_CTX_DAG_OWNER=airflow
AIRFLOW_CTX_DAG_ID=xcom_dag
AIRFLOW_CTX_TASK_ID=processing_tasks.training_model_b
AIRFLOW_CTX_EXECUTION_DATE=2022-06-05T00:00:00+00:00
AIRFLOW_CTX_TRY_NUMBER=1
AIRFLOW_CTX_DAG_RUN_ID=scheduled__2022-06-05T00:00:00+00:00
[2022-06-06 12:25:34,761] {logging_mixin.py:115} INFO - model's accuracy: 2.294272982227243
[2022-06-06 12:25:34,761] {python.py:173} INFO - Done. Returned value was: 2.294272982227243
[2022-06-06 12:25:35,062] {taskinstance.py:1396} INFO - Marking task as SUCCESS. dag_id=xcom_dag, task_id=processing_tasks.training_model_b, execution_date=20220605T000000, start_date=20220606T065533, end_date=20220606T065535
[2022-06-06 12:25:35,110] {local_task_job.py:156} INFO - Task exited with return code 0
[2022-06-06 12:25:35,353] {local_task_job.py:273} INFO - 0 downstream tasks scheduled from follow-on schedule check
