[2022-06-10 09:21:11,052] {taskinstance.py:1160} INFO - Dependencies all met for <TaskInstance: xcom_dag.processing_tasks.training_model_b scheduled__2022-06-09T00:00:00+00:00 [queued]>
[2022-06-10 09:21:11,081] {taskinstance.py:1160} INFO - Dependencies all met for <TaskInstance: xcom_dag.processing_tasks.training_model_b scheduled__2022-06-09T00:00:00+00:00 [queued]>
[2022-06-10 09:21:11,082] {taskinstance.py:1357} INFO - 
--------------------------------------------------------------------------------
[2022-06-10 09:21:11,083] {taskinstance.py:1358} INFO - Starting attempt 1 of 1
[2022-06-10 09:21:11,083] {taskinstance.py:1359} INFO - 
--------------------------------------------------------------------------------
[2022-06-10 09:21:11,125] {taskinstance.py:1378} INFO - Executing <Task(PythonOperator): processing_tasks.training_model_b> on 2022-06-09 00:00:00+00:00
[2022-06-10 09:21:11,281] {standard_task_runner.py:52} INFO - Started process 19886 to run task
[2022-06-10 09:21:11,298] {standard_task_runner.py:79} INFO - Running: ['airflow', 'tasks', 'run', 'xcom_dag', 'processing_tasks.training_model_b', 'scheduled__2022-06-09T00:00:00+00:00', '--job-id', '90', '--raw', '--subdir', 'DAGS_FOLDER/xcom_dag.py', '--cfg-path', '/tmp/tmpe8xgru6b', '--error-file', '/tmp/tmp0104b5_q']
[2022-06-10 09:21:11,305] {standard_task_runner.py:80} INFO - Job 90: Subtask processing_tasks.training_model_b
[2022-06-10 09:21:11,812] {task_command.py:370} INFO - Running <TaskInstance: xcom_dag.processing_tasks.training_model_b scheduled__2022-06-09T00:00:00+00:00 [running]> on host TIGER0990.tigeranalytics.local
[2022-06-10 09:21:12,395] {taskinstance.py:1570} INFO - Exporting the following env vars:
AIRFLOW_CTX_DAG_OWNER=airflow
AIRFLOW_CTX_DAG_ID=xcom_dag
AIRFLOW_CTX_TASK_ID=processing_tasks.training_model_b
AIRFLOW_CTX_EXECUTION_DATE=2022-06-09T00:00:00+00:00
AIRFLOW_CTX_TRY_NUMBER=1
AIRFLOW_CTX_DAG_RUN_ID=scheduled__2022-06-09T00:00:00+00:00
[2022-06-10 09:21:12,397] {logging_mixin.py:115} INFO - model's accuracy: 5.195315965996823
[2022-06-10 09:21:12,550] {python.py:173} INFO - Done. Returned value was: None
[2022-06-10 09:21:12,726] {taskinstance.py:1396} INFO - Marking task as SUCCESS. dag_id=xcom_dag, task_id=processing_tasks.training_model_b, execution_date=20220609T000000, start_date=20220610T035111, end_date=20220610T035112
[2022-06-10 09:21:12,777] {local_task_job.py:156} INFO - Task exited with return code 0
[2022-06-10 09:21:13,178] {local_task_job.py:273} INFO - 0 downstream tasks scheduled from follow-on schedule check
