[2022-06-06 12:38:45,263] {taskinstance.py:1160} INFO - Dependencies all met for <TaskInstance: xcom_dag.processing_tasks.training_model_c manual__2022-06-06T07:08:39.221814+00:00 [queued]>
[2022-06-06 12:38:45,277] {taskinstance.py:1160} INFO - Dependencies all met for <TaskInstance: xcom_dag.processing_tasks.training_model_c manual__2022-06-06T07:08:39.221814+00:00 [queued]>
[2022-06-06 12:38:45,278] {taskinstance.py:1357} INFO - 
--------------------------------------------------------------------------------
[2022-06-06 12:38:45,278] {taskinstance.py:1358} INFO - Starting attempt 1 of 1
[2022-06-06 12:38:45,278] {taskinstance.py:1359} INFO - 
--------------------------------------------------------------------------------
[2022-06-06 12:38:45,291] {taskinstance.py:1378} INFO - Executing <Task(PythonOperator): processing_tasks.training_model_c> on 2022-06-06 07:08:39.221814+00:00
[2022-06-06 12:38:45,314] {standard_task_runner.py:52} INFO - Started process 21233 to run task
[2022-06-06 12:38:45,320] {standard_task_runner.py:79} INFO - Running: ['airflow', 'tasks', 'run', 'xcom_dag', 'processing_tasks.training_model_c', 'manual__2022-06-06T07:08:39.221814+00:00', '--job-id', '35', '--raw', '--subdir', 'DAGS_FOLDER/xcom_dag.py', '--cfg-path', '/tmp/tmp220001yr', '--error-file', '/tmp/tmp6ubjxrq6']
[2022-06-06 12:38:45,323] {standard_task_runner.py:80} INFO - Job 35: Subtask processing_tasks.training_model_c
[2022-06-06 12:38:45,718] {task_command.py:370} INFO - Running <TaskInstance: xcom_dag.processing_tasks.training_model_c manual__2022-06-06T07:08:39.221814+00:00 [running]> on host TIGER0990.tigeranalytics.local
[2022-06-06 12:38:46,140] {taskinstance.py:1570} INFO - Exporting the following env vars:
AIRFLOW_CTX_DAG_OWNER=airflow
AIRFLOW_CTX_DAG_ID=xcom_dag
AIRFLOW_CTX_TASK_ID=processing_tasks.training_model_c
AIRFLOW_CTX_EXECUTION_DATE=2022-06-06T07:08:39.221814+00:00
AIRFLOW_CTX_TRY_NUMBER=1
AIRFLOW_CTX_DAG_RUN_ID=manual__2022-06-06T07:08:39.221814+00:00
[2022-06-06 12:38:46,141] {logging_mixin.py:115} INFO - model's accuracy: 8.917388057302235
[2022-06-06 12:38:46,272] {python.py:173} INFO - Done. Returned value was: None
[2022-06-06 12:38:46,404] {taskinstance.py:1396} INFO - Marking task as SUCCESS. dag_id=xcom_dag, task_id=processing_tasks.training_model_c, execution_date=20220606T070839, start_date=20220606T070845, end_date=20220606T070846
[2022-06-06 12:38:46,423] {local_task_job.py:156} INFO - Task exited with return code 0
[2022-06-06 12:38:46,706] {local_task_job.py:273} INFO - 0 downstream tasks scheduled from follow-on schedule check
