[2022-06-06 15:21:13,463] {taskinstance.py:1160} INFO - Dependencies all met for <TaskInstance: xcom_dag.choose_model manual__2022-06-06T09:51:04.318544+00:00 [queued]>
[2022-06-06 15:21:13,476] {taskinstance.py:1160} INFO - Dependencies all met for <TaskInstance: xcom_dag.choose_model manual__2022-06-06T09:51:04.318544+00:00 [queued]>
[2022-06-06 15:21:13,476] {taskinstance.py:1357} INFO - 
--------------------------------------------------------------------------------
[2022-06-06 15:21:13,476] {taskinstance.py:1358} INFO - Starting attempt 1 of 1
[2022-06-06 15:21:13,477] {taskinstance.py:1359} INFO - 
--------------------------------------------------------------------------------
[2022-06-06 15:21:13,487] {taskinstance.py:1378} INFO - Executing <Task(BranchPythonOperator): choose_model> on 2022-06-06 09:51:04.318544+00:00
[2022-06-06 15:21:13,509] {standard_task_runner.py:52} INFO - Started process 2918 to run task
[2022-06-06 15:21:13,514] {standard_task_runner.py:79} INFO - Running: ['airflow', 'tasks', 'run', 'xcom_dag', 'choose_model', 'manual__2022-06-06T09:51:04.318544+00:00', '--job-id', '63', '--raw', '--subdir', 'DAGS_FOLDER/xcom_dag.py', '--cfg-path', '/tmp/tmp5cj4_wlj', '--error-file', '/tmp/tmpouw0snv_']
[2022-06-06 15:21:13,516] {standard_task_runner.py:80} INFO - Job 63: Subtask choose_model
[2022-06-06 15:21:13,686] {task_command.py:370} INFO - Running <TaskInstance: xcom_dag.choose_model manual__2022-06-06T09:51:04.318544+00:00 [running]> on host TIGER0990.tigeranalytics.local
[2022-06-06 15:21:13,952] {taskinstance.py:1570} INFO - Exporting the following env vars:
AIRFLOW_CTX_DAG_OWNER=airflow
AIRFLOW_CTX_DAG_ID=xcom_dag
AIRFLOW_CTX_TASK_ID=choose_model
AIRFLOW_CTX_EXECUTION_DATE=2022-06-06T09:51:04.318544+00:00
AIRFLOW_CTX_TRY_NUMBER=1
AIRFLOW_CTX_DAG_RUN_ID=manual__2022-06-06T09:51:04.318544+00:00
[2022-06-06 15:21:13,953] {logging_mixin.py:115} INFO - choose best model
[2022-06-06 15:21:14,011] {python.py:173} INFO - Done. Returned value was: ['accurate', 'inaccurate']
[2022-06-06 15:21:14,012] {skipmixin.py:140} INFO - Following branch ['accurate', 'inaccurate']
[2022-06-06 15:21:14,012] {skipmixin.py:175} INFO - Skipping tasks []
[2022-06-06 15:21:14,244] {taskinstance.py:1396} INFO - Marking task as SUCCESS. dag_id=xcom_dag, task_id=choose_model, execution_date=20220606T095104, start_date=20220606T095113, end_date=20220606T095114
[2022-06-06 15:21:14,259] {local_task_job.py:156} INFO - Task exited with return code 0
[2022-06-06 15:21:14,403] {local_task_job.py:273} INFO - 2 downstream tasks scheduled from follow-on schedule check
