[2022-06-10 09:21:10,355] {taskinstance.py:1160} INFO - Dependencies all met for <TaskInstance: xcom_dag.processing_tasks.training_model_c scheduled__2022-06-09T00:00:00+00:00 [queued]>
[2022-06-10 09:21:10,405] {taskinstance.py:1160} INFO - Dependencies all met for <TaskInstance: xcom_dag.processing_tasks.training_model_c scheduled__2022-06-09T00:00:00+00:00 [queued]>
[2022-06-10 09:21:10,405] {taskinstance.py:1357} INFO - 
--------------------------------------------------------------------------------
[2022-06-10 09:21:10,406] {taskinstance.py:1358} INFO - Starting attempt 1 of 1
[2022-06-10 09:21:10,406] {taskinstance.py:1359} INFO - 
--------------------------------------------------------------------------------
[2022-06-10 09:21:10,450] {taskinstance.py:1378} INFO - Executing <Task(PythonOperator): processing_tasks.training_model_c> on 2022-06-09 00:00:00+00:00
[2022-06-10 09:21:10,977] {standard_task_runner.py:52} INFO - Started process 19881 to run task
[2022-06-10 09:21:11,000] {standard_task_runner.py:79} INFO - Running: ['airflow', 'tasks', 'run', 'xcom_dag', 'processing_tasks.training_model_c', 'scheduled__2022-06-09T00:00:00+00:00', '--job-id', '89', '--raw', '--subdir', 'DAGS_FOLDER/xcom_dag.py', '--cfg-path', '/tmp/tmpnk0_qr_l', '--error-file', '/tmp/tmptwgs50ru']
[2022-06-10 09:21:11,009] {standard_task_runner.py:80} INFO - Job 89: Subtask processing_tasks.training_model_c
[2022-06-10 09:21:11,520] {task_command.py:370} INFO - Running <TaskInstance: xcom_dag.processing_tasks.training_model_c scheduled__2022-06-09T00:00:00+00:00 [running]> on host TIGER0990.tigeranalytics.local
[2022-06-10 09:21:12,072] {taskinstance.py:1570} INFO - Exporting the following env vars:
AIRFLOW_CTX_DAG_OWNER=airflow
AIRFLOW_CTX_DAG_ID=xcom_dag
AIRFLOW_CTX_TASK_ID=processing_tasks.training_model_c
AIRFLOW_CTX_EXECUTION_DATE=2022-06-09T00:00:00+00:00
AIRFLOW_CTX_TRY_NUMBER=1
AIRFLOW_CTX_DAG_RUN_ID=scheduled__2022-06-09T00:00:00+00:00
[2022-06-10 09:21:12,075] {logging_mixin.py:115} INFO - model's accuracy: 6.009154645262741
[2022-06-10 09:21:12,279] {python.py:173} INFO - Done. Returned value was: None
[2022-06-10 09:21:12,460] {taskinstance.py:1396} INFO - Marking task as SUCCESS. dag_id=xcom_dag, task_id=processing_tasks.training_model_c, execution_date=20220609T000000, start_date=20220610T035110, end_date=20220610T035112
[2022-06-10 09:21:12,505] {local_task_job.py:156} INFO - Task exited with return code 0
[2022-06-10 09:21:12,896] {local_task_job.py:273} INFO - 0 downstream tasks scheduled from follow-on schedule check
