[2022-06-10 09:21:10,077] {taskinstance.py:1160} INFO - Dependencies all met for <TaskInstance: xcom_dag.processing_tasks.training_model_a scheduled__2022-06-09T00:00:00+00:00 [queued]>
[2022-06-10 09:21:10,164] {taskinstance.py:1160} INFO - Dependencies all met for <TaskInstance: xcom_dag.processing_tasks.training_model_a scheduled__2022-06-09T00:00:00+00:00 [queued]>
[2022-06-10 09:21:10,164] {taskinstance.py:1357} INFO - 
--------------------------------------------------------------------------------
[2022-06-10 09:21:10,165] {taskinstance.py:1358} INFO - Starting attempt 1 of 1
[2022-06-10 09:21:10,166] {taskinstance.py:1359} INFO - 
--------------------------------------------------------------------------------
[2022-06-10 09:21:10,277] {taskinstance.py:1378} INFO - Executing <Task(PythonOperator): processing_tasks.training_model_a> on 2022-06-09 00:00:00+00:00
[2022-06-10 09:21:10,427] {standard_task_runner.py:52} INFO - Started process 19879 to run task
[2022-06-10 09:21:10,445] {standard_task_runner.py:79} INFO - Running: ['airflow', 'tasks', 'run', 'xcom_dag', 'processing_tasks.training_model_a', 'scheduled__2022-06-09T00:00:00+00:00', '--job-id', '88', '--raw', '--subdir', 'DAGS_FOLDER/xcom_dag.py', '--cfg-path', '/tmp/tmpew1bigmf', '--error-file', '/tmp/tmpc65j0m6m']
[2022-06-10 09:21:10,451] {standard_task_runner.py:80} INFO - Job 88: Subtask processing_tasks.training_model_a
[2022-06-10 09:21:11,398] {task_command.py:370} INFO - Running <TaskInstance: xcom_dag.processing_tasks.training_model_a scheduled__2022-06-09T00:00:00+00:00 [running]> on host TIGER0990.tigeranalytics.local
[2022-06-10 09:21:11,918] {taskinstance.py:1570} INFO - Exporting the following env vars:
AIRFLOW_CTX_DAG_OWNER=airflow
AIRFLOW_CTX_DAG_ID=xcom_dag
AIRFLOW_CTX_TASK_ID=processing_tasks.training_model_a
AIRFLOW_CTX_EXECUTION_DATE=2022-06-09T00:00:00+00:00
AIRFLOW_CTX_TRY_NUMBER=1
AIRFLOW_CTX_DAG_RUN_ID=scheduled__2022-06-09T00:00:00+00:00
[2022-06-10 09:21:11,920] {logging_mixin.py:115} INFO - model's accuracy: 9.44533900906124
[2022-06-10 09:21:12,150] {python.py:173} INFO - Done. Returned value was: None
[2022-06-10 09:21:12,344] {taskinstance.py:1396} INFO - Marking task as SUCCESS. dag_id=xcom_dag, task_id=processing_tasks.training_model_a, execution_date=20220609T000000, start_date=20220610T035110, end_date=20220610T035112
[2022-06-10 09:21:12,411] {local_task_job.py:156} INFO - Task exited with return code 0
[2022-06-10 09:21:12,843] {local_task_job.py:273} INFO - 1 downstream tasks scheduled from follow-on schedule check
