[2022-06-09 19:13:01,173] {taskinstance.py:1160} INFO - Dependencies all met for <TaskInstance: xcom_dag.downloading_data scheduled__2022-06-08T00:00:00+00:00 [queued]>
[2022-06-09 19:13:01,196] {taskinstance.py:1160} INFO - Dependencies all met for <TaskInstance: xcom_dag.downloading_data scheduled__2022-06-08T00:00:00+00:00 [queued]>
[2022-06-09 19:13:01,196] {taskinstance.py:1357} INFO - 
--------------------------------------------------------------------------------
[2022-06-09 19:13:01,197] {taskinstance.py:1358} INFO - Starting attempt 1 of 1
[2022-06-09 19:13:01,200] {taskinstance.py:1359} INFO - 
--------------------------------------------------------------------------------
[2022-06-09 19:13:01,219] {taskinstance.py:1378} INFO - Executing <Task(BashOperator): downloading_data> on 2022-06-08 00:00:00+00:00
[2022-06-09 19:13:01,313] {standard_task_runner.py:52} INFO - Started process 28131 to run task
[2022-06-09 19:13:01,322] {standard_task_runner.py:79} INFO - Running: ['airflow', 'tasks', 'run', 'xcom_dag', 'downloading_data', 'scheduled__2022-06-08T00:00:00+00:00', '--job-id', '76', '--raw', '--subdir', 'DAGS_FOLDER/xcom_dag.py', '--cfg-path', '/tmp/tmpj9fh7e73', '--error-file', '/tmp/tmpnxvz711c']
[2022-06-09 19:13:01,326] {standard_task_runner.py:80} INFO - Job 76: Subtask downloading_data
[2022-06-09 19:13:01,647] {task_command.py:370} INFO - Running <TaskInstance: xcom_dag.downloading_data scheduled__2022-06-08T00:00:00+00:00 [running]> on host TIGER0990.tigeranalytics.local
[2022-06-09 19:13:01,995] {taskinstance.py:1570} INFO - Exporting the following env vars:
AIRFLOW_CTX_DAG_OWNER=airflow
AIRFLOW_CTX_DAG_ID=xcom_dag
AIRFLOW_CTX_TASK_ID=downloading_data
AIRFLOW_CTX_EXECUTION_DATE=2022-06-08T00:00:00+00:00
AIRFLOW_CTX_TRY_NUMBER=1
AIRFLOW_CTX_DAG_RUN_ID=scheduled__2022-06-08T00:00:00+00:00
[2022-06-09 19:13:01,996] {subprocess.py:62} INFO - Tmp dir root location: 
 /tmp
[2022-06-09 19:13:01,997] {subprocess.py:74} INFO - Running command: ['bash', '-c', 'sleep 3']
[2022-06-09 19:13:02,101] {subprocess.py:85} INFO - Output:
[2022-06-09 19:13:05,120] {subprocess.py:96} INFO - Command exited with return code 0
[2022-06-09 19:13:05,278] {taskinstance.py:1396} INFO - Marking task as SUCCESS. dag_id=xcom_dag, task_id=downloading_data, execution_date=20220608T000000, start_date=20220609T134301, end_date=20220609T134305
[2022-06-09 19:13:05,309] {local_task_job.py:156} INFO - Task exited with return code 0
[2022-06-09 19:13:05,546] {local_task_job.py:273} INFO - 3 downstream tasks scheduled from follow-on schedule check
