[2022-06-10 09:21:14,974] {taskinstance.py:1160} INFO - Dependencies all met for <TaskInstance: xcom_dag.choose_model scheduled__2022-06-09T00:00:00+00:00 [queued]>
[2022-06-10 09:21:14,992] {taskinstance.py:1160} INFO - Dependencies all met for <TaskInstance: xcom_dag.choose_model scheduled__2022-06-09T00:00:00+00:00 [queued]>
[2022-06-10 09:21:14,993] {taskinstance.py:1357} INFO - 
--------------------------------------------------------------------------------
[2022-06-10 09:21:14,993] {taskinstance.py:1358} INFO - Starting attempt 1 of 1
[2022-06-10 09:21:14,993] {taskinstance.py:1359} INFO - 
--------------------------------------------------------------------------------
[2022-06-10 09:21:15,010] {taskinstance.py:1378} INFO - Executing <Task(BranchPythonOperator): choose_model> on 2022-06-09 00:00:00+00:00
[2022-06-10 09:21:15,112] {standard_task_runner.py:52} INFO - Started process 19925 to run task
[2022-06-10 09:21:15,126] {standard_task_runner.py:79} INFO - Running: ['airflow', 'tasks', 'run', 'xcom_dag', 'choose_model', 'scheduled__2022-06-09T00:00:00+00:00', '--job-id', '91', '--raw', '--subdir', 'DAGS_FOLDER/xcom_dag.py', '--cfg-path', '/tmp/tmp60uufyt6', '--error-file', '/tmp/tmpui7af995']
[2022-06-10 09:21:15,130] {standard_task_runner.py:80} INFO - Job 91: Subtask choose_model
[2022-06-10 09:21:15,491] {task_command.py:370} INFO - Running <TaskInstance: xcom_dag.choose_model scheduled__2022-06-09T00:00:00+00:00 [running]> on host TIGER0990.tigeranalytics.local
[2022-06-10 09:21:15,872] {taskinstance.py:1570} INFO - Exporting the following env vars:
AIRFLOW_CTX_DAG_OWNER=airflow
AIRFLOW_CTX_DAG_ID=xcom_dag
AIRFLOW_CTX_TASK_ID=choose_model
AIRFLOW_CTX_EXECUTION_DATE=2022-06-09T00:00:00+00:00
AIRFLOW_CTX_TRY_NUMBER=1
AIRFLOW_CTX_DAG_RUN_ID=scheduled__2022-06-09T00:00:00+00:00
[2022-06-10 09:21:15,874] {logging_mixin.py:115} INFO - choose best model
[2022-06-10 09:21:15,980] {python.py:173} INFO - Done. Returned value was: accurate
[2022-06-10 09:21:15,981] {skipmixin.py:140} INFO - Following branch accurate
[2022-06-10 09:21:15,981] {skipmixin.py:175} INFO - Skipping tasks ['inaccurate']
[2022-06-10 09:21:16,395] {taskinstance.py:1396} INFO - Marking task as SUCCESS. dag_id=xcom_dag, task_id=choose_model, execution_date=20220609T000000, start_date=20220610T035114, end_date=20220610T035116
[2022-06-10 09:21:16,427] {local_task_job.py:156} INFO - Task exited with return code 0
[2022-06-10 09:21:16,709] {local_task_job.py:273} INFO - 1 downstream tasks scheduled from follow-on schedule check
