[2022-06-06 15:14:27,551] {taskinstance.py:1160} INFO - Dependencies all met for <TaskInstance: xcom_dag.task_4 manual__2022-06-06T09:44:19.304813+00:00 [queued]>
[2022-06-06 15:14:27,562] {taskinstance.py:1160} INFO - Dependencies all met for <TaskInstance: xcom_dag.task_4 manual__2022-06-06T09:44:19.304813+00:00 [queued]>
[2022-06-06 15:14:27,562] {taskinstance.py:1357} INFO - 
--------------------------------------------------------------------------------
[2022-06-06 15:14:27,563] {taskinstance.py:1358} INFO - Starting attempt 1 of 1
[2022-06-06 15:14:27,563] {taskinstance.py:1359} INFO - 
--------------------------------------------------------------------------------
[2022-06-06 15:14:27,574] {taskinstance.py:1378} INFO - Executing <Task(BranchPythonOperator): task_4> on 2022-06-06 09:44:19.304813+00:00
[2022-06-06 15:14:27,591] {standard_task_runner.py:52} INFO - Started process 5918 to run task
[2022-06-06 15:14:27,597] {standard_task_runner.py:79} INFO - Running: ['airflow', 'tasks', 'run', 'xcom_dag', 'task_4', 'manual__2022-06-06T09:44:19.304813+00:00', '--job-id', '58', '--raw', '--subdir', 'DAGS_FOLDER/xcom_dag.py', '--cfg-path', '/tmp/tmpafmnlc04', '--error-file', '/tmp/tmplws8xujk']
[2022-06-06 15:14:27,600] {standard_task_runner.py:80} INFO - Job 58: Subtask task_4
[2022-06-06 15:14:27,895] {task_command.py:370} INFO - Running <TaskInstance: xcom_dag.task_4 manual__2022-06-06T09:44:19.304813+00:00 [running]> on host TIGER0990.tigeranalytics.local
[2022-06-06 15:14:28,110] {taskinstance.py:1570} INFO - Exporting the following env vars:
AIRFLOW_CTX_DAG_OWNER=airflow
AIRFLOW_CTX_DAG_ID=xcom_dag
AIRFLOW_CTX_TASK_ID=task_4
AIRFLOW_CTX_EXECUTION_DATE=2022-06-06T09:44:19.304813+00:00
AIRFLOW_CTX_TRY_NUMBER=1
AIRFLOW_CTX_DAG_RUN_ID=manual__2022-06-06T09:44:19.304813+00:00
[2022-06-06 15:14:28,110] {logging_mixin.py:115} INFO - choose best model
[2022-06-06 15:14:28,171] {python.py:173} INFO - Done. Returned value was: accurate
[2022-06-06 15:14:28,172] {skipmixin.py:140} INFO - Following branch accurate
[2022-06-06 15:14:28,172] {skipmixin.py:175} INFO - Skipping tasks ['inaccurate']
[2022-06-06 15:14:28,438] {taskinstance.py:1396} INFO - Marking task as SUCCESS. dag_id=xcom_dag, task_id=task_4, execution_date=20220606T094419, start_date=20220606T094427, end_date=20220606T094428
[2022-06-06 15:14:28,461] {local_task_job.py:156} INFO - Task exited with return code 0
[2022-06-06 15:14:28,596] {local_task_job.py:273} INFO - 1 downstream tasks scheduled from follow-on schedule check
