[2022-06-06 12:31:52,808] {taskinstance.py:1160} INFO - Dependencies all met for <TaskInstance: xcom_dag.task_4 manual__2022-06-06T07:01:44.821494+00:00 [queued]>
[2022-06-06 12:31:52,819] {taskinstance.py:1160} INFO - Dependencies all met for <TaskInstance: xcom_dag.task_4 manual__2022-06-06T07:01:44.821494+00:00 [queued]>
[2022-06-06 12:31:52,820] {taskinstance.py:1357} INFO - 
--------------------------------------------------------------------------------
[2022-06-06 12:31:52,820] {taskinstance.py:1358} INFO - Starting attempt 1 of 1
[2022-06-06 12:31:52,820] {taskinstance.py:1359} INFO - 
--------------------------------------------------------------------------------
[2022-06-06 12:31:52,833] {taskinstance.py:1378} INFO - Executing <Task(PythonOperator): task_4> on 2022-06-06 07:01:44.821494+00:00
[2022-06-06 12:31:52,853] {standard_task_runner.py:52} INFO - Started process 26741 to run task
[2022-06-06 12:31:52,859] {standard_task_runner.py:79} INFO - Running: ['airflow', 'tasks', 'run', 'xcom_dag', 'task_4', 'manual__2022-06-06T07:01:44.821494+00:00', '--job-id', '31', '--raw', '--subdir', 'DAGS_FOLDER/xcom_dag.py', '--cfg-path', '/tmp/tmpb77dm2ib', '--error-file', '/tmp/tmpbyavp_gh']
[2022-06-06 12:31:52,863] {standard_task_runner.py:80} INFO - Job 31: Subtask task_4
[2022-06-06 12:31:53,055] {task_command.py:370} INFO - Running <TaskInstance: xcom_dag.task_4 manual__2022-06-06T07:01:44.821494+00:00 [running]> on host TIGER0990.tigeranalytics.local
[2022-06-06 12:31:53,295] {taskinstance.py:1570} INFO - Exporting the following env vars:
AIRFLOW_CTX_DAG_OWNER=airflow
AIRFLOW_CTX_DAG_ID=xcom_dag
AIRFLOW_CTX_TASK_ID=task_4
AIRFLOW_CTX_EXECUTION_DATE=2022-06-06T07:01:44.821494+00:00
AIRFLOW_CTX_TRY_NUMBER=1
AIRFLOW_CTX_DAG_RUN_ID=manual__2022-06-06T07:01:44.821494+00:00
[2022-06-06 12:31:53,296] {logging_mixin.py:115} INFO - choose best model
[2022-06-06 12:31:53,296] {python.py:173} INFO - Done. Returned value was: None
[2022-06-06 12:31:53,344] {taskinstance.py:1396} INFO - Marking task as SUCCESS. dag_id=xcom_dag, task_id=task_4, execution_date=20220606T070144, start_date=20220606T070152, end_date=20220606T070153
[2022-06-06 12:31:53,356] {local_task_job.py:156} INFO - Task exited with return code 0
[2022-06-06 12:31:53,467] {local_task_job.py:273} INFO - 0 downstream tasks scheduled from follow-on schedule check
