[2022-06-06 10:10:25,402] {taskinstance.py:1160} INFO - Dependencies all met for <TaskInstance: parallel_runs.task_4 scheduled__2022-06-05T00:00:00+00:00 [queued]>
[2022-06-06 10:10:25,413] {taskinstance.py:1160} INFO - Dependencies all met for <TaskInstance: parallel_runs.task_4 scheduled__2022-06-05T00:00:00+00:00 [queued]>
[2022-06-06 10:10:25,413] {taskinstance.py:1357} INFO - 
--------------------------------------------------------------------------------
[2022-06-06 10:10:25,413] {taskinstance.py:1358} INFO - Starting attempt 1 of 1
[2022-06-06 10:10:25,414] {taskinstance.py:1359} INFO - 
--------------------------------------------------------------------------------
[2022-06-06 10:10:25,425] {taskinstance.py:1378} INFO - Executing <Task(BashOperator): task_4> on 2022-06-05 00:00:00+00:00
[2022-06-06 10:10:25,444] {standard_task_runner.py:52} INFO - Started process 11020 to run task
[2022-06-06 10:10:25,449] {standard_task_runner.py:79} INFO - Running: ['airflow', 'tasks', 'run', 'parallel_runs', 'task_4', 'scheduled__2022-06-05T00:00:00+00:00', '--job-id', '21', '--raw', '--subdir', 'DAGS_FOLDER/parallel_runs.py', '--cfg-path', '/tmp/tmptdicy7f0', '--error-file', '/tmp/tmpuvxcwrvi']
[2022-06-06 10:10:25,451] {standard_task_runner.py:80} INFO - Job 21: Subtask task_4
[2022-06-06 10:10:25,623] {task_command.py:370} INFO - Running <TaskInstance: parallel_runs.task_4 scheduled__2022-06-05T00:00:00+00:00 [running]> on host TIGER0990.tigeranalytics.local
[2022-06-06 10:10:25,813] {taskinstance.py:1570} INFO - Exporting the following env vars:
AIRFLOW_CTX_DAG_OWNER=airflow
AIRFLOW_CTX_DAG_ID=parallel_runs
AIRFLOW_CTX_TASK_ID=task_4
AIRFLOW_CTX_EXECUTION_DATE=2022-06-05T00:00:00+00:00
AIRFLOW_CTX_TRY_NUMBER=1
AIRFLOW_CTX_DAG_RUN_ID=scheduled__2022-06-05T00:00:00+00:00
[2022-06-06 10:10:25,813] {subprocess.py:62} INFO - Tmp dir root location: 
 /tmp
[2022-06-06 10:10:25,814] {subprocess.py:74} INFO - Running command: ['bash', '-c', 'sleep 3']
[2022-06-06 10:10:25,844] {subprocess.py:85} INFO - Output:
[2022-06-06 10:10:28,855] {subprocess.py:96} INFO - Command exited with return code 0
[2022-06-06 10:10:28,965] {taskinstance.py:1396} INFO - Marking task as SUCCESS. dag_id=parallel_runs, task_id=task_4, execution_date=20220605T000000, start_date=20220606T044025, end_date=20220606T044028
[2022-06-06 10:10:28,991] {local_task_job.py:156} INFO - Task exited with return code 0
[2022-06-06 10:10:29,083] {local_task_job.py:273} INFO - 0 downstream tasks scheduled from follow-on schedule check
