[2022-06-06 15:01:23,747] {taskinstance.py:1160} INFO - Dependencies all met for <TaskInstance: xcom_dag.task_4 manual__2022-06-06T09:31:15.660440+00:00 [queued]>
[2022-06-06 15:01:23,757] {taskinstance.py:1160} INFO - Dependencies all met for <TaskInstance: xcom_dag.task_4 manual__2022-06-06T09:31:15.660440+00:00 [queued]>
[2022-06-06 15:01:23,757] {taskinstance.py:1357} INFO - 
--------------------------------------------------------------------------------
[2022-06-06 15:01:23,757] {taskinstance.py:1358} INFO - Starting attempt 1 of 1
[2022-06-06 15:01:23,757] {taskinstance.py:1359} INFO - 
--------------------------------------------------------------------------------
[2022-06-06 15:01:23,767] {taskinstance.py:1378} INFO - Executing <Task(PythonOperator): task_4> on 2022-06-06 09:31:15.660440+00:00
[2022-06-06 15:01:23,786] {standard_task_runner.py:52} INFO - Started process 11803 to run task
[2022-06-06 15:01:23,791] {standard_task_runner.py:79} INFO - Running: ['airflow', 'tasks', 'run', 'xcom_dag', 'task_4', 'manual__2022-06-06T09:31:15.660440+00:00', '--job-id', '46', '--raw', '--subdir', 'DAGS_FOLDER/xcom_dag.py', '--cfg-path', '/tmp/tmpzj7s5soh', '--error-file', '/tmp/tmp_furwpip']
[2022-06-06 15:01:23,793] {standard_task_runner.py:80} INFO - Job 46: Subtask task_4
[2022-06-06 15:01:24,004] {task_command.py:370} INFO - Running <TaskInstance: xcom_dag.task_4 manual__2022-06-06T09:31:15.660440+00:00 [running]> on host TIGER0990.tigeranalytics.local
[2022-06-06 15:01:24,252] {taskinstance.py:1570} INFO - Exporting the following env vars:
AIRFLOW_CTX_DAG_OWNER=airflow
AIRFLOW_CTX_DAG_ID=xcom_dag
AIRFLOW_CTX_TASK_ID=task_4
AIRFLOW_CTX_EXECUTION_DATE=2022-06-06T09:31:15.660440+00:00
AIRFLOW_CTX_TRY_NUMBER=1
AIRFLOW_CTX_DAG_RUN_ID=manual__2022-06-06T09:31:15.660440+00:00
[2022-06-06 15:01:24,253] {logging_mixin.py:115} INFO - choose best model
[2022-06-06 15:01:24,314] {logging_mixin.py:115} INFO - [7.865669789931165, 6.506152983045616, 9.536901059771331]
[2022-06-06 15:01:24,314] {python.py:173} INFO - Done. Returned value was: None
[2022-06-06 15:01:24,390] {taskinstance.py:1396} INFO - Marking task as SUCCESS. dag_id=xcom_dag, task_id=task_4, execution_date=20220606T093115, start_date=20220606T093123, end_date=20220606T093124
[2022-06-06 15:01:24,410] {local_task_job.py:156} INFO - Task exited with return code 0
[2022-06-06 15:01:24,577] {local_task_job.py:273} INFO - 1 downstream tasks scheduled from follow-on schedule check
