[2022-06-06 12:38:47,306] {taskinstance.py:1160} INFO - Dependencies all met for <TaskInstance: xcom_dag.task_4 manual__2022-06-06T07:08:39.221814+00:00 [queued]>
[2022-06-06 12:38:47,317] {taskinstance.py:1160} INFO - Dependencies all met for <TaskInstance: xcom_dag.task_4 manual__2022-06-06T07:08:39.221814+00:00 [queued]>
[2022-06-06 12:38:47,318] {taskinstance.py:1357} INFO - 
--------------------------------------------------------------------------------
[2022-06-06 12:38:47,318] {taskinstance.py:1358} INFO - Starting attempt 1 of 1
[2022-06-06 12:38:47,318] {taskinstance.py:1359} INFO - 
--------------------------------------------------------------------------------
[2022-06-06 12:38:47,332] {taskinstance.py:1378} INFO - Executing <Task(PythonOperator): task_4> on 2022-06-06 07:08:39.221814+00:00
[2022-06-06 12:38:47,358] {standard_task_runner.py:52} INFO - Started process 21374 to run task
[2022-06-06 12:38:47,366] {standard_task_runner.py:79} INFO - Running: ['airflow', 'tasks', 'run', 'xcom_dag', 'task_4', 'manual__2022-06-06T07:08:39.221814+00:00', '--job-id', '36', '--raw', '--subdir', 'DAGS_FOLDER/xcom_dag.py', '--cfg-path', '/tmp/tmpsv1vvgwt', '--error-file', '/tmp/tmp6q2cs33e']
[2022-06-06 12:38:47,370] {standard_task_runner.py:80} INFO - Job 36: Subtask task_4
[2022-06-06 12:38:47,614] {task_command.py:370} INFO - Running <TaskInstance: xcom_dag.task_4 manual__2022-06-06T07:08:39.221814+00:00 [running]> on host TIGER0990.tigeranalytics.local
[2022-06-06 12:38:47,823] {taskinstance.py:1570} INFO - Exporting the following env vars:
AIRFLOW_CTX_DAG_OWNER=airflow
AIRFLOW_CTX_DAG_ID=xcom_dag
AIRFLOW_CTX_TASK_ID=task_4
AIRFLOW_CTX_EXECUTION_DATE=2022-06-06T07:08:39.221814+00:00
AIRFLOW_CTX_TRY_NUMBER=1
AIRFLOW_CTX_DAG_RUN_ID=manual__2022-06-06T07:08:39.221814+00:00
[2022-06-06 12:38:47,824] {logging_mixin.py:115} INFO - choose best model
[2022-06-06 12:38:47,878] {logging_mixin.py:115} INFO - [9.168193680664668, 4.873136873838159, 8.917388057302235]
[2022-06-06 12:38:47,879] {python.py:173} INFO - Done. Returned value was: None
[2022-06-06 12:38:47,959] {taskinstance.py:1396} INFO - Marking task as SUCCESS. dag_id=xcom_dag, task_id=task_4, execution_date=20220606T070839, start_date=20220606T070847, end_date=20220606T070847
[2022-06-06 12:38:47,981] {local_task_job.py:156} INFO - Task exited with return code 0
[2022-06-06 12:38:48,146] {local_task_job.py:273} INFO - 0 downstream tasks scheduled from follow-on schedule check
