[2022-06-06 15:21:50,281] {taskinstance.py:1160} INFO - Dependencies all met for <TaskInstance: xcom_dag.processing_tasks.training_model_a manual__2022-06-06T09:51:44.665929+00:00 [queued]>
[2022-06-06 15:21:50,294] {taskinstance.py:1160} INFO - Dependencies all met for <TaskInstance: xcom_dag.processing_tasks.training_model_a manual__2022-06-06T09:51:44.665929+00:00 [queued]>
[2022-06-06 15:21:50,294] {taskinstance.py:1357} INFO - 
--------------------------------------------------------------------------------
[2022-06-06 15:21:50,295] {taskinstance.py:1358} INFO - Starting attempt 1 of 1
[2022-06-06 15:21:50,295] {taskinstance.py:1359} INFO - 
--------------------------------------------------------------------------------
[2022-06-06 15:21:50,310] {taskinstance.py:1378} INFO - Executing <Task(PythonOperator): processing_tasks.training_model_a> on 2022-06-06 09:51:44.665929+00:00
[2022-06-06 15:21:50,336] {standard_task_runner.py:52} INFO - Started process 5557 to run task
[2022-06-06 15:21:50,344] {standard_task_runner.py:79} INFO - Running: ['airflow', 'tasks', 'run', 'xcom_dag', 'processing_tasks.training_model_a', 'manual__2022-06-06T09:51:44.665929+00:00', '--job-id', '66', '--raw', '--subdir', 'DAGS_FOLDER/xcom_dag.py', '--cfg-path', '/tmp/tmpkt_qur6p', '--error-file', '/tmp/tmp_wlh4iid']
[2022-06-06 15:21:50,347] {standard_task_runner.py:80} INFO - Job 66: Subtask processing_tasks.training_model_a
[2022-06-06 15:21:50,715] {task_command.py:370} INFO - Running <TaskInstance: xcom_dag.processing_tasks.training_model_a manual__2022-06-06T09:51:44.665929+00:00 [running]> on host TIGER0990.tigeranalytics.local
[2022-06-06 15:21:51,163] {taskinstance.py:1570} INFO - Exporting the following env vars:
AIRFLOW_CTX_DAG_OWNER=airflow
AIRFLOW_CTX_DAG_ID=xcom_dag
AIRFLOW_CTX_TASK_ID=processing_tasks.training_model_a
AIRFLOW_CTX_EXECUTION_DATE=2022-06-06T09:51:44.665929+00:00
AIRFLOW_CTX_TRY_NUMBER=1
AIRFLOW_CTX_DAG_RUN_ID=manual__2022-06-06T09:51:44.665929+00:00
[2022-06-06 15:21:51,164] {logging_mixin.py:115} INFO - model's accuracy: 6.117139336234192
[2022-06-06 15:21:51,321] {python.py:173} INFO - Done. Returned value was: None
[2022-06-06 15:21:51,456] {taskinstance.py:1396} INFO - Marking task as SUCCESS. dag_id=xcom_dag, task_id=processing_tasks.training_model_a, execution_date=20220606T095144, start_date=20220606T095150, end_date=20220606T095151
[2022-06-06 15:21:51,488] {local_task_job.py:156} INFO - Task exited with return code 0
[2022-06-06 15:21:51,738] {local_task_job.py:273} INFO - 0 downstream tasks scheduled from follow-on schedule check
