[2022-06-09 19:13:13,371] {taskinstance.py:1160} INFO - Dependencies all met for <TaskInstance: xcom_dag.choose_model scheduled__2022-06-08T00:00:00+00:00 [queued]>
[2022-06-09 19:13:13,385] {taskinstance.py:1160} INFO - Dependencies all met for <TaskInstance: xcom_dag.choose_model scheduled__2022-06-08T00:00:00+00:00 [queued]>
[2022-06-09 19:13:13,385] {taskinstance.py:1357} INFO - 
--------------------------------------------------------------------------------
[2022-06-09 19:13:13,385] {taskinstance.py:1358} INFO - Starting attempt 1 of 1
[2022-06-09 19:13:13,386] {taskinstance.py:1359} INFO - 
--------------------------------------------------------------------------------
[2022-06-09 19:13:13,404] {taskinstance.py:1378} INFO - Executing <Task(BranchPythonOperator): choose_model> on 2022-06-08 00:00:00+00:00
[2022-06-09 19:13:13,481] {standard_task_runner.py:52} INFO - Started process 28379 to run task
[2022-06-09 19:13:13,487] {standard_task_runner.py:79} INFO - Running: ['airflow', 'tasks', 'run', 'xcom_dag', 'choose_model', 'scheduled__2022-06-08T00:00:00+00:00', '--job-id', '84', '--raw', '--subdir', 'DAGS_FOLDER/xcom_dag.py', '--cfg-path', '/tmp/tmpp41omx7t', '--error-file', '/tmp/tmp398t3tn8']
[2022-06-09 19:13:13,490] {standard_task_runner.py:80} INFO - Job 84: Subtask choose_model
[2022-06-09 19:13:13,792] {task_command.py:370} INFO - Running <TaskInstance: xcom_dag.choose_model scheduled__2022-06-08T00:00:00+00:00 [running]> on host TIGER0990.tigeranalytics.local
[2022-06-09 19:13:14,182] {taskinstance.py:1570} INFO - Exporting the following env vars:
AIRFLOW_CTX_DAG_OWNER=airflow
AIRFLOW_CTX_DAG_ID=xcom_dag
AIRFLOW_CTX_TASK_ID=choose_model
AIRFLOW_CTX_EXECUTION_DATE=2022-06-08T00:00:00+00:00
AIRFLOW_CTX_TRY_NUMBER=1
AIRFLOW_CTX_DAG_RUN_ID=scheduled__2022-06-08T00:00:00+00:00
[2022-06-09 19:13:14,184] {logging_mixin.py:115} INFO - choose best model
[2022-06-09 19:13:14,300] {python.py:173} INFO - Done. Returned value was: accurate
[2022-06-09 19:13:14,300] {skipmixin.py:140} INFO - Following branch accurate
[2022-06-09 19:13:14,301] {skipmixin.py:175} INFO - Skipping tasks ['inaccurate']
[2022-06-09 19:13:14,752] {taskinstance.py:1396} INFO - Marking task as SUCCESS. dag_id=xcom_dag, task_id=choose_model, execution_date=20220608T000000, start_date=20220609T134313, end_date=20220609T134314
[2022-06-09 19:13:14,800] {local_task_job.py:156} INFO - Task exited with return code 0
[2022-06-09 19:13:15,013] {local_task_job.py:273} INFO - 0 downstream tasks scheduled from follow-on schedule check
