[2022-05-31 11:22:03,090] {taskinstance.py:1160} INFO - Dependencies all met for <TaskInstance: example_bash_operator.runme_0 scheduled__2022-05-30T00:00:00+00:00 [queued]>
[2022-05-31 11:22:03,100] {taskinstance.py:1160} INFO - Dependencies all met for <TaskInstance: example_bash_operator.runme_0 scheduled__2022-05-30T00:00:00+00:00 [queued]>
[2022-05-31 11:22:03,100] {taskinstance.py:1357} INFO - 
--------------------------------------------------------------------------------
[2022-05-31 11:22:03,101] {taskinstance.py:1358} INFO - Starting attempt 1 of 1
[2022-05-31 11:22:03,101] {taskinstance.py:1359} INFO - 
--------------------------------------------------------------------------------
[2022-05-31 11:22:03,118] {taskinstance.py:1378} INFO - Executing <Task(BashOperator): runme_0> on 2022-05-30 00:00:00+00:00
[2022-05-31 11:22:03,134] {standard_task_runner.py:52} INFO - Started process 838 to run task
[2022-05-31 11:22:03,139] {standard_task_runner.py:79} INFO - Running: ['airflow', 'tasks', 'run', 'example_bash_operator', 'runme_0', 'scheduled__2022-05-30T00:00:00+00:00', '--job-id', '2', '--raw', '--subdir', '/home/smita/miniconda3/lib/python3.8/site-packages/airflow/example_dags/example_bash_operator.py', '--cfg-path', '/tmp/tmpwxj80w7y', '--error-file', '/tmp/tmpfcn8d1cx']
[2022-05-31 11:22:03,140] {standard_task_runner.py:80} INFO - Job 2: Subtask runme_0
[2022-05-31 11:22:03,187] {task_command.py:370} INFO - Running <TaskInstance: example_bash_operator.runme_0 scheduled__2022-05-30T00:00:00+00:00 [running]> on host TIGER0990.tigeranalytics.local
[2022-05-31 11:22:03,240] {taskinstance.py:1570} INFO - Exporting the following env vars:
AIRFLOW_CTX_DAG_OWNER=airflow
AIRFLOW_CTX_DAG_ID=example_bash_operator
AIRFLOW_CTX_TASK_ID=runme_0
AIRFLOW_CTX_EXECUTION_DATE=2022-05-30T00:00:00+00:00
AIRFLOW_CTX_TRY_NUMBER=1
AIRFLOW_CTX_DAG_RUN_ID=scheduled__2022-05-30T00:00:00+00:00
[2022-05-31 11:22:03,240] {subprocess.py:62} INFO - Tmp dir root location: 
 /tmp
[2022-05-31 11:22:03,241] {subprocess.py:74} INFO - Running command: ['bash', '-c', 'echo "example_bash_operator__runme_0__20220530" && sleep 1']
[2022-05-31 11:22:03,263] {subprocess.py:85} INFO - Output:
[2022-05-31 11:22:03,268] {subprocess.py:92} INFO - example_bash_operator__runme_0__20220530
[2022-05-31 11:22:04,283] {subprocess.py:96} INFO - Command exited with return code 0
[2022-05-31 11:22:04,319] {taskinstance.py:1396} INFO - Marking task as SUCCESS. dag_id=example_bash_operator, task_id=runme_0, execution_date=20220530T000000, start_date=20220531T055203, end_date=20220531T055204
[2022-05-31 11:22:04,368] {local_task_job.py:156} INFO - Task exited with return code 0
[2022-05-31 11:22:04,388] {local_task_job.py:273} INFO - 0 downstream tasks scheduled from follow-on schedule check
