[2022-06-06 12:25:33,851] {taskinstance.py:1160} INFO - Dependencies all met for <TaskInstance: xcom_dag.processing_tasks.training_model_a scheduled__2022-06-05T00:00:00+00:00 [queued]>
[2022-06-06 12:25:33,864] {taskinstance.py:1160} INFO - Dependencies all met for <TaskInstance: xcom_dag.processing_tasks.training_model_a scheduled__2022-06-05T00:00:00+00:00 [queued]>
[2022-06-06 12:25:33,864] {taskinstance.py:1357} INFO - 
--------------------------------------------------------------------------------
[2022-06-06 12:25:33,864] {taskinstance.py:1358} INFO - Starting attempt 1 of 1
[2022-06-06 12:25:33,864] {taskinstance.py:1359} INFO - 
--------------------------------------------------------------------------------
[2022-06-06 12:25:33,882] {taskinstance.py:1378} INFO - Executing <Task(PythonOperator): processing_tasks.training_model_a> on 2022-06-05 00:00:00+00:00
[2022-06-06 12:25:33,910] {standard_task_runner.py:52} INFO - Started process 658 to run task
[2022-06-06 12:25:33,918] {standard_task_runner.py:79} INFO - Running: ['airflow', 'tasks', 'run', 'xcom_dag', 'processing_tasks.training_model_a', 'scheduled__2022-06-05T00:00:00+00:00', '--job-id', '23', '--raw', '--subdir', 'DAGS_FOLDER/xcom_dag.py', '--cfg-path', '/tmp/tmp5h6l4w4z', '--error-file', '/tmp/tmpt8dcm0kr']
[2022-06-06 12:25:33,921] {standard_task_runner.py:80} INFO - Job 23: Subtask processing_tasks.training_model_a
[2022-06-06 12:25:34,253] {task_command.py:370} INFO - Running <TaskInstance: xcom_dag.processing_tasks.training_model_a scheduled__2022-06-05T00:00:00+00:00 [running]> on host TIGER0990.tigeranalytics.local
[2022-06-06 12:25:34,657] {taskinstance.py:1570} INFO - Exporting the following env vars:
AIRFLOW_CTX_DAG_OWNER=airflow
AIRFLOW_CTX_DAG_ID=xcom_dag
AIRFLOW_CTX_TASK_ID=processing_tasks.training_model_a
AIRFLOW_CTX_EXECUTION_DATE=2022-06-05T00:00:00+00:00
AIRFLOW_CTX_TRY_NUMBER=1
AIRFLOW_CTX_DAG_RUN_ID=scheduled__2022-06-05T00:00:00+00:00
[2022-06-06 12:25:34,659] {logging_mixin.py:115} INFO - model's accuracy: 8.324432474527892
[2022-06-06 12:25:34,659] {python.py:173} INFO - Done. Returned value was: 8.324432474527892
[2022-06-06 12:25:34,943] {taskinstance.py:1396} INFO - Marking task as SUCCESS. dag_id=xcom_dag, task_id=processing_tasks.training_model_a, execution_date=20220605T000000, start_date=20220606T065533, end_date=20220606T065534
[2022-06-06 12:25:34,984] {local_task_job.py:156} INFO - Task exited with return code 0
[2022-06-06 12:25:35,180] {local_task_job.py:273} INFO - 1 downstream tasks scheduled from follow-on schedule check
