[2022-06-01 20:03:34,301] {taskinstance.py:1160} INFO - Dependencies all met for <TaskInstance: user_processing.extract_users scheduled__2022-05-31T00:00:00+00:00 [queued]>
[2022-06-01 20:03:34,307] {taskinstance.py:1160} INFO - Dependencies all met for <TaskInstance: user_processing.extract_users scheduled__2022-05-31T00:00:00+00:00 [queued]>
[2022-06-01 20:03:34,307] {taskinstance.py:1357} INFO - 
--------------------------------------------------------------------------------
[2022-06-01 20:03:34,307] {taskinstance.py:1358} INFO - Starting attempt 1 of 1
[2022-06-01 20:03:34,308] {taskinstance.py:1359} INFO - 
--------------------------------------------------------------------------------
[2022-06-01 20:03:34,317] {taskinstance.py:1378} INFO - Executing <Task(SimpleHttpOperator): extract_users> on 2022-05-31 00:00:00+00:00
[2022-06-01 20:03:34,336] {standard_task_runner.py:52} INFO - Started process 11728 to run task
[2022-06-01 20:03:34,341] {standard_task_runner.py:79} INFO - Running: ['airflow', 'tasks', 'run', 'user_processing', 'extract_users', 'scheduled__2022-05-31T00:00:00+00:00', '--job-id', '17', '--raw', '--subdir', 'DAGS_FOLDER/user_processing.py', '--cfg-path', '/tmp/tmphz20_fne', '--error-file', '/tmp/tmp7hjrhb4v']
[2022-06-01 20:03:34,342] {standard_task_runner.py:80} INFO - Job 17: Subtask extract_users
[2022-06-01 20:03:34,375] {task_command.py:370} INFO - Running <TaskInstance: user_processing.extract_users scheduled__2022-05-31T00:00:00+00:00 [running]> on host TIGER0990.tigeranalytics.local
[2022-06-01 20:03:34,409] {taskinstance.py:1570} INFO - Exporting the following env vars:
AIRFLOW_CTX_DAG_OWNER=airflow
AIRFLOW_CTX_DAG_ID=user_processing
AIRFLOW_CTX_TASK_ID=extract_users
AIRFLOW_CTX_EXECUTION_DATE=2022-05-31T00:00:00+00:00
AIRFLOW_CTX_TRY_NUMBER=1
AIRFLOW_CTX_DAG_RUN_ID=scheduled__2022-05-31T00:00:00+00:00
[2022-06-01 20:03:34,410] {http.py:102} INFO - Calling HTTP method
[2022-06-01 20:03:34,414] {base.py:68} INFO - Using connection ID 'user_api' for task execution.
[2022-06-01 20:03:34,415] {http.py:129} INFO - Sending 'GET' to url: https://randomuser.me/api/
[2022-06-01 20:03:35,015] {http.py:106} INFO - {"results":[{"gender":"female","name":{"title":"Ms","first":"Martha","last":"Bohr"},"location":{"street":{"number":5524,"name":"Brunnenstraße"},"city":"Meisenheim","state":"Sachsen","country":"Germany","postcode":64303,"coordinates":{"latitude":"-42.2976","longitude":"92.6486"},"timezone":{"offset":"+4:30","description":"Kabul"}},"email":"martha.bohr@example.com","login":{"uuid":"b1ba828c-9f6a-497c-b328-5ef963761868","username":"lazygoose919","password":"bigmac","salt":"7zPKEUom","md5":"323fc239f4187d1fc5bae29c781311ab","sha1":"e4dbec61d2483fcc5a1dc243a9dcf1e060677c84","sha256":"e7fb8c7cfa73eaddc79e2d878d38cbe79d8b7e8ed8dd597ac429cf2a0fbc10c7"},"dob":{"date":"1998-01-02T00:46:58.568Z","age":24},"registered":{"date":"2013-01-06T21:33:28.262Z","age":9},"phone":"0243-1545995","cell":"0170-5348724","id":{"name":"","value":null},"picture":{"large":"https://randomuser.me/api/portraits/women/39.jpg","medium":"https://randomuser.me/api/portraits/med/women/39.jpg","thumbnail":"https://randomuser.me/api/portraits/thumb/women/39.jpg"},"nat":"DE"}],"info":{"seed":"5eb70216ce880de4","results":1,"page":1,"version":"1.3"}}
[2022-06-01 20:03:35,036] {taskinstance.py:1396} INFO - Marking task as SUCCESS. dag_id=user_processing, task_id=extract_users, execution_date=20220531T000000, start_date=20220601T143334, end_date=20220601T143335
[2022-06-01 20:03:35,046] {local_task_job.py:156} INFO - Task exited with return code 0
[2022-06-01 20:03:35,073] {local_task_job.py:273} INFO - 1 downstream tasks scheduled from follow-on schedule check
