[2022-06-06 15:22:35,501] {taskinstance.py:1160} INFO - Dependencies all met for <TaskInstance: xcom_dag.processing_tasks.training_model_b manual__2022-06-06T09:52:30.026071+00:00 [queued]>
[2022-06-06 15:22:35,514] {taskinstance.py:1160} INFO - Dependencies all met for <TaskInstance: xcom_dag.processing_tasks.training_model_b manual__2022-06-06T09:52:30.026071+00:00 [queued]>
[2022-06-06 15:22:35,515] {taskinstance.py:1357} INFO - 
--------------------------------------------------------------------------------
[2022-06-06 15:22:35,515] {taskinstance.py:1358} INFO - Starting attempt 1 of 1
[2022-06-06 15:22:35,515] {taskinstance.py:1359} INFO - 
--------------------------------------------------------------------------------
[2022-06-06 15:22:35,528] {taskinstance.py:1378} INFO - Executing <Task(PythonOperator): processing_tasks.training_model_b> on 2022-06-06 09:52:30.026071+00:00
[2022-06-06 15:22:35,553] {standard_task_runner.py:52} INFO - Started process 8923 to run task
[2022-06-06 15:22:35,560] {standard_task_runner.py:79} INFO - Running: ['airflow', 'tasks', 'run', 'xcom_dag', 'processing_tasks.training_model_b', 'manual__2022-06-06T09:52:30.026071+00:00', '--job-id', '71', '--raw', '--subdir', 'DAGS_FOLDER/xcom_dag.py', '--cfg-path', '/tmp/tmpid2rujby', '--error-file', '/tmp/tmpweda6xkq']
[2022-06-06 15:22:35,562] {standard_task_runner.py:80} INFO - Job 71: Subtask processing_tasks.training_model_b
[2022-06-06 15:22:35,911] {task_command.py:370} INFO - Running <TaskInstance: xcom_dag.processing_tasks.training_model_b manual__2022-06-06T09:52:30.026071+00:00 [running]> on host TIGER0990.tigeranalytics.local
[2022-06-06 15:22:36,320] {taskinstance.py:1570} INFO - Exporting the following env vars:
AIRFLOW_CTX_DAG_OWNER=airflow
AIRFLOW_CTX_DAG_ID=xcom_dag
AIRFLOW_CTX_TASK_ID=processing_tasks.training_model_b
AIRFLOW_CTX_EXECUTION_DATE=2022-06-06T09:52:30.026071+00:00
AIRFLOW_CTX_TRY_NUMBER=1
AIRFLOW_CTX_DAG_RUN_ID=manual__2022-06-06T09:52:30.026071+00:00
[2022-06-06 15:22:36,321] {logging_mixin.py:115} INFO - model's accuracy: 2.2650809876019085
[2022-06-06 15:22:36,459] {python.py:173} INFO - Done. Returned value was: None
[2022-06-06 15:22:36,621] {taskinstance.py:1396} INFO - Marking task as SUCCESS. dag_id=xcom_dag, task_id=processing_tasks.training_model_b, execution_date=20220606T095230, start_date=20220606T095235, end_date=20220606T095236
[2022-06-06 15:22:36,663] {local_task_job.py:156} INFO - Task exited with return code 0
[2022-06-06 15:22:36,895] {local_task_job.py:273} INFO - 0 downstream tasks scheduled from follow-on schedule check
