[2022-06-10 09:20:59,717] {taskinstance.py:1160} INFO - Dependencies all met for <TaskInstance: xcom_dag.downloading_data scheduled__2022-06-09T00:00:00+00:00 [queued]>
[2022-06-10 09:20:59,746] {taskinstance.py:1160} INFO - Dependencies all met for <TaskInstance: xcom_dag.downloading_data scheduled__2022-06-09T00:00:00+00:00 [queued]>
[2022-06-10 09:20:59,746] {taskinstance.py:1357} INFO - 
--------------------------------------------------------------------------------
[2022-06-10 09:20:59,746] {taskinstance.py:1358} INFO - Starting attempt 1 of 1
[2022-06-10 09:20:59,747] {taskinstance.py:1359} INFO - 
--------------------------------------------------------------------------------
[2022-06-10 09:20:59,781] {taskinstance.py:1378} INFO - Executing <Task(BashOperator): downloading_data> on 2022-06-09 00:00:00+00:00
[2022-06-10 09:20:59,909] {standard_task_runner.py:52} INFO - Started process 19836 to run task
[2022-06-10 09:20:59,930] {standard_task_runner.py:79} INFO - Running: ['airflow', 'tasks', 'run', 'xcom_dag', 'downloading_data', 'scheduled__2022-06-09T00:00:00+00:00', '--job-id', '87', '--raw', '--subdir', 'DAGS_FOLDER/xcom_dag.py', '--cfg-path', '/tmp/tmphx76zz9p', '--error-file', '/tmp/tmpzcbnbxra']
[2022-06-10 09:20:59,936] {standard_task_runner.py:80} INFO - Job 87: Subtask downloading_data
[2022-06-10 09:21:00,501] {task_command.py:370} INFO - Running <TaskInstance: xcom_dag.downloading_data scheduled__2022-06-09T00:00:00+00:00 [running]> on host TIGER0990.tigeranalytics.local
[2022-06-10 09:21:01,126] {taskinstance.py:1570} INFO - Exporting the following env vars:
AIRFLOW_CTX_DAG_OWNER=airflow
AIRFLOW_CTX_DAG_ID=xcom_dag
AIRFLOW_CTX_TASK_ID=downloading_data
AIRFLOW_CTX_EXECUTION_DATE=2022-06-09T00:00:00+00:00
AIRFLOW_CTX_TRY_NUMBER=1
AIRFLOW_CTX_DAG_RUN_ID=scheduled__2022-06-09T00:00:00+00:00
[2022-06-10 09:21:01,128] {subprocess.py:62} INFO - Tmp dir root location: 
 /tmp
[2022-06-10 09:21:01,129] {subprocess.py:74} INFO - Running command: ['bash', '-c', 'sleep 3']
[2022-06-10 09:21:01,356] {subprocess.py:85} INFO - Output:
[2022-06-10 09:21:04,416] {subprocess.py:96} INFO - Command exited with return code 0
[2022-06-10 09:21:04,556] {taskinstance.py:1396} INFO - Marking task as SUCCESS. dag_id=xcom_dag, task_id=downloading_data, execution_date=20220609T000000, start_date=20220610T035059, end_date=20220610T035104
[2022-06-10 09:21:04,644] {local_task_job.py:156} INFO - Task exited with return code 0
[2022-06-10 09:21:06,244] {local_task_job.py:273} INFO - 3 downstream tasks scheduled from follow-on schedule check
