[2022-06-15 13:33:10,090] {taskinstance.py:1160} INFO - Dependencies all met for <TaskInstance: xcom_dag.downloading_data scheduled__2022-06-14T00:00:00+00:00 [queued]>
[2022-06-15 13:33:10,119] {taskinstance.py:1160} INFO - Dependencies all met for <TaskInstance: xcom_dag.downloading_data scheduled__2022-06-14T00:00:00+00:00 [queued]>
[2022-06-15 13:33:10,120] {taskinstance.py:1357} INFO - 
--------------------------------------------------------------------------------
[2022-06-15 13:33:10,120] {taskinstance.py:1358} INFO - Starting attempt 1 of 1
[2022-06-15 13:33:10,120] {taskinstance.py:1359} INFO - 
--------------------------------------------------------------------------------
[2022-06-15 13:33:10,153] {taskinstance.py:1378} INFO - Executing <Task(BashOperator): downloading_data> on 2022-06-14 00:00:00+00:00
[2022-06-15 13:33:10,202] {standard_task_runner.py:52} INFO - Started process 30084 to run task
[2022-06-15 13:33:10,215] {standard_task_runner.py:79} INFO - Running: ['airflow', 'tasks', 'run', 'xcom_dag', 'downloading_data', 'scheduled__2022-06-14T00:00:00+00:00', '--job-id', '95', '--raw', '--subdir', 'DAGS_FOLDER/xcom_dag.py', '--cfg-path', '/tmp/tmp47geqcsu', '--error-file', '/tmp/tmp7ps6uroh']
[2022-06-15 13:33:10,219] {standard_task_runner.py:80} INFO - Job 95: Subtask downloading_data
[2022-06-15 13:33:10,484] {task_command.py:370} INFO - Running <TaskInstance: xcom_dag.downloading_data scheduled__2022-06-14T00:00:00+00:00 [running]> on host TIGER0990.tigeranalytics.local
[2022-06-15 13:33:10,786] {taskinstance.py:1570} INFO - Exporting the following env vars:
AIRFLOW_CTX_DAG_OWNER=airflow
AIRFLOW_CTX_DAG_ID=xcom_dag
AIRFLOW_CTX_TASK_ID=downloading_data
AIRFLOW_CTX_EXECUTION_DATE=2022-06-14T00:00:00+00:00
AIRFLOW_CTX_TRY_NUMBER=1
AIRFLOW_CTX_DAG_RUN_ID=scheduled__2022-06-14T00:00:00+00:00
[2022-06-15 13:33:10,787] {subprocess.py:62} INFO - Tmp dir root location: 
 /tmp
[2022-06-15 13:33:10,788] {subprocess.py:74} INFO - Running command: ['bash', '-c', 'sleep 3']
[2022-06-15 13:33:10,845] {subprocess.py:85} INFO - Output:
[2022-06-15 13:33:13,867] {subprocess.py:96} INFO - Command exited with return code 0
[2022-06-15 13:33:13,917] {taskinstance.py:1396} INFO - Marking task as SUCCESS. dag_id=xcom_dag, task_id=downloading_data, execution_date=20220614T000000, start_date=20220615T080310, end_date=20220615T080313
[2022-06-15 13:33:13,950] {local_task_job.py:156} INFO - Task exited with return code 0
[2022-06-15 13:33:14,052] {local_task_job.py:273} INFO - 3 downstream tasks scheduled from follow-on schedule check
