[2022-06-06 15:01:25,605] {taskinstance.py:1160} INFO - Dependencies all met for <TaskInstance: xcom_dag.is_accurate manual__2022-06-06T09:31:15.660440+00:00 [queued]>
[2022-06-06 15:01:25,612] {taskinstance.py:1160} INFO - Dependencies all met for <TaskInstance: xcom_dag.is_accurate manual__2022-06-06T09:31:15.660440+00:00 [queued]>
[2022-06-06 15:01:25,612] {taskinstance.py:1357} INFO - 
--------------------------------------------------------------------------------
[2022-06-06 15:01:25,612] {taskinstance.py:1358} INFO - Starting attempt 1 of 1
[2022-06-06 15:01:25,613] {taskinstance.py:1359} INFO - 
--------------------------------------------------------------------------------
[2022-06-06 15:01:25,622] {taskinstance.py:1378} INFO - Executing <Task(BranchPythonOperator): is_accurate> on 2022-06-06 09:31:15.660440+00:00
[2022-06-06 15:01:25,640] {standard_task_runner.py:52} INFO - Started process 11936 to run task
[2022-06-06 15:01:25,645] {standard_task_runner.py:79} INFO - Running: ['airflow', 'tasks', 'run', 'xcom_dag', 'is_accurate', 'manual__2022-06-06T09:31:15.660440+00:00', '--job-id', '47', '--raw', '--subdir', 'DAGS_FOLDER/xcom_dag.py', '--cfg-path', '/tmp/tmp4k951il8', '--error-file', '/tmp/tmpsp7w8j2b']
[2022-06-06 15:01:25,647] {standard_task_runner.py:80} INFO - Job 47: Subtask is_accurate
[2022-06-06 15:01:25,827] {task_command.py:370} INFO - Running <TaskInstance: xcom_dag.is_accurate manual__2022-06-06T09:31:15.660440+00:00 [running]> on host TIGER0990.tigeranalytics.local
[2022-06-06 15:01:26,075] {taskinstance.py:1570} INFO - Exporting the following env vars:
AIRFLOW_CTX_DAG_OWNER=airflow
AIRFLOW_CTX_DAG_ID=xcom_dag
AIRFLOW_CTX_TASK_ID=is_accurate
AIRFLOW_CTX_EXECUTION_DATE=2022-06-06T09:31:15.660440+00:00
AIRFLOW_CTX_TRY_NUMBER=1
AIRFLOW_CTX_DAG_RUN_ID=manual__2022-06-06T09:31:15.660440+00:00
[2022-06-06 15:01:26,076] {python.py:173} INFO - Done. Returned value was: accurate
[2022-06-06 15:01:26,076] {skipmixin.py:140} INFO - Following branch accurate
[2022-06-06 15:01:26,076] {skipmixin.py:175} INFO - Skipping tasks ['inaccurate']
[2022-06-06 15:01:26,293] {taskinstance.py:1396} INFO - Marking task as SUCCESS. dag_id=xcom_dag, task_id=is_accurate, execution_date=20220606T093115, start_date=20220606T093125, end_date=20220606T093126
[2022-06-06 15:01:26,306] {local_task_job.py:156} INFO - Task exited with return code 0
[2022-06-06 15:01:26,414] {local_task_job.py:273} INFO - 0 downstream tasks scheduled from follow-on schedule check
