[2022-06-06 10:09:25,749] {taskinstance.py:1160} INFO - Dependencies all met for <TaskInstance: parallel_runs.processing_tasks.task_3 scheduled__2022-06-05T00:00:00+00:00 [queued]>
[2022-06-06 10:09:25,761] {taskinstance.py:1160} INFO - Dependencies all met for <TaskInstance: parallel_runs.processing_tasks.task_3 scheduled__2022-06-05T00:00:00+00:00 [queued]>
[2022-06-06 10:09:25,761] {taskinstance.py:1357} INFO - 
--------------------------------------------------------------------------------
[2022-06-06 10:09:25,761] {taskinstance.py:1358} INFO - Starting attempt 1 of 1
[2022-06-06 10:09:25,761] {taskinstance.py:1359} INFO - 
--------------------------------------------------------------------------------
[2022-06-06 10:09:25,775] {taskinstance.py:1378} INFO - Executing <Task(BashOperator): task_3> on 2022-06-05 00:00:00+00:00
[2022-06-06 10:09:25,797] {standard_task_runner.py:52} INFO - Started process 8886 to run task
[2022-06-06 10:09:25,803] {standard_task_runner.py:79} INFO - Running: ['airflow', 'tasks', 'run', 'parallel_runs.processing_tasks', 'task_3', 'scheduled__2022-06-05T00:00:00+00:00', '--job-id', '20', '--raw', '--subdir', 'DAGS_FOLDER/parallel_runs.py', '--cfg-path', '/tmp/tmptlxmjt9g', '--error-file', '/tmp/tmpq8kkqjqi']
[2022-06-06 10:09:25,805] {standard_task_runner.py:80} INFO - Job 20: Subtask task_3
[2022-06-06 10:09:25,981] {task_command.py:370} INFO - Running <TaskInstance: parallel_runs.processing_tasks.task_3 scheduled__2022-06-05T00:00:00+00:00 [running]> on host TIGER0990.tigeranalytics.local
[2022-06-06 10:09:26,178] {taskinstance.py:1570} INFO - Exporting the following env vars:
AIRFLOW_CTX_DAG_OWNER=airflow
AIRFLOW_CTX_DAG_ID=parallel_runs.processing_tasks
AIRFLOW_CTX_TASK_ID=task_3
AIRFLOW_CTX_EXECUTION_DATE=2022-06-05T00:00:00+00:00
AIRFLOW_CTX_TRY_NUMBER=1
AIRFLOW_CTX_DAG_RUN_ID=scheduled__2022-06-05T00:00:00+00:00
[2022-06-06 10:09:26,178] {subprocess.py:62} INFO - Tmp dir root location: 
 /tmp
[2022-06-06 10:09:26,179] {subprocess.py:74} INFO - Running command: ['bash', '-c', 'sleep 3']
[2022-06-06 10:09:26,205] {subprocess.py:85} INFO - Output:
[2022-06-06 10:09:29,216] {subprocess.py:96} INFO - Command exited with return code 0
[2022-06-06 10:09:29,331] {taskinstance.py:1396} INFO - Marking task as SUCCESS. dag_id=parallel_runs.processing_tasks, task_id=task_3, execution_date=20220605T000000, start_date=20220606T043925, end_date=20220606T043929
[2022-06-06 10:09:29,377] {local_task_job.py:156} INFO - Task exited with return code 0
[2022-06-06 10:09:29,536] {local_task_job.py:273} INFO - 0 downstream tasks scheduled from follow-on schedule check
