[2022-06-06 15:21:45,842] {taskinstance.py:1160} INFO - Dependencies all met for <TaskInstance: xcom_dag.downloading_data manual__2022-06-06T09:51:44.665929+00:00 [queued]>
[2022-06-06 15:21:45,854] {taskinstance.py:1160} INFO - Dependencies all met for <TaskInstance: xcom_dag.downloading_data manual__2022-06-06T09:51:44.665929+00:00 [queued]>
[2022-06-06 15:21:45,854] {taskinstance.py:1357} INFO - 
--------------------------------------------------------------------------------
[2022-06-06 15:21:45,854] {taskinstance.py:1358} INFO - Starting attempt 1 of 1
[2022-06-06 15:21:45,854] {taskinstance.py:1359} INFO - 
--------------------------------------------------------------------------------
[2022-06-06 15:21:45,869] {taskinstance.py:1378} INFO - Executing <Task(BashOperator): downloading_data> on 2022-06-06 09:51:44.665929+00:00
[2022-06-06 15:21:45,892] {standard_task_runner.py:52} INFO - Started process 5254 to run task
[2022-06-06 15:21:45,899] {standard_task_runner.py:79} INFO - Running: ['airflow', 'tasks', 'run', 'xcom_dag', 'downloading_data', 'manual__2022-06-06T09:51:44.665929+00:00', '--job-id', '64', '--raw', '--subdir', 'DAGS_FOLDER/xcom_dag.py', '--cfg-path', '/tmp/tmpv4y9da2e', '--error-file', '/tmp/tmpr5wmrcxs']
[2022-06-06 15:21:45,902] {standard_task_runner.py:80} INFO - Job 64: Subtask downloading_data
[2022-06-06 15:21:46,115] {task_command.py:370} INFO - Running <TaskInstance: xcom_dag.downloading_data manual__2022-06-06T09:51:44.665929+00:00 [running]> on host TIGER0990.tigeranalytics.local
[2022-06-06 15:21:46,396] {taskinstance.py:1570} INFO - Exporting the following env vars:
AIRFLOW_CTX_DAG_OWNER=airflow
AIRFLOW_CTX_DAG_ID=xcom_dag
AIRFLOW_CTX_TASK_ID=downloading_data
AIRFLOW_CTX_EXECUTION_DATE=2022-06-06T09:51:44.665929+00:00
AIRFLOW_CTX_TRY_NUMBER=1
AIRFLOW_CTX_DAG_RUN_ID=manual__2022-06-06T09:51:44.665929+00:00
[2022-06-06 15:21:46,397] {subprocess.py:62} INFO - Tmp dir root location: 
 /tmp
[2022-06-06 15:21:46,398] {subprocess.py:74} INFO - Running command: ['bash', '-c', 'sleep 3']
[2022-06-06 15:21:46,429] {subprocess.py:85} INFO - Output:
[2022-06-06 15:21:49,444] {subprocess.py:96} INFO - Command exited with return code 0
[2022-06-06 15:21:49,539] {taskinstance.py:1396} INFO - Marking task as SUCCESS. dag_id=xcom_dag, task_id=downloading_data, execution_date=20220606T095144, start_date=20220606T095145, end_date=20220606T095149
[2022-06-06 15:21:49,557] {local_task_job.py:156} INFO - Task exited with return code 0
[2022-06-06 15:21:49,738] {local_task_job.py:273} INFO - 0 downstream tasks scheduled from follow-on schedule check
