[2022-06-06 15:01:21,693] {taskinstance.py:1160} INFO - Dependencies all met for <TaskInstance: xcom_dag.processing_tasks.training_model_c manual__2022-06-06T09:31:15.660440+00:00 [queued]>
[2022-06-06 15:01:21,702] {taskinstance.py:1160} INFO - Dependencies all met for <TaskInstance: xcom_dag.processing_tasks.training_model_c manual__2022-06-06T09:31:15.660440+00:00 [queued]>
[2022-06-06 15:01:21,703] {taskinstance.py:1357} INFO - 
--------------------------------------------------------------------------------
[2022-06-06 15:01:21,703] {taskinstance.py:1358} INFO - Starting attempt 1 of 1
[2022-06-06 15:01:21,703] {taskinstance.py:1359} INFO - 
--------------------------------------------------------------------------------
[2022-06-06 15:01:21,714] {taskinstance.py:1378} INFO - Executing <Task(PythonOperator): processing_tasks.training_model_c> on 2022-06-06 09:31:15.660440+00:00
[2022-06-06 15:01:21,736] {standard_task_runner.py:52} INFO - Started process 11656 to run task
[2022-06-06 15:01:21,743] {standard_task_runner.py:79} INFO - Running: ['airflow', 'tasks', 'run', 'xcom_dag', 'processing_tasks.training_model_c', 'manual__2022-06-06T09:31:15.660440+00:00', '--job-id', '44', '--raw', '--subdir', 'DAGS_FOLDER/xcom_dag.py', '--cfg-path', '/tmp/tmpqj304c8l', '--error-file', '/tmp/tmp5cr1ws6z']
[2022-06-06 15:01:21,745] {standard_task_runner.py:80} INFO - Job 44: Subtask processing_tasks.training_model_c
[2022-06-06 15:01:22,065] {task_command.py:370} INFO - Running <TaskInstance: xcom_dag.processing_tasks.training_model_c manual__2022-06-06T09:31:15.660440+00:00 [running]> on host TIGER0990.tigeranalytics.local
[2022-06-06 15:01:22,452] {taskinstance.py:1570} INFO - Exporting the following env vars:
AIRFLOW_CTX_DAG_OWNER=airflow
AIRFLOW_CTX_DAG_ID=xcom_dag
AIRFLOW_CTX_TASK_ID=processing_tasks.training_model_c
AIRFLOW_CTX_EXECUTION_DATE=2022-06-06T09:31:15.660440+00:00
AIRFLOW_CTX_TRY_NUMBER=1
AIRFLOW_CTX_DAG_RUN_ID=manual__2022-06-06T09:31:15.660440+00:00
[2022-06-06 15:01:22,453] {logging_mixin.py:115} INFO - model's accuracy: 9.536901059771331
[2022-06-06 15:01:22,580] {python.py:173} INFO - Done. Returned value was: None
[2022-06-06 15:01:22,714] {taskinstance.py:1396} INFO - Marking task as SUCCESS. dag_id=xcom_dag, task_id=processing_tasks.training_model_c, execution_date=20220606T093115, start_date=20220606T093121, end_date=20220606T093122
[2022-06-06 15:01:22,726] {local_task_job.py:156} INFO - Task exited with return code 0
[2022-06-06 15:01:22,954] {local_task_job.py:273} INFO - 0 downstream tasks scheduled from follow-on schedule check
