[2022-06-09 19:13:13,322] {taskinstance.py:1160} INFO - Dependencies all met for <TaskInstance: xcom_dag.choose_model scheduled__2022-06-06T00:00:00+00:00 [queued]>
[2022-06-09 19:13:13,333] {taskinstance.py:1160} INFO - Dependencies all met for <TaskInstance: xcom_dag.choose_model scheduled__2022-06-06T00:00:00+00:00 [queued]>
[2022-06-09 19:13:13,334] {taskinstance.py:1357} INFO - 
--------------------------------------------------------------------------------
[2022-06-09 19:13:13,334] {taskinstance.py:1358} INFO - Starting attempt 1 of 1
[2022-06-09 19:13:13,334] {taskinstance.py:1359} INFO - 
--------------------------------------------------------------------------------
[2022-06-09 19:13:13,348] {taskinstance.py:1378} INFO - Executing <Task(BranchPythonOperator): choose_model> on 2022-06-06 00:00:00+00:00
[2022-06-09 19:13:13,413] {standard_task_runner.py:52} INFO - Started process 28378 to run task
[2022-06-09 19:13:13,419] {standard_task_runner.py:79} INFO - Running: ['airflow', 'tasks', 'run', 'xcom_dag', 'choose_model', 'scheduled__2022-06-06T00:00:00+00:00', '--job-id', '83', '--raw', '--subdir', 'DAGS_FOLDER/xcom_dag.py', '--cfg-path', '/tmp/tmpefllebnj', '--error-file', '/tmp/tmpwxg9muqk']
[2022-06-09 19:13:13,422] {standard_task_runner.py:80} INFO - Job 83: Subtask choose_model
[2022-06-09 19:13:13,728] {task_command.py:370} INFO - Running <TaskInstance: xcom_dag.choose_model scheduled__2022-06-06T00:00:00+00:00 [running]> on host TIGER0990.tigeranalytics.local
[2022-06-09 19:13:14,125] {taskinstance.py:1570} INFO - Exporting the following env vars:
AIRFLOW_CTX_DAG_OWNER=airflow
AIRFLOW_CTX_DAG_ID=xcom_dag
AIRFLOW_CTX_TASK_ID=choose_model
AIRFLOW_CTX_EXECUTION_DATE=2022-06-06T00:00:00+00:00
AIRFLOW_CTX_TRY_NUMBER=1
AIRFLOW_CTX_DAG_RUN_ID=scheduled__2022-06-06T00:00:00+00:00
[2022-06-09 19:13:14,127] {logging_mixin.py:115} INFO - choose best model
[2022-06-09 19:13:14,244] {python.py:173} INFO - Done. Returned value was: accurate
[2022-06-09 19:13:14,245] {skipmixin.py:140} INFO - Following branch accurate
[2022-06-09 19:13:14,245] {skipmixin.py:175} INFO - Skipping tasks ['inaccurate']
[2022-06-09 19:13:14,717] {taskinstance.py:1396} INFO - Marking task as SUCCESS. dag_id=xcom_dag, task_id=choose_model, execution_date=20220606T000000, start_date=20220609T134313, end_date=20220609T134314
[2022-06-09 19:13:14,768] {local_task_job.py:156} INFO - Task exited with return code 0
[2022-06-09 19:13:14,969] {local_task_job.py:273} INFO - 0 downstream tasks scheduled from follow-on schedule check
