[2022-05-31 11:22:10,709] {taskinstance.py:1160} INFO - Dependencies all met for <TaskInstance: example_bash_operator.also_run_this scheduled__2022-05-30T00:00:00+00:00 [queued]>
[2022-05-31 11:22:10,716] {taskinstance.py:1160} INFO - Dependencies all met for <TaskInstance: example_bash_operator.also_run_this scheduled__2022-05-30T00:00:00+00:00 [queued]>
[2022-05-31 11:22:10,716] {taskinstance.py:1357} INFO - 
--------------------------------------------------------------------------------
[2022-05-31 11:22:10,717] {taskinstance.py:1358} INFO - Starting attempt 1 of 1
[2022-05-31 11:22:10,717] {taskinstance.py:1359} INFO - 
--------------------------------------------------------------------------------
[2022-05-31 11:22:10,734] {taskinstance.py:1378} INFO - Executing <Task(BashOperator): also_run_this> on 2022-05-30 00:00:00+00:00
[2022-05-31 11:22:10,746] {standard_task_runner.py:52} INFO - Started process 850 to run task
[2022-05-31 11:22:10,752] {standard_task_runner.py:79} INFO - Running: ['airflow', 'tasks', 'run', 'example_bash_operator', 'also_run_this', 'scheduled__2022-05-30T00:00:00+00:00', '--job-id', '5', '--raw', '--subdir', '/home/smita/miniconda3/lib/python3.8/site-packages/airflow/example_dags/example_bash_operator.py', '--cfg-path', '/tmp/tmp9wt_7ufx', '--error-file', '/tmp/tmpzf1t556i']
[2022-05-31 11:22:10,753] {standard_task_runner.py:80} INFO - Job 5: Subtask also_run_this
[2022-05-31 11:22:10,794] {task_command.py:370} INFO - Running <TaskInstance: example_bash_operator.also_run_this scheduled__2022-05-30T00:00:00+00:00 [running]> on host TIGER0990.tigeranalytics.local
[2022-05-31 11:22:10,841] {taskinstance.py:1570} INFO - Exporting the following env vars:
AIRFLOW_CTX_DAG_OWNER=airflow
AIRFLOW_CTX_DAG_ID=example_bash_operator
AIRFLOW_CTX_TASK_ID=also_run_this
AIRFLOW_CTX_EXECUTION_DATE=2022-05-30T00:00:00+00:00
AIRFLOW_CTX_TRY_NUMBER=1
AIRFLOW_CTX_DAG_RUN_ID=scheduled__2022-05-30T00:00:00+00:00
[2022-05-31 11:22:10,842] {subprocess.py:62} INFO - Tmp dir root location: 
 /tmp
[2022-05-31 11:22:10,842] {subprocess.py:74} INFO - Running command: ['bash', '-c', 'echo "run_id=scheduled__2022-05-30T00:00:00+00:00 | dag_run=<DagRun example_bash_operator @ 2022-05-30 00:00:00+00:00: scheduled__2022-05-30T00:00:00+00:00, externally triggered: False>"']
[2022-05-31 11:22:10,863] {subprocess.py:85} INFO - Output:
[2022-05-31 11:22:10,868] {subprocess.py:92} INFO - run_id=scheduled__2022-05-30T00:00:00+00:00 | dag_run=<DagRun example_bash_operator @ 2022-05-30 00:00:00+00:00: scheduled__2022-05-30T00:00:00+00:00, externally triggered: False>
[2022-05-31 11:22:10,868] {subprocess.py:96} INFO - Command exited with return code 0
[2022-05-31 11:22:10,893] {taskinstance.py:1396} INFO - Marking task as SUCCESS. dag_id=example_bash_operator, task_id=also_run_this, execution_date=20220530T000000, start_date=20220531T055210, end_date=20220531T055210
[2022-05-31 11:22:10,927] {local_task_job.py:156} INFO - Task exited with return code 0
[2022-05-31 11:22:10,949] {local_task_job.py:273} INFO - 0 downstream tasks scheduled from follow-on schedule check
