[2022-06-06 15:14:25,490] {taskinstance.py:1160} INFO - Dependencies all met for <TaskInstance: xcom_dag.processing_tasks.training_model_a manual__2022-06-06T09:44:19.304813+00:00 [queued]>
[2022-06-06 15:14:25,502] {taskinstance.py:1160} INFO - Dependencies all met for <TaskInstance: xcom_dag.processing_tasks.training_model_a manual__2022-06-06T09:44:19.304813+00:00 [queued]>
[2022-06-06 15:14:25,502] {taskinstance.py:1357} INFO - 
--------------------------------------------------------------------------------
[2022-06-06 15:14:25,502] {taskinstance.py:1358} INFO - Starting attempt 1 of 1
[2022-06-06 15:14:25,502] {taskinstance.py:1359} INFO - 
--------------------------------------------------------------------------------
[2022-06-06 15:14:25,517] {taskinstance.py:1378} INFO - Executing <Task(PythonOperator): processing_tasks.training_model_a> on 2022-06-06 09:44:19.304813+00:00
[2022-06-06 15:14:25,542] {standard_task_runner.py:52} INFO - Started process 5765 to run task
[2022-06-06 15:14:25,551] {standard_task_runner.py:79} INFO - Running: ['airflow', 'tasks', 'run', 'xcom_dag', 'processing_tasks.training_model_a', 'manual__2022-06-06T09:44:19.304813+00:00', '--job-id', '55', '--raw', '--subdir', 'DAGS_FOLDER/xcom_dag.py', '--cfg-path', '/tmp/tmpnswrnr7p', '--error-file', '/tmp/tmpca4vlk2b']
[2022-06-06 15:14:25,554] {standard_task_runner.py:80} INFO - Job 55: Subtask processing_tasks.training_model_a
[2022-06-06 15:14:25,878] {task_command.py:370} INFO - Running <TaskInstance: xcom_dag.processing_tasks.training_model_a manual__2022-06-06T09:44:19.304813+00:00 [running]> on host TIGER0990.tigeranalytics.local
[2022-06-06 15:14:26,278] {taskinstance.py:1570} INFO - Exporting the following env vars:
AIRFLOW_CTX_DAG_OWNER=airflow
AIRFLOW_CTX_DAG_ID=xcom_dag
AIRFLOW_CTX_TASK_ID=processing_tasks.training_model_a
AIRFLOW_CTX_EXECUTION_DATE=2022-06-06T09:44:19.304813+00:00
AIRFLOW_CTX_TRY_NUMBER=1
AIRFLOW_CTX_DAG_RUN_ID=manual__2022-06-06T09:44:19.304813+00:00
[2022-06-06 15:14:26,279] {logging_mixin.py:115} INFO - model's accuracy: 2.668542569454243
[2022-06-06 15:14:26,431] {python.py:173} INFO - Done. Returned value was: None
[2022-06-06 15:14:26,578] {taskinstance.py:1396} INFO - Marking task as SUCCESS. dag_id=xcom_dag, task_id=processing_tasks.training_model_a, execution_date=20220606T094419, start_date=20220606T094425, end_date=20220606T094426
[2022-06-06 15:14:26,613] {local_task_job.py:156} INFO - Task exited with return code 0
[2022-06-06 15:14:26,815] {local_task_job.py:273} INFO - 1 downstream tasks scheduled from follow-on schedule check
