[2022-06-06 12:25:28,779] {taskinstance.py:1160} INFO - Dependencies all met for <TaskInstance: xcom_dag.downloading_data scheduled__2022-06-05T00:00:00+00:00 [queued]>
[2022-06-06 12:25:28,797] {taskinstance.py:1160} INFO - Dependencies all met for <TaskInstance: xcom_dag.downloading_data scheduled__2022-06-05T00:00:00+00:00 [queued]>
[2022-06-06 12:25:28,798] {taskinstance.py:1357} INFO - 
--------------------------------------------------------------------------------
[2022-06-06 12:25:28,798] {taskinstance.py:1358} INFO - Starting attempt 1 of 1
[2022-06-06 12:25:28,799] {taskinstance.py:1359} INFO - 
--------------------------------------------------------------------------------
[2022-06-06 12:25:28,819] {taskinstance.py:1378} INFO - Executing <Task(BashOperator): downloading_data> on 2022-06-05 00:00:00+00:00
[2022-06-06 12:25:28,844] {standard_task_runner.py:52} INFO - Started process 330 to run task
[2022-06-06 12:25:28,850] {standard_task_runner.py:79} INFO - Running: ['airflow', 'tasks', 'run', 'xcom_dag', 'downloading_data', 'scheduled__2022-06-05T00:00:00+00:00', '--job-id', '22', '--raw', '--subdir', 'DAGS_FOLDER/xcom_dag.py', '--cfg-path', '/tmp/tmplc8lel8r', '--error-file', '/tmp/tmpo3klby6j']
[2022-06-06 12:25:28,852] {standard_task_runner.py:80} INFO - Job 22: Subtask downloading_data
[2022-06-06 12:25:29,082] {task_command.py:370} INFO - Running <TaskInstance: xcom_dag.downloading_data scheduled__2022-06-05T00:00:00+00:00 [running]> on host TIGER0990.tigeranalytics.local
[2022-06-06 12:25:29,295] {taskinstance.py:1570} INFO - Exporting the following env vars:
AIRFLOW_CTX_DAG_OWNER=airflow
AIRFLOW_CTX_DAG_ID=xcom_dag
AIRFLOW_CTX_TASK_ID=downloading_data
AIRFLOW_CTX_EXECUTION_DATE=2022-06-05T00:00:00+00:00
AIRFLOW_CTX_TRY_NUMBER=1
AIRFLOW_CTX_DAG_RUN_ID=scheduled__2022-06-05T00:00:00+00:00
[2022-06-06 12:25:29,296] {subprocess.py:62} INFO - Tmp dir root location: 
 /tmp
[2022-06-06 12:25:29,296] {subprocess.py:74} INFO - Running command: ['bash', '-c', 'sleep 3']
[2022-06-06 12:25:29,335] {subprocess.py:85} INFO - Output:
[2022-06-06 12:25:32,357] {subprocess.py:96} INFO - Command exited with return code 0
[2022-06-06 12:25:32,527] {taskinstance.py:1396} INFO - Marking task as SUCCESS. dag_id=xcom_dag, task_id=downloading_data, execution_date=20220605T000000, start_date=20220606T065528, end_date=20220606T065532
[2022-06-06 12:25:32,548] {local_task_job.py:156} INFO - Task exited with return code 0
[2022-06-06 12:25:32,704] {local_task_job.py:273} INFO - 3 downstream tasks scheduled from follow-on schedule check
