[2022-06-06 12:38:45,197] {taskinstance.py:1160} INFO - Dependencies all met for <TaskInstance: xcom_dag.processing_tasks.training_model_b manual__2022-06-06T07:08:39.221814+00:00 [queued]>
[2022-06-06 12:38:45,208] {taskinstance.py:1160} INFO - Dependencies all met for <TaskInstance: xcom_dag.processing_tasks.training_model_b manual__2022-06-06T07:08:39.221814+00:00 [queued]>
[2022-06-06 12:38:45,209] {taskinstance.py:1357} INFO - 
--------------------------------------------------------------------------------
[2022-06-06 12:38:45,210] {taskinstance.py:1358} INFO - Starting attempt 1 of 1
[2022-06-06 12:38:45,210] {taskinstance.py:1359} INFO - 
--------------------------------------------------------------------------------
[2022-06-06 12:38:45,224] {taskinstance.py:1378} INFO - Executing <Task(PythonOperator): processing_tasks.training_model_b> on 2022-06-06 07:08:39.221814+00:00
[2022-06-06 12:38:45,247] {standard_task_runner.py:52} INFO - Started process 21226 to run task
[2022-06-06 12:38:45,253] {standard_task_runner.py:79} INFO - Running: ['airflow', 'tasks', 'run', 'xcom_dag', 'processing_tasks.training_model_b', 'manual__2022-06-06T07:08:39.221814+00:00', '--job-id', '34', '--raw', '--subdir', 'DAGS_FOLDER/xcom_dag.py', '--cfg-path', '/tmp/tmp4bgm9oxl', '--error-file', '/tmp/tmpw_01id0p']
[2022-06-06 12:38:45,255] {standard_task_runner.py:80} INFO - Job 34: Subtask processing_tasks.training_model_b
[2022-06-06 12:38:45,614] {task_command.py:370} INFO - Running <TaskInstance: xcom_dag.processing_tasks.training_model_b manual__2022-06-06T07:08:39.221814+00:00 [running]> on host TIGER0990.tigeranalytics.local
[2022-06-06 12:38:46,079] {taskinstance.py:1570} INFO - Exporting the following env vars:
AIRFLOW_CTX_DAG_OWNER=airflow
AIRFLOW_CTX_DAG_ID=xcom_dag
AIRFLOW_CTX_TASK_ID=processing_tasks.training_model_b
AIRFLOW_CTX_EXECUTION_DATE=2022-06-06T07:08:39.221814+00:00
AIRFLOW_CTX_TRY_NUMBER=1
AIRFLOW_CTX_DAG_RUN_ID=manual__2022-06-06T07:08:39.221814+00:00
[2022-06-06 12:38:46,080] {logging_mixin.py:115} INFO - model's accuracy: 4.873136873838159
[2022-06-06 12:38:46,213] {python.py:173} INFO - Done. Returned value was: None
[2022-06-06 12:38:46,323] {taskinstance.py:1396} INFO - Marking task as SUCCESS. dag_id=xcom_dag, task_id=processing_tasks.training_model_b, execution_date=20220606T070839, start_date=20220606T070845, end_date=20220606T070846
[2022-06-06 12:38:46,360] {local_task_job.py:156} INFO - Task exited with return code 0
[2022-06-06 12:38:46,616] {local_task_job.py:273} INFO - 0 downstream tasks scheduled from follow-on schedule check
