[2022-06-06 12:42:59,001] {taskinstance.py:1160} INFO - Dependencies all met for <TaskInstance: xcom_dag.processing_tasks.training_model_c manual__2022-06-06T07:12:52.556635+00:00 [queued]>
[2022-06-06 12:42:59,017] {taskinstance.py:1160} INFO - Dependencies all met for <TaskInstance: xcom_dag.processing_tasks.training_model_c manual__2022-06-06T07:12:52.556635+00:00 [queued]>
[2022-06-06 12:42:59,017] {taskinstance.py:1357} INFO - 
--------------------------------------------------------------------------------
[2022-06-06 12:42:59,017] {taskinstance.py:1358} INFO - Starting attempt 1 of 1
[2022-06-06 12:42:59,018] {taskinstance.py:1359} INFO - 
--------------------------------------------------------------------------------
[2022-06-06 12:42:59,036] {taskinstance.py:1378} INFO - Executing <Task(PythonOperator): processing_tasks.training_model_c> on 2022-06-06 07:12:52.556635+00:00
[2022-06-06 12:42:59,061] {standard_task_runner.py:52} INFO - Started process 6059 to run task
[2022-06-06 12:42:59,069] {standard_task_runner.py:79} INFO - Running: ['airflow', 'tasks', 'run', 'xcom_dag', 'processing_tasks.training_model_c', 'manual__2022-06-06T07:12:52.556635+00:00', '--job-id', '38', '--raw', '--subdir', 'DAGS_FOLDER/xcom_dag.py', '--cfg-path', '/tmp/tmpbuo6zc1q', '--error-file', '/tmp/tmpzmn8w4ux']
[2022-06-06 12:42:59,072] {standard_task_runner.py:80} INFO - Job 38: Subtask processing_tasks.training_model_c
[2022-06-06 12:42:59,388] {task_command.py:370} INFO - Running <TaskInstance: xcom_dag.processing_tasks.training_model_c manual__2022-06-06T07:12:52.556635+00:00 [running]> on host TIGER0990.tigeranalytics.local
[2022-06-06 12:42:59,805] {taskinstance.py:1570} INFO - Exporting the following env vars:
AIRFLOW_CTX_DAG_OWNER=airflow
AIRFLOW_CTX_DAG_ID=xcom_dag
AIRFLOW_CTX_TASK_ID=processing_tasks.training_model_c
AIRFLOW_CTX_EXECUTION_DATE=2022-06-06T07:12:52.556635+00:00
AIRFLOW_CTX_TRY_NUMBER=1
AIRFLOW_CTX_DAG_RUN_ID=manual__2022-06-06T07:12:52.556635+00:00
[2022-06-06 12:42:59,806] {logging_mixin.py:115} INFO - model's accuracy: 7.6712769744945675
[2022-06-06 12:42:59,987] {python.py:173} INFO - Done. Returned value was: None
[2022-06-06 12:43:00,103] {taskinstance.py:1396} INFO - Marking task as SUCCESS. dag_id=xcom_dag, task_id=processing_tasks.training_model_c, execution_date=20220606T071252, start_date=20220606T071259, end_date=20220606T071300
[2022-06-06 12:43:00,131] {local_task_job.py:156} INFO - Task exited with return code 0
[2022-06-06 12:43:00,392] {local_task_job.py:273} INFO - 1 downstream tasks scheduled from follow-on schedule check
