[2022-05-31 11:22:14,243] {taskinstance.py:1160} INFO - Dependencies all met for <TaskInstance: example_bash_operator.run_after_loop scheduled__2022-05-30T00:00:00+00:00 [queued]>
[2022-05-31 11:22:14,252] {taskinstance.py:1160} INFO - Dependencies all met for <TaskInstance: example_bash_operator.run_after_loop scheduled__2022-05-30T00:00:00+00:00 [queued]>
[2022-05-31 11:22:14,252] {taskinstance.py:1357} INFO - 
--------------------------------------------------------------------------------
[2022-05-31 11:22:14,253] {taskinstance.py:1358} INFO - Starting attempt 1 of 1
[2022-05-31 11:22:14,253] {taskinstance.py:1359} INFO - 
--------------------------------------------------------------------------------
[2022-05-31 11:22:14,268] {taskinstance.py:1378} INFO - Executing <Task(BashOperator): run_after_loop> on 2022-05-30 00:00:00+00:00
[2022-05-31 11:22:14,280] {standard_task_runner.py:52} INFO - Started process 859 to run task
[2022-05-31 11:22:14,286] {standard_task_runner.py:79} INFO - Running: ['airflow', 'tasks', 'run', 'example_bash_operator', 'run_after_loop', 'scheduled__2022-05-30T00:00:00+00:00', '--job-id', '7', '--raw', '--subdir', '/home/smita/miniconda3/lib/python3.8/site-packages/airflow/example_dags/example_bash_operator.py', '--cfg-path', '/tmp/tmp_7ako1fv', '--error-file', '/tmp/tmpajynkz_3']
[2022-05-31 11:22:14,288] {standard_task_runner.py:80} INFO - Job 7: Subtask run_after_loop
[2022-05-31 11:22:14,331] {task_command.py:370} INFO - Running <TaskInstance: example_bash_operator.run_after_loop scheduled__2022-05-30T00:00:00+00:00 [running]> on host TIGER0990.tigeranalytics.local
[2022-05-31 11:22:14,380] {taskinstance.py:1570} INFO - Exporting the following env vars:
AIRFLOW_CTX_DAG_OWNER=airflow
AIRFLOW_CTX_DAG_ID=example_bash_operator
AIRFLOW_CTX_TASK_ID=run_after_loop
AIRFLOW_CTX_EXECUTION_DATE=2022-05-30T00:00:00+00:00
AIRFLOW_CTX_TRY_NUMBER=1
AIRFLOW_CTX_DAG_RUN_ID=scheduled__2022-05-30T00:00:00+00:00
[2022-05-31 11:22:14,381] {subprocess.py:62} INFO - Tmp dir root location: 
 /tmp
[2022-05-31 11:22:14,382] {subprocess.py:74} INFO - Running command: ['bash', '-c', 'echo 1']
[2022-05-31 11:22:14,400] {subprocess.py:85} INFO - Output:
[2022-05-31 11:22:14,404] {subprocess.py:92} INFO - 1
[2022-05-31 11:22:14,404] {subprocess.py:96} INFO - Command exited with return code 0
[2022-05-31 11:22:14,432] {taskinstance.py:1396} INFO - Marking task as SUCCESS. dag_id=example_bash_operator, task_id=run_after_loop, execution_date=20220530T000000, start_date=20220531T055214, end_date=20220531T055214
[2022-05-31 11:22:14,461] {local_task_job.py:156} INFO - Task exited with return code 0
[2022-05-31 11:22:14,480] {local_task_job.py:273} INFO - 0 downstream tasks scheduled from follow-on schedule check
