[2022-05-31 11:22:12,325] {taskinstance.py:1160} INFO - Dependencies all met for <TaskInstance: example_bash_operator.this_will_skip scheduled__2022-05-30T00:00:00+00:00 [queued]>
[2022-05-31 11:22:12,335] {taskinstance.py:1160} INFO - Dependencies all met for <TaskInstance: example_bash_operator.this_will_skip scheduled__2022-05-30T00:00:00+00:00 [queued]>
[2022-05-31 11:22:12,335] {taskinstance.py:1357} INFO - 
--------------------------------------------------------------------------------
[2022-05-31 11:22:12,336] {taskinstance.py:1358} INFO - Starting attempt 1 of 1
[2022-05-31 11:22:12,336] {taskinstance.py:1359} INFO - 
--------------------------------------------------------------------------------
[2022-05-31 11:22:12,354] {taskinstance.py:1378} INFO - Executing <Task(BashOperator): this_will_skip> on 2022-05-30 00:00:00+00:00
[2022-05-31 11:22:12,370] {standard_task_runner.py:52} INFO - Started process 854 to run task
[2022-05-31 11:22:12,376] {standard_task_runner.py:79} INFO - Running: ['airflow', 'tasks', 'run', 'example_bash_operator', 'this_will_skip', 'scheduled__2022-05-30T00:00:00+00:00', '--job-id', '6', '--raw', '--subdir', '/home/smita/miniconda3/lib/python3.8/site-packages/airflow/example_dags/example_bash_operator.py', '--cfg-path', '/tmp/tmph9vzbobk', '--error-file', '/tmp/tmpgueqdufu']
[2022-05-31 11:22:12,377] {standard_task_runner.py:80} INFO - Job 6: Subtask this_will_skip
[2022-05-31 11:22:12,428] {task_command.py:370} INFO - Running <TaskInstance: example_bash_operator.this_will_skip scheduled__2022-05-30T00:00:00+00:00 [running]> on host TIGER0990.tigeranalytics.local
[2022-05-31 11:22:12,481] {taskinstance.py:1570} INFO - Exporting the following env vars:
AIRFLOW_CTX_DAG_OWNER=airflow
AIRFLOW_CTX_DAG_ID=example_bash_operator
AIRFLOW_CTX_TASK_ID=this_will_skip
AIRFLOW_CTX_EXECUTION_DATE=2022-05-30T00:00:00+00:00
AIRFLOW_CTX_TRY_NUMBER=1
AIRFLOW_CTX_DAG_RUN_ID=scheduled__2022-05-30T00:00:00+00:00
[2022-05-31 11:22:12,484] {subprocess.py:62} INFO - Tmp dir root location: 
 /tmp
[2022-05-31 11:22:12,484] {subprocess.py:74} INFO - Running command: ['bash', '-c', 'echo "hello world"; exit 99;']
[2022-05-31 11:22:12,506] {subprocess.py:85} INFO - Output:
[2022-05-31 11:22:12,510] {subprocess.py:92} INFO - hello world
[2022-05-31 11:22:12,510] {subprocess.py:96} INFO - Command exited with return code 99
[2022-05-31 11:22:12,528] {taskinstance.py:1479} INFO - Bash command returned exit code 99. Skipping.
[2022-05-31 11:22:12,542] {taskinstance.py:1396} INFO - Marking task as SKIPPED. dag_id=example_bash_operator, task_id=this_will_skip, execution_date=20220530T000000, start_date=20220531T055212, end_date=20220531T055212
[2022-05-31 11:22:12,589] {local_task_job.py:156} INFO - Task exited with return code 0
[2022-05-31 11:22:12,628] {local_task_job.py:273} INFO - 0 downstream tasks scheduled from follow-on schedule check
