[2022-06-06 10:09:19,557] {taskinstance.py:1160} INFO - Dependencies all met for <TaskInstance: parallel_runs.task_1 scheduled__2022-06-05T00:00:00+00:00 [queued]>
[2022-06-06 10:09:19,566] {taskinstance.py:1160} INFO - Dependencies all met for <TaskInstance: parallel_runs.task_1 scheduled__2022-06-05T00:00:00+00:00 [queued]>
[2022-06-06 10:09:19,566] {taskinstance.py:1357} INFO - 
--------------------------------------------------------------------------------
[2022-06-06 10:09:19,566] {taskinstance.py:1358} INFO - Starting attempt 1 of 1
[2022-06-06 10:09:19,566] {taskinstance.py:1359} INFO - 
--------------------------------------------------------------------------------
[2022-06-06 10:09:19,578] {taskinstance.py:1378} INFO - Executing <Task(BashOperator): task_1> on 2022-06-05 00:00:00+00:00
[2022-06-06 10:09:19,595] {standard_task_runner.py:52} INFO - Started process 8649 to run task
[2022-06-06 10:09:19,600] {standard_task_runner.py:79} INFO - Running: ['airflow', 'tasks', 'run', 'parallel_runs', 'task_1', 'scheduled__2022-06-05T00:00:00+00:00', '--job-id', '17', '--raw', '--subdir', 'DAGS_FOLDER/parallel_runs.py', '--cfg-path', '/tmp/tmpkbggn7zb', '--error-file', '/tmp/tmpzagb4qma']
[2022-06-06 10:09:19,603] {standard_task_runner.py:80} INFO - Job 17: Subtask task_1
[2022-06-06 10:09:19,759] {task_command.py:370} INFO - Running <TaskInstance: parallel_runs.task_1 scheduled__2022-06-05T00:00:00+00:00 [running]> on host TIGER0990.tigeranalytics.local
[2022-06-06 10:09:19,988] {taskinstance.py:1570} INFO - Exporting the following env vars:
AIRFLOW_CTX_DAG_OWNER=airflow
AIRFLOW_CTX_DAG_ID=parallel_runs
AIRFLOW_CTX_TASK_ID=task_1
AIRFLOW_CTX_EXECUTION_DATE=2022-06-05T00:00:00+00:00
AIRFLOW_CTX_TRY_NUMBER=1
AIRFLOW_CTX_DAG_RUN_ID=scheduled__2022-06-05T00:00:00+00:00
[2022-06-06 10:09:19,989] {subprocess.py:62} INFO - Tmp dir root location: 
 /tmp
[2022-06-06 10:09:19,990] {subprocess.py:74} INFO - Running command: ['bash', '-c', 'sleep 3']
[2022-06-06 10:09:20,018] {subprocess.py:85} INFO - Output:
[2022-06-06 10:09:23,032] {subprocess.py:96} INFO - Command exited with return code 0
[2022-06-06 10:09:23,163] {taskinstance.py:1396} INFO - Marking task as SUCCESS. dag_id=parallel_runs, task_id=task_1, execution_date=20220605T000000, start_date=20220606T043919, end_date=20220606T043923
[2022-06-06 10:09:23,180] {local_task_job.py:156} INFO - Task exited with return code 0
[2022-06-06 10:09:23,293] {local_task_job.py:273} INFO - 1 downstream tasks scheduled from follow-on schedule check
