[2022-06-06 15:21:50,323] {taskinstance.py:1160} INFO - Dependencies all met for <TaskInstance: xcom_dag.processing_tasks.training_model_c manual__2022-06-06T09:51:44.665929+00:00 [queued]>
[2022-06-06 15:21:50,338] {taskinstance.py:1160} INFO - Dependencies all met for <TaskInstance: xcom_dag.processing_tasks.training_model_c manual__2022-06-06T09:51:44.665929+00:00 [queued]>
[2022-06-06 15:21:50,338] {taskinstance.py:1357} INFO - 
--------------------------------------------------------------------------------
[2022-06-06 15:21:50,339] {taskinstance.py:1358} INFO - Starting attempt 1 of 1
[2022-06-06 15:21:50,339] {taskinstance.py:1359} INFO - 
--------------------------------------------------------------------------------
[2022-06-06 15:21:50,356] {taskinstance.py:1378} INFO - Executing <Task(PythonOperator): processing_tasks.training_model_c> on 2022-06-06 09:51:44.665929+00:00
[2022-06-06 15:21:50,383] {standard_task_runner.py:52} INFO - Started process 5562 to run task
[2022-06-06 15:21:50,389] {standard_task_runner.py:79} INFO - Running: ['airflow', 'tasks', 'run', 'xcom_dag', 'processing_tasks.training_model_c', 'manual__2022-06-06T09:51:44.665929+00:00', '--job-id', '67', '--raw', '--subdir', 'DAGS_FOLDER/xcom_dag.py', '--cfg-path', '/tmp/tmpk9r93yhp', '--error-file', '/tmp/tmpodvl2eyc']
[2022-06-06 15:21:50,391] {standard_task_runner.py:80} INFO - Job 67: Subtask processing_tasks.training_model_c
[2022-06-06 15:21:50,817] {task_command.py:370} INFO - Running <TaskInstance: xcom_dag.processing_tasks.training_model_c manual__2022-06-06T09:51:44.665929+00:00 [running]> on host TIGER0990.tigeranalytics.local
[2022-06-06 15:21:51,281] {taskinstance.py:1570} INFO - Exporting the following env vars:
AIRFLOW_CTX_DAG_OWNER=airflow
AIRFLOW_CTX_DAG_ID=xcom_dag
AIRFLOW_CTX_TASK_ID=processing_tasks.training_model_c
AIRFLOW_CTX_EXECUTION_DATE=2022-06-06T09:51:44.665929+00:00
AIRFLOW_CTX_TRY_NUMBER=1
AIRFLOW_CTX_DAG_RUN_ID=manual__2022-06-06T09:51:44.665929+00:00
[2022-06-06 15:21:51,282] {logging_mixin.py:115} INFO - model's accuracy: 3.846673797911468
[2022-06-06 15:21:51,424] {python.py:173} INFO - Done. Returned value was: None
[2022-06-06 15:21:51,555] {taskinstance.py:1396} INFO - Marking task as SUCCESS. dag_id=xcom_dag, task_id=processing_tasks.training_model_c, execution_date=20220606T095144, start_date=20220606T095150, end_date=20220606T095151
[2022-06-06 15:21:51,571] {local_task_job.py:156} INFO - Task exited with return code 0
[2022-06-06 15:21:51,838] {local_task_job.py:273} INFO - 0 downstream tasks scheduled from follow-on schedule check
