[2022-06-06 15:02:05,858] {taskinstance.py:1160} INFO - Dependencies all met for <TaskInstance: xcom_dag.is_accurate manual__2022-06-06T09:31:57.024558+00:00 [queued]>
[2022-06-06 15:02:05,869] {taskinstance.py:1160} INFO - Dependencies all met for <TaskInstance: xcom_dag.is_accurate manual__2022-06-06T09:31:57.024558+00:00 [queued]>
[2022-06-06 15:02:05,869] {taskinstance.py:1357} INFO - 
--------------------------------------------------------------------------------
[2022-06-06 15:02:05,869] {taskinstance.py:1358} INFO - Starting attempt 1 of 1
[2022-06-06 15:02:05,869] {taskinstance.py:1359} INFO - 
--------------------------------------------------------------------------------
[2022-06-06 15:02:05,881] {taskinstance.py:1378} INFO - Executing <Task(BranchPythonOperator): is_accurate> on 2022-06-06 09:31:57.024558+00:00
[2022-06-06 15:02:05,903] {standard_task_runner.py:52} INFO - Started process 14911 to run task
[2022-06-06 15:02:05,909] {standard_task_runner.py:79} INFO - Running: ['airflow', 'tasks', 'run', 'xcom_dag', 'is_accurate', 'manual__2022-06-06T09:31:57.024558+00:00', '--job-id', '53', '--raw', '--subdir', 'DAGS_FOLDER/xcom_dag.py', '--cfg-path', '/tmp/tmplilhqi5w', '--error-file', '/tmp/tmp8fft2cm9']
[2022-06-06 15:02:05,912] {standard_task_runner.py:80} INFO - Job 53: Subtask is_accurate
[2022-06-06 15:02:06,141] {task_command.py:370} INFO - Running <TaskInstance: xcom_dag.is_accurate manual__2022-06-06T09:31:57.024558+00:00 [running]> on host TIGER0990.tigeranalytics.local
[2022-06-06 15:02:06,345] {taskinstance.py:1570} INFO - Exporting the following env vars:
AIRFLOW_CTX_DAG_OWNER=airflow
AIRFLOW_CTX_DAG_ID=xcom_dag
AIRFLOW_CTX_TASK_ID=is_accurate
AIRFLOW_CTX_EXECUTION_DATE=2022-06-06T09:31:57.024558+00:00
AIRFLOW_CTX_TRY_NUMBER=1
AIRFLOW_CTX_DAG_RUN_ID=manual__2022-06-06T09:31:57.024558+00:00
[2022-06-06 15:02:06,346] {python.py:173} INFO - Done. Returned value was: inaccurate
[2022-06-06 15:02:06,346] {skipmixin.py:140} INFO - Following branch inaccurate
[2022-06-06 15:02:06,346] {skipmixin.py:175} INFO - Skipping tasks ['accurate']
[2022-06-06 15:02:06,608] {taskinstance.py:1396} INFO - Marking task as SUCCESS. dag_id=xcom_dag, task_id=is_accurate, execution_date=20220606T093157, start_date=20220606T093205, end_date=20220606T093206
[2022-06-06 15:02:06,651] {local_task_job.py:156} INFO - Task exited with return code 0
[2022-06-06 15:02:06,805] {local_task_job.py:273} INFO - 1 downstream tasks scheduled from follow-on schedule check
