[2022-06-01 20:03:26,862] {taskinstance.py:1160} INFO - Dependencies all met for <TaskInstance: user_processing.creating_table __airflow_temporary_run_2022-06-01T10:53:33.458279+00:00__ [queued]>
[2022-06-01 20:03:26,866] {taskinstance.py:1160} INFO - Dependencies all met for <TaskInstance: user_processing.creating_table __airflow_temporary_run_2022-06-01T10:53:33.458279+00:00__ [queued]>
[2022-06-01 20:03:26,866] {taskinstance.py:1357} INFO - 
--------------------------------------------------------------------------------
[2022-06-01 20:03:26,867] {taskinstance.py:1358} INFO - Starting attempt 1 of 1
[2022-06-01 20:03:26,867] {taskinstance.py:1359} INFO - 
--------------------------------------------------------------------------------
[2022-06-01 20:03:26,877] {taskinstance.py:1378} INFO - Executing <Task(SqliteOperator): creating_table> on 2022-01-01 00:00:00+00:00
[2022-06-01 20:03:26,897] {standard_task_runner.py:52} INFO - Started process 11693 to run task
[2022-06-01 20:03:26,902] {standard_task_runner.py:79} INFO - Running: ['airflow', 'tasks', 'run', 'user_processing', 'creating_table', '__airflow_temporary_run_2022-06-01T10:53:33.458279+00:00__', '--job-id', '14', '--raw', '--subdir', 'DAGS_FOLDER/user_processing.py', '--cfg-path', '/tmp/tmp8h_u8ums', '--error-file', '/tmp/tmppbcc8lom']
[2022-06-01 20:03:26,903] {standard_task_runner.py:80} INFO - Job 14: Subtask creating_table
[2022-06-01 20:03:26,937] {task_command.py:370} INFO - Running <TaskInstance: user_processing.creating_table __airflow_temporary_run_2022-06-01T10:53:33.458279+00:00__ [running]> on host TIGER0990.tigeranalytics.local
[2022-06-01 20:03:26,980] {taskinstance.py:1570} INFO - Exporting the following env vars:
AIRFLOW_CTX_DAG_OWNER=airflow
AIRFLOW_CTX_DAG_ID=user_processing
AIRFLOW_CTX_TASK_ID=creating_table
AIRFLOW_CTX_EXECUTION_DATE=2022-01-01T00:00:00+00:00
AIRFLOW_CTX_TRY_NUMBER=1
AIRFLOW_CTX_DAG_RUN_ID=__airflow_temporary_run_2022-06-01T10:53:33.458279+00:00__
[2022-06-01 20:03:26,981] {sqlite.py:59} INFO - Executing: 
                CREATE TABLE IF NOT EXISTS users (
                    firstname TEXT NOT NULL,
                    lastname TEXT NOT NULL,
                    country TEXT NOT NULL,
                    username TEXT NOT NULL,
                    password TEXT NOT NULL,
                    email TEXT NOT NULL
                );
                
[2022-06-01 20:03:26,985] {base.py:68} INFO - Using connection ID 'db_sqlite' for task execution.
[2022-06-01 20:03:26,985] {dbapi.py:208} INFO - Running statement: 
                CREATE TABLE IF NOT EXISTS users (
                    firstname TEXT NOT NULL,
                    lastname TEXT NOT NULL,
                    country TEXT NOT NULL,
                    username TEXT NOT NULL,
                    password TEXT NOT NULL,
                    email TEXT NOT NULL
                );
                , parameters: []
[2022-06-01 20:03:26,991] {taskinstance.py:1396} INFO - Marking task as SUCCESS. dag_id=user_processing, task_id=creating_table, execution_date=20220101T000000, start_date=20220601T143326, end_date=20220601T143326
[2022-06-01 20:03:27,036] {local_task_job.py:156} INFO - Task exited with return code 0
[2022-06-01 20:03:27,064] {local_task_job.py:273} INFO - 1 downstream tasks scheduled from follow-on schedule check
