[2022-06-06 12:31:50,681] {taskinstance.py:1160} INFO - Dependencies all met for <TaskInstance: xcom_dag.processing_tasks.training_model_c manual__2022-06-06T07:01:44.821494+00:00 [queued]>
[2022-06-06 12:31:50,690] {taskinstance.py:1160} INFO - Dependencies all met for <TaskInstance: xcom_dag.processing_tasks.training_model_c manual__2022-06-06T07:01:44.821494+00:00 [queued]>
[2022-06-06 12:31:50,691] {taskinstance.py:1357} INFO - 
--------------------------------------------------------------------------------
[2022-06-06 12:31:50,691] {taskinstance.py:1358} INFO - Starting attempt 1 of 1
[2022-06-06 12:31:50,691] {taskinstance.py:1359} INFO - 
--------------------------------------------------------------------------------
[2022-06-06 12:31:50,702] {taskinstance.py:1378} INFO - Executing <Task(PythonOperator): processing_tasks.training_model_c> on 2022-06-06 07:01:44.821494+00:00
[2022-06-06 12:31:50,723] {standard_task_runner.py:52} INFO - Started process 26605 to run task
[2022-06-06 12:31:50,730] {standard_task_runner.py:79} INFO - Running: ['airflow', 'tasks', 'run', 'xcom_dag', 'processing_tasks.training_model_c', 'manual__2022-06-06T07:01:44.821494+00:00', '--job-id', '28', '--raw', '--subdir', 'DAGS_FOLDER/xcom_dag.py', '--cfg-path', '/tmp/tmpnozn9osp', '--error-file', '/tmp/tmp2y14r28g']
[2022-06-06 12:31:50,733] {standard_task_runner.py:80} INFO - Job 28: Subtask processing_tasks.training_model_c
[2022-06-06 12:31:51,065] {task_command.py:370} INFO - Running <TaskInstance: xcom_dag.processing_tasks.training_model_c manual__2022-06-06T07:01:44.821494+00:00 [running]> on host TIGER0990.tigeranalytics.local
[2022-06-06 12:31:51,499] {taskinstance.py:1570} INFO - Exporting the following env vars:
AIRFLOW_CTX_DAG_OWNER=airflow
AIRFLOW_CTX_DAG_ID=xcom_dag
AIRFLOW_CTX_TASK_ID=processing_tasks.training_model_c
AIRFLOW_CTX_EXECUTION_DATE=2022-06-06T07:01:44.821494+00:00
AIRFLOW_CTX_TRY_NUMBER=1
AIRFLOW_CTX_DAG_RUN_ID=manual__2022-06-06T07:01:44.821494+00:00
[2022-06-06 12:31:51,500] {logging_mixin.py:115} INFO - model's accuracy: 8.706140510064456
[2022-06-06 12:31:51,659] {python.py:173} INFO - Done. Returned value was: None
[2022-06-06 12:31:51,778] {taskinstance.py:1396} INFO - Marking task as SUCCESS. dag_id=xcom_dag, task_id=processing_tasks.training_model_c, execution_date=20220606T070144, start_date=20220606T070150, end_date=20220606T070151
[2022-06-06 12:31:51,798] {local_task_job.py:156} INFO - Task exited with return code 0
[2022-06-06 12:31:51,959] {local_task_job.py:273} INFO - 1 downstream tasks scheduled from follow-on schedule check
