[2022-06-01 20:03:45,977] {taskinstance.py:1160} INFO - Dependencies all met for <TaskInstance: user_processing.storing_user scheduled__2022-05-31T00:00:00+00:00 [queued]>
[2022-06-01 20:03:45,986] {taskinstance.py:1160} INFO - Dependencies all met for <TaskInstance: user_processing.storing_user scheduled__2022-05-31T00:00:00+00:00 [queued]>
[2022-06-01 20:03:45,986] {taskinstance.py:1357} INFO - 
--------------------------------------------------------------------------------
[2022-06-01 20:03:45,986] {taskinstance.py:1358} INFO - Starting attempt 1 of 1
[2022-06-01 20:03:45,986] {taskinstance.py:1359} INFO - 
--------------------------------------------------------------------------------
[2022-06-01 20:03:46,001] {taskinstance.py:1378} INFO - Executing <Task(BashOperator): storing_user> on 2022-05-31 00:00:00+00:00
[2022-06-01 20:03:46,023] {standard_task_runner.py:52} INFO - Started process 11789 to run task
[2022-06-01 20:03:46,029] {standard_task_runner.py:79} INFO - Running: ['airflow', 'tasks', 'run', 'user_processing', 'storing_user', 'scheduled__2022-05-31T00:00:00+00:00', '--job-id', '22', '--raw', '--subdir', 'DAGS_FOLDER/user_processing.py', '--cfg-path', '/tmp/tmp6622gyle', '--error-file', '/tmp/tmpie3hb_vn']
[2022-06-01 20:03:46,031] {standard_task_runner.py:80} INFO - Job 22: Subtask storing_user
[2022-06-01 20:03:46,069] {task_command.py:370} INFO - Running <TaskInstance: user_processing.storing_user scheduled__2022-05-31T00:00:00+00:00 [running]> on host TIGER0990.tigeranalytics.local
[2022-06-01 20:03:46,107] {taskinstance.py:1570} INFO - Exporting the following env vars:
AIRFLOW_CTX_DAG_OWNER=airflow
AIRFLOW_CTX_DAG_ID=user_processing
AIRFLOW_CTX_TASK_ID=storing_user
AIRFLOW_CTX_EXECUTION_DATE=2022-05-31T00:00:00+00:00
AIRFLOW_CTX_TRY_NUMBER=1
AIRFLOW_CTX_DAG_RUN_ID=scheduled__2022-05-31T00:00:00+00:00
[2022-06-01 20:03:46,108] {subprocess.py:62} INFO - Tmp dir root location: 
 /tmp
[2022-06-01 20:03:46,109] {subprocess.py:74} INFO - Running command: ['bash', '-c', 'echo -e ".separator ","\n.import /tmp/processed_user.csv users" | sqlite3 /home/smita/airflow/airflow.db']
[2022-06-01 20:03:46,134] {subprocess.py:85} INFO - Output:
[2022-06-01 20:03:46,163] {subprocess.py:96} INFO - Command exited with return code 0
[2022-06-01 20:03:46,187] {taskinstance.py:1396} INFO - Marking task as SUCCESS. dag_id=user_processing, task_id=storing_user, execution_date=20220531T000000, start_date=20220601T143345, end_date=20220601T143346
[2022-06-01 20:03:46,202] {local_task_job.py:156} INFO - Task exited with return code 0
[2022-06-01 20:03:46,220] {local_task_job.py:273} INFO - 0 downstream tasks scheduled from follow-on schedule check
